[2015.10.30-06.23.49:767][  0]Log file open, 10/30/15 02:23:49
[2015.10.30-06.23.49:767][  0]LogInit:Display: Running engine for game: MyProject
[2015.10.30-06.23.49:767][  0]LogInit:Display: RandInit(-2140759124) SRandInit(-2140759123).
[2015.10.30-06.23.49:767][  0]LogTaskGraph: Started task graph with 4 named threads and 5 total threads.
[2015.10.30-06.23.49:767][  0]LogStats: Stats thread started at 0.226101
[2015.10.30-06.23.49:767][  0]LogInit: Version: 4.9.2-2707645+++depot+UE4-Releases+4.9
[2015.10.30-06.23.49:767][  0]LogInit: API Version: 2672455
[2015.10.30-06.23.49:767][  0]LogInit: Compiled (64-bit): Sep 28 2015 10:25:44
[2015.10.30-06.23.49:769][  0]LogInit: Compiled with Visual C++: 18.00.21005.01
[2015.10.30-06.23.49:769][  0]LogInit: Build Configuration: Development
[2015.10.30-06.23.49:769][  0]LogInit: Branch Name: ++depot+UE4-Releases+4.9
[2015.10.30-06.23.49:769][  0]LogInit: Command line:  
[2015.10.30-06.23.49:769][  0]LogInit: Base directory: D:/Epic Games/4.9/Engine/Binaries/Win64/
[2015.10.30-06.23.49:769][  0]LogInit: Rocket: 1
[2015.10.30-06.23.49:822][  0]LogInit: Using libcurl 7.41.0
[2015.10.30-06.23.49:822][  0]LogInit:  - built for x86_64-pc-win32
[2015.10.30-06.23.49:822][  0]LogInit:  - supports SSL with WinSSL
[2015.10.30-06.23.49:822][  0]LogInit:  - other features:
[2015.10.30-06.23.49:822][  0]LogInit:      CURL_VERSION_SSL
[2015.10.30-06.23.49:823][  0]LogInit:      CURL_VERSION_IPV6
[2015.10.30-06.23.49:823][  0]LogInit:      CURL_VERSION_ASYNCHDNS
[2015.10.30-06.23.49:823][  0]LogInit:      CURL_VERSION_LARGEFILE
[2015.10.30-06.23.49:823][  0]LogInit:      CURL_VERSION_IDN
[2015.10.30-06.23.49:823][  0]LogInit:  CurlRequestOptions (configurable via config and command line):
[2015.10.30-06.23.49:823][  0]LogInit:  - bVerifyPeer = true  - Libcurl will verify peer certificate
[2015.10.30-06.23.49:823][  0]LogInit:  - bUseHttpProxy = false  - Libcurl will NOT use HTTP proxy
[2015.10.30-06.23.49:823][  0]LogInit:  - bDontReuseConnections = false  - Libcurl will reuse connections
[2015.10.30-06.23.49:823][  0]LogInit:  - CertBundlePath = nullptr  - Libcurl will use whatever was configured at build time.
[2015.10.30-06.23.49:866][  0]LogInit: Presizing for 0 objects not considered by GC, pre-allocating 0 bytes.
[2015.10.30-06.23.49:914][  0]LogInit: Object subsystem initialized
[2015.10.30-06.23.49:921][  0]LogInit: Selected Device Profile: [Windows]
[2015.10.30-06.23.49:921][  0]LogInit: Applying CVar settings loaded from the selected device profile: [Windows]
[2015.10.30-06.23.49:963][  0]LogInit: Computer: IDEA-PC
[2015.10.30-06.23.49:963][  0]LogInit: User: lenovopc
[2015.10.30-06.23.49:963][  0]LogInit: CPU Page size=4096, Cores=2
[2015.10.30-06.23.49:963][  0]LogInit: High frequency timer resolution =1.656392 MHz
[2015.10.30-06.23.49:963][  0]LogMemory: Memory total: Physical=3.9GB (4GB approx)
[2015.10.30-06.23.49:963][  0]LogMemory: Platform Memory Stats for Windows
[2015.10.30-06.23.49:963][  0]LogMemory: Process Physical Memory: 53.59 MB used, 53.59 MB peak
[2015.10.30-06.23.49:963][  0]LogMemory: Process Virtual Memory: 57.10 MB used, 57.10 MB peak
[2015.10.30-06.23.49:963][  0]LogMemory: Physical Memory: 2569.20 MB used, 3975.27 MB total
[2015.10.30-06.23.49:964][  0]LogMemory: Virtual Memory: 344.12 MB used, 8388608.00 MB total
[2015.10.30-06.23.50:206][  0]LogTextLocalizationManager: No specific translations for ('en-US') exist, so ('en') translations will be used.
[2015.10.30-06.23.54:122][  0]LogD3D11RHI: Found D3D11 adapter 0: Intel(R) HD Graphics 4000 (Feature Level 11_0)
[2015.10.30-06.23.54:122][  0]LogD3D11RHI: Adapter has 32MB of dedicated video memory, 0MB of dedicated system memory, and 1632MB of shared system memory, 1 output[s]
[2015.10.30-06.23.54:127][  0]LogD3D11RHI: Found D3D11 adapter 1: Microsoft Basic Render Driver (Feature Level 11_0)
[2015.10.30-06.23.54:127][  0]LogD3D11RHI: Adapter has 0MB of dedicated video memory, 0MB of dedicated system memory, and 256MB of shared system memory, 0 output[s]
[2015.10.30-06.23.54:127][  0]LogD3D11RHI: Chosen D3D11 Adapter Id = 0
[2015.10.30-06.23.54:162][  0]LogD3D11RHI: !Direct3DDevice
[2015.10.30-06.23.54:163][  0]LogRHI: Texture pool is 593 MB (70% of 848 MB)
[2015.10.30-06.23.54:171][  0]LogD3D11RHI: Async texture creation enabled
[2015.10.30-06.23.54:215][  0]LogShaderCompilers: Guid format shader working directory is 14 characters bigger than the processId version (C:/Users/lenovo-pc/Downloads/TestLevel/Intermediate/Shaders/WorkingDirectory/15432/).
[2015.10.30-06.23.54:215][  0]LogShaderCompilers: Cleaned the shader compiler working directory 'C:/Users/lenovo-pc/Downloads/TestLevel/Intermediate/Shaders/tmp/10919BA8411C98DEFE6AE4902182AA91/'.
[2015.10.30-06.23.54:215][  0]LogShaderCompilers:Display: Using Local Shader Compiler.
[2015.10.30-06.23.59:749][  0]LogTemp:Display: Loaded TP AllDesktopTargetPlatform
[2015.10.30-06.23.59:772][  0]LogTemp:Display: Loaded TP WindowsClientTargetPlatform
[2015.10.30-06.23.59:795][  0]LogTemp:Display: Loaded TP WindowsNoEditorTargetPlatform
[2015.10.30-06.23.59:817][  0]LogTemp:Display: Loaded TP WindowsServerTargetPlatform
[2015.10.30-06.23.59:838][  0]LogTemp:Display: Loaded TP WindowsTargetPlatform
[2015.10.30-06.23.59:854][  0]LogTemp:Display: Loaded TP AndroidTargetPlatform
[2015.10.30-06.23.59:870][  0]LogTemp:Display: Loaded TP Android_ASTCTargetPlatform
[2015.10.30-06.23.59:885][  0]LogTemp:Display: Loaded TP Android_ATCTargetPlatform
[2015.10.30-06.23.59:901][  0]LogTemp:Display: Loaded TP Android_DXTTargetPlatform
[2015.10.30-06.23.59:916][  0]LogTemp:Display: Loaded TP Android_ETC1TargetPlatform
[2015.10.30-06.23.59:932][  0]LogTemp:Display: Loaded TP Android_ETC2TargetPlatform
[2015.10.30-06.23.59:950][  0]LogTemp:Display: Loaded TP Android_PVRTCTargetPlatform
[2015.10.30-06.23.59:954][  0]LogTemp:Display: Loaded TP HTML5TargetPlatform
[2015.10.30-06.24.00:007][  0]LogTemp:Display: Loaded TP IOSTargetPlatform
[2015.10.30-06.24.00:059][  0]LogTemp:Display: Loaded TP LinuxNoEditorTargetPlatform
[2015.10.30-06.24.00:098][  0]LogTemp:Display: Loaded TP LinuxServerTargetPlatform
[2015.10.30-06.24.00:128][  0]LogTemp:Display: Loaded TP LinuxTargetPlatform
[2015.10.30-06.24.00:128][  0]LogTargetPlatformManager:Display: Building Assets For Windows
[2015.10.30-06.24.00:688][  0]LogDerivedDataCache:Display: Max Cache Size: 512 MB
[2015.10.30-06.24.00:874][  0]LogDerivedDataCache: Loaded boot cache 0.18s 41MB C:/Users/lenovo-pc/AppData/Local/UnrealEngine/4.9/DerivedDataCache/Boot.ddc.
[2015.10.30-06.24.00:874][  0]LogDerivedDataCache:Display: Loaded Boot cache: C:/Users/lenovo-pc/AppData/Local/UnrealEngine/4.9/DerivedDataCache/Boot.ddc
[2015.10.30-06.24.00:874][  0]LogDerivedDataCache: FDerivedDataBackendGraph:  Pak pak cache file C:/Users/lenovo-pc/Downloads/TestLevel/DerivedDataCache/DDC.ddp not found, will not use a pak cache.
[2015.10.30-06.24.00:874][  0]LogDerivedDataCache: Unable to find inner node Pak for hierarchical cache Hierarchy.
[2015.10.30-06.24.00:875][  0]LogDerivedDataCache: FDerivedDataBackendGraph:  CompressedPak pak cache file C:/Users/lenovo-pc/Downloads/TestLevel/DerivedDataCache/Compressed.ddp not found, will not use a pak cache.
[2015.10.30-06.24.00:875][  0]LogDerivedDataCache: Unable to find inner node CompressedPak for hierarchical cache Hierarchy.
[2015.10.30-06.24.01:612][  0]LogDerivedDataCache:Display: Pak cache opened for reading ../../../Engine/DerivedDataCache/Compressed.ddp.
[2015.10.30-06.24.01:632][  0]LogDerivedDataCache: Using Local data cache path C:/Users/lenovo-pc/AppData/Local/UnrealEngine/Common/DerivedDataCache: Writable
[2015.10.30-06.24.02:481][  0]LogInit: Selected Device Profile: [Windows]
[2015.10.30-06.24.02:498][  0]LogContentStreaming: Texture pool size is 0.000000MB
[2015.10.30-06.24.03:159][  0]LogMeshUtilities: No automatic mesh reduction module available
[2015.10.30-06.24.03:159][  0]LogMeshUtilities: No automatic mesh merging module available
[2015.10.30-06.24.04:372][  0]LogInit: WinSock: version 1.1 (2.2), MaxSocks=32767, MaxUdp=65467
[2015.10.30-06.24.07:582][  0]UdpMessaging: Initializing bridge on interface 0.0.0.0:0 to multicast group 230.0.0.1:6666.
[2015.10.30-06.24.07:782][  0]LogAssetRegistry: FAssetRegistry took 0.0126 seconds to start up
[2015.10.30-06.24.08:624][  0]SourceControl: Info Source control is disabled
[2015.10.30-06.24.08:626][  0]SourceControl: Info Source control is disabled
[2015.10.30-06.24.08:708][  0]SourceControl: Info Source control is disabled
[2015.10.30-06.24.08:784][  0]SourceControl: Info Source control is disabled
[2015.10.30-06.24.09:479][  0]LogLinker:Warning: Asset '../../../Engine/Plugins/Runtime/LeapMotionController/Content/LM_PassthroughMaterial.uasset' has been saved with empty engine version. The asset will be loaded but may be incompatible.
[2015.10.30-06.24.09:826][  0]LogObj: 28361 objects as part of root set at end of initial load.
[2015.10.30-06.24.09:826][  0]LogUObjectAllocator: 6038872 out of 0 bytes used by permanent object pool.
[2015.10.30-06.24.10:099][  0]LogEngine: Initializing Engine...
[2015.10.30-06.24.10:108][  0]LogHMD: Can't find Oculus library dev build: is proper Runtime installed? Version: 0.7.0.0
[2015.10.30-06.24.10:119][  0]LogHMD: SteamVR failed to initialize.  Err: 110
[2015.10.30-06.24.10:682][  0]LogAIModule: Creating AISystem for world NewWorld
[2015.10.30-06.24.10:700][  0]LogInit: XAudio2 using '扬声器 (Conexant SmartAudio HD)' : 2 channels at 44.1 kHz using 16 bits per sample (channel mask 0x3)
[2015.10.30-06.24.10:810][  0]LogInit: FAudioDevice initialized.
[2015.10.30-06.24.10:877][  0]LogDerivedDataCache: Saved boot cache 0.07s 41MB C:/Users/lenovo-pc/AppData/Local/UnrealEngine/4.9/DerivedDataCache/Boot.ddc.
[2015.10.30-06.24.10:886][  0]LogInit: Texture streaming: Enabled
[2015.10.30-06.24.10:911][  0]LogAnalytics: Creating configured Analytics provider AnalyticsET
[2015.10.30-06.24.10:911][  0]LogAnalytics: [UEEditor.Rocket.Release] APIServer = http://et2.epicgames.com/ET2/. AppVersion = 4.9.2-2707645+++depot+UE4-Releases+4.9
[2015.10.30-06.24.10:911][  0]LogAnalytics: [UEEditor.Rocket.Release] SetUserId 5050c46d410a721ffb73149eef914dbe|c10d342a545c424996c5a96657dd3caa|026f7912-4267-4fe7-8726-f5173afcf146
[2015.10.30-06.24.10:911][  0]LogAnalytics: [UEEditor.Rocket.Release] AnalyticsET::StartSession
[2015.10.30-06.24.11:170][  0]LogInit: Transaction tracking system initialized
[2015.10.30-06.24.11:483][  0]BlueprintLog: New page: Editor Load
[2015.10.30-06.24.12:026][  0]LocalizationService: Info Localization service is disabled
[2015.10.30-06.24.13:542][  0]LogConsoleResponse:Display: 
[2015.10.30-06.24.14:246][  0]LogCook:Display: Done creating registry. It took  0.00s.
[2015.10.30-06.24.14:466][  0]LogFileCache: Scanning file cache for directory 'C:/Users/lenovo-pc/Downloads/TestLevel/Content/' took 0.03s
[2015.10.30-06.24.14:466][  0]SourceControl: Info Source control is disabled
[2015.10.30-06.24.14:466][  0]Cmd: MAP LOAD FILE="C:/Users/lenovo-pc/Downloads/TestLevel/Content/FirstPersonBP/Maps/FirstPersonExampleMap.umap" TEMPLATE=0 SHOWPROGRESS=1 FEATURELEVEL=3
[2015.10.30-06.24.14:467][  0]LightingResults: New page: Lighting Build
[2015.10.30-06.24.14:481][  0]MapCheck: New page: Map Check
[2015.10.30-06.24.14:481][  0]LightingResults: New page: Lighting Build
[2015.10.30-06.24.14:532][  0]LogParticles: Destroying 0 GPU particle simulations for FXSystem 0x0000001BCC74C400
[2015.10.30-06.24.19:746][  0]LogAIModule: Creating AISystem for world FirstPersonExampleMap
[2015.10.30-06.24.19:815][  0]LogEditorServer: Finished looking for orphan Actors (0.000 secs)
[2015.10.30-06.24.19:816][  0]Cmd: MAP CHECKDEP NOCLEARLOG
[2015.10.30-06.24.19:938][  0]MapCheck: Info Map check complete: 0 Error(s), 0 Warning(s), took 122.029ms to complete.
[2015.10.30-06.24.19:938][  0]LogFileHelpers: Loading map 'FirstPersonExampleMap' took 5.473
[2015.10.30-06.24.20:131][  0]LogCollectionManager: Loaded 0 collections in 0.002717 seconds
[2015.10.30-06.24.20:181][  0]LogFileCache: Scanning file cache for directory 'C:/Users/lenovo-pc/Downloads/TestLevel/Saved/Collections/' took 0.01s
[2015.10.30-06.24.20:181][  0]LogFileCache: Scanning file cache for directory 'C:/Users/lenovo-pc/Downloads/TestLevel/Content/Developers/lenovopc/Collections/' took 0.01s
[2015.10.30-06.24.20:181][  0]LogFileCache: Scanning file cache for directory 'C:/Users/lenovo-pc/Downloads/TestLevel/Content/Collections/' took 0.01s
[2015.10.30-06.24.20:181][  0]LogContentBrowser: Native class hierarchy populated in 0.0108 seconds. Added 1867 classes and 333 folders.
[2015.10.30-06.24.20:191][  0]LogCollectionManager: Rebuilt the GUID cache for 0 collections in 0.000003 seconds
[2015.10.30-06.24.20:201][  0]LogContentBrowser: Native class hierarchy updated for 'WidgetCarousel' in 0.0004 seconds. Added 0 classes and 0 folders.
[2015.10.30-06.24.20:261][  0]LogContentBrowser: Native class hierarchy updated for 'AddContentDialog' in 0.0004 seconds. Added 0 classes and 0 folders.
[2015.10.30-06.24.20:267][  0]LogContentBrowser: Native class hierarchy updated for 'SceneOutliner' in 0.0006 seconds. Added 1 classes and 2 folders.
[2015.10.30-06.24.20:307][  0]LogCrashTracker: Crashtracker disabled due to settings.
[2015.10.30-06.24.20:313][  0]LogUObjectGlobals:Warning: Failed to find object 'Class None.'
[2015.10.30-06.24.20:338][  0]LogLoad: Full Startup: 33.23 seconds (BP compile: 1.84 seconds)
[2015.10.30-06.24.20:688][  0]LoadErrors:Error: Error /Game/FirstPersonBP/Maps/FirstPersonExampleMap : Failed import for CurveVector /Game/FirstPersonBP/Blueprints/Actors/platformLv1LtoR.platformLv1LtoR_C:CurveVector_0_1__BC5354AB__14C309B6__4F2AB83B
[2015.10.30-06.24.20:936][  0]LogContentStreaming: Texture pool size now 200 MB
[2015.10.30-06.24.21:453][  0]LogRenderer: Reallocating scene render targets to support 864x424 (Frame:2).
[2015.10.30-06.24.29:177][ 29]LogAssetRegistry: Asset discovery search completed in 21.4068 seconds
[2015.10.30-06.24.29:177][ 29]LogCollectionManager: Rebuilt the object cache for 0 collections in 0.000004 seconds (found 0 objects)
[2015.10.30-06.24.29:177][ 29]LogCollectionManager: Fixed up redirectors for 0 collections in 0.000133 seconds (updated 0 objects)
[2015.10.30-06.24.40:849][397]SourceControl:Error: Error Failed to enable Git source control. You need to initialize the project as a Git repository first.
[2015.10.30-07.18.01:184][699]LogActorComponent: UnregisterComponent: (/Engine/Transient.CharMoveComp) Not registered. Aborting.
[2015.10.30-07.18.01:250][699]LogActorComponent: UnregisterComponent: (/Engine/Transient.ProjectileMovementComponent_40__A6522401) Not registered. Aborting.
[2015.10.30-07.18.06:850][699]LogWindowsTextInputMethodSystem:Display: IME system now activated using TSF (微软拼音简捷).
[2015.10.30-07.18.06:853][699]LogWindowsTextInputMethodSystem:Display: IME system now activated using TSF (微软拼音简捷).
[2015.10.30-07.18.08:874][700]Cmd: QUIT_EDITOR
[2015.10.30-07.18.10:357][700]LogExit: Preparing to exit.
[2015.10.30-07.18.13:358][700]LogExit: Editor shut down
[2015.10.30-07.18.13:411][700]LogExit: Transaction tracking system shut down
[2015.10.30-07.18.13:747][700]LogParticles: Destroying 0 GPU particle simulations for FXSystem 0x0000001BE142F420
[2015.10.30-07.18.17:480][700]LogParticles: Destroying 0 GPU particle simulations for FXSystem 0x0000001BE49F1440
[2015.10.30-07.18.17:480][700]LogParticles: Destroying 0 GPU particle simulations for FXSystem 0x0000001BE5821D00
[2015.10.30-07.18.17:480][700]LogParticles: Destroying 0 GPU particle simulations for FXSystem 0x0000001BE10AFE20
[2015.10.30-07.18.17:480][700]LogExit: Object subsystem successfully closed.
[2015.10.30-07.18.17:546][700]LogD3D11RHI: Shutdown
[2015.10.30-07.18.17:546][700]LogD3D11RHI: CleanupD3DDevice
[2015.10.30-07.18.17:834][700]LogD3D11RHI: ~FD3D11DynamicRHI
[2015.10.30-07.18.17:919][700]LogModuleManager: Shutting down and abandoning module CrashTracker (197)
[2015.10.30-07.18.17:919][700]LogModuleManager: Shutting down and abandoning module SceneOutliner (196)
[2015.10.30-07.18.17:919][700]LogModuleManager: Shutting down and abandoning module SuperSearch (195)
[2015.10.30-07.18.17:919][700]LogModuleManager: Shutting down and abandoning module WidgetCarousel (194)
[2015.10.30-07.18.17:919][700]LogModuleManager: Shutting down and abandoning module AddContentDialog (193)
[2015.10.30-07.18.20:358][700]LogModuleManager: Shutting down and abandoning module EditorWidgets (192)
[2015.10.30-07.18.20:358][700]LogModuleManager: Shutting down and abandoning module CollectionManager (191)
[2015.10.30-07.18.20:360][700]LogModuleManager: Shutting down and abandoning module StatsViewer (190)
[2015.10.30-07.18.20:373][700]LogModuleManager: Shutting down and abandoning module FoliageEdit (189)
[2015.10.30-07.18.20:373][700]LogModuleManager: Shutting down and abandoning module LandscapeEditor (188)
[2015.10.30-07.18.20:399][700]LogModuleManager: Shutting down and abandoning module ActorPickerMode (187)
[2015.10.30-07.18.20:399][700]LogModuleManager: Shutting down and abandoning module GeometryMode (186)
[2015.10.30-07.18.20:399][700]LogModuleManager: Shutting down and abandoning module TextureAlignMode (185)
[2015.10.30-07.18.20:399][700]LogModuleManager: Shutting down and abandoning module BspMode (184)
[2015.10.30-07.18.20:399][700]LogModuleManager: Shutting down and abandoning module PlacementMode (183)
[2015.10.30-07.18.20:399][700]LogModuleManager: Shutting down and abandoning module AutomationWorker (182)
[2015.10.30-07.18.20:399][700]LogModuleManager: Shutting down and abandoning module CharacterAI (181)
[2015.10.30-07.18.20:399][700]LogModuleManager: Shutting down and abandoning module SmartSnapping (180)
[2015.10.30-07.18.20:400][700]LogModuleManager: Shutting down and abandoning module ViewportSnapping (179)
[2015.10.30-07.18.20:406][700]LogModuleManager: Shutting down and abandoning module LogVisualizer (178)
[2015.10.30-07.18.20:408][700]LogModuleManager: Shutting down and abandoning module GameProjectGeneration (177)
[2015.10.30-07.18.20:408][700]LogModuleManager: Shutting down and abandoning module IntroTutorials (176)
[2015.10.30-07.18.20:408][700]LogModuleManager: Shutting down and abandoning module EditorLiveStreaming (175)
[2015.10.30-07.18.20:408][700]LogModuleManager: Shutting down and abandoning module IOSPlatformEditor (174)
[2015.10.30-07.18.20:409][700]LogModuleManager: Shutting down and abandoning module HTML5PlatformEditor (173)
[2015.10.30-07.18.20:409][700]LogModuleManager: Shutting down and abandoning module AndroidDeviceDetection (172)
[2015.10.30-07.18.21:174][700]LogModuleManager: Shutting down and abandoning module AndroidPlatformEditor (171)
[2015.10.30-07.18.21:175][700]LogModuleManager: Shutting down and abandoning module IOSRuntimeSettings (170)
[2015.10.30-07.18.21:175][700]LogModuleManager: Shutting down and abandoning module AndroidRuntimeSettings (169)
[2015.10.30-07.18.21:175][700]LogModuleManager: Shutting down and abandoning module MergeActors (168)
[2015.10.30-07.18.21:175][700]LogModuleManager: Shutting down and abandoning module SizeMap (167)
[2015.10.30-07.18.21:177][700]LogModuleManager: Shutting down and abandoning module TreeMap (166)
[2015.10.30-07.18.21:182][700]LogModuleManager: Shutting down and abandoning module ReferenceViewer (165)
[2015.10.30-07.18.21:182][700]LogModuleManager: Shutting down and abandoning module LocalizationService (164)
[2015.10.30-07.18.21:184][700]LogModuleManager: Shutting down and abandoning module LocalizationDashboard (163)
[2015.10.30-07.18.21:220][700]LogModuleManager: Shutting down and abandoning module HardwareTargeting (162)
[2015.10.30-07.18.21:220][700]LogModuleManager: Shutting down and abandoning module DeviceProfileEditor (161)
[2015.10.30-07.18.21:388][700]LogModuleManager: Shutting down and abandoning module UndoHistory (160)
[2015.10.30-07.18.21:538][700]LogModuleManager: Shutting down and abandoning module GameplayTagsEditor (159)
[2015.10.30-07.18.21:538][700]LogModuleManager: Shutting down and abandoning module UserFeedback (158)
[2015.10.30-07.18.21:538][700]LogModuleManager: Shutting down and abandoning module XmlParser (157)
[2015.10.30-07.18.21:620][700]LogModuleManager: Shutting down and abandoning module Blutility (156)
[2015.10.30-07.18.21:697][700]LogModuleManager: Shutting down and abandoning module ProjectTargetPlatformEditor (155)
[2015.10.30-07.18.21:775][700]LogModuleManager: Shutting down and abandoning module ProjectSettingsViewer (154)
[2015.10.30-07.18.21:858][700]LogModuleManager: Shutting down and abandoning module InputBindingEditor (153)
[2015.10.30-07.18.21:858][700]LogModuleManager: Shutting down and abandoning module EditorSettingsViewer (152)
[2015.10.30-07.18.21:866][700]LogModuleManager: Shutting down and abandoning module SettingsEditor (151)
[2015.10.30-07.18.21:871][700]LogModuleManager: Shutting down and abandoning module ProjectLauncher (150)
[2015.10.30-07.18.21:887][700]LogModuleManager: Shutting down and abandoning module SessionFrontend (149)
[2015.10.30-07.18.21:897][700]LogModuleManager: Shutting down and abandoning module ProfilerClient (148)
[2015.10.30-07.18.21:915][700]LogModuleManager: Shutting down and abandoning module TargetDeviceServices (147)
[2015.10.30-07.18.21:915][700]LogModuleManager: Shutting down and abandoning module DeviceManager (146)
[2015.10.30-07.18.21:957][700]LogModuleManager: Shutting down and abandoning module AutomationController (145)
[2015.10.30-07.18.21:976][700]LogModuleManager: Shutting down and abandoning module AutomationWindow (144)
[2015.10.30-07.18.21:989][700]LogModuleManager: Shutting down and abandoning module Layers (143)
[2015.10.30-07.18.22:020][700]LogModuleManager: Shutting down and abandoning module ComponentVisualizers (142)
[2015.10.30-07.18.22:020][700]LogModuleManager: Shutting down and abandoning module DetailCustomizations (141)
[2015.10.30-07.18.22:038][700]LogModuleManager: Shutting down and abandoning module PackagesDialog (140)
[2015.10.30-07.18.22:048][700]LogModuleManager: Shutting down and abandoning module Persona (139)
[2015.10.30-07.18.22:051][700]LogModuleManager: Shutting down and abandoning module Kismet (138)
[2015.10.30-07.18.22:052][700]LogModuleManager: Shutting down and abandoning module GraphEditor (137)
[2015.10.30-07.18.22:084][700]LogModuleManager: Shutting down and abandoning module ClassViewer (136)
[2015.10.30-07.18.22:112][700]LogModuleManager: Shutting down and abandoning module Toolbox (135)
[2015.10.30-07.18.22:130][700]LogModuleManager: Shutting down and abandoning module ModuleUI (134)
[2015.10.30-07.18.22:135][700]LogModuleManager: Shutting down and abandoning module MovieSceneTools (133)
[2015.10.30-07.18.22:138][700]LogModuleManager: Shutting down and abandoning module OutputLog (132)
[2015.10.30-07.18.22:138][700]LogModuleManager: Shutting down and abandoning module GammaUI (131)
[2015.10.30-07.18.22:138][700]LogModuleManager: Shutting down and abandoning module Documentation (130)
[2015.10.30-07.18.22:138][700]LogModuleManager: Shutting down and abandoning module GameLiveStreaming (129)
[2015.10.30-07.18.22:138][700]LogModuleManager: Shutting down and abandoning module StreamingPauseRendering (128)
[2015.10.30-07.18.22:139][700]LogModuleManager: Shutting down and abandoning module AnalyticsET (127)
[2015.10.30-07.18.22:139][700]LogModuleManager: Shutting down and abandoning module Analytics (126)
[2015.10.30-07.18.22:148][700]LogModuleManager: Shutting down and abandoning module AITestSuite (125)
[2015.10.30-07.18.22:148][700]LogModuleManager: Shutting down and abandoning module GameplayDebugger (124)
[2015.10.30-07.18.22:149][700]LogModuleManager: Shutting down and abandoning module AIModule (123)
[2015.10.30-07.18.22:149][700]LogModuleManager: Shutting down and abandoning module ProfilerService (122)
[2015.10.30-07.18.22:255][700]LogModuleManager: Shutting down and abandoning module TaskGraph (121)
[2015.10.30-07.18.22:256][700]LogModuleManager: Shutting down and abandoning module SlateRemote (120)
[2015.10.30-07.18.22:256][700]LogModuleManager: Shutting down and abandoning module SteamVRController (119)
[2015.10.30-07.18.22:256][700]LogModuleManager: Shutting down and abandoning module SteamVR (118)
[2015.10.30-07.18.22:256][700]LogModuleManager: Shutting down and abandoning module ProceduralMeshComponent (117)
[2015.10.30-07.18.22:256][700]LogModuleManager: Shutting down and abandoning module OculusRift (116)
[2015.10.30-07.18.22:257][700]LogModuleManager: Shutting down and abandoning module OculusLibrary (115)
[2015.10.30-07.18.22:257][700]LogModuleManager: Shutting down and abandoning module LeapMotionController (114)
[2015.10.30-07.18.22:706][700]LogModuleManager: Shutting down and abandoning module CustomMeshComponent (113)
[2015.10.30-07.18.22:706][700]LogModuleManager: Shutting down and abandoning module CableComponent (112)
[2015.10.30-07.18.22:706][700]LogModuleManager: Shutting down and abandoning module ArchVisCharacter (111)
[2015.10.30-07.18.22:706][700]LogModuleManager: Shutting down and abandoning module MessagingDebugger (110)
[2015.10.30-07.18.22:751][700]LogModuleManager: Shutting down and abandoning module MediaPlayerEditor (109)
[2015.10.30-07.18.22:751][700]LogModuleManager: Shutting down and abandoning module HTML5Networking (108)
[2015.10.30-07.18.22:751][700]LogModuleManager: Shutting down and abandoning module SpeedTreeImporter (107)
[2015.10.30-07.18.22:751][700]LogModuleManager: Shutting down and abandoning module PluginBrowser (106)
[2015.10.30-07.18.22:759][700]LogModuleManager: Shutting down and abandoning module EpicSurvey (105)
[2015.10.30-07.18.22:771][700]LogModuleManager: Shutting down and abandoning module DesktopPlatform (104)
[2015.10.30-07.18.22:776][700]LogModuleManager: Shutting down and abandoning module VisualStudioSourceCodeAccess (103)
[2015.10.30-07.18.22:792][700]LogModuleManager: Shutting down and abandoning module UObjectPlugin (102)
[2015.10.30-07.18.22:792][700]LogModuleManager: Shutting down and abandoning module SubversionSourceControl (101)
[2015.10.30-07.18.22:792][700]LogModuleManager: Shutting down and abandoning module PerforceSourceControl (100)
[2015.10.30-07.18.22:792][700]LogModuleManager: Shutting down and abandoning module SourceControl (99)
[2015.10.30-07.18.22:793][700]LogModuleManager: Shutting down and abandoning module GitSourceControl (98)
[2015.10.30-07.18.22:799][700]LogModuleManager: Shutting down and abandoning module LightPropagationVolumeEditor (97)
[2015.10.30-07.18.22:799][700]LogModuleManager: Shutting down and abandoning module PaperTiledImporter (96)
[2015.10.30-07.18.22:799][700]LogModuleManager: Shutting down and abandoning module PaperSpriteSheetImporter (95)
[2015.10.30-07.18.22:799][700]LogModuleManager: Shutting down and abandoning module MeshPaint (94)
[2015.10.30-07.18.22:803][700]LogModuleManager: Shutting down and abandoning module SlateReflector (93)
[2015.10.30-07.18.22:809][700]LogModuleManager: Shutting down and abandoning module HotReload (92)
[2015.10.30-07.18.22:809][700]LogModuleManager: Shutting down and abandoning module MainFrame (91)
[2015.10.30-07.18.22:822][700]LogModuleManager: Shutting down and abandoning module LevelEditor (90)
[2015.10.30-07.18.23:049][700]LogModuleManager: Shutting down and abandoning module DirectoryWatcher (89)
[2015.10.30-07.18.23:165][700]LogModuleManager: Shutting down and abandoning module AssetRegistry (88)
[2015.10.30-07.18.23:887][700]LogModuleManager: Shutting down and abandoning module ContentBrowser (87)
[2015.10.30-07.18.24:045][700]LogModuleManager: Shutting down and abandoning module Paper2DEditor (86)
[2015.10.30-07.18.24:081][700]LogModuleManager: Shutting down and abandoning module UdpMessaging (85)
[2015.10.30-07.18.24:215][700]LogModuleManager: Shutting down and abandoning module LightPropagationVolumeRuntime (84)
[2015.10.30-07.18.24:215][700]LogModuleManager: Shutting down and abandoning module Paper2D (83)
[2015.10.30-07.18.24:215][700]LogModuleManager: Shutting down and abandoning module WindowsMoviePlayer (82)
[2015.10.30-07.18.25:903][700]LogModuleManager: Shutting down and abandoning module Media (81)
[2015.10.30-07.18.25:905][700]LogModuleManager: Shutting down and abandoning module WmfMedia (80)
[2015.10.30-07.18.25:914][700]LogModuleManager: Shutting down and abandoning module OnlineBlueprintSupport (79)
[2015.10.30-07.18.25:915][700]LogModuleManager: Shutting down and abandoning module GameplayTasksEditor (78)
[2015.10.30-07.18.25:915][700]LogModuleManager: Shutting down and abandoning module PropertyEditor (77)
[2015.10.30-07.18.25:929][700]LogModuleManager: Shutting down and abandoning module BehaviorTreeEditor (76)
[2015.10.30-07.18.25:931][700]LogModuleManager: Shutting down and abandoning module FunctionalTesting (75)
[2015.10.30-07.18.25:934][700]LogModuleManager: Shutting down and abandoning module CollisionAnalyzer (74)
[2015.10.30-07.18.25:939][700]LogModuleManager: Shutting down and abandoning module WorkspaceMenuStructure (73)
[2015.10.30-07.18.25:943][700]LogModuleManager: Shutting down and abandoning module MessageLog (72)
[2015.10.30-07.18.25:944][700]LogModuleManager: Shutting down and abandoning module Sequencer (71)
[2015.10.30-07.18.25:993][700]LogModuleManager: Shutting down and abandoning module AssetTools (70)
[2015.10.30-07.18.26:072][700]LogModuleManager: Shutting down and abandoning module UMGEditor (69)
[2015.10.30-07.18.26:120][700]LogModuleManager: Shutting down and abandoning module UMG (68)
[2015.10.30-07.18.26:185][700]LogModuleManager: Shutting down and abandoning module Slate (67)
[2015.10.30-07.18.26:186][700]LogModuleManager: Shutting down and abandoning module EditorStyle (66)
[2015.10.30-07.18.28:753][700]LogModuleManager: Shutting down and abandoning module SessionServices (65)
[2015.10.30-07.18.28:753][700]LogModuleManager: Shutting down and abandoning module SourceCodeAccess (64)
[2015.10.30-07.18.28:760][700]LogModuleManager: Shutting down and abandoning module HeadMountedDisplay (63)
[2015.10.30-07.18.28:761][700]LogModuleManager: Shutting down and abandoning module XAudio2 (62)
[2015.10.30-07.18.28:761][700]LogModuleManager: Shutting down and abandoning module Networking (60)
[2015.10.30-07.18.28:767][700]LogModuleManager: Shutting down and abandoning module Core (59)
[2015.10.30-07.18.28:774][700]LogModuleManager: Shutting down and abandoning module KismetCompiler (58)
[2015.10.30-07.18.28:792][700]LogModuleManager: Shutting down and abandoning module PhysXFormats (57)
[2015.10.30-07.18.28:821][700]LogModuleManager: Shutting down and abandoning module MeshUtilities (56)
[2015.10.30-07.18.28:842][700]LogModuleManager: Shutting down and abandoning module CookingStats (55)
[2015.10.30-07.18.29:162][700]LogModuleManager: Shutting down and abandoning module DerivedDataCache (54)
[2015.10.30-07.18.29:224][700]LogDerivedDataCache: Shutdown
[2015.10.30-07.18.29:228][700]LogModuleManager: Shutting down and abandoning module ShaderFormatOpenGL (53)
[2015.10.30-07.18.29:276][700]LogModuleManager: Shutting down and abandoning module ShaderFormatD3D (52)
[2015.10.30-07.18.29:293][700]LogModuleManager: Shutting down and abandoning module MetalShaderFormat (51)
[2015.10.30-07.18.29:321][700]LogModuleManager: Shutting down and abandoning module TextureFormatUncompressed (50)
[2015.10.30-07.18.29:334][700]LogModuleManager: Shutting down and abandoning module TextureFormatPVR (49)
[2015.10.30-07.18.29:408][700]LogModuleManager: Shutting down and abandoning module TextureFormatIntelISPCTexComp (48)
[2015.10.30-07.18.29:506][700]LogModuleManager: Shutting down and abandoning module TextureFormatDXT (47)
[2015.10.30-07.18.29:576][700]LogModuleManager: Shutting down and abandoning module ImageWrapper (46)
[2015.10.30-07.18.29:576][700]LogModuleManager: Shutting down and abandoning module TextureFormatASTC (45)
[2015.10.30-07.18.29:638][700]LogModuleManager: Shutting down and abandoning module TextureFormatAndroid (44)
[2015.10.30-07.18.29:729][700]LogModuleManager: Shutting down and abandoning module AudioFormatOpus (43)
[2015.10.30-07.18.29:745][700]LogModuleManager: Shutting down and abandoning module AudioFormatOgg (42)
[2015.10.30-07.18.29:747][700]LogModuleManager: Shutting down and abandoning module AudioFormatADPCM (41)
[2015.10.30-07.18.29:802][700]LogModuleManager: Shutting down and abandoning module LinuxTargetPlatform (40)
[2015.10.30-07.18.29:825][700]LogModuleManager: Shutting down and abandoning module LinuxServerTargetPlatform (39)
[2015.10.30-07.18.29:894][700]LogModuleManager: Shutting down and abandoning module LinuxNoEditorTargetPlatform (38)
[2015.10.30-07.18.29:983][700]LogModuleManager: Shutting down and abandoning module Messaging (37)
[2015.10.30-07.18.29:983][700]LogModuleManager: Shutting down and abandoning module IOSTargetPlatform (36)
[2015.10.30-07.18.30:004][700]LogModuleManager: Shutting down and abandoning module HTML5TargetPlatform (35)
[2015.10.30-07.18.30:095][700]LogModuleManager: Shutting down and abandoning module Android_PVRTCTargetPlatform (34)
[2015.10.30-07.18.30:110][700]LogModuleManager: Shutting down and abandoning module Android_ETC2TargetPlatform (33)
[2015.10.30-07.18.30:117][700]LogModuleManager: Shutting down and abandoning module Android_ETC1TargetPlatform (32)
[2015.10.30-07.18.30:119][700]LogModuleManager: Shutting down and abandoning module Android_DXTTargetPlatform (31)
[2015.10.30-07.18.30:122][700]LogModuleManager: Shutting down and abandoning module Android_ATCTargetPlatform (30)
[2015.10.30-07.18.30:127][700]LogModuleManager: Shutting down and abandoning module Android_ASTCTargetPlatform (29)
[2015.10.30-07.18.30:134][700]LogModuleManager: Shutting down and abandoning module AndroidTargetPlatform (28)
[2015.10.30-07.18.30:144][700]LogModuleManager: Shutting down and abandoning module WindowsTargetPlatform (27)
[2015.10.30-07.18.30:161][700]LogModuleManager: Shutting down and abandoning module WindowsServerTargetPlatform (26)
[2015.10.30-07.18.30:164][700]LogModuleManager: Shutting down and abandoning module WindowsNoEditorTargetPlatform (25)
[2015.10.30-07.18.30:166][700]LogModuleManager: Shutting down and abandoning module WindowsClientTargetPlatform (24)
[2015.10.30-07.18.30:167][700]LogModuleManager: Shutting down and abandoning module AllDesktopTargetPlatform (23)
[2015.10.30-07.18.30:177][700]LogModuleManager: Shutting down and abandoning module TargetPlatform (22)
[2015.10.30-07.18.30:289][700]LogModuleManager: Shutting down and abandoning module InputCore (21)
[2015.10.30-07.18.30:300][700]LogModuleManager: Shutting down and abandoning module Settings (20)
[2015.10.30-07.18.30:328][700]LogModuleManager: Shutting down and abandoning module OnlineSubsystem (18)
[2015.10.30-07.18.30:338][700]LogModuleManager: Shutting down and abandoning module HTTP (17)
[2015.10.30-07.18.32:823][700]LogModuleManager: Shutting down and abandoning module XMPP (16)
[2015.10.30-07.18.32:921][700]LogModuleManager: Shutting down and abandoning module ExampleDeviceProfileSelector (15)
[2015.10.30-07.18.32:932][700]LogModuleManager: Shutting down and abandoning module TextureCompressor (14)
[2015.10.30-07.18.32:961][700]LogModuleManager: Shutting down and abandoning module ShaderCore (13)
[2015.10.30-07.18.32:961][700]LogModuleManager: Shutting down and abandoning module Landscape (12)
[2015.10.30-07.18.32:962][700]LogModuleManager: Shutting down and abandoning module SlateRHIRenderer (11)
[2015.10.30-07.18.33:205][700]LogModuleManager: Shutting down and abandoning module OpenGLDrv (10)
[2015.10.30-07.18.33:207][700]LogModuleManager: Shutting down and abandoning module D3D11RHI (9)
[2015.10.30-07.18.33:207][700]LogModuleManager: Shutting down and abandoning module AnimGraphRuntime (8)
[2015.10.30-07.18.33:207][700]LogModuleManager: Shutting down and abandoning module Renderer (7)
[2015.10.30-07.18.33:207][700]LogModuleManager: Shutting down and abandoning module Engine (6)
[2015.10.30-07.18.33:208][700]LogModuleManager: Shutting down and abandoning module CoreUObject (5)
[2015.10.30-07.18.33:208][700]LogModuleManager: Shutting down and abandoning module NetworkFile (4)
[2015.10.30-07.18.33:209][700]LogModuleManager: Shutting down and abandoning module StreamingFile (3)
[2015.10.30-07.18.33:212][700]LogModuleManager: Shutting down and abandoning module SandboxFile (2)
[2015.10.30-07.18.33:213][700]LogModuleManager: Shutting down and abandoning module PakFile (1)
[2015.10.30-07.18.33:239][700]LogExit: Exiting.
[2015.10.30-07.18.33:639][700]Log file closed, 10/30/15 03:18:33
