[2015.10.30-17.36.00:856][  0]Log file open, 10/30/15 13:36:00
[2015.10.30-17.36.00:856][  0]LogInit:Display: Running engine for game: MyProject
[2015.10.30-17.36.00:856][  0]LogInit:Display: RandInit(2111527836) SRandInit(2111527837).
[2015.10.30-17.36.00:856][  0]LogTaskGraph: Started task graph with 4 named threads and 5 total threads.
[2015.10.30-17.36.00:856][  0]LogStats: Stats thread started at 0.751209
[2015.10.30-17.36.00:856][  0]LogInit: Version: 4.9.2-2707645+++depot+UE4-Releases+4.9
[2015.10.30-17.36.00:856][  0]LogInit: API Version: 2672455
[2015.10.30-17.36.00:856][  0]LogInit: Compiled (64-bit): Sep 28 2015 10:25:44
[2015.10.30-17.36.00:856][  0]LogInit: Compiled with Visual C++: 18.00.21005.01
[2015.10.30-17.36.00:856][  0]LogInit: Build Configuration: Development
[2015.10.30-17.36.00:856][  0]LogInit: Branch Name: ++depot+UE4-Releases+4.9
[2015.10.30-17.36.00:856][  0]LogInit: Command line:  
[2015.10.30-17.36.00:856][  0]LogInit: Base directory: D:/Epic Games/4.9/Engine/Binaries/Win64/
[2015.10.30-17.36.00:856][  0]LogInit: Rocket: 1
[2015.10.30-17.36.00:965][  0]LogInit: Using libcurl 7.41.0
[2015.10.30-17.36.00:965][  0]LogInit:  - built for x86_64-pc-win32
[2015.10.30-17.36.00:965][  0]LogInit:  - supports SSL with WinSSL
[2015.10.30-17.36.00:965][  0]LogInit:  - other features:
[2015.10.30-17.36.00:966][  0]LogInit:      CURL_VERSION_SSL
[2015.10.30-17.36.00:966][  0]LogInit:      CURL_VERSION_IPV6
[2015.10.30-17.36.00:966][  0]LogInit:      CURL_VERSION_ASYNCHDNS
[2015.10.30-17.36.00:966][  0]LogInit:      CURL_VERSION_LARGEFILE
[2015.10.30-17.36.00:966][  0]LogInit:      CURL_VERSION_IDN
[2015.10.30-17.36.00:967][  0]LogInit:  CurlRequestOptions (configurable via config and command line):
[2015.10.30-17.36.00:967][  0]LogInit:  - bVerifyPeer = true  - Libcurl will verify peer certificate
[2015.10.30-17.36.00:967][  0]LogInit:  - bUseHttpProxy = false  - Libcurl will NOT use HTTP proxy
[2015.10.30-17.36.00:967][  0]LogInit:  - bDontReuseConnections = false  - Libcurl will reuse connections
[2015.10.30-17.36.00:967][  0]LogInit:  - CertBundlePath = nullptr  - Libcurl will use whatever was configured at build time.
[2015.10.30-17.36.01:075][  0]LogInit: Presizing for 0 objects not considered by GC, pre-allocating 0 bytes.
[2015.10.30-17.36.01:159][  0]LogInit: Object subsystem initialized
[2015.10.30-17.36.01:174][  0]LogInit: Selected Device Profile: [Windows]
[2015.10.30-17.36.01:174][  0]LogInit: Applying CVar settings loaded from the selected device profile: [Windows]
[2015.10.30-17.36.01:225][  0]LogInit: Computer: IDEA-PC
[2015.10.30-17.36.01:225][  0]LogInit: User: lenovopc
[2015.10.30-17.36.01:225][  0]LogInit: CPU Page size=4096, Cores=2
[2015.10.30-17.36.01:225][  0]LogInit: High frequency timer resolution =1.656392 MHz
[2015.10.30-17.36.01:226][  0]LogMemory: Memory total: Physical=3.9GB (4GB approx)
[2015.10.30-17.36.01:226][  0]LogMemory: Platform Memory Stats for Windows
[2015.10.30-17.36.01:226][  0]LogMemory: Process Physical Memory: 52.43 MB used, 52.43 MB peak
[2015.10.30-17.36.01:226][  0]LogMemory: Process Virtual Memory: 56.96 MB used, 56.96 MB peak
[2015.10.30-17.36.01:226][  0]LogMemory: Physical Memory: 1708.08 MB used, 3975.27 MB total
[2015.10.30-17.36.01:226][  0]LogMemory: Virtual Memory: 343.50 MB used, 8388608.00 MB total
[2015.10.30-17.36.01:688][  0]LogTextLocalizationManager: No specific translations for ('en-US') exist, so ('en') translations will be used.
[2015.10.30-17.36.04:699][  0]LogD3D11RHI: Found D3D11 adapter 0: Intel(R) HD Graphics 4000 (Feature Level 11_0)
[2015.10.30-17.36.04:699][  0]LogD3D11RHI: Adapter has 32MB of dedicated video memory, 0MB of dedicated system memory, and 1632MB of shared system memory, 1 output[s]
[2015.10.30-17.36.04:702][  0]LogD3D11RHI: Found D3D11 adapter 1: Microsoft Basic Render Driver (Feature Level 11_0)
[2015.10.30-17.36.04:702][  0]LogD3D11RHI: Adapter has 0MB of dedicated video memory, 0MB of dedicated system memory, and 256MB of shared system memory, 0 output[s]
[2015.10.30-17.36.04:702][  0]LogD3D11RHI: Chosen D3D11 Adapter Id = 0
[2015.10.30-17.36.04:719][  0]LogD3D11RHI: !Direct3DDevice
[2015.10.30-17.36.04:719][  0]LogRHI: Texture pool is 593 MB (70% of 848 MB)
[2015.10.30-17.36.04:723][  0]LogD3D11RHI: Async texture creation enabled
[2015.10.30-17.36.04:760][  0]LogShaderCompilers: Guid format shader working directory is 15 characters bigger than the processId version (C:/Users/lenovo-pc/Desktop/TestLevel/Intermediate/Shaders/WorkingDirectory/2428/).
[2015.10.30-17.36.04:761][  0]LogShaderCompilers: Cleaned the shader compiler working directory 'C:/Users/lenovo-pc/Desktop/TestLevel/Intermediate/Shaders/tmp/1332D75B43D792F2EDAC569234C87912/'.
[2015.10.30-17.36.04:761][  0]LogShaderCompilers:Display: Using Local Shader Compiler.
[2015.10.30-17.36.10:904][  0]LogTemp:Display: Loaded TP AllDesktopTargetPlatform
[2015.10.30-17.36.10:927][  0]LogTemp:Display: Loaded TP WindowsClientTargetPlatform
[2015.10.30-17.36.10:951][  0]LogTemp:Display: Loaded TP WindowsNoEditorTargetPlatform
[2015.10.30-17.36.10:974][  0]LogTemp:Display: Loaded TP WindowsServerTargetPlatform
[2015.10.30-17.36.10:996][  0]LogTemp:Display: Loaded TP WindowsTargetPlatform
[2015.10.30-17.36.11:012][  0]LogTemp:Display: Loaded TP AndroidTargetPlatform
[2015.10.30-17.36.11:026][  0]LogTemp:Display: Loaded TP Android_ASTCTargetPlatform
[2015.10.30-17.36.11:036][  0]LogTemp:Display: Loaded TP Android_ATCTargetPlatform
[2015.10.30-17.36.11:048][  0]LogTemp:Display: Loaded TP Android_DXTTargetPlatform
[2015.10.30-17.36.11:059][  0]LogTemp:Display: Loaded TP Android_ETC1TargetPlatform
[2015.10.30-17.36.11:070][  0]LogTemp:Display: Loaded TP Android_ETC2TargetPlatform
[2015.10.30-17.36.11:088][  0]LogTemp:Display: Loaded TP Android_PVRTCTargetPlatform
[2015.10.30-17.36.11:090][  0]LogTemp:Display: Loaded TP HTML5TargetPlatform
[2015.10.30-17.36.11:122][  0]LogTemp:Display: Loaded TP IOSTargetPlatform
[2015.10.30-17.36.11:133][  0]LogTemp:Display: Loaded TP LinuxNoEditorTargetPlatform
[2015.10.30-17.36.11:142][  0]LogTemp:Display: Loaded TP LinuxServerTargetPlatform
[2015.10.30-17.36.11:155][  0]LogTemp:Display: Loaded TP LinuxTargetPlatform
[2015.10.30-17.36.11:155][  0]LogTargetPlatformManager:Display: Building Assets For Windows
[2015.10.30-17.36.11:506][  0]LogDerivedDataCache:Display: Max Cache Size: 512 MB
[2015.10.30-17.36.11:762][  0]LogDerivedDataCache: Loaded boot cache 0.26s 41MB C:/Users/lenovo-pc/AppData/Local/UnrealEngine/4.9/DerivedDataCache/Boot.ddc.
[2015.10.30-17.36.11:762][  0]LogDerivedDataCache:Display: Loaded Boot cache: C:/Users/lenovo-pc/AppData/Local/UnrealEngine/4.9/DerivedDataCache/Boot.ddc
[2015.10.30-17.36.11:762][  0]LogDerivedDataCache: FDerivedDataBackendGraph:  Pak pak cache file C:/Users/lenovo-pc/Desktop/TestLevel/DerivedDataCache/DDC.ddp not found, will not use a pak cache.
[2015.10.30-17.36.11:762][  0]LogDerivedDataCache: Unable to find inner node Pak for hierarchical cache Hierarchy.
[2015.10.30-17.36.11:763][  0]LogDerivedDataCache: FDerivedDataBackendGraph:  CompressedPak pak cache file C:/Users/lenovo-pc/Desktop/TestLevel/DerivedDataCache/Compressed.ddp not found, will not use a pak cache.
[2015.10.30-17.36.11:763][  0]LogDerivedDataCache: Unable to find inner node CompressedPak for hierarchical cache Hierarchy.
[2015.10.30-17.36.12:226][  0]LogDerivedDataCache:Display: Pak cache opened for reading ../../../Engine/DerivedDataCache/Compressed.ddp.
[2015.10.30-17.36.12:244][  0]LogDerivedDataCache: Using Local data cache path C:/Users/lenovo-pc/AppData/Local/UnrealEngine/Common/DerivedDataCache: Writable
[2015.10.30-17.36.13:620][  0]LogInit: Selected Device Profile: [Windows]
[2015.10.30-17.36.13:634][  0]LogContentStreaming: Texture pool size is 0.000000MB
[2015.10.30-17.36.14:321][  0]LogMeshUtilities: No automatic mesh reduction module available
[2015.10.30-17.36.14:321][  0]LogMeshUtilities: No automatic mesh merging module available
[2015.10.30-17.36.15:642][  0]LogInit: WinSock: version 1.1 (2.2), MaxSocks=32767, MaxUdp=65467
[2015.10.30-17.36.20:622][  0]UdpMessaging: Initializing bridge on interface 0.0.0.0:0 to multicast group 230.0.0.1:6666.
[2015.10.30-17.36.20:888][  0]LogAssetRegistry: FAssetRegistry took 0.0118 seconds to start up
[2015.10.30-17.36.21:884][  0]SourceControl: Info Source control is disabled
[2015.10.30-17.36.22:815][  0]LogLinker:Warning: Asset '../../../Engine/Plugins/Runtime/LeapMotionController/Content/LM_PassthroughMaterial.uasset' has been saved with empty engine version. The asset will be loaded but may be incompatible.
[2015.10.30-17.36.23:177][  0]LogObj: 28361 objects as part of root set at end of initial load.
[2015.10.30-17.36.23:177][  0]LogUObjectAllocator: 6038872 out of 0 bytes used by permanent object pool.
[2015.10.30-17.36.23:411][  0]LogEngine: Initializing Engine...
[2015.10.30-17.36.23:419][  0]LogHMD: Can't find Oculus library dev build: is proper Runtime installed? Version: 0.7.0.0
[2015.10.30-17.36.23:433][  0]LogHMD: SteamVR failed to initialize.  Err: 110
[2015.10.30-17.36.23:924][  0]LogAIModule: Creating AISystem for world NewWorld
[2015.10.30-17.36.23:941][  0]LogInit: XAudio2 using '扬声器 (Conexant SmartAudio HD)' : 2 channels at 44.1 kHz using 16 bits per sample (channel mask 0x3)
[2015.10.30-17.36.24:021][  0]LogInit: FAudioDevice initialized.
[2015.10.30-17.36.24:106][  0]LogDerivedDataCache: Saved boot cache 0.08s 41MB C:/Users/lenovo-pc/AppData/Local/UnrealEngine/4.9/DerivedDataCache/Boot.ddc.
[2015.10.30-17.36.24:115][  0]LogInit: Texture streaming: Enabled
[2015.10.30-17.36.24:142][  0]LogAnalytics: Creating configured Analytics provider AnalyticsET
[2015.10.30-17.36.24:142][  0]LogAnalytics: [UEEditor.Rocket.Release] APIServer = http://et2.epicgames.com/ET2/. AppVersion = 4.9.2-2707645+++depot+UE4-Releases+4.9
[2015.10.30-17.36.24:143][  0]LogAnalytics: [UEEditor.Rocket.Release] SetUserId 5050c46d410a721ffb73149eef914dbe|c10d342a545c424996c5a96657dd3caa|026f7912-4267-4fe7-8726-f5173afcf146
[2015.10.30-17.36.24:143][  0]LogAnalytics: [UEEditor.Rocket.Release] AnalyticsET::StartSession
[2015.10.30-17.36.24:216][  0]LogWindowsTextInputMethodSystem:Display: IME system now deactivated.
[2015.10.30-17.36.24:216][  0]LogWindowsTextInputMethodSystem:Display: IME system now deactivated.
[2015.10.30-17.36.24:300][  0]LogInit: Transaction tracking system initialized
[2015.10.30-17.36.24:468][  0]BlueprintLog: New page: Editor Load
[2015.10.30-17.36.25:053][  0]LocalizationService: Info Localization service is disabled
[2015.10.30-17.36.25:777][  0]LogConsoleResponse:Display: 
[2015.10.30-17.36.26:254][  0]LogFileCache: Scanning file cache for directory 'C:/Users/lenovo-pc/Desktop/TestLevel/Content/' took 0.02s
[2015.10.30-17.36.26:254][  0]LogCook:Display: Done creating registry. It took  0.00s.
[2015.10.30-17.36.26:510][  0]Cmd: MAP LOAD FILE="C:/Users/lenovo-pc/Desktop/TestLevel/Content/FirstPersonBP/Maps/FirstPersonExampleMap.umap" TEMPLATE=0 SHOWPROGRESS=1 FEATURELEVEL=3
[2015.10.30-17.36.26:512][  0]LightingResults: New page: Lighting Build
[2015.10.30-17.36.26:523][  0]MapCheck: New page: Map Check
[2015.10.30-17.36.26:523][  0]LightingResults: New page: Lighting Build
[2015.10.30-17.36.26:576][  0]LogParticles: Destroying 0 GPU particle simulations for FXSystem 0x000000DA955902C0
[2015.10.30-17.36.30:903][  0]LogAIModule: Creating AISystem for world FirstPersonExampleMap
[2015.10.30-17.36.31:047][  0]LogEditorServer: Finished looking for orphan Actors (0.000 secs)
[2015.10.30-17.36.31:052][  0]Cmd: MAP CHECKDEP NOCLEARLOG
[2015.10.30-17.36.31:183][  0]MapCheck: Info Map check complete: 0 Error(s), 0 Warning(s), took 130.932ms to complete.
[2015.10.30-17.36.31:183][  0]LogFileHelpers: Loading map 'FirstPersonExampleMap' took 4.673
[2015.10.30-17.36.31:338][  0]LogCollectionManager: Loaded 0 collections in 0.003834 seconds
[2015.10.30-17.36.31:395][  0]LogFileCache: Scanning file cache for directory 'C:/Users/lenovo-pc/Desktop/TestLevel/Saved/Collections/' took 0.01s
[2015.10.30-17.36.31:395][  0]LogFileCache: Scanning file cache for directory 'C:/Users/lenovo-pc/Desktop/TestLevel/Content/Developers/lenovopc/Collections/' took 0.01s
[2015.10.30-17.36.31:395][  0]LogFileCache: Scanning file cache for directory 'C:/Users/lenovo-pc/Desktop/TestLevel/Content/Collections/' took 0.01s
[2015.10.30-17.36.31:395][  0]LogContentBrowser: Native class hierarchy populated in 0.0142 seconds. Added 1867 classes and 333 folders.
[2015.10.30-17.36.31:407][  0]LogCollectionManager: Rebuilt the GUID cache for 0 collections in 0.000004 seconds
[2015.10.30-17.36.31:418][  0]LogContentBrowser: Native class hierarchy updated for 'WidgetCarousel' in 0.0004 seconds. Added 0 classes and 0 folders.
[2015.10.30-17.36.31:587][  0]LogContentBrowser: Native class hierarchy updated for 'AddContentDialog' in 0.0007 seconds. Added 0 classes and 0 folders.
[2015.10.30-17.36.31:596][  0]LogContentBrowser: Native class hierarchy updated for 'SceneOutliner' in 0.0005 seconds. Added 1 classes and 2 folders.
[2015.10.30-17.36.31:647][  0]LogCrashTracker: Crashtracker disabled due to settings.
[2015.10.30-17.36.31:653][  0]LogUObjectGlobals:Warning: Failed to find object 'Class None.'
[2015.10.30-17.36.31:677][  0]LogLoad: Full Startup: 34.36 seconds (BP compile: 1.35 seconds)
[2015.10.30-17.36.31:687][  0]LoadErrors:Error: Error /Game/FirstPersonBP/Maps/FirstPersonExampleMap : Failed import for CurveVector /Game/FirstPersonBP/Blueprints/Actors/platformLv1LtoR.platformLv1LtoR_C:CurveVector_0_1__BC5354AB__14C309B6__4F2AB83B
[2015.10.30-17.36.31:777][  0]LogContentStreaming: Texture pool size now 200 MB
[2015.10.30-17.36.31:986][  0]LogRenderer: Reallocating scene render targets to support 884x444 (Frame:2).
[2015.10.30-17.36.34:928][ 19]LogAssetRegistry: Asset discovery search completed in 14.0522 seconds
[2015.10.30-17.36.34:928][ 19]LogCollectionManager: Rebuilt the object cache for 0 collections in 0.000002 seconds (found 0 objects)
[2015.10.30-17.36.34:928][ 19]LogCollectionManager: Fixed up redirectors for 0 collections in 0.000048 seconds (updated 0 objects)
[2015.10.30-17.38.10:451][886]LogSourceControl: Attempting "svn info "C:/Users/lenovo-pc/Desktop/TestLevel/" --xml --non-interactive --trust-server-cert --username ChaolunWang --password ********"
[2015.10.30-17.38.11:719][943]LogSourceControl: Unable to detect system-level svn binary.
[2015.10.30-17.38.11:719][943]LogSourceControl: Using path D:/Epic Games/4.9/Engine/Binaries/ThirdParty/svn/Win64/svn.exe for svn operations
[2015.10.30-17.38.12:292][968]SourceControl:Error: Error svn: E155007: 'C:\Users\lenovo-pc\Desktop\TestLevel' is not a working copy
[2015.10.30-17.38.12:293][968]SourceControl:Error: Error Failed to connect to source control. Check your settings and connection then try again.
[2015.10.30-17.46.26:256][179]LogActorComponent: UnregisterComponent: (/Engine/Transient.ProjectileMovementComponent_40__A6522401) Not registered. Aborting.
[2015.10.30-17.46.26:737][179]LogWindowsTextInputMethodSystem:Display: IME system now deactivated.
[2015.10.30-17.46.26:737][179]LogWindowsTextInputMethodSystem:Display: IME system now deactivated.
[2015.10.30-17.46.27:332][180]Cmd: QUIT_EDITOR
[2015.10.30-17.46.27:898][180]LogExit: Preparing to exit.
[2015.10.30-17.46.28:919][180]LogExit: Editor shut down
[2015.10.30-17.46.28:928][180]LogExit: Transaction tracking system shut down
[2015.10.30-17.46.28:963][180]LogParticles: Destroying 0 GPU particle simulations for FXSystem 0x000000DAA7702CA0
[2015.10.30-17.46.28:967][180]LogParticles: Destroying 0 GPU particle simulations for FXSystem 0x000000DAAB81E700
[2015.10.30-17.46.29:815][180]LogParticles: Destroying 0 GPU particle simulations for FXSystem 0x000000DAAB9BBEC0
[2015.10.30-17.46.29:815][180]LogParticles: Destroying 0 GPU particle simulations for FXSystem 0x000000DAB333EAC0
[2015.10.30-17.46.29:815][180]LogExit: Object subsystem successfully closed.
[2015.10.30-17.46.29:971][180]LogD3D11RHI: Shutdown
[2015.10.30-17.46.29:972][180]LogD3D11RHI: CleanupD3DDevice
[2015.10.30-17.46.30:316][180]LogD3D11RHI: ~FD3D11DynamicRHI
[2015.10.30-17.46.30:477][180]LogModuleManager: Shutting down and abandoning module CrashTracker (197)
[2015.10.30-17.46.30:478][180]LogModuleManager: Shutting down and abandoning module SceneOutliner (196)
[2015.10.30-17.46.30:478][180]LogModuleManager: Shutting down and abandoning module SuperSearch (195)
[2015.10.30-17.46.30:478][180]LogModuleManager: Shutting down and abandoning module WidgetCarousel (194)
[2015.10.30-17.46.30:479][180]LogModuleManager: Shutting down and abandoning module AddContentDialog (193)
[2015.10.30-17.46.30:486][180]LogModuleManager: Shutting down and abandoning module EditorWidgets (192)
[2015.10.30-17.46.30:487][180]LogModuleManager: Shutting down and abandoning module CollectionManager (191)
[2015.10.30-17.46.30:488][180]LogModuleManager: Shutting down and abandoning module StatsViewer (190)
[2015.10.30-17.46.30:490][180]LogModuleManager: Shutting down and abandoning module FoliageEdit (189)
[2015.10.30-17.46.30:491][180]LogModuleManager: Shutting down and abandoning module LandscapeEditor (188)
[2015.10.30-17.46.30:498][180]LogModuleManager: Shutting down and abandoning module ActorPickerMode (187)
[2015.10.30-17.46.30:498][180]LogModuleManager: Shutting down and abandoning module GeometryMode (186)
[2015.10.30-17.46.30:499][180]LogModuleManager: Shutting down and abandoning module TextureAlignMode (185)
[2015.10.30-17.46.30:499][180]LogModuleManager: Shutting down and abandoning module BspMode (184)
[2015.10.30-17.46.30:499][180]LogModuleManager: Shutting down and abandoning module PlacementMode (183)
[2015.10.30-17.46.30:499][180]LogModuleManager: Shutting down and abandoning module AutomationWorker (182)
[2015.10.30-17.46.30:500][180]LogModuleManager: Shutting down and abandoning module CharacterAI (181)
[2015.10.30-17.46.30:500][180]LogModuleManager: Shutting down and abandoning module SmartSnapping (180)
[2015.10.30-17.46.30:501][180]LogModuleManager: Shutting down and abandoning module ViewportSnapping (179)
[2015.10.30-17.46.30:502][180]LogModuleManager: Shutting down and abandoning module LogVisualizer (178)
[2015.10.30-17.46.30:506][180]LogModuleManager: Shutting down and abandoning module GameProjectGeneration (177)
[2015.10.30-17.46.30:508][180]LogModuleManager: Shutting down and abandoning module IntroTutorials (176)
[2015.10.30-17.46.30:511][180]LogModuleManager: Shutting down and abandoning module EditorLiveStreaming (175)
[2015.10.30-17.46.30:511][180]LogModuleManager: Shutting down and abandoning module IOSPlatformEditor (174)
[2015.10.30-17.46.30:512][180]LogModuleManager: Shutting down and abandoning module HTML5PlatformEditor (173)
[2015.10.30-17.46.30:512][180]LogModuleManager: Shutting down and abandoning module AndroidDeviceDetection (172)
[2015.10.30-17.46.30:653][180]LogModuleManager: Shutting down and abandoning module AndroidPlatformEditor (171)
[2015.10.30-17.46.30:653][180]LogModuleManager: Shutting down and abandoning module IOSRuntimeSettings (170)
[2015.10.30-17.46.30:653][180]LogModuleManager: Shutting down and abandoning module AndroidRuntimeSettings (169)
[2015.10.30-17.46.30:653][180]LogModuleManager: Shutting down and abandoning module MergeActors (168)
[2015.10.30-17.46.30:657][180]LogModuleManager: Shutting down and abandoning module SizeMap (167)
[2015.10.30-17.46.30:658][180]LogModuleManager: Shutting down and abandoning module TreeMap (166)
[2015.10.30-17.46.30:660][180]LogModuleManager: Shutting down and abandoning module ReferenceViewer (165)
[2015.10.30-17.46.30:660][180]LogModuleManager: Shutting down and abandoning module LocalizationService (164)
[2015.10.30-17.46.30:662][180]LogModuleManager: Shutting down and abandoning module LocalizationDashboard (163)
[2015.10.30-17.46.30:677][180]LogModuleManager: Shutting down and abandoning module HardwareTargeting (162)
[2015.10.30-17.46.30:677][180]LogModuleManager: Shutting down and abandoning module DeviceProfileEditor (161)
[2015.10.30-17.46.30:679][180]LogModuleManager: Shutting down and abandoning module UndoHistory (160)
[2015.10.30-17.46.30:680][180]LogModuleManager: Shutting down and abandoning module GameplayTagsEditor (159)
[2015.10.30-17.46.30:681][180]LogModuleManager: Shutting down and abandoning module UserFeedback (158)
[2015.10.30-17.46.30:681][180]LogModuleManager: Shutting down and abandoning module XmlParser (157)
[2015.10.30-17.46.30:685][180]LogModuleManager: Shutting down and abandoning module Blutility (156)
[2015.10.30-17.46.30:685][180]LogModuleManager: Shutting down and abandoning module ProjectTargetPlatformEditor (155)
[2015.10.30-17.46.30:688][180]LogModuleManager: Shutting down and abandoning module ProjectSettingsViewer (154)
[2015.10.30-17.46.30:689][180]LogModuleManager: Shutting down and abandoning module InputBindingEditor (153)
[2015.10.30-17.46.30:691][180]LogModuleManager: Shutting down and abandoning module EditorSettingsViewer (152)
[2015.10.30-17.46.30:692][180]LogModuleManager: Shutting down and abandoning module SettingsEditor (151)
[2015.10.30-17.46.30:694][180]LogModuleManager: Shutting down and abandoning module ProjectLauncher (150)
[2015.10.30-17.46.30:696][180]LogModuleManager: Shutting down and abandoning module SessionFrontend (149)
[2015.10.30-17.46.30:701][180]LogModuleManager: Shutting down and abandoning module ProfilerClient (148)
[2015.10.30-17.46.30:702][180]LogModuleManager: Shutting down and abandoning module TargetDeviceServices (147)
[2015.10.30-17.46.30:703][180]LogModuleManager: Shutting down and abandoning module DeviceManager (146)
[2015.10.30-17.46.30:704][180]LogModuleManager: Shutting down and abandoning module AutomationController (145)
[2015.10.30-17.46.30:707][180]LogModuleManager: Shutting down and abandoning module AutomationWindow (144)
[2015.10.30-17.46.30:708][180]LogModuleManager: Shutting down and abandoning module Layers (143)
[2015.10.30-17.46.30:710][180]LogModuleManager: Shutting down and abandoning module ComponentVisualizers (142)
[2015.10.30-17.46.30:710][180]LogModuleManager: Shutting down and abandoning module DetailCustomizations (141)
[2015.10.30-17.46.30:718][180]LogModuleManager: Shutting down and abandoning module PackagesDialog (140)
[2015.10.30-17.46.30:720][180]LogModuleManager: Shutting down and abandoning module Persona (139)
[2015.10.30-17.46.30:724][180]LogModuleManager: Shutting down and abandoning module Kismet (138)
[2015.10.30-17.46.30:726][180]LogModuleManager: Shutting down and abandoning module GraphEditor (137)
[2015.10.30-17.46.30:731][180]LogModuleManager: Shutting down and abandoning module ClassViewer (136)
[2015.10.30-17.46.30:732][180]LogModuleManager: Shutting down and abandoning module Toolbox (135)
[2015.10.30-17.46.30:732][180]LogModuleManager: Shutting down and abandoning module ModuleUI (134)
[2015.10.30-17.46.30:733][180]LogModuleManager: Shutting down and abandoning module MovieSceneTools (133)
[2015.10.30-17.46.30:736][180]LogModuleManager: Shutting down and abandoning module OutputLog (132)
[2015.10.30-17.46.30:737][180]LogModuleManager: Shutting down and abandoning module GammaUI (131)
[2015.10.30-17.46.30:737][180]LogModuleManager: Shutting down and abandoning module Documentation (130)
[2015.10.30-17.46.30:738][180]LogModuleManager: Shutting down and abandoning module GameLiveStreaming (129)
[2015.10.30-17.46.30:738][180]LogModuleManager: Shutting down and abandoning module StreamingPauseRendering (128)
[2015.10.30-17.46.30:739][180]LogModuleManager: Shutting down and abandoning module AnalyticsET (127)
[2015.10.30-17.46.30:739][180]LogModuleManager: Shutting down and abandoning module Analytics (126)
[2015.10.30-17.46.30:740][180]LogModuleManager: Shutting down and abandoning module AITestSuite (125)
[2015.10.30-17.46.30:740][180]LogModuleManager: Shutting down and abandoning module GameplayDebugger (124)
[2015.10.30-17.46.30:741][180]LogModuleManager: Shutting down and abandoning module AIModule (123)
[2015.10.30-17.46.30:741][180]LogModuleManager: Shutting down and abandoning module ProfilerService (122)
[2015.10.30-17.46.30:805][180]LogModuleManager: Shutting down and abandoning module TaskGraph (121)
[2015.10.30-17.46.30:807][180]LogModuleManager: Shutting down and abandoning module SlateRemote (120)
[2015.10.30-17.46.30:808][180]LogModuleManager: Shutting down and abandoning module SteamVRController (119)
[2015.10.30-17.46.30:808][180]LogModuleManager: Shutting down and abandoning module SteamVR (118)
[2015.10.30-17.46.30:808][180]LogModuleManager: Shutting down and abandoning module ProceduralMeshComponent (117)
[2015.10.30-17.46.30:808][180]LogModuleManager: Shutting down and abandoning module OculusRift (116)
[2015.10.30-17.46.30:809][180]LogModuleManager: Shutting down and abandoning module OculusLibrary (115)
[2015.10.30-17.46.30:809][180]LogModuleManager: Shutting down and abandoning module LeapMotionController (114)
[2015.10.30-17.46.30:993][180]LogModuleManager: Shutting down and abandoning module CustomMeshComponent (113)
[2015.10.30-17.46.30:993][180]LogModuleManager: Shutting down and abandoning module CableComponent (112)
[2015.10.30-17.46.30:993][180]LogModuleManager: Shutting down and abandoning module ArchVisCharacter (111)
[2015.10.30-17.46.30:993][180]LogModuleManager: Shutting down and abandoning module MessagingDebugger (110)
[2015.10.30-17.46.30:998][180]LogModuleManager: Shutting down and abandoning module MediaPlayerEditor (109)
[2015.10.30-17.46.31:000][180]LogModuleManager: Shutting down and abandoning module HTML5Networking (108)
[2015.10.30-17.46.31:000][180]LogModuleManager: Shutting down and abandoning module SpeedTreeImporter (107)
[2015.10.30-17.46.31:000][180]LogModuleManager: Shutting down and abandoning module PluginBrowser (106)
[2015.10.30-17.46.31:003][180]LogModuleManager: Shutting down and abandoning module EpicSurvey (105)
[2015.10.30-17.46.31:003][180]LogModuleManager: Shutting down and abandoning module DesktopPlatform (104)
[2015.10.30-17.46.31:004][180]LogModuleManager: Shutting down and abandoning module VisualStudioSourceCodeAccess (103)
[2015.10.30-17.46.31:005][180]LogModuleManager: Shutting down and abandoning module UObjectPlugin (102)
[2015.10.30-17.46.31:005][180]LogModuleManager: Shutting down and abandoning module SubversionSourceControl (101)
[2015.10.30-17.46.31:005][180]LogModuleManager: Shutting down and abandoning module PerforceSourceControl (100)
[2015.10.30-17.46.31:009][180]LogModuleManager: Shutting down and abandoning module SourceControl (99)
[2015.10.30-17.46.31:010][180]LogModuleManager: Shutting down and abandoning module GitSourceControl (98)
[2015.10.30-17.46.31:014][180]LogModuleManager: Shutting down and abandoning module LightPropagationVolumeEditor (97)
[2015.10.30-17.46.31:015][180]LogModuleManager: Shutting down and abandoning module PaperTiledImporter (96)
[2015.10.30-17.46.31:015][180]LogModuleManager: Shutting down and abandoning module PaperSpriteSheetImporter (95)
[2015.10.30-17.46.31:016][180]LogModuleManager: Shutting down and abandoning module MeshPaint (94)
[2015.10.30-17.46.31:017][180]LogModuleManager: Shutting down and abandoning module SlateReflector (93)
[2015.10.30-17.46.31:018][180]LogModuleManager: Shutting down and abandoning module HotReload (92)
[2015.10.30-17.46.31:018][180]LogModuleManager: Shutting down and abandoning module MainFrame (91)
[2015.10.30-17.46.31:018][180]LogModuleManager: Shutting down and abandoning module LevelEditor (90)
[2015.10.30-17.46.31:034][180]LogModuleManager: Shutting down and abandoning module DirectoryWatcher (89)
[2015.10.30-17.46.31:049][180]LogModuleManager: Shutting down and abandoning module AssetRegistry (88)
[2015.10.30-17.46.31:303][180]LogModuleManager: Shutting down and abandoning module ContentBrowser (87)
[2015.10.30-17.46.31:306][180]LogModuleManager: Shutting down and abandoning module Paper2DEditor (86)
[2015.10.30-17.46.31:309][180]LogModuleManager: Shutting down and abandoning module UdpMessaging (85)
[2015.10.30-17.46.31:411][180]LogModuleManager: Shutting down and abandoning module LightPropagationVolumeRuntime (84)
[2015.10.30-17.46.31:411][180]LogModuleManager: Shutting down and abandoning module Paper2D (83)
[2015.10.30-17.46.31:413][180]LogModuleManager: Shutting down and abandoning module WindowsMoviePlayer (82)
[2015.10.30-17.46.31:457][180]LogModuleManager: Shutting down and abandoning module Media (81)
[2015.10.30-17.46.31:458][180]LogModuleManager: Shutting down and abandoning module WmfMedia (80)
[2015.10.30-17.46.31:461][180]LogModuleManager: Shutting down and abandoning module OnlineBlueprintSupport (79)
[2015.10.30-17.46.31:461][180]LogModuleManager: Shutting down and abandoning module GameplayTasksEditor (78)
[2015.10.30-17.46.31:461][180]LogModuleManager: Shutting down and abandoning module PropertyEditor (77)
[2015.10.30-17.46.31:467][180]LogModuleManager: Shutting down and abandoning module BehaviorTreeEditor (76)
[2015.10.30-17.46.31:469][180]LogModuleManager: Shutting down and abandoning module FunctionalTesting (75)
[2015.10.30-17.46.31:470][180]LogModuleManager: Shutting down and abandoning module CollisionAnalyzer (74)
[2015.10.30-17.46.31:476][180]LogModuleManager: Shutting down and abandoning module WorkspaceMenuStructure (73)
[2015.10.30-17.46.31:486][180]LogModuleManager: Shutting down and abandoning module MessageLog (72)
[2015.10.30-17.46.31:486][180]LogModuleManager: Shutting down and abandoning module Sequencer (71)
[2015.10.30-17.46.31:490][180]LogModuleManager: Shutting down and abandoning module AssetTools (70)
[2015.10.30-17.46.31:500][180]LogModuleManager: Shutting down and abandoning module UMGEditor (69)
[2015.10.30-17.46.31:529][180]LogModuleManager: Shutting down and abandoning module UMG (68)
[2015.10.30-17.46.31:536][180]LogModuleManager: Shutting down and abandoning module Slate (67)
[2015.10.30-17.46.31:536][180]LogModuleManager: Shutting down and abandoning module EditorStyle (66)
[2015.10.30-17.46.31:584][180]LogModuleManager: Shutting down and abandoning module SessionServices (65)
[2015.10.30-17.46.31:584][180]LogModuleManager: Shutting down and abandoning module SourceCodeAccess (64)
[2015.10.30-17.46.31:588][180]LogModuleManager: Shutting down and abandoning module HeadMountedDisplay (63)
[2015.10.30-17.46.31:588][180]LogModuleManager: Shutting down and abandoning module XAudio2 (62)
[2015.10.30-17.46.31:588][180]LogModuleManager: Shutting down and abandoning module Networking (60)
[2015.10.30-17.46.31:589][180]LogModuleManager: Shutting down and abandoning module Core (59)
[2015.10.30-17.46.31:589][180]LogModuleManager: Shutting down and abandoning module KismetCompiler (58)
[2015.10.30-17.46.31:589][180]LogModuleManager: Shutting down and abandoning module PhysXFormats (57)
[2015.10.30-17.46.31:590][180]LogModuleManager: Shutting down and abandoning module MeshUtilities (56)
[2015.10.30-17.46.31:591][180]LogModuleManager: Shutting down and abandoning module CookingStats (55)
[2015.10.30-17.46.31:597][180]LogModuleManager: Shutting down and abandoning module DerivedDataCache (54)
[2015.10.30-17.46.31:692][180]LogDerivedDataCache: Shutdown
[2015.10.30-17.46.31:692][180]LogModuleManager: Shutting down and abandoning module ShaderFormatOpenGL (53)
[2015.10.30-17.46.31:693][180]LogModuleManager: Shutting down and abandoning module ShaderFormatD3D (52)
[2015.10.30-17.46.31:694][180]LogModuleManager: Shutting down and abandoning module MetalShaderFormat (51)
[2015.10.30-17.46.31:695][180]LogModuleManager: Shutting down and abandoning module TextureFormatUncompressed (50)
[2015.10.30-17.46.31:695][180]LogModuleManager: Shutting down and abandoning module TextureFormatPVR (49)
[2015.10.30-17.46.31:695][180]LogModuleManager: Shutting down and abandoning module TextureFormatIntelISPCTexComp (48)
[2015.10.30-17.46.31:696][180]LogModuleManager: Shutting down and abandoning module TextureFormatDXT (47)
[2015.10.30-17.46.31:696][180]LogModuleManager: Shutting down and abandoning module ImageWrapper (46)
[2015.10.30-17.46.31:696][180]LogModuleManager: Shutting down and abandoning module TextureFormatASTC (45)
[2015.10.30-17.46.31:697][180]LogModuleManager: Shutting down and abandoning module TextureFormatAndroid (44)
[2015.10.30-17.46.31:698][180]LogModuleManager: Shutting down and abandoning module AudioFormatOpus (43)
[2015.10.30-17.46.31:699][180]LogModuleManager: Shutting down and abandoning module AudioFormatOgg (42)
[2015.10.30-17.46.31:699][180]LogModuleManager: Shutting down and abandoning module AudioFormatADPCM (41)
[2015.10.30-17.46.31:699][180]LogModuleManager: Shutting down and abandoning module LinuxTargetPlatform (40)
[2015.10.30-17.46.31:701][180]LogModuleManager: Shutting down and abandoning module LinuxServerTargetPlatform (39)
[2015.10.30-17.46.31:701][180]LogModuleManager: Shutting down and abandoning module LinuxNoEditorTargetPlatform (38)
[2015.10.30-17.46.31:702][180]LogModuleManager: Shutting down and abandoning module Messaging (37)
[2015.10.30-17.46.31:702][180]LogModuleManager: Shutting down and abandoning module IOSTargetPlatform (36)
[2015.10.30-17.46.31:703][180]LogModuleManager: Shutting down and abandoning module HTML5TargetPlatform (35)
[2015.10.30-17.46.31:704][180]LogModuleManager: Shutting down and abandoning module Android_PVRTCTargetPlatform (34)
[2015.10.30-17.46.31:705][180]LogModuleManager: Shutting down and abandoning module Android_ETC2TargetPlatform (33)
[2015.10.30-17.46.31:705][180]LogModuleManager: Shutting down and abandoning module Android_ETC1TargetPlatform (32)
[2015.10.30-17.46.31:705][180]LogModuleManager: Shutting down and abandoning module Android_DXTTargetPlatform (31)
[2015.10.30-17.46.31:706][180]LogModuleManager: Shutting down and abandoning module Android_ATCTargetPlatform (30)
[2015.10.30-17.46.31:706][180]LogModuleManager: Shutting down and abandoning module Android_ASTCTargetPlatform (29)
[2015.10.30-17.46.31:707][180]LogModuleManager: Shutting down and abandoning module AndroidTargetPlatform (28)
[2015.10.30-17.46.31:707][180]LogModuleManager: Shutting down and abandoning module WindowsTargetPlatform (27)
[2015.10.30-17.46.31:708][180]LogModuleManager: Shutting down and abandoning module WindowsServerTargetPlatform (26)
[2015.10.30-17.46.31:709][180]LogModuleManager: Shutting down and abandoning module WindowsNoEditorTargetPlatform (25)
[2015.10.30-17.46.31:710][180]LogModuleManager: Shutting down and abandoning module WindowsClientTargetPlatform (24)
[2015.10.30-17.46.31:710][180]LogModuleManager: Shutting down and abandoning module AllDesktopTargetPlatform (23)
[2015.10.30-17.46.31:711][180]LogModuleManager: Shutting down and abandoning module TargetPlatform (22)
[2015.10.30-17.46.31:713][180]LogModuleManager: Shutting down and abandoning module InputCore (21)
[2015.10.30-17.46.31:714][180]LogModuleManager: Shutting down and abandoning module Settings (20)
[2015.10.30-17.46.31:715][180]LogModuleManager: Shutting down and abandoning module OnlineSubsystem (18)
[2015.10.30-17.46.31:715][180]LogModuleManager: Shutting down and abandoning module HTTP (17)
[2015.10.30-17.46.33:910][180]LogModuleManager: Shutting down and abandoning module XMPP (16)
[2015.10.30-17.46.33:931][180]LogModuleManager: Shutting down and abandoning module ExampleDeviceProfileSelector (15)
[2015.10.30-17.46.33:931][180]LogModuleManager: Shutting down and abandoning module TextureCompressor (14)
[2015.10.30-17.46.33:944][180]LogModuleManager: Shutting down and abandoning module ShaderCore (13)
[2015.10.30-17.46.33:944][180]LogModuleManager: Shutting down and abandoning module Landscape (12)
[2015.10.30-17.46.33:944][180]LogModuleManager: Shutting down and abandoning module SlateRHIRenderer (11)
[2015.10.30-17.46.33:963][180]LogModuleManager: Shutting down and abandoning module OpenGLDrv (10)
[2015.10.30-17.46.33:964][180]LogModuleManager: Shutting down and abandoning module D3D11RHI (9)
[2015.10.30-17.46.33:964][180]LogModuleManager: Shutting down and abandoning module AnimGraphRuntime (8)
[2015.10.30-17.46.33:967][180]LogModuleManager: Shutting down and abandoning module Renderer (7)
[2015.10.30-17.46.33:967][180]LogModuleManager: Shutting down and abandoning module Engine (6)
[2015.10.30-17.46.33:968][180]LogModuleManager: Shutting down and abandoning module CoreUObject (5)
[2015.10.30-17.46.33:968][180]LogModuleManager: Shutting down and abandoning module NetworkFile (4)
[2015.10.30-17.46.33:969][180]LogModuleManager: Shutting down and abandoning module StreamingFile (3)
[2015.10.30-17.46.33:972][180]LogModuleManager: Shutting down and abandoning module SandboxFile (2)
[2015.10.30-17.46.33:977][180]LogModuleManager: Shutting down and abandoning module PakFile (1)
[2015.10.30-17.46.33:993][180]LogExit: Exiting.
[2015.10.30-17.46.34:088][180]Log file closed, 10/30/15 13:46:34
