[2015.10.30-07.19.50:379][  0]Log file open, 10/30/15 03:19:50
[2015.10.30-07.19.50:379][  0]LogInit:Display: Running engine for game: MyProject
[2015.10.30-07.19.50:379][  0]LogInit:Display: RandInit(-867248989) SRandInit(-867248988).
[2015.10.30-07.19.50:379][  0]LogTaskGraph: Started task graph with 4 named threads and 5 total threads.
[2015.10.30-07.19.50:379][  0]LogStats: Stats thread started at 0.502119
[2015.10.30-07.19.50:379][  0]LogInit: Version: 4.9.2-2707645+++depot+UE4-Releases+4.9
[2015.10.30-07.19.50:379][  0]LogInit: API Version: 2672455
[2015.10.30-07.19.50:379][  0]LogInit: Compiled (64-bit): Sep 28 2015 10:25:44
[2015.10.30-07.19.50:379][  0]LogInit: Compiled with Visual C++: 18.00.21005.01
[2015.10.30-07.19.50:379][  0]LogInit: Build Configuration: Development
[2015.10.30-07.19.50:379][  0]LogInit: Branch Name: ++depot+UE4-Releases+4.9
[2015.10.30-07.19.50:379][  0]LogInit: Command line:  
[2015.10.30-07.19.50:379][  0]LogInit: Base directory: D:/Epic Games/4.9/Engine/Binaries/Win64/
[2015.10.30-07.19.50:379][  0]LogInit: Rocket: 1
[2015.10.30-07.19.50:408][  0]LogInit: Using libcurl 7.41.0
[2015.10.30-07.19.50:408][  0]LogInit:  - built for x86_64-pc-win32
[2015.10.30-07.19.50:408][  0]LogInit:  - supports SSL with WinSSL
[2015.10.30-07.19.50:408][  0]LogInit:  - other features:
[2015.10.30-07.19.50:409][  0]LogInit:      CURL_VERSION_SSL
[2015.10.30-07.19.50:409][  0]LogInit:      CURL_VERSION_IPV6
[2015.10.30-07.19.50:409][  0]LogInit:      CURL_VERSION_ASYNCHDNS
[2015.10.30-07.19.50:409][  0]LogInit:      CURL_VERSION_LARGEFILE
[2015.10.30-07.19.50:409][  0]LogInit:      CURL_VERSION_IDN
[2015.10.30-07.19.50:409][  0]LogInit:  CurlRequestOptions (configurable via config and command line):
[2015.10.30-07.19.50:409][  0]LogInit:  - bVerifyPeer = true  - Libcurl will verify peer certificate
[2015.10.30-07.19.50:409][  0]LogInit:  - bUseHttpProxy = false  - Libcurl will NOT use HTTP proxy
[2015.10.30-07.19.50:409][  0]LogInit:  - bDontReuseConnections = false  - Libcurl will reuse connections
[2015.10.30-07.19.50:409][  0]LogInit:  - CertBundlePath = nullptr  - Libcurl will use whatever was configured at build time.
[2015.10.30-07.19.50:440][  0]LogInit: Presizing for 0 objects not considered by GC, pre-allocating 0 bytes.
[2015.10.30-07.19.50:472][  0]LogInit: Object subsystem initialized
[2015.10.30-07.19.50:485][  0]LogInit: Selected Device Profile: [Windows]
[2015.10.30-07.19.50:485][  0]LogInit: Applying CVar settings loaded from the selected device profile: [Windows]
[2015.10.30-07.19.50:508][  0]LogInit: Computer: IDEA-PC
[2015.10.30-07.19.50:509][  0]LogInit: User: lenovopc
[2015.10.30-07.19.50:509][  0]LogInit: CPU Page size=4096, Cores=2
[2015.10.30-07.19.50:509][  0]LogInit: High frequency timer resolution =1.656392 MHz
[2015.10.30-07.19.50:509][  0]LogMemory: Memory total: Physical=3.9GB (4GB approx)
[2015.10.30-07.19.50:509][  0]LogMemory: Platform Memory Stats for Windows
[2015.10.30-07.19.50:509][  0]LogMemory: Process Physical Memory: 52.45 MB used, 52.45 MB peak
[2015.10.30-07.19.50:509][  0]LogMemory: Process Virtual Memory: 55.07 MB used, 55.07 MB peak
[2015.10.30-07.19.50:509][  0]LogMemory: Physical Memory: 1956.76 MB used, 3975.27 MB total
[2015.10.30-07.19.50:509][  0]LogMemory: Virtual Memory: 341.56 MB used, 8388608.00 MB total
[2015.10.30-07.19.50:777][  0]LogTextLocalizationManager: No specific translations for ('en-US') exist, so ('en') translations will be used.
[2015.10.30-07.19.52:908][  0]LogD3D11RHI: Found D3D11 adapter 0: Intel(R) HD Graphics 4000 (Feature Level 11_0)
[2015.10.30-07.19.52:909][  0]LogD3D11RHI: Adapter has 32MB of dedicated video memory, 0MB of dedicated system memory, and 1632MB of shared system memory, 1 output[s]
[2015.10.30-07.19.52:912][  0]LogD3D11RHI: Found D3D11 adapter 1: Microsoft Basic Render Driver (Feature Level 11_0)
[2015.10.30-07.19.52:912][  0]LogD3D11RHI: Adapter has 0MB of dedicated video memory, 0MB of dedicated system memory, and 256MB of shared system memory, 0 output[s]
[2015.10.30-07.19.52:912][  0]LogD3D11RHI: Chosen D3D11 Adapter Id = 0
[2015.10.30-07.19.52:938][  0]LogD3D11RHI: !Direct3DDevice
[2015.10.30-07.19.52:938][  0]LogRHI: Texture pool is 593 MB (70% of 848 MB)
[2015.10.30-07.19.52:943][  0]LogD3D11RHI: Async texture creation enabled
[2015.10.30-07.19.52:993][  0]LogShaderCompilers: Guid format shader working directory is 15 characters bigger than the processId version (C:/Users/lenovo-pc/Downloads/TestLevel/Intermediate/Shaders/WorkingDirectory/7444/).
[2015.10.30-07.19.52:994][  0]LogShaderCompilers: Cleaned the shader compiler working directory 'C:/Users/lenovo-pc/Downloads/TestLevel/Intermediate/Shaders/tmp/06EDF2524555C46E638CFDB7BE8C089E/'.
[2015.10.30-07.19.52:994][  0]LogShaderCompilers:Display: Using Local Shader Compiler.
[2015.10.30-07.19.57:588][  0]LogTemp:Display: Loaded TP AllDesktopTargetPlatform
[2015.10.30-07.19.57:609][  0]LogTemp:Display: Loaded TP WindowsClientTargetPlatform
[2015.10.30-07.19.57:628][  0]LogTemp:Display: Loaded TP WindowsNoEditorTargetPlatform
[2015.10.30-07.19.57:646][  0]LogTemp:Display: Loaded TP WindowsServerTargetPlatform
[2015.10.30-07.19.57:680][  0]LogTemp:Display: Loaded TP WindowsTargetPlatform
[2015.10.30-07.19.57:694][  0]LogTemp:Display: Loaded TP AndroidTargetPlatform
[2015.10.30-07.19.57:707][  0]LogTemp:Display: Loaded TP Android_ASTCTargetPlatform
[2015.10.30-07.19.57:720][  0]LogTemp:Display: Loaded TP Android_ATCTargetPlatform
[2015.10.30-07.19.57:732][  0]LogTemp:Display: Loaded TP Android_DXTTargetPlatform
[2015.10.30-07.19.57:746][  0]LogTemp:Display: Loaded TP Android_ETC1TargetPlatform
[2015.10.30-07.19.57:759][  0]LogTemp:Display: Loaded TP Android_ETC2TargetPlatform
[2015.10.30-07.19.57:773][  0]LogTemp:Display: Loaded TP Android_PVRTCTargetPlatform
[2015.10.30-07.19.57:776][  0]LogTemp:Display: Loaded TP HTML5TargetPlatform
[2015.10.30-07.19.57:822][  0]LogTemp:Display: Loaded TP IOSTargetPlatform
[2015.10.30-07.19.57:834][  0]LogTemp:Display: Loaded TP LinuxNoEditorTargetPlatform
[2015.10.30-07.19.57:846][  0]LogTemp:Display: Loaded TP LinuxServerTargetPlatform
[2015.10.30-07.19.57:860][  0]LogTemp:Display: Loaded TP LinuxTargetPlatform
[2015.10.30-07.19.57:860][  0]LogTargetPlatformManager:Display: Building Assets For Windows
[2015.10.30-07.19.58:179][  0]LogDerivedDataCache:Display: Max Cache Size: 512 MB
[2015.10.30-07.19.58:462][  0]LogDerivedDataCache: Loaded boot cache 0.28s 41MB C:/Users/lenovo-pc/AppData/Local/UnrealEngine/4.9/DerivedDataCache/Boot.ddc.
[2015.10.30-07.19.58:462][  0]LogDerivedDataCache:Display: Loaded Boot cache: C:/Users/lenovo-pc/AppData/Local/UnrealEngine/4.9/DerivedDataCache/Boot.ddc
[2015.10.30-07.19.58:462][  0]LogDerivedDataCache: FDerivedDataBackendGraph:  Pak pak cache file C:/Users/lenovo-pc/Downloads/TestLevel/DerivedDataCache/DDC.ddp not found, will not use a pak cache.
[2015.10.30-07.19.58:462][  0]LogDerivedDataCache: Unable to find inner node Pak for hierarchical cache Hierarchy.
[2015.10.30-07.19.58:462][  0]LogDerivedDataCache: FDerivedDataBackendGraph:  CompressedPak pak cache file C:/Users/lenovo-pc/Downloads/TestLevel/DerivedDataCache/Compressed.ddp not found, will not use a pak cache.
[2015.10.30-07.19.58:462][  0]LogDerivedDataCache: Unable to find inner node CompressedPak for hierarchical cache Hierarchy.
[2015.10.30-07.19.58:917][  0]LogDerivedDataCache:Display: Pak cache opened for reading ../../../Engine/DerivedDataCache/Compressed.ddp.
[2015.10.30-07.19.58:933][  0]LogDerivedDataCache: Using Local data cache path C:/Users/lenovo-pc/AppData/Local/UnrealEngine/Common/DerivedDataCache: Writable
[2015.10.30-07.20.00:140][  0]LogInit: Selected Device Profile: [Windows]
[2015.10.30-07.20.00:159][  0]LogContentStreaming: Texture pool size is 0.000000MB
[2015.10.30-07.20.00:671][  0]LogMeshUtilities: No automatic mesh reduction module available
[2015.10.30-07.20.00:671][  0]LogMeshUtilities: No automatic mesh merging module available
[2015.10.30-07.20.01:605][  0]LogInit: WinSock: version 1.1 (2.2), MaxSocks=32767, MaxUdp=65467
[2015.10.30-07.20.05:103][  0]UdpMessaging: Initializing bridge on interface 0.0.0.0:0 to multicast group 230.0.0.1:6666.
[2015.10.30-07.20.05:327][  0]LogAssetRegistry: FAssetRegistry took 0.0137 seconds to start up
[2015.10.30-07.20.06:103][  0]SourceControl: Info Source control is disabled
[2015.10.30-07.20.06:745][  0]LogLinker:Warning: Asset '../../../Engine/Plugins/Runtime/LeapMotionController/Content/LM_PassthroughMaterial.uasset' has been saved with empty engine version. The asset will be loaded but may be incompatible.
[2015.10.30-07.20.07:064][  0]LogObj: 28361 objects as part of root set at end of initial load.
[2015.10.30-07.20.07:064][  0]LogUObjectAllocator: 6038872 out of 0 bytes used by permanent object pool.
[2015.10.30-07.20.07:258][  0]LogEngine: Initializing Engine...
[2015.10.30-07.20.07:266][  0]LogHMD: Can't find Oculus library dev build: is proper Runtime installed? Version: 0.7.0.0
[2015.10.30-07.20.07:276][  0]LogHMD: SteamVR failed to initialize.  Err: 110
[2015.10.30-07.20.07:671][  0]LogAIModule: Creating AISystem for world NewWorld
[2015.10.30-07.20.07:705][  0]LogInit: XAudio2 using '扬声器 (Conexant SmartAudio HD)' : 2 channels at 44.1 kHz using 16 bits per sample (channel mask 0x3)
[2015.10.30-07.20.07:830][  0]LogInit: FAudioDevice initialized.
[2015.10.30-07.20.07:878][  0]LogDerivedDataCache: Saved boot cache 0.05s 41MB C:/Users/lenovo-pc/AppData/Local/UnrealEngine/4.9/DerivedDataCache/Boot.ddc.
[2015.10.30-07.20.07:886][  0]LogInit: Texture streaming: Enabled
[2015.10.30-07.20.07:911][  0]LogAnalytics: Creating configured Analytics provider AnalyticsET
[2015.10.30-07.20.07:911][  0]LogAnalytics: [UEEditor.Rocket.Release] APIServer = http://et2.epicgames.com/ET2/. AppVersion = 4.9.2-2707645+++depot+UE4-Releases+4.9
[2015.10.30-07.20.07:912][  0]LogAnalytics: [UEEditor.Rocket.Release] SetUserId 5050c46d410a721ffb73149eef914dbe|c10d342a545c424996c5a96657dd3caa|026f7912-4267-4fe7-8726-f5173afcf146
[2015.10.30-07.20.07:912][  0]LogAnalytics: [UEEditor.Rocket.Release] AnalyticsET::StartSession
[2015.10.30-07.20.08:050][  0]LogWindowsTextInputMethodSystem:Display: IME system now activated using TSF (微软拼音简捷).
[2015.10.30-07.20.08:051][  0]LogWindowsTextInputMethodSystem:Display: IME system now activated using TSF (微软拼音简捷).
[2015.10.30-07.20.08:110][  0]LogInit: Transaction tracking system initialized
[2015.10.30-07.20.08:525][  0]BlueprintLog: New page: Editor Load
[2015.10.30-07.20.08:978][  0]LocalizationService: Info Localization service is disabled
[2015.10.30-07.20.09:679][  0]LogConsoleResponse:Display: 
[2015.10.30-07.20.10:149][  0]LogCook:Display: Done creating registry. It took  0.00s.
[2015.10.30-07.20.10:432][  0]LogFileCache: Scanning file cache for directory 'C:/Users/lenovo-pc/Downloads/TestLevel/Content/' took 0.02s
[2015.10.30-07.20.10:484][  0]Cmd: MAP LOAD FILE="C:/Users/lenovo-pc/Downloads/TestLevel/Content/FirstPersonBP/Maps/FirstPersonExampleMap.umap" TEMPLATE=0 SHOWPROGRESS=1 FEATURELEVEL=3
[2015.10.30-07.20.10:492][  0]LightingResults: New page: Lighting Build
[2015.10.30-07.20.10:509][  0]MapCheck: New page: Map Check
[2015.10.30-07.20.10:509][  0]LightingResults: New page: Lighting Build
[2015.10.30-07.20.10:571][  0]LogParticles: Destroying 0 GPU particle simulations for FXSystem 0x000000E128C00400
[2015.10.30-07.20.17:795][  0]LogAIModule: Creating AISystem for world FirstPersonExampleMap
[2015.10.30-07.20.17:940][  0]LogEditorServer: Finished looking for orphan Actors (0.001 secs)
[2015.10.30-07.20.17:949][  0]Cmd: MAP CHECKDEP NOCLEARLOG
[2015.10.30-07.20.18:134][  0]MapCheck: Info Map check complete: 0 Error(s), 0 Warning(s), took 183.707ms to complete.
[2015.10.30-07.20.18:135][  0]LogFileHelpers: Loading map 'FirstPersonExampleMap' took 7.653
[2015.10.30-07.20.18:521][  0]LogCollectionManager: Loaded 0 collections in 0.006092 seconds
[2015.10.30-07.20.18:602][  0]LogFileCache: Scanning file cache for directory 'C:/Users/lenovo-pc/Downloads/TestLevel/Saved/Collections/' took 0.01s
[2015.10.30-07.20.18:602]