[2015.10.30-15.17.19:862][  0]Log file open, 10/30/15 11:17:19
[2015.10.30-15.17.19:862][  0]LogInit:Display: Running engine for game: MyProject
[2015.10.30-15.17.19:862][  0]LogInit:Display: RandInit(1214403403) SRandInit(1214403403).
[2015.10.30-15.17.19:862][  0]LogTaskGraph: Started task graph with 4 named threads and 5 total threads.
[2015.10.30-15.17.19:862][  0]LogStats: Stats thread started at 0.844660
[2015.10.30-15.17.19:862][  0]LogInit: Version: 4.9.2-2707645+++depot+UE4-Releases+4.9
[2015.10.30-15.17.19:862][  0]LogInit: API Version: 2672455
[2015.10.30-15.17.19:863][  0]LogInit: Compiled (64-bit): Sep 28 2015 10:25:44
[2015.10.30-15.17.19:863][  0]LogInit: Compiled with Visual C++: 18.00.21005.01
[2015.10.30-15.17.19:863][  0]LogInit: Build Configuration: Development
[2015.10.30-15.17.19:863][  0]LogInit: Branch Name: ++depot+UE4-Releases+4.9
[2015.10.30-15.17.19:863][  0]LogInit: Command line:  
[2015.10.30-15.17.19:863][  0]LogInit: Base directory: D:/Epic Games/4.9/Engine/Binaries/Win64/
[2015.10.30-15.17.19:863][  0]LogInit: Rocket: 1
[2015.10.30-15.17.19:923][  0]LogInit: Using libcurl 7.41.0
[2015.10.30-15.17.19:923][  0]LogInit:  - built for x86_64-pc-win32
[2015.10.30-15.17.19:923][  0]LogInit:  - supports SSL with WinSSL
[2015.10.30-15.17.19:923][  0]LogInit:  - other features:
[2015.10.30-15.17.19:923][  0]LogInit:      CURL_VERSION_SSL
[2015.10.30-15.17.19:923][  0]LogInit:      CURL_VERSION_IPV6
[2015.10.30-15.17.19:924][  0]LogInit:      CURL_VERSION_ASYNCHDNS
[2015.10.30-15.17.19:924][  0]LogInit:      CURL_VERSION_LARGEFILE
[2015.10.30-15.17.19:924][  0]LogInit:      CURL_VERSION_IDN
[2015.10.30-15.17.19:925][  0]LogInit:  CurlRequestOptions (configurable via config and command line):
[2015.10.30-15.17.19:925][  0]LogInit:  - bVerifyPeer = true  - Libcurl will verify peer certificate
[2015.10.30-15.17.19:925][  0]LogInit:  - bUseHttpProxy = false  - Libcurl will NOT use HTTP proxy
[2015.10.30-15.17.19:925][  0]LogInit:  - bDontReuseConnections = false  - Libcurl will reuse connections
[2015.10.30-15.17.19:925][  0]LogInit:  - CertBundlePath = nullptr  - Libcurl will use whatever was configured at build time.
[2015.10.30-15.17.20:006][  0]LogInit: Presizing for 0 objects not considered by GC, pre-allocating 0 bytes.
[2015.10.30-15.17.20:053][  0]LogInit: Object subsystem initialized
[2015.10.30-15.17.20:077][  0]LogInit: Selected Device Profile: [Windows]
[2015.10.30-15.17.20:077][  0]LogInit: Applying CVar settings loaded from the selected device profile: [Windows]
[2015.10.30-15.17.20:121][  0]LogInit: Computer: IDEA-PC
[2015.10.30-15.17.20:121][  0]LogInit: User: lenovopc
[2015.10.30-15.17.20:121][  0]LogInit: CPU Page size=4096, Cores=2
[2015.10.30-15.17.20:122][  0]LogInit: High frequency timer resolution =1.656392 MHz
[2015.10.30-15.17.20:122][  0]LogMemory: Memory total: Physical=3.9GB (4GB approx)
[2015.10.30-15.17.20:122][  0]LogMemory: Platform Memory Stats for Windows
[2015.10.30-15.17.20:122][  0]LogMemory: Process Physical Memory: 52.36 MB used, 52.36 MB peak
[2015.10.30-15.17.20:122][  0]LogMemory: Process Virtual Memory: 55.00 MB used, 55.00 MB peak
[2015.10.30-15.17.20:122][  0]LogMemory: Physical Memory: 2365.42 MB used, 3975.27 MB total
[2015.10.30-15.17.20:123][  0]LogMemory: Virtual Memory: 341.56 MB used, 8388608.00 MB total
[2015.10.30-15.17.20:811][  0]LogTextLocalizationManager: No specific translations for ('en-US') exist, so ('en') translations will be used.
[2015.10.30-15.17.24:309][  0]LogD3D11RHI: Found D3D11 adapter 0: Intel(R) HD Graphics 4000 (Feature Level 11_0)
[2015.10.30-15.17.24:309][  0]LogD3D11RHI: Adapter has 32MB of dedicated video memory, 0MB of dedicated system memory, and 1632MB of shared system memory, 1 output[s]
[2015.10.30-15.17.24:312][  0]LogD3D11RHI: Found D3D11 adapter 1: Microsoft Basic Render Driver (Feature Level 11_0)
[2015.10.30-15.17.24:312][  0]LogD3D11RHI: Adapter has 0MB of dedicated video memory, 0MB of dedicated system memory, and 256MB of shared system memory, 0 output[s]
[2015.10.30-15.17.24:312][  0]LogD3D11RHI: Chosen D3D11 Adapter Id = 0
[2015.10.30-15.17.24:332][  0]LogD3D11RHI: !Direct3DDevice
[2015.10.30-15.17.24:333][  0]LogRHI: Texture pool is 593 MB (70% of 848 MB)
[2015.10.30-15.17.24:339][  0]LogD3D11RHI: Async texture creation enabled
[2015.10.30-15.17.24:404][  0]LogShaderCompilers: Guid format shader working directory is 15 characters bigger than the processId version (C:/Users/lenovo-pc/Downloads/TestLevel/Intermediate/Shaders/WorkingDirectory/7496/).
[2015.10.30-15.17.24:404][  0]LogShaderCompilers: Cleaned the shader compiler working directory 'C:/Users/lenovo-pc/Downloads/TestLevel/Intermediate/Shaders/tmp/0236E80E4EEDD483B65E1482CD952012/'.
[2015.10.30-15.17.24:405][  0]LogShaderCompilers:Display: Using Local Shader Compiler.
[2015.10.30-15.17.30:796][  0]LogTemp:Display: Loaded TP AllDesktopTargetPlatform
[2015.10.30-15.17.30:819][  0]LogTemp:Display: Loaded TP WindowsClientTargetPlatform
[2015.10.30-15.17.30:840][  0]LogTemp:Display: Loaded TP WindowsNoEditorTargetPlatform
[2015.10.30-15.17.30:861][  0]LogTemp:Display: Loaded TP WindowsServerTargetPlatform
[2015.10.30-15.17.30:885][  0]LogTemp:Display: Loaded TP WindowsTargetPlatform
[2015.10.30-15.17.30:902][  0]LogTemp:Display: Loaded TP AndroidTargetPlatform
[2015.10.30-15.17.30:920][  0]LogTemp:Display: Loaded TP Android_ASTCTargetPlatform
[2015.10.30-15.17.30:939][  0]LogTemp:Display: Loaded TP Android_ATCTargetPlatform
[2015.10.30-15.17.30:961][  0]LogTemp:Display: Loaded TP Android_DXTTargetPlatform
[2015.10.30-15.17.30:985][  0]LogTemp:Display: Loaded TP Android_ETC1TargetPlatform
[2015.10.30-15.17.31:008][  0]LogTemp:Display: Loaded TP Android_ETC2TargetPlatform
[2015.10.30-15.17.31:032][  0]LogTemp:Display: Loaded TP Android_PVRTCTargetPlatform
[2015.10.30-15.17.31:043][  0]LogTemp:Display: Loaded TP HTML5TargetPlatform
[2015.10.30-15.17.31:105][  0]LogTemp:Display: Loaded TP IOSTargetPlatform
[2015.10.30-15.17.31:121][  0]LogTemp:Display: Loaded TP LinuxNoEditorTargetPlatform
[2015.10.30-15.17.31:139][  0]LogTemp:Display: Loaded TP LinuxServerTargetPlatform
[2015.10.30-15.17.31:160][  0]LogTemp:Display: Loaded TP LinuxTargetPlatform
[2015.10.30-15.17.31:160][  0]LogTargetPlatformManager:Display: Building Assets For Windows
[2015.10.30-15.17.31:644][  0]LogDerivedDataCache:Display: Max Cache Size: 512 MB
[2015.10.30-15.17.31:904][  0]LogDerivedDataCache: Loaded boot cache 0.26s 41MB C:/Users/lenovo-pc/AppData/Local/UnrealEngine/4.9/DerivedDataCache/Boot.ddc.
[2015.10.30-15.17.31:904][  0]LogDerivedDataCache:Display: Loaded Boot cache: C:/Users/lenovo-pc/AppData/Local/UnrealEngine/4.9/DerivedDataCache/Boot.ddc
[2015.10.30-15.17.31:905][  0]LogDerivedDataCache: FDerivedDataBackendGraph:  Pak pak cache file C:/Users/lenovo-pc/Downloads/TestLevel/DerivedDataCache/DDC.ddp not found, will not use a pak cache.
[2015.10.30-15.17.31:905][  0]LogDerivedDataCache: Unable to find inner node Pak for hierarchical cache Hierarchy.
[2015.10.30-15.17.31:905][  0]LogDerivedDataCache: FDerivedDataBackendGraph:  CompressedPak pak cache file C:/Users/lenovo-pc/Downloads/TestLevel/DerivedDataCache/Compressed.ddp not found, will not use a pak cache.
[2015.10.30-15.17.31:905][  0]LogDerivedDataCache: Unable to find inner node CompressedPak for hierarchical cache Hierarchy.
[2015.10.30-15.17.32:388][  0]LogDerivedDataCache:Display: Pak cache opened for reading ../../../Engine/DerivedDataCache/Compressed.ddp.
[2015.10.30-15.17.32:406][  0]LogDerivedDataCache: Using Local data cache path C:/Users/lenovo-pc/AppData/Local/UnrealEngine/Common/DerivedDataCache: Writable
[2015.10.30-15.17.33:965][  0]LogInit: Selected Device Profile: [Windows]
[2015.10.30-15.17.33:994][  0]LogContentStreaming: Texture pool size is 0.000000MB
[2015.10.30-15.17.34:855][  0]LogMeshUtilities: No automatic mesh reduction module available
[2015.10.30-15.17.34:855][  0]LogMeshUtilities: No automatic mesh merging module available
[2015.10.30-15.17.36:564][  0]LogInit: WinSock: version 1.1 (2.2), MaxSocks=32767, MaxUdp=65467
[2015.10.30-15.17.41:564][  0]UdpMessaging: Initializing bridge on interface 0.0.0.0:0 to multicast group 230.0.0.1:6666.
[2015.10.30-15.17.41:877][  0]LogAssetRegistry: FAssetRegistry took 0.0140 seconds to start up
[2015.10.30-15.17.42:852][  0]SourceControl: Info Source control is disabled
[2015.10.30-15.17.43:618][  0]LogLinker:Warning: Asset '../../../Engine/Plugins/Runtime/LeapMotionController/Content/LM_PassthroughMaterial.uasset' has been saved with empty engine version. The asset will be loaded but may be incompatible.
[2015.10.30-15.17.43:916][  0]LogObj: 28361 objects as part of root set at end of initial load.
[2015.10.30-15.17.43:916][  0]LogUObjectAllocator: 6038872 out of 0 bytes used by permanent object pool.
[2015.10.30-15.17.44:160][  0]LogEngine: Initializing Engine...
[2015.10.30-15.17.44:169][  0]LogHMD: Can't find Oculus library dev build: is proper Runtime installed? Version: 0.7.0.0
[2015.10.30-15.17.44:180][  0]LogHMD: SteamVR failed to initialize.  Err: 110
[2015.10.30-15.17.44:646][  0]LogAIModule: Creating AISystem for world NewWorld
[2015.10.30-15.17.44:699][  0]LogInit: XAudio2 using '扬声器 (Conexant SmartAudio HD)' : 2 channels at 44.1 kHz using 16 bits per sample (channel mask 0x3)
[2015.10.30-15.17.55:108][  0]LogInit: FAudioDevice initialized.
[2015.10.30-15.17.55:158][  0]LogDerivedDataCache: Saved boot cache 0.05s 41MB C:/Users/lenovo-pc/AppData/Local/UnrealEngine/4.9/DerivedDataCache/Boot.ddc.
[2015.10.30-15.17.55:167][  0]LogInit: Texture streaming: Enabled
[2015.10.30-15.17.55:200][  0]LogAnalytics: Creating configured Analytics provider AnalyticsET
[2015.10.30-15.17.55:201][  0]LogAnalytics: [UEEditor.Rocket.Release] APIServer = http://et2.epicgames.com/ET2/. AppVersion = 4.9.2-2707645+++depot+UE4-Releases+4.9
[2015.10.30-15.17.55:201][  0]LogAnalytics: [UEEditor.Rocket.Release] SetUserId 5050c46d410a721ffb73149eef914dbe|c10d342a545c424996c5a96657dd3caa|026f7912-4267-4fe7-8726-f5173afcf146
[2015.10.30-15.17.55:203][  0]LogAnalytics: [UEEditor.Rocket.Release] AnalyticsET::StartSession
[2015.10.30-15.17.55:275][  0]LogWindowsTextInputMethodSystem:Display: IME system now deactivated.
[2015.10.30-15.17.55:275][  0]LogWindowsTextInputMethodSystem:Display: IME system now deactivated.
[2015.10.30-15.17.55:432][  0]LogInit: Transaction tracking system initialized
[2015.10.30-15.17.55:710][  0]BlueprintLog: New page: Editor Load
[2015.10.30-15.17.56:479][  0]LocalizationService: Info Localization service is disabled
[2015.10.30-15.17.57:312][  0]LogConsoleResponse:Display: 
[2015.10.30-15.17.57:729][  0]LogCook:Display: Done creating registry. It took  0.00s.
[2015.10.30-15.17.57:954][  0]LogFileCache: Scanning file cache for directory 'C:/Users/lenovo-pc/Downloads/TestLevel/Content/' took 0.03s
[2015.10.30-15.17.57:954][  0]Cmd: MAP LOAD FILE="C:/Users/lenovo-pc/Downloads/TestLevel/Content/FirstPersonBP/Maps/FirstPersonExampleMap.umap" TEMPLATE=0 SHOWPROGRESS=1 FEATURELEVEL=3
[2015.10.30-15.17.57:958][  0]LightingResults: New page: Lighting Build
[2015.10.30-15.17.57:977][  0]MapCheck: New page: Map Check
[2015.10.30-15.17.57:977][  0]LightingResults: New page: Lighting Build
[2015.10.30-15.17.58:208][  0]LogParticles: Destroying 0 GPU particle simulations for FXSystem 0x000000DA25884400
[2015.10.30-15.18.02:171][  0]LogAIModule: Creating AISystem for world FirstPersonExampleMap
[2015.10.30-15.18.02:293][  0]LogEditorServer: Finished looking for orphan Actors (0.001 secs)
[2015.10.30-15.18.02:301][  0]Cmd: MAP CHECKDEP NOCLEARLOG
[2015.10.30-15.18.02:441][  0]MapCheck: Info Map check complete: 0 Error(s), 0 Warning(s), took 138.905ms to complete.
[2015.10.30-15.18.02:442][  0]LogFileHelpers: Loading map 'FirstPersonExampleMap' took 4.490
[2015.10.30-15.18.02:723][  0]LogCollectionManager: Loaded 0 collections in 0.003276 seconds
[2015.10.30-15.18.02:788][  0]LogFileCache: Scanning file cache for directory 'C:/Users/lenovo-pc/Downloads/TestLevel/Saved/Collections/' took 0.01s
[2015.10.30-15.18.02:788][  0]LogFileCache: Scanning file cache for directory 'C:/Users/lenovo-pc/Downloads/TestLevel/Content/Developers/lenovopc/Collections/' took 0.01s
[2015.10.30-15.18.02:788][  0]LogFileCache: Scanning file cache for directory 'C:/Users/lenovo-pc/Downloads/TestLevel/Content/Collections/' took 0.01s
[2015.10.30-15.18.02:788][  0]LogContentBrowser: Native class hierarchy populated in 0.0138 seconds. Added 1867 classes and 333 folders.
[2015.10.30-15.18.02:808][  0]LogCollectionManager: Rebuilt the GUID cache for 0 collections in 0.000003 seconds
[2015.10.30-15.18.02:829][  0]LogContentBrowser: Native class hierarchy updated for 'WidgetCarousel' in 0.0007 seconds. Added 0 classes and 0 folders.
[2015.10.30-15.18.03:030][  0]LogContentBrowser: Native class hierarchy updated for 'AddContentDialog' in 0.0006 seconds. Added 0 classes and 0 folders.
[2015.10.30-15.18.03:074][  0]LogContentBrowser: Native class hierarchy updated for 'SceneOutliner' in 0.0005 seconds. Added 1 classes and 2 folders.
[2015.10.30-15.18.03:325][  0]LogCrashTracker: Crashtracker disabled due to settings.
[2015.10.30-15.18.03:349][  0]LogUObjectGlobals:Warning: Failed to find object 'Class None.'
[2015.10.30-15.18.03:379][  0]LogLoad: Full Startup: 46.66 seconds (BP compile: 1.35 seconds)
[2015.10.30-15.18.03:400][  0]LoadErrors:Error: Error /Game/FirstPersonBP/Maps/FirstPersonExampleMap : Failed import for CurveVector /Game/FirstPersonBP/Blueprints/Actors/platformLv1LtoR.platformLv1LtoR_C:CurveVector_0_1__BC5354AB__14C309B6__4F2AB83B
[2015.10.30-15.18.03:552][  0]LogContentStreaming: Texture pool size now 200 MB
[2015.10.30-15.18.03:783][  0]LogRenderer: Reallocating scene render targets to support 880x440 (Frame:2).
[2015.10.30-15.18.10:146][ 19]LogAssetRegistry: Asset discovery search completed in 28.2814 seconds
[2015.10.30-15.18.10:147][ 19]LogCollectionManager: Rebuilt the object cache for 0 collections in 0.000005 seconds (found 0 objects)
[2015.10.30-15.18.10:148][ 19]LogCollectionManager: Fixed up redirectors for 0 collections in 0.000877 seconds (updated 0 objects)
[2015.10.30-15.19.09:305][727]LogEditorViewport: Clicking on Actor (LMB): StaticMeshActor (Wall4)
[2015.10.30-15.19.12:695][846]SourceControl: Info Source control is disabled
[2015.10.30-17.06.32:926][749]LogD3D11RHI: Timed out while waiting for GPU to catch up. (500 ms)
[2015.10.30-17.33.53:272][709]SourceControl: Info Source control is disabled
[2015.10.30-17.34.25:809][860]LogActorComponent: UnregisterComponent: (/Engine/Transient.ProjectileMovementComponent_40__A6522401) Not registered. Aborting.
[2015.10.30-17.34.27:364][860]LogWindowsTextInputMethodSystem:Display: IME system now deactivated.
[2015.10.30-17.34.27:366][860]LogWindowsTextInputMethodSystem:Display: IME system now deactivated.
[2015.10.30-17.34.29:025][861]Cmd: QUIT_EDITOR
[2015.10.30-17.34.30:697][861]LogExit: Preparing to exit.
[2015.10.30-17.34.33:337][861]LogExit: Editor shut down
[2015.10.30-17.34.33:363][861]LogExit: Transaction tracking system shut down
[2015.10.30-17.34.33:668][861]LogParticles: Destroying 0 GPU particle simulations for FXSystem 0x000000DA2B20C4A0
[2015.10.30-17.34.35:159][861]LogParticles: Destroying 0 GPU particle simulations for FXSystem 0x000000DA2CD64D60
[2015.10.30-17.34.35:159][861]LogParticles: Destroying 0 GPU particle simulations for FXSystem 0x000000DA2CF216C0
[2015.10.30-17.34.35:159][861]LogParticles: Destroying 0 GPU particle simulations for FXSystem 0x000000DA31F97380
[2015.10.30-17.34.35:159][861]LogParticles: Destroying 0 GPU particle simulations for FXSystem 0x000000DA389ACF40
[2015.10.30-17.34.35:159][861]LogParticles: Destroying 0 GPU particle simulations for FXSystem 0x000000DA3208E2A0
[2015.10.30-17.34.35:159][861]LogExit: Object subsystem successfully closed.
[2015.10.30-17.34.35:334][861]LogD3D11RHI: Shutdown
[2015.10.30-17.34.35:335][861]LogD3D11RHI: CleanupD3DDevice
[2015.10.30-17.34.35:840][861]LogD3D11RHI: ~FD3D11DynamicRHI
[2015.10.30-17.34.36:068][861]LogModuleManager: Shutting down and abandoning module CrashTracker (197)
[2015.10.30-17.34.36:069][861]LogModuleManager: Shutting down and abandoning module SceneOutliner (196)
[2015.10.30-17.34.36:070][861]LogModuleManager: Shutting down and abandoning module SuperSearch (195)
[2015.10.30-17.34.36:070][861]LogModuleManager: Shutting down and abandoning module WidgetCarousel (194)
[2015.10.30-17.34.36:071][861]LogModuleManager: Shutting down and abandoning module AddContentDialog (193)
[2015.10.30-17.34.36:139][861]LogModuleManager: Shutting down and abandoning module EditorWidgets (192)
[2015.10.30-17.34.36:139][861]LogModuleManager: Shutting down and abandoning module CollectionManager (191)
[2015.10.30-17.34.36:142][861]LogModuleManager: Shutting down and abandoning module StatsViewer (190)
[2015.10.30-17.34.36:145][861]LogModuleManager: Shutting down and abandoning module FoliageEdit (189)
[2015.10.30-17.34.36:145][861]LogModuleManager: Shutting down and abandoning module LandscapeEditor (188)
[2015.10.30-17.34.36:151][861]LogModuleManager: Shutting down and abandoning module ActorPickerMode (187)
[2015.10.30-17.34.36:151][861]LogModuleManager: Shutting down and abandoning module GeometryMode (186)
[2015.10.30-17.34.36:152][861]LogModuleManager: Shutting down and abandoning module TextureAlignMode (185)
[2015.10.30-17.34.36:152][861]LogModuleManager: Shutting down and abandoning module BspMode (184)
[2015.10.30-17.34.36:152][861]LogModuleManager: Shutting down and abandoning module PlacementMode (183)
[2015.10.30-17.34.36:152][861]LogModuleManager: Shutting down and abandoning module AutomationWorker (182)
[2015.10.30-17.34.36:153][861]LogModuleManager: Shutting down and abandoning module CharacterAI (181)
[2015.10.30-17.34.36:153][861]LogModuleManager: Shutting down and abandoning module SmartSnapping (180)
[2015.10.30-17.34.36:154][861]LogModuleManager: Shutting down and abandoning module ViewportSnapping (179)
[2015.10.30-17.34.36:155][861]LogModuleManager: Shutting down and abandoning module LogVisualizer (178)
[2015.10.30-17.34.36:162][861]LogModuleManager: Shutting down and abandoning module GameProjectGeneration (177)
[2015.10.30-17.34.36:164][861]LogModuleManager: Shutting down and abandoning module IntroTutorials (176)
[2015.10.30-17.34.36:169][861]LogModuleManager: Shutting down and abandoning module EditorLiveStreaming (175)
[2015.10.30-17.34.36:169][861]LogModuleManager: Shutting down and abandoning module IOSPlatformEditor (174)
[2015.10.30-17.34.36:170][861]LogModuleManager: Shutting down and abandoning module HTML5PlatformEditor (173)
[2015.10.30-17.34.36:170][861]LogModuleManager: Shutting down and abandoning module AndroidDeviceDetection (172)
[2015.10.30-17.34.36:718][861]LogModuleManager: Shutting down and abandoning module AndroidPlatformEditor (171)
[2015.10.30-17.34.36:718][861]LogModuleManager: Shutting down and abandoning module IOSRuntimeSettings (170)
[2015.10.30-17.34.36:718][861]LogModuleManager: Shutting down and abandoning module AndroidRuntimeSettings (169)
[2015.10.30-17.34.36:718][861]LogModuleManager: Shutting down and abandoning module MergeActors (168)
[2015.10.30-17.34.36:726][861]LogModuleManager: Shutting down and abandoning module SizeMap (167)
[2015.10.30-17.34.36:730][861]LogModuleManager: Shutting down and abandoning module TreeMap (166)
[2015.10.30-17.34.36:733][861]LogModuleManager: Shutting down and abandoning module ReferenceViewer (165)
[2015.10.30-17.34.36:733][861]LogModuleManager: Shutting down and abandoning module LocalizationService (164)
[2015.10.30-17.34.36:738][861]LogModuleManager: Shutting down and abandoning module LocalizationDashboard (163)
[2015.10.30-17.34.36:746][861]LogModuleManager: Shutting down and abandoning module HardwareTargeting (162)
[2015.10.30-17.34.36:746][861]LogModuleManager: Shutting down and abandoning module DeviceProfileEditor (161)
[2015.10.30-17.34.36:754][861]LogModuleManager: Shutting down and abandoning module UndoHistory (160)
[2015.10.30-17.34.36:765][861]LogModuleManager: Shutting down and abandoning module GameplayTagsEditor (159)
[2015.10.30-17.34.36:768][861]LogModuleManager: Shutting down and abandoning module UserFeedback (158)
[2015.10.30-17.34.36:772][861]LogModuleManager: Shutting down and abandoning module XmlParser (157)
[2015.10.30-17.34.36:778][861]LogModuleManager: Shutting down and abandoning module Blutility (156)
[2015.10.30-17.34.36:778][861]LogModuleManager: Shutting down and abandoning module ProjectTargetPlatformEditor (155)
[2015.10.30-17.34.36:785][861]LogModuleManager: Shutting down and abandoning module ProjectSettingsViewer (154)
[2015.10.30-17.34.36:787][861]LogModuleManager: Shutting down and abandoning module InputBindingEditor (153)
[2015.10.30-17.34.36:796][861]LogModuleManager: Shutting down and abandoning module EditorSettingsViewer (152)
[2015.10.30-17.34.36:798][861]LogModuleManager: Shutting down and abandoning module SettingsEditor (151)
[2015.10.30-17.34.36:810][861]LogModuleManager: Shutting down and abandoning module ProjectLauncher (150)
[2015.10.30-17.34.36:827][861]LogModuleManager: Shutting down and abandoning module SessionFrontend (149)
[2015.10.30-17.34.36:841][861]LogModuleManager: Shutting down and abandoning module ProfilerClient (148)
[2015.10.30-17.34.36:843][861]LogModuleManager: Shutting down and abandoning module TargetDeviceServices (147)
[2015.10.30-17.34.36:843][861]LogModuleManager: Shutting down and abandoning module DeviceManager (146)
[2015.10.30-17.34.36:858][861]LogModuleManager: Shutting down and abandoning module AutomationController (145)
[2015.10.30-17.34.36:893][861]LogModuleManager: Shutting down and abandoning module AutomationWindow (144)
[2015.10.30-17.34.36:901][861]LogModuleManager: Shutting down and abandoning module Layers (143)
[2015.10.30-17.34.36:931][861]LogModuleManager: Shutting down and abandoning module ComponentVisualizers (142)
[2015.10.30-17.34.36:931][861]LogModuleManager: Shutting down and abandoning module DetailCustomizations (141)
[2015.10.30-17.34.36:957][861]LogModuleManager: Shutting down and abandoning module PackagesDialog (140)
[2015.10.30-17.34.36:968][861]LogModuleManager: Shutting down and abandoning module Persona (139)
[2015.10.30-17.34.36:988][861]LogModuleManager: Shutting down and abandoning module Kismet (138)
[2015.10.30-17.34.37:015][861]LogModuleManager: Shutting down and abandoning module GraphEditor (137)
[2015.10.30-17.34.37:019][861]LogModuleManager: Shutting down and abandoning module ClassViewer (136)
[2015.10.30-17.34.37:021][861]LogModuleManager: Shutting down and abandoning module Toolbox (135)
[2015.10.30-17.34.37:022][861]LogModuleManager: Shutting down and abandoning module ModuleUI (134)
[2015.10.30-17.34.37:023][861]LogModuleManager: Shutting down and abandoning module MovieSceneTools (133)
[2015.10.30-17.34.37:027][861]LogModuleManager: Shutting down and abandoning module OutputLog (132)
[2015.10.30-17.34.37:028][861]LogModuleManager: Shutting down and abandoning module GammaUI (131)
[2015.10.30-17.34.37:028][861]LogModuleManager: Shutting down and abandoning module Documentation (130)
[2015.10.30-17.34.37:028][861]LogModuleManager: Shutting down and abandoning module GameLiveStreaming (129)
[2015.10.30-17.34.37:029][861]LogModuleManager: Shutting down and abandoning module StreamingPauseRendering (128)
[2015.10.30-17.34.37:030][861]LogModuleManager: Shutting down and abandoning module AnalyticsET (127)
[2015.10.30-17.34.37:030][861]LogModuleManager: Shutting down and abandoning module Analytics (126)
[2015.10.30-17.34.37:030][861]LogModuleManager: Shutting down and abandoning module AITestSuite (125)
[2015.10.30-17.34.37:031][861]LogModuleManager: Shutting down and abandoning module GameplayDebugger (124)
[2015.10.30-17.34.37:032][861]LogModuleManager: Shutting down and abandoning module AIModule (123)
[2015.10.30-17.34.37:032][861]LogModuleManager: Shutting down and abandoning module ProfilerService (122)
[2015.10.30-17.34.37:214][861]LogModuleManager: Shutting down and abandoning module TaskGraph (121)
[2015.10.30-17.34.37:217][861]LogModuleManager: Shutting down and abandoning module SlateRemote (120)
[2015.10.30-17.34.37:218][861]LogModuleManager: Shutting down and abandoning module SteamVRController (119)
[2015.10.30-17.34.37:218][861]LogModuleManager: Shutting down and abandoning module SteamVR (118)
[2015.10.30-17.34.37:218][861]LogModuleManager: Shutting down and abandoning module ProceduralMeshComponent (117)
[2015.10.30-17.34.37:218][861]LogModuleManager: Shutting down and abandoning module OculusRift (116)
[2015.10.30-17.34.37:219][861]LogModuleManager: Shutting down and abandoning module OculusLibrary (115)
[2015.10.30-17.34.37:219][861]LogModuleManager: Shutting down and abandoning module LeapMotionController (114)
[2015.10.30-17.34.37:335][861]LogModuleManager: Shutting down and abandoning module CustomMeshComponent (113)
[2015.10.30-17.34.37:335][861]LogModuleManager: Shutting down and abandoning module CableComponent (112)
[2015.10.30-17.34.37:335][861]LogModuleManager: Shutting down and abandoning module ArchVisCharacter (111)
[2015.10.30-17.34.37:336][861]LogModuleManager: Shutting down and abandoning module MessagingDebugger (110)
[2015.10.30-17.34.37:339][861]LogModuleManager: Shutting down and abandoning module MediaPlayerEditor (109)
[2015.10.30-17.34.37:340][861]LogModuleManager: Shutting down and abandoning module HTML5Networking (108)
[2015.10.30-17.34.37:341][861]LogModuleManager: Shutting down and abandoning module SpeedTreeImporter (107)
[2015.10.30-17.34.37:341][861]LogModuleManager: Shutting down and abandoning module PluginBrowser (106)
[2015.10.30-17.34.37:343][861]LogModuleManager: Shutting down and abandoning module EpicSurvey (105)
[2015.10.30-17.34.37:348][861]LogModuleManager: Shutting down and abandoning module DesktopPlatform (104)
[2015.10.30-17.34.37:349][861]LogModuleManager: Shutting down and abandoning module VisualStudioSourceCodeAccess (103)
[2015.10.30-17.34.37:350][861]LogModuleManager: Shutting down and abandoning module UObjectPlugin (102)
[2015.10.30-17.34.37:350][861]LogModuleManager: Shutting down and abandoning module SubversionSourceControl (101)
[2015.10.30-17.34.37:355][861]LogModuleManager: Shutting down and abandoning module PerforceSourceControl (100)
[2015.10.30-17.34.37:359][861]LogModuleManager: Shutting down and abandoning module SourceControl (99)
[2015.10.30-17.34.37:359][861]LogModuleManager: Shutting down and abandoning module GitSourceControl (98)
[2015.10.30-17.34.37:360][861]LogModuleManager: Shutting down and abandoning module LightPropagationVolumeEditor (97)
[2015.10.30-17.34.37:360][861]LogModuleManager: Shutting down and abandoning module PaperTiledImporter (96)
[2015.10.30-17.34.37:361][861]LogModuleManager: Shutting down and abandoning module PaperSpriteSheetImporter (95)
[2015.10.30-17.34.37:361][861]LogModuleManager: Shutting down and abandoning module MeshPaint (94)
[2015.10.30-17.34.37:362][861]LogModuleManager: Shutting down and abandoning module SlateReflector (93)
[2015.10.30-17.34.37:363][861]LogModuleManager: Shutting down and abandoning module HotReload (92)
[2015.10.30-17.34.37:364][861]LogModuleManager: Shutting down and abandoning module MainFrame (91)
[2015.10.30-17.34.37:365][861]LogModuleManager: Shutting down and abandoning module LevelEditor (90)
[2015.10.30-17.34.37:377][861]LogModuleManager: Shutting down and abandoning module DirectoryWatcher (89)
[2015.10.30-17.34.37:413][861]LogModuleManager: Shutting down and abandoning module AssetRegistry (88)
[2015.10.30-17.34.38:085][861]LogModuleManager: Shutting down and abandoning module ContentBrowser (87)
[2015.10.30-17.34.38:241][861]LogModuleManager: Shutting down and abandoning module Paper2DEditor (86)
[2015.10.30-17.34.38:265][861]LogModuleManager: Shutting down and abandoning module UdpMessaging (85)
[2015.10.30-17.34.38:367][861]LogModuleManager: Shutting down and abandoning module LightPropagationVolumeRuntime (84)
[2015.10.30-17.34.38:367][861]LogModuleManager: Shutting down and abandoning module Paper2D (83)
[2015.10.30-17.34.38:368][861]LogModuleManager: Shutting down and abandoning module WindowsMoviePlayer (82)
[2015.10.30-17.34.38:412][861]LogModuleManager: Shutting down and abandoning module Media (81)
[2015.10.30-17.34.38:412][861]LogModuleManager: Shutting down and abandoning module WmfMedia (80)
[2015.10.30-17.34.38:416][861]LogModuleManager: Shutting down and abandoning module OnlineBlueprintSupport (79)
[2015.10.30-17.34.38:416][861]LogModuleManager: Shutting down and abandoning module GameplayTasksEditor (78)
[2015.10.30-17.34.38:416][861]LogModuleManager: Shutting down and abandoning module PropertyEditor (77)
[2015.10.30-17.34.38:418][861]LogModuleManager: Shutting down and abandoning module BehaviorTreeEditor (76)
[2015.10.30-17.34.38:420][861]LogModuleManager: Shutting down and abandoning module FunctionalTesting (75)
[2015.10.30-17.34.38:420][861]LogModuleManager: Shutting down and abandoning module CollisionAnalyzer (74)
[2015.10.30-17.34.38:423][861]LogModuleManager: Shutting down and abandoning module WorkspaceMenuStructure (73)
[2015.10.30-17.34.38:425][861]LogModuleManager: Shutting down and abandoning module MessageLog (72)
[2015.10.30-17.34.38:425][861]LogModuleManager: Shutting down and abandoning module Sequencer (71)
[2015.10.30-17.34.38:427][861]LogModuleManager: Shutting down and abandoning module AssetTools (70)
[2015.10.30-17.34.38:431][861]LogModuleManager: Shutting down and abandoning module UMGEditor (69)
[2015.10.30-17.34.38:433][861]LogModuleManager: Shutting down and abandoning module UMG (68)
[2015.10.30-17.34.38:435][861]LogModuleManager: Shutting down and abandoning module Slate (67)
[2015.10.30-17.34.38:435][861]LogModuleManager: Shutting down and abandoning module EditorStyle (66)
[2015.10.30-17.34.38:461][861]LogModuleManager: Shutting down and abandoning module SessionServices (65)
[2015.10.30-17.34.38:462][861]LogModuleManager: Shutting down and abandoning module SourceCodeAccess (64)
[2015.10.30-17.34.38:462][861]LogModuleManager: Shutting down and abandoning module HeadMountedDisplay (63)
[2015.10.30-17.34.38:462][861]LogModuleManager: Shutting down and abandoning module XAudio2 (62)
[2015.10.30-17.34.38:462][861]LogModuleManager: Shutting down and abandoning module Networking (60)
[2015.10.30-17.34.38:462][861]LogModuleManager: Shutting down and abandoning module Core (59)
[2015.10.30-17.34.38:462][861]LogModuleManager: Shutting down and abandoning module KismetCompiler (58)
[2015.10.30-17.34.38:464][861]LogModuleManager: Shutting down and abandoning module PhysXFormats (57)
[2015.10.30-17.34.38:465][861]LogModuleManager: Shutting down and abandoning module MeshUtilities (56)
[2015.10.30-17.34.38:466][861]LogModuleManager: Shutting down and abandoning module CookingStats (55)
[2015.10.30-17.34.38:477][861]LogModuleManager: Shutting down and abandoning module DerivedDataCache (54)
[2015.10.30-17.34.38:546][861]LogDerivedDataCache: Shutdown
[2015.10.30-17.34.38:546][861]LogModuleManager: Shutting down and abandoning module ShaderFormatOpenGL (53)
[2015.10.30-17.34.38:550][861]LogModuleManager: Shutting down and abandoning module ShaderFormatD3D (52)
[2015.10.30-17.34.38:551][861]LogModuleManager: Shutting down and abandoning module MetalShaderFormat (51)
[2015.10.30-17.34.38:552][861]LogModuleManager: Shutting down and abandoning module TextureFormatUncompressed (50)
[2015.10.30-17.34.38:552][861]LogModuleManager: Shutting down and abandoning module TextureFormatPVR (49)
[2015.10.30-17.34.38:553][861]LogModuleManager: Shutting down and abandoning module TextureFormatIntelISPCTexComp (48)
[2015.10.30-17.34.38:554][861]LogModuleManager: Shutting down and abandoning module TextureFormatDXT (47)
[2015.10.30-17.34.38:555][861]LogModuleManager: Shutting down and abandoning module ImageWrapper (46)
[2015.10.30-17.34.38:555][861]LogModuleManager: Shutting down and abandoning module TextureFormatASTC (45)
[2015.10.30-17.34.38:555][861]LogModuleManager: Shutting down and abandoning module TextureFormatAndroid (44)
[2015.10.30-17.34.38:556][861]LogModuleManager: Shutting down and abandoning module AudioFormatOpus (43)
[2015.10.30-17.34.38:557][861]LogModuleManager: Shutting down and abandoning module AudioFormatOgg (42)
[2015.10.30-17.34.38:557][861]LogModuleManager: Shutting down and abandoning module AudioFormatADPCM (41)
[2015.10.30-17.34.38:558][861]LogModuleManager: Shutting down and abandoning module LinuxTargetPlatform (40)
[2015.10.30-17.34.38:559][861]LogModuleManager: Shutting down and abandoning module LinuxServerTargetPlatform (39)
[2015.10.30-17.34.38:560][861]LogModuleManager: Shutting down and abandoning module LinuxNoEditorTargetPlatform (38)
[2015.10.30-17.34.38:560][861]LogModuleManager: Shutting down and abandoning module Messaging (37)
[2015.10.30-17.34.38:560][861]LogModuleManager: Shutting down and abandoning module IOSTargetPlatform (36)
[2015.10.30-17.34.38:561][861]LogModuleManager: Shutting down and abandoning module HTML5TargetPlatform (35)
[2015.10.30-17.34.38:562][861]LogModuleManager: Shutting down and abandoning module Android_PVRTCTargetPlatform (34)
[2015.10.30-17.34.38:563][861]LogModuleManager: Shutting down and abandoning module Android_ETC2TargetPlatform (33)
[2015.10.30-17.34.38:563][861]LogModuleManager: Shutting down and abandoning module Android_ETC1TargetPlatform (32)
[2015.10.30-17.34.38:564][861]LogModuleManager: Shutting down and abandoning module Android_DXTTargetPlatform (31)
[2015.10.30-17.34.38:564][861]LogModuleManager: Shutting down and abandoning module Android_ATCTargetPlatform (30)
[2015.10.30-17.34.38:565][861]LogModuleManager: Shutting down and abandoning module Android_ASTCTargetPlatform (29)
[2015.10.30-17.34.38:565][861]LogModuleManager: Shutting down and abandoning module AndroidTargetPlatform (28)
[2015.10.30-17.34.38:566][861]LogModuleManager: Shutting down and abandoning module WindowsTargetPlatform (27)
[2015.10.30-17.34.38:567][861]LogModuleManager: Shutting down and abandoning module WindowsServerTargetPlatform (26)
[2015.10.30-17.34.38:568][861]LogModuleManager: Shutting down and abandoning module WindowsNoEditorTargetPlatform (25)
[2015.10.30-17.34.38:569][861]LogModuleManager: Shutting down and abandoning module WindowsClientTargetPlatform (24)
[2015.10.30-17.34.38:569][861]LogModuleManager: Shutting down and abandoning module AllDesktopTargetPlatform (23)
[2015.10.30-17.34.38:570][861]LogModuleManager: Shutting down and abandoning module TargetPlatform (22)
[2015.10.30-17.34.38:572][861]LogModuleManager: Shutting down and abandoning module InputCore (21)
[2015.10.30-17.34.38:572][861]LogModuleManager: Shutting down and abandoning module Settings (20)
[2015.10.30-17.34.38:573][861]LogModuleManager: Shutting down and abandoning module OnlineSubsystem (18)
[2015.10.30-17.34.38:573][861]LogModuleManager: Shutting down and abandoning module HTTP (17)
[2015.10.30-17.34.39:576][861]LogModuleManager: Shutting down and abandoning module XMPP (16)
[2015.10.30-17.34.39:579][861]LogModuleManager: Shutting down and abandoning module ExampleDeviceProfileSelector (15)
[2015.10.30-17.34.39:580][861]LogModuleManager: Shutting down and abandoning module TextureCompressor (14)
[2015.10.30-17.34.39:583][861]LogModuleManager: Shutting down and abandoning module ShaderCore (13)
[2015.10.30-17.34.39:583][861]LogModuleManager: Shutting down and abandoning module Landscape (12)
[2015.10.30-17.34.39:583][861]LogModuleManager: Shutting down and abandoning module SlateRHIRenderer (11)
[2015.10.30-17.34.39:609][861]LogModuleManager: Shutting down and abandoning module OpenGLDrv (10)
[2015.10.30-17.34.39:610][861]LogModuleManager: Shutting down and abandoning module D3D11RHI (9)
[2015.10.30-17.34.39:610][861]LogModuleManager: Shutting down and abandoning module AnimGraphRuntime (8)
[2015.10.30-17.34.39:610][861]LogModuleManager: Shutting down and abandoning module Renderer (7)
[2015.10.30-17.34.39:610][861]LogModuleManager: Shutting down and abandoning module Engine (6)
[2015.10.30-17.34.39:611][861]LogModuleManager: Shutting down and abandoning module CoreUObject (5)
[2015.10.30-17.34.39:611][861]LogModuleManager: Shutting down and abandoning module NetworkFile (4)
[2015.10.30-17.34.39:611][861]LogModuleManager: Shutting down and abandoning module StreamingFile (3)
[2015.10.30-17.34.39:612][861]LogModuleManager: Shutting down and abandoning module SandboxFile (2)
[2015.10.30-17.34.39:613][861]LogModuleManager: Shutting down and abandoning module PakFile (1)
[2015.10.30-17.34.39:621][861]LogExit: Exiting.
[2015.10.30-17.34.39:654][861]Log file closed, 10/30/15 13:34:39
