[2015.10.30-06.29.55:200][  0]Log file open, 10/30/15 02:29:55
[2015.10.30-06.29.55:200][  0]LogInit:Display: Running engine for game: MyProject
[2015.10.30-06.29.55:200][  0]LogInit:Display: RandInit(-1534701362) SRandInit(-1534701361).
[2015.10.30-06.29.55:200][  0]LogTaskGraph: Started task graph with 4 named threads and 5 total threads.
[2015.10.30-06.29.55:200][  0]LogStats: Stats thread started at 0.254673
[2015.10.30-06.29.55:200][  0]LogInit: Version: 4.9.2-2707645+++depot+UE4-Releases+4.9
[2015.10.30-06.29.55:200][  0]LogInit: API Version: 2672455
[2015.10.30-06.29.55:200][  0]LogInit: Compiled (64-bit): Sep 28 2015 10:25:44
[2015.10.30-06.29.55:200][  0]LogInit: Compiled with Visual C++: 18.00.21005.01
[2015.10.30-06.29.55:200][  0]LogInit: Build Configuration: Development
[2015.10.30-06.29.55:201][  0]LogInit: Branch Name: ++depot+UE4-Releases+4.9
[2015.10.30-06.29.55:201][  0]LogInit: Command line:  
[2015.10.30-06.29.55:201][  0]LogInit: Base directory: D:/Epic Games/4.9/Engine/Binaries/Win64/
[2015.10.30-06.29.55:201][  0]LogInit: Rocket: 1
[2015.10.30-06.29.55:234][  0]LogInit: Using libcurl 7.41.0
[2015.10.30-06.29.55:234][  0]LogInit:  - built for x86_64-pc-win32
[2015.10.30-06.29.55:234][  0]LogInit:  - supports SSL with WinSSL
[2015.10.30-06.29.55:234][  0]LogInit:  - other features:
[2015.10.30-06.29.55:234][  0]LogInit:      CURL_VERSION_SSL
[2015.10.30-06.29.55:234][  0]LogInit:      CURL_VERSION_IPV6
[2015.10.30-06.29.55:234][  0]LogInit:      CURL_VERSION_ASYNCHDNS
[2015.10.30-06.29.55:234][  0]LogInit:      CURL_VERSION_LARGEFILE
[2015.10.30-06.29.55:234][  0]LogInit:      CURL_VERSION_IDN
[2015.10.30-06.29.55:235][  0]LogInit:  CurlRequestOptions (configurable via config and command line):
[2015.10.30-06.29.55:235][  0]LogInit:  - bVerifyPeer = true  - Libcurl will verify peer certificate
[2015.10.30-06.29.55:235][  0]LogInit:  - bUseHttpProxy = false  - Libcurl will NOT use HTTP proxy
[2015.10.30-06.29.55:235][  0]LogInit:  - bDontReuseConnections = false  - Libcurl will reuse connections
[2015.10.30-06.29.55:235][  0]LogInit:  - CertBundlePath = nullptr  - Libcurl will use whatever was configured at build time.
[2015.10.30-06.29.55:267][  0]LogInit: Presizing for 0 objects not considered by GC, pre-allocating 0 bytes.
[2015.10.30-06.29.55:305][  0]LogInit: Object subsystem initialized
[2015.10.30-06.29.55:311][  0]LogInit: Selected Device Profile: [Windows]
[2015.10.30-06.29.55:311][  0]LogInit: Applying CVar settings loaded from the selected device profile: [Windows]
[2015.10.30-06.29.55:349][  0]LogInit: Computer: IDEA-PC
[2015.10.30-06.29.55:349][  0]LogInit: User: lenovopc
[2015.10.30-06.29.55:349][  0]LogInit: CPU Page size=4096, Cores=2
[2015.10.30-06.29.55:349][  0]LogInit: High frequency timer resolution =1.656392 MHz
[2015.10.30-06.29.55:349][  0]LogMemory: Memory total: Physical=3.9GB (4GB approx)
[2015.10.30-06.29.55:349][  0]LogMemory: Platform Memory Stats for Windows
[2015.10.30-06.29.55:349][  0]LogMemory: Process Physical Memory: 53.59 MB used, 53.59 MB peak
[2015.10.30-06.29.55:349][  0]LogMemory: Process Virtual Memory: 57.11 MB used, 57.11 MB peak
[2015.10.30-06.29.55:349][  0]LogMemory: Physical Memory: 3315.42 MB used, 3975.27 MB total
[2015.10.30-06.29.55:349][  0]LogMemory: Virtual Memory: 344.12 MB used, 8388608.00 MB total
[2015.10.30-06.29.55:494][  0]LogTextLocalizationManager: No specific translations for ('en-US') exist, so ('en') translations will be used.
[2015.10.30-06.29.57:632][  0]LogD3D11RHI: Found D3D11 adapter 0: Intel(R) HD Graphics 4000 (Feature Level 11_0)
[2015.10.30-06.29.57:632][  0]LogD3D11RHI: Adapter has 32MB of dedicated video memory, 0MB of dedicated system memory, and 1632MB of shared system memory, 1 output[s]
[2015.10.30-06.29.57:636][  0]LogD3D11RHI: Found D3D11 adapter 1: Microsoft Basic Render Driver (Feature Level 11_0)
[2015.10.30-06.29.57:636][  0]LogD3D11RHI: Adapter has 0MB of dedicated video memory, 0MB of dedicated system memory, and 256MB of shared system memory, 0 output[s]
[2015.10.30-06.29.57:636][  0]LogD3D11RHI: Chosen D3D11 Adapter Id = 0
[2015.10.30-06.29.57:658][  0]LogD3D11RHI: !Direct3DDevice
[2015.10.30-06.29.57:658][  0]LogRHI: Texture pool is 593 MB (70% of 848 MB)
[2015.10.30-06.29.57:663][  0]LogD3D11RHI: Async texture creation enabled
[2015.10.30-06.29.57:688][  0]LogShaderCompilers: Guid format shader working directory is 15 characters bigger than the processId version (C:/Users/lenovo-pc/Downloads/TestLevel/Intermediate/Shaders/WorkingDirectory/6740/).
[2015.10.30-06.29.57:688][  0]LogShaderCompilers: Cleaned the shader compiler working directory 'C:/Users/lenovo-pc/Downloads/TestLevel/Intermediate/Shaders/tmp/B91767F146A0525D0DAA6B93A1040A6A/'.
[2015.10.30-06.29.57:688][  0]LogShaderCompilers:Display: Using Local Shader Compiler.
[2015.10.30-06.30.00:584][  0]LogTemp:Display: Loaded TP AllDesktopTargetPlatform
[2015.10.30-06.30.00:597][  0]LogTemp:Display: Loaded TP WindowsClientTargetPlatform
[2015.10.30-06.30.00:610][  0]LogTemp:Display: Loaded TP WindowsNoEditorTargetPlatform
[2015.10.30-06.30.00:623][  0]LogTemp:Display: Loaded TP WindowsServerTargetPlatform
[2015.10.30-06.30.00:638][  0]LogTemp:Display: Loaded TP WindowsTargetPlatform
[2015.10.30-06.30.00:647][  0]LogTemp:Display: Loaded TP AndroidTargetPlatform
[2015.10.30-06.30.00:656][  0]LogTemp:Display: Loaded TP Android_ASTCTargetPlatform
[2015.10.30-06.30.00:666][  0]LogTemp:Display: Loaded TP Android_ATCTargetPlatform
[2015.10.30-06.30.00:675][  0]LogTemp:Display: Loaded TP Android_DXTTargetPlatform
[2015.10.30-06.30.00:684][  0]LogTemp:Display: Loaded TP Android_ETC1TargetPlatform
[2015.10.30-06.30.00:695][  0]LogTemp:Display: Loaded TP Android_ETC2TargetPlatform
[2015.10.30-06.30.00:705][  0]LogTemp:Display: Loaded TP Android_PVRTCTargetPlatform
[2015.10.30-06.30.00:724][  0]LogTemp:Display: Loaded TP HTML5TargetPlatform
[2015.10.30-06.30.00:781][  0]LogTemp:Display: Loaded TP IOSTargetPlatform
[2015.10.30-06.30.00:793][  0]LogTemp:Display: Loaded TP LinuxNoEditorTargetPlatform
[2015.10.30-06.30.00:807][  0]LogTemp:Display: Loaded TP LinuxServerTargetPlatform
[2015.10.30-06.30.00:820][  0]LogTemp:Display: Loaded TP LinuxTargetPlatform
[2015.10.30-06.30.00:820][  0]LogTargetPlatformManager:Display: Building Assets For Windows
[2015.10.30-06.30.01:016][  0]LogDerivedDataCache:Display: Max Cache Size: 512 MB
[2015.10.30-06.30.01:101][  0]LogDerivedDataCache: Loaded boot cache 0.08s 41MB C:/Users/lenovo-pc/AppData/Local/UnrealEngine/4.9/DerivedDataCache/Boot.ddc.
[2015.10.30-06.30.01:101][  0]LogDerivedDataCache:Display: Loaded Boot cache: C:/Users/lenovo-pc/AppData/Local/UnrealEngine/4.9/DerivedDataCache/Boot.ddc
[2015.10.30-06.30.01:101][  0]LogDerivedDataCache: FDerivedDataBackendGraph:  Pak pak cache file C:/Users/lenovo-pc/Downloads/TestLevel/DerivedDataCache/DDC.ddp not found, will not use a pak cache.
[2015.10.30-06.30.01:101][  0]LogDerivedDataCache: Unable to find inner node Pak for hierarchical cache Hierarchy.
[2015.10.30-06.30.01:102][  0]LogDerivedDataCache: FDerivedDataBackendGraph:  CompressedPak pak cache file C:/Users/lenovo-pc/Downloads/TestLevel/DerivedDataCache/Compressed.ddp not found, will not use a pak cache.
[2015.10.30-06.30.01:102][  0]LogDerivedDataCache: Unable to find inner node CompressedPak for hierarchical cache Hierarchy.
[2015.10.30-06.30.01:371][  0]LogDerivedDataCache:Display: Pak cache opened for reading ../../../Engine/DerivedDataCache/Compressed.ddp.
[2015.10.30-06.30.01:387][  0]LogDerivedDataCache: Using Local data cache path C:/Users/lenovo-pc/AppData/Local/UnrealEngine/Common/DerivedDataCache: Writable
[2015.10.30-06.30.01:881][  0]LogInit: Selected Device Profile: [Windows]
[2015.10.30-06.30.01:888][  0]LogContentStreaming: Texture pool size is 0.000000MB
[2015.10.30-06.30.02:236][  0]LogMeshUtilities: No automatic mesh reduction module available
[2015.10.30-06.30.02:236][  0]LogMeshUtilities: No automatic mesh merging module available
[2015.10.30-06.30.02:880][  0]LogInit: WinSock: version 1.1 (2.2), MaxSocks=32767, MaxUdp=65467
[2015.10.30-06.30.06:147][  0]UdpMessaging: Initializing bridge on interface 0.0.0.0:0 to multicast group 230.0.0.1:6666.
[2015.10.30-06.30.07:260][  0]LogAssetRegistry: FAssetRegistry took 0.0122 seconds to start up
[2015.10.30-06.30.08:716][  0]SourceControl: Info Source control is disabled
[2015.10.30-06.30.08:716][  0]SourceControl: Info Source control is disabled
[2015.10.30-06.30.08:798][  0]SourceControl: Info Source control is disabled
[2015.10.30-06.30.08:884][  0]SourceControl: Info Source control is disabled
[2015.10.30-06.30.09:760][  0]LogLinker:Warning: Asset '../../../Engine/Plugins/Runtime/LeapMotionController/Content/LM_PassthroughMaterial.uasset' has been saved with empty engine version. The asset will be loaded but may be incompatible.
[2015.10.30-06.30.10:237][  0]LogObj: 28361 objects as part of root set at end of initial load.
[2015.10.30-06.30.10:237][  0]LogUObjectAllocator: 6038872 out of 0 bytes used by permanent object pool.
[2015.10.30-06.30.10:504][  0]LogEngine: Initializing Engine...
[2015.10.30-06.30.10:515][  0]LogHMD: Can't find Oculus library dev build: is proper Runtime installed? Version: 0.7.0.0
[2015.10.30-06.30.10:529][  0]LogHMD: SteamVR failed to initialize.  Err: 110
[2015.10.30-06.30.11:129][  0]LogAIModule: Creating AISystem for world NewWorld
[2015.10.30-06.30.11:157][  0]LogInit: XAudio2 using '扬声器 (Conexant SmartAudio HD)' : 2 channels at 44.1 kHz using 16 bits per sample (channel mask 0x3)
[2015.10.30-06.30.11:209][  0]LogInit: FAudioDevice initialized.
[2015.10.30-06.30.11:267][  0]LogDerivedDataCache: Saved boot cache 0.06s 41MB C:/Users/lenovo-pc/AppData/Local/UnrealEngine/4.9/DerivedDataCache/Boot.ddc.
[2015.10.30-06.30.11:274][  0]LogInit: Texture streaming: Enabled
[2015.10.30-06.30.11:296][  0]LogAnalytics: Creating configured Analytics provider AnalyticsET
[2015.10.30-06.30.11:296][  0]LogAnalytics: [UEEditor.Rocket.Release] APIServer = http://et2.epicgames.com/ET2/. AppVersion = 4.9.2-2707645+++depot+UE4-Releases+4.9
[2015.10.30-06.30.11:296][  0]LogAnalytics: [UEEditor.Rocket.Release] SetUserId 5050c46d410a721ffb73149eef914dbe|c10d342a545c424996c5a96657dd3caa|026f7912-4267-4fe7-8726-f5173afcf146
[2015.10.30-06.30.11:296][  0]LogAnalytics: [UEEditor.Rocket.Release] AnalyticsET::StartSession
[2015.10.30-06.30.17:541][  0]LogInit: Transaction tracking system initialized
[2015.10.30-06.30.18:520][  0]BlueprintLog: New page: Editor Load
[2015.10.30-06.30.20:912][  0]LocalizationService: Info Localization service is disabled
[2015.10.30-06.30.22:914][  0]LogConsoleResponse:Display: 
[2015.10.30-06.30.24:726][  0]LogCook:Display: Done creating registry. It took  0.00s.
[2015.10.30-06.30.25:034][  0]LogFileCache: Scanning file cache for directory 'C:/Users/lenovo-pc/Downloads/TestLevel/Content/' took 0.05s
[2015.10.30-06.30.25:424][  0]SourceControl: Info Source control is disabled
[2015.10.30-06.30.25:425][  0]Cmd: MAP LOAD FILE="C:/Users/lenovo-pc/Downloads/TestLevel/Content/FirstPersonBP/Maps/FirstPersonExampleMap.umap" TEMPLATE=0 SHOWPROGRESS=1 FEATURELEVEL=3
[2015.10.30-06.30.25:429][  0]LightingResults: New page: Lighting Build
[2015.10.30-06.30.25:452][  0]MapCheck: New page: Map Check
[2015.10.30-06.30.25:452][  0]LightingResults: New page: Lighting Build
[2015.10.30-06.30.25:599][  0]LogParticles: Destroying 0 GPU particle simulations for FXSystem 0x000000EC85644400
[2015.10.30-06.30.36:693][  0]LogAIModule: Creating AISystem for world FirstPersonExampleMap
[2015.10.30-06.30.37:155][  0]LogEditorServer: Finished looking for orphan Actors (0.001 secs)
[2015.10.30-06.30.37:159][  0]Cmd: MAP CHECKDEP NOCLEARLOG
[2015.10.30-06.30.37:818][  0]MapCheck: Info Map check complete: 0 Error(s), 0 Warning(s), took 658.283ms to complete.
[2015.10.30-06.30.38:125][  0]LogFileHelpers: Loading map 'FirstPersonExampleMap' took 12.700
[2015.10.30-06.30.38:684][  0]LogCollectionManager: Loaded 0 collections in 0.011371 seconds
[2015.10.30-06.30.38:786][  0]LogFileCache: Scanning file cache for directory 'C:/Users/lenovo-pc/Downloads/TestLevel/Saved/Collections/' took 0.01s
[2015.10.30-06.30.38:787][  0]LogFileCache: Scanning file cache for directory 'C:/Users/lenovo-pc/Downloads/TestLevel/Content/Developers/lenovopc/Collections/' took 0.01s
[2015.10.30-06.30.38:787][  0]LogFileCache: Scanning file cache for directory 'C:/Users/lenovo-pc/Downloads/TestLevel/Content/Collections/' took 0.01s
[2015.10.30-06.30.38:787][  0]LogContentBrowser: Native class hierarchy populated in 0.0381 seconds. Added 1867 classes and 333 folders.
[2015.10.30-06.30.38:821][  0]LogCollectionManager: Rebuilt the GUID cache for 0 collections in 0.000008 seconds
[2015.10.30-06.30.38:857][  0]LogContentBrowser: Native class hierarchy updated for 'WidgetCarousel' in 0.0011 seconds. Added 0 classes and 0 folders.
[2015.10.30-06.30.39:215][  0]LogContentBrowser: Native class hierarchy updated for 'AddContentDialog' in 0.0021 seconds. Added 0 classes and 0 folders.
[2015.10.30-06.30.39:232][  0]LogContentBrowser: Native class hierarchy updated for 'SceneOutliner' in 0.0010 seconds. Added 1 classes and 2 folders.
[2015.10.30-06.30.39:377][  0]LogCrashTracker: Crashtracker disabled due to settings.
[2015.10.30-06.30.39:407][  0]LogUObjectGlobals:Warning: Failed to find object 'Class None.'
[2015.10.30-06.30.39:435][  0]LogLoad: Full Startup: 46.47 seconds (BP compile: 3.32 seconds)
[2015.10.30-06.30.39:801][  0]LoadErrors:Error: Error /Game/FirstPersonBP/Maps/FirstPersonExampleMap : Failed import for CurveVector /Game/FirstPersonBP/Blueprints/Actors/platformLv1LtoR.platformLv1LtoR_C:CurveVector_0_1__BC5354AB__14C309B6__4F2AB83B
[2015.10.30-06.30.40:095][  0]LogContentStreaming: Texture pool size now 200 MB
[2015.10.30-06.30.40:598][  0]LogRenderer: Reallocating scene render targets to support 864x424 (Frame:2).
[2015.10.30-06.30.57:987][ 29]LogAssetRegistry: Asset discovery search completed in 50.7396 seconds
[2015.10.30-06.30.57:987][ 29]LogCollectionManager: Rebuilt the object cache for 0 collections in 0.000004 seconds (found 0 objects)
[2015.10.30-06.30.57:987][ 29]LogCollectionManager: Fixed up redirectors for 0 collections in 0.000089 seconds (updated 0 objects)
[2015.10.30-06.54.17:998][192]LogD3D11RHI: Timed out while waiting for GPU to catch up. (500 ms)
[2015.10.30-07.14.28:453][ 84]SourceControl:Error: Error Failed to enable Git source control. You need to initialize the project as a Git repository first.
[2015.10.30-07.15.03:119][381]SourceControl: Info Source control is disabled
[2015.10.30-07.15.28:713][199]SourceControl:Error: Error Failed to enable Git source control. You need to initialize the project as a Git repository first.
[2015.10.30-07.15.42:723][630]LogEditorViewport: Clicking on Actor (LMB): StaticMeshActor (Wall10)
[2015.10.30-07.15.43:777][630]LogEditorViewport: Clicking on Component (LMB): StaticMeshComponent (StaticMeshComponent0)
[2015.10.30-07.17.39:086][430]SourceControl:Error: Error Failed to enable Git source control. You need to initialize the project as a Git repository first.
[2015.10.30-07.17.49:190][752]LogActorComponent: UnregisterComponent: (/Engine/Transient.CharMoveComp) Not registered. Aborting.
[2015.10.30-07.17.49:231][752]LogActorComponent: UnregisterComponent: (/Engine/Transient.ProjectileMovementComponent_40__A6522401) Not registered. Aborting.
[2015.10.30-07.17.50:708][752]LogWindowsTextInputMethodSystem:Display: IME system now activated using TSF (微软拼音简捷).
[2015.10.30-07.17.50:712][752]LogWindowsTextInputMethodSystem:Display: IME system now activated using TSF (微软拼音简捷).
[2015.10.30-07.17.51:060][752]LogWindowsTextInputMethodSystem:Display: IME system now activated using TSF (微软拼音简捷).
[2015.10.30-07.17.51:061][752]LogWindowsTextInputMethodSystem:Display: IME system now activated using TSF (微软拼音简捷).
[2015.10.30-07.17.52:103][753]Cmd: QUIT_EDITOR
[2015.10.30-07.17.52:685][753]LogWindowsTextInputMethodSystem:Display: IME system now activated using TSF (微软拼音简捷).
[2015.10.30-07.17.52:686][753]LogWindowsTextInputMethodSystem:Display: IME system now activated using TSF (微软拼音简捷).
[2015.10.30-07.17.53:160][753]LogExit: Preparing to exit.
[2015.10.30-07.17.55:787][753]LogExit: Editor shut down
[2015.10.30-07.17.55:795][753]LogExit: Transaction tracking system shut down
[2015.10.30-07.17.56:032][753]LogParticles: Destroying 0 GPU particle simulations for FXSystem 0x000000EC91AF2AC0
[2015.10.30-07.17.56:047][753]LogParticles: Destroying 0 GPU particle simulations for FXSystem 0x000000EC95A21A80
[2015.10.30-07.17.57:477][753]LogParticles: Destroying 0 GPU particle simulations for FXSystem 0x000000EC954AA3E0
[2015.10.30-07.17.57:477][753]LogParticles: Destroying 0 GPU particle simulations for FXSystem 0x000000EC9271A7A0
[2015.10.30-07.17.57:477][753]LogParticles: Destroying 0 GPU particle simulations for FXSystem 0x000000EC90EECEA0
[2015.10.30-07.17.57:477][753]LogParticles: Destroying 0 GPU particle simulations for FXSystem 0x000000EC90EECC20
[2015.10.30-07.17.57:477][753]LogExit: Object subsystem successfully closed.
[2015.10.30-07.17.57:713][753]LogD3D11RHI: Shutdown
[2015.10.30-07.17.57:714][753]LogD3D11RHI: CleanupD3DDevice
[2015.10.30-07.17.58:341][753]LogD3D11RHI: ~FD3D11DynamicRHI
[2015.10.30-07.17.58:784][753]LogModuleManager: Shutting down and abandoning module CrashTracker (197)
[2015.10.30-07.17.58:786][753]LogModuleManager: Shutting down and abandoning module SceneOutliner (196)
[2015.10.30-07.17.58:788][753]LogModuleManager: Shutting down and abandoning module SuperSearch (195)
[2015.10.30-07.17.58:788][753]LogModuleManager: Shutting down and abandoning module WidgetCarousel (194)
[2015.10.30-07.17.58:800][753]LogModuleManager: Shutting down and abandoning module AddContentDialog (193)
[2015.10.30-07.17.58:948][753]LogModuleManager: Shutting down and abandoning module EditorWidgets (192)
[2015.10.30-07.17.58:948][753]LogModuleManager: Shutting down and abandoning module CollectionManager (191)
[2015.10.30-07.17.58:951][753]LogModuleManager: Shutting down and abandoning module StatsViewer (190)
[2015.10.30-07.17.58:953][753]LogModuleManager: Shutting down and abandoning module FoliageEdit (189)
[2015.10.30-07.17.58:954][753]LogModuleManager: Shutting down and abandoning module LandscapeEditor (188)
[2015.10.30-07.17.58:963][753]LogModuleManager: Shutting down and abandoning module ActorPickerMode (187)
[2015.10.30-07.17.58:963][753]LogModuleManager: Shutting down and abandoning module GeometryMode (186)
[2015.10.30-07.17.58:963][753]LogModuleManager: Shutting down and abandoning module TextureAlignMode (185)
[2015.10.30-07.17.58:963][753]LogModuleManager: Shutting down and abandoning module BspMode (184)
[2015.10.30-07.17.58:963][753]LogModuleManager: Shutting down and abandoning module PlacementMode (183)
[2015.10.30-07.17.58:963][753]LogModuleManager: Shutting down and abandoning module AutomationWorker (182)
[2015.10.30-07.17.58:965][753]LogModuleManager: Shutting down and abandoning module CharacterAI (181)
[2015.10.30-07.17.58:965][753]LogModuleManager: Shutting down and abandoning module SmartSnapping (180)
[2015.10.30-07.17.58:965][753]LogModuleManager: Shutting down and abandoning module ViewportSnapping (179)
[2015.10.30-07.17.58:965][753]LogModuleManager: Shutting down and abandoning module LogVisualizer (178)
[2015.10.30-07.17.58:976][753]LogModuleManager: Shutting down and abandoning module GameProjectGeneration (177)
[2015.10.30-07.17.58:978][753]LogModuleManager: Shutting down and abandoning module IntroTutorials (176)
[2015.10.30-07.17.58:984][753]LogModuleManager: Shutting down and abandoning module EditorLiveStreaming (175)
[2015.10.30-07.17.58:984][753]LogModuleManager: Shutting down and abandoning module IOSPlatformEditor (174)
[2015.10.30-07.17.58:985][753]LogModuleManager: Shutting down and abandoning module HTML5PlatformEditor (173)
[2015.10.30-07.17.58:985][753]LogModuleManager: Shutting down and abandoning module AndroidDeviceDetection (172)
[2015.10.30-07.17.59:021][753]LogModuleManager: Shutting down and abandoning module AndroidPlatformEditor (171)
[2015.10.30-07.17.59:021][753]LogModuleManager: Shutting down and abandoning module IOSRuntimeSettings (170)
[2015.10.30-07.17.59:022][753]LogModuleManager: Shutting down and abandoning module AndroidRuntimeSettings (169)
[2015.10.30-07.17.59:022][753]LogModuleManager: Shutting down and abandoning module MergeActors (168)
[2015.10.30-07.17.59:023][753]LogModuleManager: Shutting down and abandoning module SizeMap (167)
[2015.10.30-07.17.59:024][753]LogModuleManager: Shutting down and abandoning module TreeMap (166)
[2015.10.30-07.17.59:025][753]LogModuleManager: Shutting down and abandoning module ReferenceViewer (165)
[2015.10.30-07.17.59:025][753]LogModuleManager: Shutting down and abandoning module LocalizationService (164)
[2015.10.30-07.17.59:026][753]LogModuleManager: Shutting down and abandoning module LocalizationDashboard (163)
[2015.10.30-07.17.59:029][753]LogModuleManager: Shutting down and abandoning module HardwareTargeting (162)
[2015.10.30-07.17.59:029][753]LogModuleManager: Shutting down and abandoning module DeviceProfileEditor (161)
[2015.10.30-07.17.59:031][753]LogModuleManager: Shutting down and abandoning module UndoHistory (160)
[2015.10.30-07.17.59:032][753]LogModuleManager: Shutting down and abandoning module GameplayTagsEditor (159)
[2015.10.30-07.17.59:032][753]LogModuleManager: Shutting down and abandoning module UserFeedback (158)
[2015.10.30-07.17.59:032][753]LogModuleManager: Shutting down and abandoning module XmlParser (157)
[2015.10.30-07.17.59:033][753]LogModuleManager: Shutting down and abandoning module Blutility (156)
[2015.10.30-07.17.59:033][753]LogModuleManager: Shutting down and abandoning module ProjectTargetPlatformEditor (155)
[2015.10.30-07.17.59:036][753]LogModuleManager: Shutting down and abandoning module ProjectSettingsViewer (154)
[2015.10.30-07.17.59:037][753]LogModuleManager: Shutting down and abandoning module InputBindingEditor (153)
[2015.10.30-07.17.59:038][753]LogModuleManager: Shutting down and abandoning module EditorSettingsViewer (152)
[2015.10.30-07.17.59:039][753]LogModuleManager: Shutting down and abandoning module SettingsEditor (151)
[2015.10.30-07.17.59:041][753]LogModuleManager: Shutting down and abandoning module ProjectLauncher (150)
[2015.10.30-07.17.59:043][753]LogModuleManager: Shutting down and abandoning module SessionFrontend (149)
[2015.10.30-07.17.59:045][753]LogModuleManager: Shutting down and abandoning module ProfilerClient (148)
[2015.10.30-07.17.59:046][753]LogModuleManager: Shutting down and abandoning module TargetDeviceServices (147)
[2015.10.30-07.17.59:046][753]LogModuleManager: Shutting down and abandoning module DeviceManager (146)
[2015.10.30-07.17.59:051][753]LogModuleManager: Shutting down and abandoning module AutomationController (145)
[2015.10.30-07.17.59:054][753]LogModuleManager: Shutting down and abandoning module AutomationWindow (144)
[2015.10.30-07.17.59:055][753]LogModuleManager: Shutting down and abandoning module Layers (143)
[2015.10.30-07.17.59:058][753]LogModuleManager: Shutting down and abandoning module ComponentVisualizers (142)
[2015.10.30-07.17.59:058][753]LogModuleManager: Shutting down and abandoning module DetailCustomizations (141)
[2015.10.30-07.17.59:060][753]LogModuleManager: Shutting down and abandoning module PackagesDialog (140)
[2015.10.30-07.17.59:062][753]LogModuleManager: Shutting down and abandoning module Persona (139)
[2015.10.30-07.17.59:066][753]LogModuleManager: Shutting down and abandoning module Kismet (138)
[2015.10.30-07.17.59:071][753]LogModuleManager: Shutting down and abandoning module GraphEditor (137)
[2015.10.30-07.17.59:074][753]LogModuleManager: Shutting down and abandoning module ClassViewer (136)
[2015.10.30-07.17.59:075][753]LogModuleManager: Shutting down and abandoning module Toolbox (135)
[2015.10.30-07.17.59:076][753]LogModuleManager: Shutting down and abandoning module ModuleUI (134)
[2015.10.30-07.17.59:077][753]LogModuleManager: Shutting down and abandoning module MovieSceneTools (133)
[2015.10.30-07.17.59:082][753]LogModuleManager: Shutting down and abandoning module OutputLog (132)
[2015.10.30-07.17.59:083][753]LogModuleManager: Shutting down and abandoning module GammaUI (131)
[2015.10.30-07.17.59:084][753]LogModuleManager: Shutting down and abandoning module Documentation (130)
[2015.10.30-07.17.59:085][753]LogModuleManager: Shutting down and abandoning module GameLiveStreaming (129)
[2015.10.30-07.17.59:086][753]LogModuleManager: Shutting down and abandoning module StreamingPauseRendering (128)
[2015.10.30-07.17.59:087][753]LogModuleManager: Shutting down and abandoning module AnalyticsET (127)
[2015.10.30-07.17.59:087][753]LogModuleManager: Shutting down and abandoning module Analytics (126)
[2015.10.30-07.17.59:088][753]LogModuleManager: Shutting down and abandoning module AITestSuite (125)
[2015.10.30-07.17.59:088][753]LogModuleManager: Shutting down and abandoning module GameplayDebugger (124)
[2015.10.30-07.17.59:089][753]LogModuleManager: Shutting down and abandoning module AIModule (123)
[2015.10.30-07.17.59:090][753]LogModuleManager: Shutting down and abandoning module ProfilerService (122)
[2015.10.30-07.17.59:103][753]LogModuleManager: Shutting down and abandoning module TaskGraph (121)
[2015.10.30-07.17.59:106][753]LogModuleManager: Shutting down and abandoning module SlateRemote (120)
[2015.10.30-07.17.59:107][753]LogModuleManager: Shutting down and abandoning module SteamVRController (119)
[2015.10.30-07.17.59:107][753]LogModuleManager: Shutting down and abandoning module SteamVR (118)
[2015.10.30-07.17.59:107][753]LogModuleManager: Shutting down and abandoning module ProceduralMeshComponent (117)
[2015.10.30-07.17.59:107][753]LogModuleManager: Shutting down and abandoning module OculusRift (116)
[2015.10.30-07.17.59:108][753]LogModuleManager: Shutting down and abandoning module OculusLibrary (115)
[2015.10.30-07.17.59:108][753]LogModuleManager: Shutting down and abandoning module LeapMotionController (114)
[2015.10.30-07.17.59:222][753]LogModuleManager: Shutting down and abandoning module CustomMeshComponent (113)
[2015.10.30-07.17.59:222][753]LogModuleManager: Shutting down and abandoning module CableComponent (112)
[2015.10.30-07.17.59:223][753]LogModuleManager: Shutting down and abandoning module ArchVisCharacter (111)
[2015.10.30-07.17.59:223][753]LogModuleManager: Shutting down and abandoning module MessagingDebugger (110)
[2015.10.30-07.17.59:227][753]LogModuleManager: Shutting down and abandoning module MediaPlayerEditor (109)
[2015.10.30-07.17.59:229][753]LogModuleManager: Shutting down and abandoning module HTML5Networking (108)
[2015.10.30-07.17.59:229][753]LogModuleManager: Shutting down and abandoning module SpeedTreeImporter (107)
[2015.10.30-07.17.59:229][753]LogModuleManager: Shutting down and abandoning module PluginBrowser (106)
[2015.10.30-07.17.59:231][753]LogModuleManager: Shutting down and abandoning module EpicSurvey (105)
[2015.10.30-07.17.59:238][753]LogModuleManager: Shutting down and abandoning module DesktopPlatform (104)
[2015.10.30-07.17.59:240][753]LogModuleManager: Shutting down and abandoning module VisualStudioSourceCodeAccess (103)
[2015.10.30-07.17.59:242][753]LogModuleManager: Shutting down and abandoning module UObjectPlugin (102)
[2015.10.30-07.17.59:243][753]LogModuleManager: Shutting down and abandoning module SubversionSourceControl (101)
[2015.10.30-07.17.59:244][753]LogModuleManager: Shutting down and abandoning module PerforceSourceControl (100)
[2015.10.30-07.17.59:248][753]LogModuleManager: Shutting down and abandoning module SourceControl (99)
[2015.10.30-07.17.59:248][753]LogModuleManager: Shutting down and abandoning module GitSourceControl (98)
[2015.10.30-07.17.59:249][753]LogModuleManager: Shutting down and abandoning module LightPropagationVolumeEditor (97)
[2015.10.30-07.17.59:249][753]LogModuleManager: Shutting down and abandoning module PaperTiledImporter (96)
[2015.10.30-07.17.59:250][753]LogModuleManager: Shutting down and abandoning module PaperSpriteSheetImporter (95)
[2015.10.30-07.17.59:250][753]LogModuleManager: Shutting down and abandoning module MeshPaint (94)
[2015.10.30-07.17.59:251][753]LogModuleManager: Shutting down and abandoning module SlateReflector (93)
[2015.10.30-07.17.59:252][753]LogModuleManager: Shutting down and abandoning module HotReload (92)
[2015.10.30-07.17.59:255][753]LogModuleManager: Shutting down and abandoning module MainFrame (91)
[2015.10.30-07.17.59:259][753]LogModuleManager: Shutting down and abandoning module LevelEditor (90)
[2015.10.30-07.17.59:292][753]LogModuleManager: Shutting down and abandoning module DirectoryWatcher (89)
[2015.10.30-07.17.59:371][753]LogModuleManager: Shutting down and abandoning module AssetRegistry (88)
[2015.10.30-07.17.59:847][753]LogModuleManager: Shutting down and abandoning module ContentBrowser (87)
[2015.10.30-07.17.59:903][753]LogModuleManager: Shutting down and abandoning module Paper2DEditor (86)
[2015.10.30-07.17.59:910][753]LogModuleManager: Shutting down and abandoning module UdpMessaging (85)
[2015.10.30-07.18.00:011][753]LogModuleManager: Shutting down and abandoning module LightPropagationVolumeRuntime (84)
[2015.10.30-07.18.00:011][753]LogModuleManager: Shutting down and abandoning module Paper2D (83)
[2015.10.30-07.18.00:013][753]LogModuleManager: Shutting down and abandoning module WindowsMoviePlayer (82)
[2015.10.30-07.18.00:063][753]LogModuleManager: Shutting down and abandoning module Media (81)
[2015.10.30-07.18.00:064][753]LogModuleManager: Shutting down and abandoning module WmfMedia (80)
[2015.10.30-07.18.00:068][753]LogModuleManager: Shutting down and abandoning module OnlineBlueprintSupport (79)
[2015.10.30-07.18.00:069][753]LogModuleManager: Shutting down and abandoning module GameplayTasksEditor (78)
[2015.10.30-07.18.00:069][753]LogModuleManager: Shutting down and abandoning module PropertyEditor (77)
[2015.10.30-07.18.00:073][753]LogModuleManager: Shutting down and abandoning module BehaviorTreeEditor (76)
[2015.10.30-07.18.00:074][753]LogModuleManager: Shutting down and abandoning module FunctionalTesting (75)
[2015.10.30-07.18.00:075][753]LogModuleManager: Shutting down and abandoning module CollisionAnalyzer (74)
[2015.10.30-07.18.00:077][753]LogModuleManager: Shutting down and abandoning module WorkspaceMenuStructure (73)
[2015.10.30-07.18.00:080][753]LogModuleManager: Shutting down and abandoning module MessageLog (72)
[2015.10.30-07.18.00:080][753]LogModuleManager: Shutting down and abandoning module Sequencer (71)
[2015.10.30-07.18.00:084][753]LogModuleManager: Shutting down and abandoning module AssetTools (70)
[2015.10.30-07.18.00:088][753]LogModuleManager: Shutting down and abandoning module UMGEditor (69)
[2015.10.30-07.18.00:090][753]LogModuleManager: Shutting down and abandoning module UMG (68)
[2015.10.30-07.18.00:098][753]LogModuleManager: Shutting down and abandoning module Slate (67)
[2015.10.30-07.18.00:098][753]LogModuleManager: Shutting down and abandoning module EditorStyle (66)
[2015.10.30-07.18.00:172][753]LogModuleManager: Shutting down and abandoning module SessionServices (65)
[2015.10.30-07.18.00:172][753]LogModuleManager: Shutting down and abandoning module SourceCodeAccess (64)
[2015.10.30-07.18.00:173][753]LogModuleManager: Shutting down and abandoning module HeadMountedDisplay (63)
[2015.10.30-07.18.00:173][753]LogModuleManager: Shutting down and abandoning module XAudio2 (62)
[2015.10.30-07.18.00:173][753]LogModuleManager: Shutting down and abandoning module Networking (60)
[2015.10.30-07.18.00:174][753]LogModuleManager: Shutting down and abandoning module Core (59)
[2015.10.30-07.18.00:174][753]LogModuleManager: Shutting down and abandoning module KismetCompiler (58)
[2015.10.30-07.18.00:175][753]LogModuleManager: Shutting down and abandoning module PhysXFormats (57)
[2015.10.30-07.18.00:176][753]LogModuleManager: Shutting down and abandoning module MeshUtilities (56)
[2015.10.30-07.18.00:178][753]LogModuleManager: Shutting down and abandoning module CookingStats (55)
[2015.10.30-07.18.00:233][753]LogModuleManager: Shutting down and abandoning module DerivedDataCache (54)
[2015.10.30-07.18.00:276][753]LogDerivedDataCache: Shutdown
[2015.10.30-07.18.00:277][753]LogModuleManager: Shutting down and abandoning module ShaderFormatOpenGL (53)
[2015.10.30-07.18.00:278][753]LogModuleManager: Shutting down and abandoning module ShaderFormatD3D (52)
[2015.10.30-07.18.00:279][753]LogModuleManager: Shutting down and abandoning module MetalShaderFormat (51)
[2015.10.30-07.18.00:280][753]LogModuleManager: Shutting down and abandoning module TextureFormatUncompressed (50)
[2015.10.30-07.18.00:281][753]LogModuleManager: Shutting down and abandoning module TextureFormatPVR (49)
[2015.10.30-07.18.00:282][753]LogModuleManager: Shutting down and abandoning module TextureFormatIntelISPCTexComp (48)
[2015.10.30-07.18.00:283][753]LogModuleManager: Shutting down and abandoning module TextureFormatDXT (47)
[2015.10.30-07.18.00:283][753]LogModuleManager: Shutting down and abandoning module ImageWrapper (46)
[2015.10.30-07.18.00:283][753]LogModuleManager: Shutting down and abandoning module TextureFormatASTC (45)
[2015.10.30-07.18.00:284][753]LogModuleManager: Shutting down and abandoning module TextureFormatAndroid (44)
[2015.10.30-07.18.00:285][753]LogModuleManager: Shutting down and abandoning module AudioFormatOpus (43)
[2015.10.30-07.18.00:286][753]LogModuleManager: Shutting down and abandoning module AudioFormatOgg (42)
[2015.10.30-07.18.00:287][753]LogModuleManager: Shutting down and abandoning module AudioFormatADPCM (41)
[2015.10.30-07.18.00:288][753]LogModuleManager: Shutting down and abandoning module LinuxTargetPlatform (40)
[2015.10.30-07.18.00:290][753]LogModuleManager: Shutting down and abandoning module LinuxServerTargetPlatform (39)
[2015.10.30-07.18.00:291][753]LogModuleManager: Shutting down and abandoning module LinuxNoEditorTargetPlatform (38)
[2015.10.30-07.18.00:292][753]LogModuleManager: Shutting down and abandoning module Messaging (37)
[2015.10.30-07.18.00:292][753]LogModuleManager: Shutting down and abandoning module IOSTargetPlatform (36)
[2015.10.30-07.18.00:293][753]LogModuleManager: Shutting down and abandoning module HTML5TargetPlatform (35)
[2015.10.30-07.18.00:294][753]LogModuleManager: Shutting down and abandoning module Android_PVRTCTargetPlatform (34)
[2015.10.30-07.18.00:294][753]LogModuleManager: Shutting down and abandoning module Android_ETC2TargetPlatform (33)
[2015.10.30-07.18.00:295][753]LogModuleManager: Shutting down and abandoning module Android_ETC1TargetPlatform (32)
[2015.10.30-07.18.00:295][753]LogModuleManager: Shutting down and abandoning module Android_DXTTargetPlatform (31)
[2015.10.30-07.18.00:295][753]LogModuleManager: Shutting down and abandoning module Android_ATCTargetPlatform (30)
[2015.10.30-07.18.00:296][753]LogModuleManager: Shutting down and abandoning module Android_ASTCTargetPlatform (29)
[2015.10.30-07.18.00:296][753]LogModuleManager: Shutting down and abandoning module AndroidTargetPlatform (28)
[2015.10.30-07.18.00:297][753]LogModuleManager: Shutting down and abandoning module WindowsTargetPlatform (27)
[2015.10.30-07.18.00:299][753]LogModuleManager: Shutting down and abandoning module WindowsServerTargetPlatform (26)
[2015.10.30-07.18.00:301][753]LogModuleManager: Shutting down and abandoning module WindowsNoEditorTargetPlatform (25)
[2015.10.30-07.18.00:302][753]LogModuleManager: Shutting down and abandoning module WindowsClientTargetPlatform (24)
[2015.10.30-07.18.00:303][753]LogModuleManager: Shutting down and abandoning module AllDesktopTargetPlatform (23)
[2015.10.30-07.18.00:304][753]LogModuleManager: Shutting down and abandoning module TargetPlatform (22)
[2015.10.30-07.18.00:308][753]LogModuleManager: Shutting down and abandoning module InputCore (21)
[2015.10.30-07.18.00:308][753]LogModuleManager: Shutting down and abandoning module Settings (20)
[2015.10.30-07.18.00:309][753]LogModuleManager: Shutting down and abandoning module OnlineSubsystem (18)
[2015.10.30-07.18.00:309][753]LogModuleManager: Shutting down and abandoning module HTTP (17)
[2015.10.30-07.18.02:319][753]LogModuleManager: Shutting down and abandoning module XMPP (16)
[2015.10.30-07.18.02:325][753]LogModuleManager: Shutting down and abandoning module ExampleDeviceProfileSelector (15)
[2015.10.30-07.18.02:325][753]LogModuleManager: Shutting down and abandoning module TextureCompressor (14)
[2015.10.30-07.18.02:726][753]LogModuleManager: Shutting down and abandoning module ShaderCore (13)
[2015.10.30-07.18.02:727][753]LogModuleManager: Shutting down and abandoning module Landscape (12)
[2015.10.30-07.18.02:803][753]LogModuleManager: Shutting down and abandoning module SlateRHIRenderer (11)
[2015.10.30-07.18.03:182][753]LogModuleManager: Shutting down and abandoning module OpenGLDrv (10)
[2015.10.30-07.18.03:184][753]LogModuleManager: Shutting down and abandoning module D3D11RHI (9)
[2015.10.30-07.18.03:184][753]LogModuleManager: Shutting down and abandoning module AnimGraphRuntime (8)
[2015.10.30-07.18.03:185][753]LogModuleManager: Shutting down and abandoning module Renderer (7)
[2015.10.30-07.18.03:186][753]LogModuleManager: Shutting down and abandoning module Engine (6)
[2015.10.30-07.18.03:187][753]LogModuleManager: Shutting down and abandoning module CoreUObject (5)
[2015.10.30-07.18.03:187][753]LogModuleManager: Shutting down and abandoning module NetworkFile (4)
[2015.10.30-07.18.03:188][753]LogModuleManager: Shutting down and abandoning module StreamingFile (3)
[2015.10.30-07.18.03:189][753]LogModuleManager: Shutting down and abandoning module SandboxFile (2)
[2015.10.30-07.18.03:191][753]LogModuleManager: Shutting down and abandoning module PakFile (1)
[2015.10.30-07.18.03:218][753]LogExit: Exiting.
[2015.10.30-07.18.03:756][753]Log file closed, 10/30/15 03:18:03
