[2015.10.30-18.54.56:788][  0]Log file open, 10/30/15 14:54:56
[2015.10.30-18.54.56:788][  0]LogInit:Display: Running engine for game: MyProject
[2015.10.30-18.54.56:788][  0]LogInit:Display: RandInit(1366948152) SRandInit(1366948153).
[2015.10.30-18.54.56:788][  0]LogTaskGraph: Started task graph with 4 named threads and 5 total threads.
[2015.10.30-18.54.56:788][  0]LogStats: Stats thread started at 0.856911
[2015.10.30-18.54.56:788][  0]LogInit: Version: 4.9.2-2707645+++depot+UE4-Releases+4.9
[2015.10.30-18.54.56:788][  0]LogInit: API Version: 2672455
[2015.10.30-18.54.56:788][  0]LogInit: Compiled (64-bit): Sep 28 2015 10:25:44
[2015.10.30-18.54.56:788][  0]LogInit: Compiled with Visual C++: 18.00.21005.01
[2015.10.30-18.54.56:788][  0]LogInit: Build Configuration: Development
[2015.10.30-18.54.56:788][  0]LogInit: Branch Name: ++depot+UE4-Releases+4.9
[2015.10.30-18.54.56:788][  0]LogInit: Command line:  
[2015.10.30-18.54.56:788][  0]LogInit: Base directory: D:/Epic Games/4.9/Engine/Binaries/Win64/
[2015.10.30-18.54.56:788][  0]LogInit: Rocket: 1
[2015.10.30-18.54.56:842][  0]LogInit: Using libcurl 7.41.0
[2015.10.30-18.54.56:842][  0]LogInit:  - built for x86_64-pc-win32
[2015.10.30-18.54.56:842][  0]LogInit:  - supports SSL with WinSSL
[2015.10.30-18.54.56:842][  0]LogInit:  - other features:
[2015.10.30-18.54.56:842][  0]LogInit:      CURL_VERSION_SSL
[2015.10.30-18.54.56:842][  0]LogInit:      CURL_VERSION_IPV6
[2015.10.30-18.54.56:842][  0]LogInit:      CURL_VERSION_ASYNCHDNS
[2015.10.30-18.54.56:842][  0]LogInit:      CURL_VERSION_LARGEFILE
[2015.10.30-18.54.56:842][  0]LogInit:      CURL_VERSION_IDN
[2015.10.30-18.54.56:844][  0]LogInit:  CurlRequestOptions (configurable via config and command line):
[2015.10.30-18.54.56:844][  0]LogInit:  - bVerifyPeer = true  - Libcurl will verify peer certificate
[2015.10.30-18.54.56:844][  0]LogInit:  - bUseHttpProxy = false  - Libcurl will NOT use HTTP proxy
[2015.10.30-18.54.56:845][  0]LogInit:  - bDontReuseConnections = false  - Libcurl will reuse connections
[2015.10.30-18.54.56:845][  0]LogInit:  - CertBundlePath = nullptr  - Libcurl will use whatever was configured at build time.
[2015.10.30-18.54.56:900][  0]LogInit: Presizing for 0 objects not considered by GC, pre-allocating 0 bytes.
[2015.10.30-18.54.56:946][  0]LogInit: Object subsystem initialized
[2015.10.30-18.54.56:973][  0]LogInit: Selected Device Profile: [Windows]
[2015.10.30-18.54.56:973][  0]LogInit: Applying CVar settings loaded from the selected device profile: [Windows]
[2015.10.30-18.54.57:032][  0]LogInit: Computer: IDEA-PC
[2015.10.30-18.54.57:032][  0]LogInit: User: lenovopc
[2015.10.30-18.54.57:032][  0]LogInit: CPU Page size=4096, Cores=2
[2015.10.30-18.54.57:033][  0]LogInit: High frequency timer resolution =1.656392 MHz
[2015.10.30-18.54.57:033][  0]LogMemory: Memory total: Physical=3.9GB (4GB approx)
[2015.10.30-18.54.57:033][  0]LogMemory: Platform Memory Stats for Windows
[2015.10.30-18.54.57:033][  0]LogMemory: Process Physical Memory: 52.48 MB used, 52.48 MB peak
[2015.10.30-18.54.57:033][  0]LogMemory: Process Virtual Memory: 56.95 MB used, 56.95 MB peak
[2015.10.30-18.54.57:033][  0]LogMemory: Physical Memory: 1974.40 MB used, 3975.27 MB total
[2015.10.30-18.54.57:033][  0]LogMemory: Virtual Memory: 343.50 MB used, 8388608.00 MB total
[2015.10.30-18.54.57:433][  0]LogTextLocalizationManager: No specific translations for ('en-US') exist, so ('en') translations will be used.
[2015.10.30-18.55.00:932][  0]LogD3D11RHI: Found D3D11 adapter 0: Intel(R) HD Graphics 4000 (Feature Level 11_0)
[2015.10.30-18.55.00:933][  0]LogD3D11RHI: Adapter has 32MB of dedicated video memory, 0MB of dedicated system memory, and 1632MB of shared system memory, 1 output[s]
[2015.10.30-18.55.00:936][  0]LogD3D11RHI: Found D3D11 adapter 1: Microsoft Basic Render Driver (Feature Level 11_0)
[2015.10.30-18.55.00:937][  0]LogD3D11RHI: Adapter has 0MB of dedicated video memory, 0MB of dedicated system memory, and 256MB of shared system memory, 0 output[s]
[2015.10.30-18.55.00:937][  0]LogD3D11RHI: Chosen D3D11 Adapter Id = 0
[2015.10.30-18.55.00:965][  0]LogD3D11RHI: !Direct3DDevice
[2015.10.30-18.55.00:967][  0]LogRHI: Texture pool is 593 MB (70% of 848 MB)
[2015.10.30-18.55.00:973][  0]LogD3D11RHI: Async texture creation enabled
[2015.10.30-18.55.01:063][  0]LogShaderCompilers: Guid format shader working directory is 15 characters bigger than the processId version (C:/Users/lenovo-pc/Desktop/Game-Design-Project/TestLevel/Intermediate/Shaders/WorkingDirectory/1388/).
[2015.10.30-18.55.01:064][  0]LogShaderCompilers: Cleaned the shader compiler working directory 'C:/Users/lenovo-pc/Desktop/Game-Design-Project/TestLevel/Intermediate/Shaders/tmp/C8197E8C4B3300B03F9678B2F5E3E8A5/'.
[2015.10.30-18.55.01:064][  0]LogShaderCompilers:Display: Using Local Shader Compiler.
[2015.10.30-18.55.07:895][  0]LogTemp:Display: Loaded TP AllDesktopTargetPlatform
[2015.10.30-18.55.07:919][  0]LogTemp:Display: Loaded TP WindowsClientTargetPlatform
[2015.10.30-18.55.07:943][  0]LogTemp:Display: Loaded TP WindowsNoEditorTargetPlatform
[2015.10.30-18.55.07:968][  0]LogTemp:Display: Loaded TP WindowsServerTargetPlatform
[2015.10.30-18.55.07:992][  0]LogTemp:Display: Loaded TP WindowsTargetPlatform
[2015.10.30-18.55.08:010][  0]LogTemp:Display: Loaded TP AndroidTargetPlatform
[2015.10.30-18.55.08:028][  0]LogTemp:Display: Loaded TP Android_ASTCTargetPlatform
[2015.10.30-18.55.08:045][  0]LogTemp:Display: Loaded TP Android_ATCTargetPlatform
[2015.10.30-18.55.08:063][  0]LogTemp:Display: Loaded TP Android_DXTTargetPlatform
[2015.10.30-18.55.08:081][  0]LogTemp:Display: Loaded TP Android_ETC1TargetPlatform
[2015.10.30-18.55.08:098][  0]LogTemp:Display: Loaded TP Android_ETC2TargetPlatform
[2015.10.30-18.55.08:117][  0]LogTemp:Display: Loaded TP Android_PVRTCTargetPlatform
[2015.10.30-18.55.08:123][  0]LogTemp:Display: Loaded TP HTML5TargetPlatform
[2015.10.30-18.55.08:175][  0]LogTemp:Display: Loaded TP IOSTargetPlatform
[2015.10.30-18.55.08:191][  0]LogTemp:Display: Loaded TP LinuxNoEditorTargetPlatform
[2015.10.30-18.55.08:207][  0]LogTemp:Display: Loaded TP LinuxServerTargetPlatform
[2015.10.30-18.55.08:226][  0]LogTemp:Display: Loaded TP LinuxTargetPlatform
[2015.10.30-18.55.08:227][  0]LogTargetPlatformManager:Display: Building Assets For Windows
[2015.10.30-18.55.08:831][  0]LogDerivedDataCache:Display: Max Cache Size: 512 MB
[2015.10.30-18.55.09:157][  0]LogDerivedDataCache: Loaded boot cache 0.32s 41MB C:/Users/lenovo-pc/AppData/Local/UnrealEngine/4.9/DerivedDataCache/Boot.ddc.
[2015.10.30-18.55.09:157][  0]LogDerivedDataCache:Display: Loaded Boot cache: C:/Users/lenovo-pc/AppData/Local/UnrealEngine/4.9/DerivedDataCache/Boot.ddc
[2015.10.30-18.55.09:157][  0]LogDerivedDataCache: FDerivedDataBackendGraph:  Pak pak cache file C:/Users/lenovo-pc/Desktop/Game-Design-Project/TestLevel/DerivedDataCache/DDC.ddp not found, will not use a pak cache.
[2015.10.30-18.55.09:157][  0]LogDerivedDataCache: Unable to find inner node Pak for hierarchical cache Hierarchy.
[2015.10.30-18.55.09:157][  0]LogDerivedDataCache: FDerivedDataBackendGraph:  CompressedPak pak cache file C:/Users/lenovo-pc/Desktop/Game-Design-Project/TestLevel/DerivedDataCache/Compressed.ddp not found, will not use a pak cache.
[2015.10.30-18.55.09:157][  0]LogDerivedDataCache: Unable to find inner node CompressedPak for hierarchical cache Hierarchy.
[2015.10.30-18.55.09:892][  0]LogDerivedDataCache:Display: Pak cache opened for reading ../../../Engine/DerivedDataCache/Compressed.ddp.
[2015.10.30-18.55.09:913][  0]LogDerivedDataCache: Using Local data cache path C:/Users/lenovo-pc/AppData/Local/UnrealEngine/Common/DerivedDataCache: Writable
[2015.10.30-18.55.11:724][  0]LogInit: Selected Device Profile: [Windows]
[2015.10.30-18.55.11:754][  0]LogContentStreaming: Texture pool size is 0.000000MB
[2015.10.30-18.55.12:557][  0]LogMeshUtilities: No automatic mesh reduction module available
[2015.10.30-18.55.12:557][  0]LogMeshUtilities: No automatic mesh merging module available
[2015.10.30-18.55.14:155][  0]LogInit: WinSock: version 1.1 (2.2), MaxSocks=32767, MaxUdp=65467
[2015.10.30-18.55.19:382][  0]UdpMessaging: Initializing bridge on interface 0.0.0.0:0 to multicast group 230.0.0.1:6666.
[2015.10.30-18.55.19:694][  0]LogAssetRegistry: FAssetRegistry took 0.0157 seconds to start up
[2015.10.30-18.55.20:798][  0]SourceControl: Info Source control is disabled
[2015.10.30-18.55.21:820][  0]LogLinker:Warning: Asset '../../../Engine/Plugins/Runtime/LeapMotionController/Content/LM_PassthroughMaterial.uasset' has been saved with empty engine version. The asset will be loaded but may be incompatible.
[2015.10.30-18.55.22:215][  0]LogObj: 28361 objects as part of root set at end of initial load.
[2015.10.30-18.55.22:215][  0]LogUObjectAllocator: 6038872 out of 0 bytes used by permanent object pool.
[2015.10.30-18.55.22:541][  0]LogEngine: Initializing Engine...
[2015.10.30-18.55.22:554][  0]LogHMD: Can't find Oculus library dev build: is proper Runtime installed? Version: 0.7.0.0
[2015.10.30-18.55.22:571][  0]LogHMD: SteamVR failed to initialize.  Err: 110
[2015.10.30-18.55.23:346][  0]LogAIModule: Creating AISystem for world NewWorld
[2015.10.30-18.55.23:406][  0]LogInit: XAudio2 using '扬声器 (Conexant SmartAudio HD)' : 2 channels at 44.1 kHz using 16 bits per sample (channel mask 0x3)
[2015.10.30-18.55.23:659][  0]LogInit: FAudioDevice initialized.
[2015.10.30-18.55.23:728][  0]LogDerivedDataCache: Saved boot cache 0.07s 41MB C:/Users/lenovo-pc/AppData/Local/UnrealEngine/4.9/DerivedDataCache/Boot.ddc.
[2015.10.30-18.55.23:738][  0]LogInit: Texture streaming: Enabled
[2015.10.30-18.55.23:767][  0]LogAnalytics: Creating configured Analytics provider AnalyticsET
[2015.10.30-18.55.23:768][  0]LogAnalytics: [UEEditor.Rocket.Release] APIServer = http://et2.epicgames.com/ET2/. AppVersion = 4.9.2-2707645+++depot+UE4-Releases+4.9
[2015.10.30-18.55.23:768][  0]LogAnalytics: [UEEditor.Rocket.Release] SetUserId 5050c46d410a721ffb73149eef914dbe|c10d342a545c424996c5a96657dd3caa|026f7912-4267-4fe7-8726-f5173afcf146
[2015.10.30-18.55.23:770][  0]LogAnalytics: [UEEditor.Rocket.Release] AnalyticsET::StartSession
[2015.10.30-18.55.23:856][  0]LogWindowsTextInputMethodSystem:Display: IME system now deactivated.
[2015.10.30-18.55.23:856][  0]LogWindowsTextInputMethodSystem:Display: IME system now deactivated.
[2015.10.30-18.55.23:995][  0]LogInit: Transaction tracking system initialized
[2015.10.30-18.55.24:408][  0]BlueprintLog: New page: Editor Load
[2015.10.30-18.55.25:138][  0]LocalizationService: Info Localization service is disabled
[2015.10.30-18.55.26:366][  0]LogConsoleResponse:Display: 
[2015.10.30-18.55.27:323][  0]LogCook:Display: Done creating registry. It took  0.00s.
[2015.10.30-18.55.27:823][  0]LogFileCache: Scanning file cache for directory 'C:/Users/lenovo-pc/Desktop/Game-Design-Project/TestLevel/Content/' took 0.04s
[2015.10.30-18.55.27:910][  0]Cmd: MAP LOAD FILE="C:/Users/lenovo-pc/Desktop/Game-Design-Project/TestLevel/Content/FirstPersonBP/Maps/FirstPersonExampleMap.umap" TEMPLATE=0 SHOWPROGRESS=1 FEATURELEVEL=3
[2015.10.30-18.55.27:919][  0]LightingResults: New page: Lighting Build
[2015.10.30-18.55.27:962][  0]MapCheck: New page: Map Check
[2015.10.30-18.55.27:962][  0]LightingResults: New page: Lighting Build
[2015.10.30-18.55.28:102][  0]LogParticles: Destroying 0 GPU particle simulations for FXSystem 0x000000636196A160
[2015.10.30-18.55.37:868][  0]LogAIModule: Creating AISystem for world FirstPersonExampleMap
[2015.10.30-18.55.38:407][  0]LogEditorServer: Finished looking for orphan Actors (0.001 secs)
[2015.10.30-18.55.38:451][  0]Cmd: MAP CHECKDEP NOCLEARLOG
[2015.10.30-18.55.38:913][  0]MapCheck: Info Map check complete: 0 Error(s), 0 Warning(s), took 460.613ms to complete.
[2015.10.30-18.55.39:174][  0]LogFileHelpers: Loading map 'FirstPersonExampleMap' took 11.267
[2015.10.30-18.55.39:756][  0]LogCollectionManager: Loaded 0 collections in 0.015587 seconds
[2015.10.30-18.55.39:886][  0]LogFileCache: Scanning file cache for directory 'C:/Users/lenovo-pc/Desktop/Game-Design-Project/TestLevel/Saved/Collections/' took 0.01s
[2015.10.30-18.55.39:886][  0]LogFileCache: Scanning file cache for directory 'C:/Users/lenovo-pc/Desktop/Game-Design-Project/TestLevel/Content/Developers/lenovopc/Collections/' took 0.01s
[2015.10.30-18.55.39:886][  0]LogFileCache: Scanning file cache for directory 'C:/Users/lenovo-pc/Desktop/Game-Design-Project/TestLevel/Content/Collections/' took 0.01s
[2015.10.30-18.55.39:886][  0]LogContentBrowser: Native class hierarchy populated in 0.0490 seconds. Added 1867 classes and 333 folders.
[2015.10.30-18.55.39:947][  0]LogCollectionManager: Rebuilt the GUID cache for 0 collections in 0.000010 seconds
[2015.10.30-18.55.39:992][  0]LogContentBrowser: Native class hierarchy updated for 'WidgetCarousel' in 0.0017 seconds. Added 0 classes and 0 folders.
[2015.10.30-18.55.40:515][  0]LogContentBrowser: Native class hierarchy updated for 'AddContentDialog' in 0.0012 seconds. Added 0 classes and 0 folders.
[2015.10.30-18.55.40:544][  0]LogContentBrowser: Native class hierarchy updated for 'SceneOutliner' in 0.0018 seconds. Added 1 classes and 2 folders.
[2015.10.30-18.55.40:746][  0]LogCrashTracker: Crashtracker disabled due to settings.
[2015.10.30-18.55.40:795][  0]LogUObjectGlobals:Warning: Failed to find object 'Class None.'
[2015.10.30-18.55.40:828][  0]LogLoad: Full Startup: 47.20 seconds (BP compile: 3.02 seconds)
[2015.10.30-18.55.40:853][  0]LoadErrors:Error: Error /Game/FirstPersonBP/Maps/FirstPersonExampleMap : Failed import for CurveVector /Game/FirstPersonBP/Blueprints/Actors/platformLv1LtoR.platformLv1LtoR_C:CurveVector_0_1__BC5354AB__14C309B6__4F2AB83B
[2015.10.30-18.55.41:076][  0]LogContentStreaming: Texture pool size now 200 MB
[2015.10.30-18.55.41:707][  0]LogRenderer: Reallocating scene render targets to support 896x444 (Frame:2).
[2015.10.30-18.55.54:343][ 25]LogAssetRegistry: Asset discovery search completed in 34.6628 seconds
[2015.10.30-18.55.54:344][ 25]LogCollectionManager: Rebuilt the object cache for 0 collections in 0.000005 seconds (found 0 objects)
[2015.10.30-18.55.54:345][ 25]LogCollectionManager: Fixed up redirectors for 0 collections in 0.001011 seconds (updated 0 objects)
[2015.10.30-20.44.51:400][ 20]LogActorComponent: UnregisterComponent: (/Engine/Transient.ProjectileMovementComponent_40__A6522401) Not registered. Aborting.
[2015.10.30-20.44.53:533][ 20]LogWindowsTextInputMethodSystem:Display: IME system now deactivated.
[2015.10.30-20.44.53:536][ 20]LogWindowsTextInputMethodSystem:Display: IME system now deactivated.
[2015.10.30-20.44.55:326][ 21]Cmd: QUIT_EDITOR
[2015.10.30-20.44.56:868][ 21]LogExit: Preparing to exit.
[2015.10.30-20.45.00:696][ 21]LogExit: Editor shut down
[2015.10.30-20.45.00:710][ 21]LogExit: Transaction tracking system shut down
[2015.10.30-20.45.00:853][ 21]LogParticles: Destroying 0 GPU particle simulations for FXSystem 0x0000006366097E20
[2015.10.30-20.45.02:440][ 21]LogParticles: Destroying 0 GPU particle simulations for FXSystem 0x0000006369480A40
[2015.10.30-20.45.02:440][ 21]LogParticles: Destroying 0 GPU particle simulations for FXSystem 0x00000063698F9300
[2015.10.30-20.45.02:440][ 21]LogParticles: Destroying 0 GPU particle simulations for FXSystem 0x0000006371254B80
[2015.10.30-20.45.02:440][ 21]LogExit: Object subsystem successfully closed.
[2015.10.30-20.45.02:759][ 21]LogD3D11RHI: Shutdown
[2015.10.30-20.45.02:759][ 21]LogD3D11RHI: CleanupD3DDevice
[2015.10.30-20.45.03:131][ 21]LogD3D11RHI: ~FD3D11DynamicRHI
[2015.10.30-20.45.03:386][ 21]LogModuleManager: Shutting down and abandoning module CrashTracker (197)
[2015.10.30-20.45.03:388][ 21]LogModuleManager: Shutting down and abandoning module SceneOutliner (196)
[2015.10.30-20.45.03:389][ 21]LogModuleManager: Shutting down and abandoning module SuperSearch (195)
[2015.10.30-20.45.03:389][ 21]LogModuleManager: Shutting down and abandoning module WidgetCarousel (194)
[2015.10.30-20.45.03:390][ 21]LogModuleManager: Shutting down and abandoning module AddContentDialog (193)
[2015.10.30-20.45.03:463][ 21]LogModuleManager: Shutting down and abandoning module EditorWidgets (192)
[2015.10.30-20.45.03:464][ 21]LogModuleManager: Shutting down and abandoning module CollectionManager (191)
[2015.10.30-20.45.03:467][ 21]LogModuleManager: Shutting down and abandoning module StatsViewer (190)
[2015.10.30-20.45.03:469][ 21]LogModuleManager: Shutting down and abandoning module FoliageEdit (189)
[2015.10.30-20.45.03:470][ 21]LogModuleManager: Shutting down and abandoning module LandscapeEditor (188)
[2015.10.30-20.45.03:482][ 21]LogModuleManager: Shutting down and abandoning module ActorPickerMode (187)
[2015.10.30-20.45.03:482][ 21]LogModuleManager: Shutting down and abandoning module GeometryMode (186)
[2015.10.30-20.45.03:483][ 21]LogModuleManager: Shutting down and abandoning module TextureAlignMode (185)
[2015.10.30-20.45.03:483][ 21]LogModuleManager: Shutting down and abandoning module BspMode (184)
[2015.10.30-20.45.03:483][ 21]LogModuleManager: Shutting down and abandoning module PlacementMode (183)
[2015.10.30-20.45.03:483][ 21]LogModuleManager: Shutting down and abandoning module AutomationWorker (182)
[2015.10.30-20.45.03:485][ 21]LogModuleManager: Shutting down and abandoning module CharacterAI (181)
[2015.10.30-20.45.03:485][ 21]LogModuleManager: Shutting down and abandoning module SmartSnapping (180)
[2015.10.30-20.45.03:485][ 21]LogModuleManager: Shutting down and abandoning module ViewportSnapping (179)
[2015.10.30-20.45.03:486][ 21]LogModuleManager: Shutting down and abandoning module LogVisualizer (178)
[2015.10.30-20.45.03:493][ 21]LogModuleManager: Shutting down and abandoning module GameProjectGeneration (177)
[2015.10.30-20.45.03:496][ 21]LogModuleManager: Shutting down and abandoning module IntroTutorials (176)
[2015.10.30-20.45.03:502][ 21]LogModuleManager: Shutting down and abandoning module EditorLiveStreaming (175)
[2015.10.30-20.45.03:502][ 21]LogModuleManager: Shutting down and abandoning module IOSPlatformEditor (174)
[2015.10.30-20.45.03:503][ 21]LogModuleManager: Shutting down and abandoning module HTML5PlatformEditor (173)
[2015.10.30-20.45.03:503][ 21]LogModuleManager: Shutting down and abandoning module AndroidDeviceDetection (172)
[2015.10.30-20.45.03:787][ 21]LogModuleManager: Shutting down and abandoning module AndroidPlatformEditor (171)
[2015.10.30-20.45.03:787][ 21]LogModuleManager: Shutting down and abandoning module IOSRuntimeSettings (170)
[2015.10.30-20.45.03:787][ 21]LogModuleManager: Shutting down and abandoning module AndroidRuntimeSettings (169)
[2015.10.30-20.45.03:787][ 21]LogModuleManager: Shutting down and abandoning module MergeActors (168)
[2015.10.30-20.45.03:789][ 21]LogModuleManager: Shutting down and abandoning module SizeMap (167)
[2015.10.30-20.45.03:789][ 21]LogModuleManager: Shutting down and abandoning module TreeMap (166)
[2015.10.30-20.45.03:791][ 21]LogModuleManager: Shutting down and abandoning module ReferenceViewer (165)
[2015.10.30-20.45.03:791][ 21]LogModuleManager: Shutting down and abandoning module LocalizationService (164)
[2015.10.30-20.45.03:792][ 21]LogModuleManager: Shutting down and abandoning module LocalizationDashboard (163)
[2015.10.30-20.45.03:796][ 21]LogModuleManager: Shutting down and abandoning module HardwareTargeting (162)
[2015.10.30-20.45.03:796][ 21]LogModuleManager: Shutting down and abandoning module DeviceProfileEditor (161)
[2015.10.30-20.45.03:798][ 21]LogModuleManager: Shutting down and abandoning module UndoHistory (160)
[2015.10.30-20.45.03:799][ 21]LogModuleManager: Shutting down and abandoning module GameplayTagsEditor (159)
[2015.10.30-20.45.03:800][ 21]LogModuleManager: Shutting down and abandoning module UserFeedback (158)
[2015.10.30-20.45.03:800][ 21]LogModuleManager: Shutting down and abandoning module XmlParser (157)
[2015.10.30-20.45.03:800][ 21]LogModuleManager: Shutting down and abandoning module Blutility (156)
[2015.10.30-20.45.03:801][ 21]LogModuleManager: Shutting down and abandoning module ProjectTargetPlatformEditor (155)
[2015.10.30-20.45.03:803][ 21]LogModuleManager: Shutting down and abandoning module ProjectSettingsViewer (154)
[2015.10.30-20.45.03:804][ 21]LogModuleManager: Shutting down and abandoning module InputBindingEditor (153)
[2015.10.30-20.45.03:809][ 21]LogModuleManager: Shutting down and abandoning module EditorSettingsViewer (152)
[2015.10.30-20.45.03:810][ 21]LogModuleManager: Shutting down and abandoning module SettingsEditor (151)
[2015.10.30-20.45.03:813][ 21]LogModuleManager: Shutting down and abandoning module ProjectLauncher (150)
[2015.10.30-20.45.03:814][ 21]LogModuleManager: Shutting down and abandoning module SessionFrontend (149)
[2015.10.30-20.45.03:816][ 21]LogModuleManager: Shutting down and abandoning module ProfilerClient (148)
[2015.10.30-20.45.03:817][ 21]LogModuleManager: Shutting down and abandoning module TargetDeviceServices (147)
[2015.10.30-20.45.03:818][ 21]LogModuleManager: Shutting down and abandoning module DeviceManager (146)
[2015.10.30-20.45.03:822][ 21]LogModuleManager: Shutting down and abandoning module AutomationController (145)
[2015.10.30-20.45.03:825][ 21]LogModuleManager: Shutting down and abandoning module AutomationWindow (144)
[2015.10.30-20.45.03:826][ 21]LogModuleManager: Shutting down and abandoning module Layers (143)
[2015.10.30-20.45.03:831][ 21]LogModuleManager: Shutting down and abandoning module ComponentVisualizers (142)
[2015.10.30-20.45.03:831][ 21]LogModuleManager: Shutting down and abandoning module DetailCustomizations (141)
[2015.10.30-20.45.03:837][ 21]LogModuleManager: Shutting down and abandoning module PackagesDialog (140)
[2015.10.30-20.45.03:839][ 21]LogModuleManager: Shutting down and abandoning module Persona (139)
[2015.10.30-20.45.03:846][ 21]LogModuleManager: Shutting down and abandoning module Kismet (138)
[2015.10.30-20.45.03:853][ 21]LogModuleManager: Shutting down and abandoning module GraphEditor (137)
[2015.10.30-20.45.03:858][ 21]LogModuleManager: Shutting down and abandoning module ClassViewer (136)
[2015.10.30-20.45.03:859][ 21]LogModuleManager: Shutting down and abandoning module Toolbox (135)
[2015.10.30-20.45.03:860][ 21]LogModuleManager: Shutting down and abandoning module ModuleUI (134)
[2015.10.30-20.45.03:861][ 21]LogModuleManager: Shutting down and abandoning module MovieSceneTools (133)
[2015.10.30-20.45.03:865][ 21]LogModuleManager: Shutting down and abandoning module OutputLog (132)
[2015.10.30-20.45.03:865][ 21]LogModuleManager: Shutting down and abandoning module GammaUI (131)
[2015.10.30-20.45.03:866][ 21]LogModuleManager: Shutting down and abandoning module Documentation (130)
[2015.10.30-20.45.03:868][ 21]LogModuleManager: Shutting down and abandoning module GameLiveStreaming (129)
[2015.10.30-20.45.03:869][ 21]LogModuleManager: Shutting down and abandoning module StreamingPauseRendering (128)
[2015.10.30-20.45.03:870][ 21]LogModuleManager: Shutting down and abandoning module AnalyticsET (127)
[2015.10.30-20.45.03:870][ 21]LogModuleManager: Shutting down and abandoning module Analytics (126)
[2015.10.30-20.45.03:870][ 21]LogModuleManager: Shutting down and abandoning module AITestSuite (125)
[2015.10.30-20.45.03:871][ 21]LogModuleManager: Shutting down and abandoning module GameplayDebugger (124)
[2015.10.30-20.45.03:872][ 21]LogModuleManager: Shutting down and abandoning module AIModule (123)
[2015.10.30-20.45.03:872][ 21]LogModuleManager: Shutting down and abandoning module ProfilerService (122)
[2015.10.30-20.45.04:050][ 21]LogModuleManager: Shutting down and abandoning module TaskGraph (121)
[2015.10.30-20.45.04:053][ 21]LogModuleManager: Shutting down and abandoning module SlateRemote (120)
[2015.10.30-20.45.04:053][ 21]LogModuleManager: Shutting down and abandoning module SteamVRController (119)
[2015.10.30-20.45.04:053][ 21]LogModuleManager: Shutting down and abandoning module SteamVR (118)
[2015.10.30-20.45.04:053][ 21]LogModuleManager: Shutting down and abandoning module ProceduralMeshComponent (117)
[2015.10.30-20.45.04:053][ 21]LogModuleManager: Shutting down and abandoning module OculusRift (116)
[2015.10.30-20.45.04:055][ 21]LogModuleManager: Shutting down and abandoning module OculusLibrary (115)
[2015.10.30-20.45.04:055][ 21]LogModuleManager: Shutting down and abandoning module LeapMotionController (114)
[2015.10.30-20.45.04:150][ 21]LogModuleManager: Shutting down and abandoning module CustomMeshComponent (113)
[2015.10.30-20.45.04:150][ 21]LogModuleManager: Shutting down and abandoning module CableComponent (112)
[2015.10.30-20.45.04:150][ 21]LogModuleManager: Shutting down and abandoning module ArchVisCharacter (111)
[2015.10.30-20.45.04:150][ 21]LogModuleManager: Shutting down and abandoning module MessagingDebugger (110)
[2015.10.30-20.45.04:154][ 21]LogModuleManager: Shutting down and abandoning module MediaPlayerEditor (109)
[2015.10.30-20.45.04:156][ 21]LogModuleManager: Shutting down and abandoning module HTML5Networking (108)
[2015.10.30-20.45.04:156][ 21]LogModuleManager: Shutting down and abandoning module SpeedTreeImporter (107)
[2015.10.30-20.45.04:156][ 21]LogModuleManager: Shutting down and abandoning module PluginBrowser (106)
[2015.10.30-20.45.04:160][ 21]LogModuleManager: Shutting down and abandoning module EpicSurvey (105)
[2015.10.30-20.45.04:165][ 21]LogModuleManager: Shutting down and abandoning module DesktopPlatform (104)
[2015.10.30-20.45.04:167][ 21]LogModuleManager: Shutting down and abandoning module VisualStudioSourceCodeAccess (103)
[2015.10.30-20.45.04:169][ 21]LogModuleManager: Shutting down and abandoning module UObjectPlugin (102)
[2015.10.30-20.45.04:169][ 21]LogModuleManager: Shutting down and abandoning module SubversionSourceControl (101)
[2015.10.30-20.45.04:172][ 21]LogModuleManager: Shutting down and abandoning module PerforceSourceControl (100)
[2015.10.30-20.45.04:176][ 21]LogModuleManager: Shutting down and abandoning module SourceControl (99)
[2015.10.30-20.45.04:180][ 21]LogModuleManager: Shutting down and abandoning module GitSourceControl (98)
[2015.10.30-20.45.04:182][ 21]LogModuleManager: Shutting down and abandoning module LightPropagationVolumeEditor (97)
[2015.10.30-20.45.04:182][ 21]LogModuleManager: Shutting down and abandoning module PaperTiledImporter (96)
[2015.10.30-20.45.04:182][ 21]LogModuleManager: Shutting down and abandoning module PaperSpriteSheetImporter (95)
[2015.10.30-20.45.04:183][ 21]LogModuleManager: Shutting down and abandoning module MeshPaint (94)
[2015.10.30-20.45.04:184][ 21]LogModuleManager: Shutting down and abandoning module SlateReflector (93)
[2015.10.30-20.45.04:185][ 21]LogModuleManager: Shutting down and abandoning module HotReload (92)
[2015.10.30-20.45.04:193][ 21]LogModuleManager: Shutting down and abandoning module MainFrame (91)
[2015.10.30-20.45.04:196][ 21]LogModuleManager: Shutting down and abandoning module LevelEditor (90)
[2015.10.30-20.45.04:220][ 21]LogModuleManager: Shutting down and abandoning module DirectoryWatcher (89)
[2015.10.30-20.45.04:236][ 21]LogModuleManager: Shutting down and abandoning module AssetRegistry (88)
[2015.10.30-20.45.07:701][ 21]LogModuleManager: Shutting down and abandoning module ContentBrowser (87)
[2015.10.30-20.45.07:719][ 21]LogModuleManager: Shutting down and abandoning module Paper2DEditor (86)
[2015.10.30-20.45.07:722][ 21]LogModuleManager: Shutting down and abandoning module UdpMessaging (85)
[2015.10.30-20.45.07:824][ 21]LogModuleManager: Shutting down and abandoning module LightPropagationVolumeRuntime (84)
[2015.10.30-20.45.07:824][ 21]LogModuleManager: Shutting down and abandoning module Paper2D (83)
[2015.10.30-20.45.07:825][ 21]LogModuleManager: Shutting down and abandoning module WindowsMoviePlayer (82)
[2015.10.30-20.45.07:847][ 21]LogModuleManager: Shutting down and abandoning module Media (81)
[2015.10.30-20.45.07:847][ 21]LogModuleManager: Shutting down and abandoning module WmfMedia (80)
[2015.10.30-20.45.07:853][ 21]LogModuleManager: Shutting down and abandoning module OnlineBlueprintSupport (79)
[2015.10.30-20.45.07:853][ 21]LogModuleManager: Shutting down and abandoning module GameplayTasksEditor (78)
[2015.10.30-20.45.07:853][ 21]LogModuleManager: Shutting down and abandoning module PropertyEditor (77)
[2015.10.30-20.45.07:857][ 21]LogModuleManager: Shutting down and abandoning module BehaviorTreeEditor (76)
[2015.10.30-20.45.07:858][ 21]LogModuleManager: Shutting down and abandoning module FunctionalTesting (75)
[2015.10.30-20.45.07:859][ 21]LogModuleManager: Shutting down and abandoning module CollisionAnalyzer (74)
[2015.10.30-20.45.07:862][ 21]LogModuleManager: Shutting down and abandoning module WorkspaceMenuStructure (73)
[2015.10.30-20.45.07:865][ 21]LogModuleManager: Shutting down and abandoning module MessageLog (72)
[2015.10.30-20.45.07:866][ 21]LogModuleManager: Shutting down and abandoning module Sequencer (71)
[2015.10.30-20.45.07:872][ 21]LogModuleManager: Shutting down and abandoning module AssetTools (70)
[2015.10.30-20.45.07:876][ 21]LogModuleManager: Shutting down and abandoning module UMGEditor (69)
[2015.10.30-20.45.07:879][ 21]LogModuleManager: Shutting down and abandoning module UMG (68)
[2015.10.30-20.45.07:881][ 21]LogModuleManager: Shutting down and abandoning module Slate (67)
[2015.10.30-20.45.07:881][ 21]LogModuleManager: Shutting down and abandoning module EditorStyle (66)
[2015.10.30-20.45.07:917][ 21]LogModuleManager: Shutting down and abandoning module SessionServices (65)
[2015.10.30-20.45.07:917][ 21]LogModuleManager: Shutting down and abandoning module SourceCodeAccess (64)
[2015.10.30-20.45.07:917][ 21]LogModuleManager: Shutting down and abandoning module HeadMountedDisplay (63)
[2015.10.30-20.45.07:917][ 21]LogModuleManager: Shutting down and abandoning module XAudio2 (62)
[2015.10.30-20.45.07:917][ 21]LogModuleManager: Shutting down and abandoning module Networking (60)
[2015.10.30-20.45.07:918][ 21]LogModuleManager: Shutting down and abandoning module Core (59)
[2015.10.30-20.45.07:918][ 21]LogModuleManager: Shutting down and abandoning module KismetCompiler (58)
[2015.10.30-20.45.07:919][ 21]LogModuleManager: Shutting down and abandoning module PhysXFormats (57)
[2015.10.30-20.45.07:921][ 21]LogModuleManager: Shutting down and abandoning module MeshUtilities (56)
[2015.10.30-20.45.07:922][ 21]LogModuleManager: Shutting down and abandoning module CookingStats (55)
[2015.10.30-20.45.07:936][ 21]LogModuleManager: Shutting down and abandoning module DerivedDataCache (54)
[2015.10.30-20.45.07:981][ 21]LogDerivedDataCache: Shutdown
[2015.10.30-20.45.07:981][ 21]LogModuleManager: Shutting down and abandoning module ShaderFormatOpenGL (53)
[2015.10.30-20.45.07:982][ 21]LogModuleManager: Shutting down and abandoning module ShaderFormatD3D (52)
[2015.10.30-20.45.07:983][ 21]LogModuleManager: Shutting down and abandoning module MetalShaderFormat (51)
[2015.10.30-20.45.07:984][ 21]LogModuleManager: Shutting down and abandoning module TextureFormatUncompressed (50)
[2015.10.30-20.45.07:985][ 21]LogModuleManager: Shutting down and abandoning module TextureFormatPVR (49)
[2015.10.30-20.45.07:986][ 21]LogModuleManager: Shutting down and abandoning module TextureFormatIntelISPCTexComp (48)
[2015.10.30-20.45.07:987][ 21]LogModuleManager: Shutting down and abandoning module TextureFormatDXT (47)
[2015.10.30-20.45.07:988][ 21]LogModuleManager: Shutting down and abandoning module ImageWrapper (46)
[2015.10.30-20.45.07:988][ 21]LogModuleManager: Shutting down and abandoning module TextureFormatASTC (45)
[2015.10.30-20.45.07:988][ 21]LogModuleManager: Shutting down and abandoning module TextureFormatAndroid (44)
[2015.10.30-20.45.07:989][ 21]LogModuleManager: Shutting down and abandoning module AudioFormatOpus (43)
[2015.10.30-20.45.07:990][ 21]LogModuleManager: Shutting down and abandoning module AudioFormatOgg (42)
[2015.10.30-20.45.07:990][ 21]LogModuleManager: Shutting down and abandoning module AudioFormatADPCM (41)
[2015.10.30-20.45.07:991][ 21]LogModuleManager: Shutting down and abandoning module LinuxTargetPlatform (40)
[2015.10.30-20.45.07:992][ 21]LogModuleManager: Shutting down and abandoning module LinuxServerTargetPlatform (39)
[2015.10.30-20.45.07:993][ 21]LogModuleManager: Shutting down and abandoning module LinuxNoEditorTargetPlatform (38)
[2015.10.30-20.45.07:994][ 21]LogModuleManager: Shutting down and abandoning module Messaging (37)
[2015.10.30-20.45.07:994][ 21]LogModuleManager: Shutting down and abandoning module IOSTargetPlatform (36)
[2015.10.30-20.45.07:995][ 21]LogModuleManager: Shutting down and abandoning module HTML5TargetPlatform (35)
[2015.10.30-20.45.07:996][ 21]LogModuleManager: Shutting down and abandoning module Android_PVRTCTargetPlatform (34)
[2015.10.30-20.45.07:996][ 21]LogModuleManager: Shutting down and abandoning module Android_ETC2TargetPlatform (33)
[2015.10.30-20.45.07:997][ 21]LogModuleManager: Shutting down and abandoning module Android_ETC1TargetPlatform (32)
[2015.10.30-20.45.07:997][ 21]LogModuleManager: Shutting down and abandoning module Android_DXTTargetPlatform (31)
[2015.10.30-20.45.07:997][ 21]LogModuleManager: Shutting down and abandoning module Android_ATCTargetPlatform (30)
[2015.10.30-20.45.07:998][ 21]LogModuleManager: Shutting down and abandoning module Android_ASTCTargetPlatform (29)
[2015.10.30-20.45.07:998][ 21]LogModuleManager: Shutting down and abandoning module AndroidTargetPlatform (28)
[2015.10.30-20.45.07:999][ 21]LogModuleManager: Shutting down and abandoning module WindowsTargetPlatform (27)
[2015.10.30-20.45.08:001][ 21]LogModuleManager: Shutting down and abandoning module WindowsServerTargetPlatform (26)
[2015.10.30-20.45.08:002][ 21]LogModuleManager: Shutting down and abandoning module WindowsNoEditorTargetPlatform (25)
[2015.10.30-20.45.08:003][ 21]LogModuleManager: Shutting down and abandoning module WindowsClientTargetPlatform (24)
[2015.10.30-20.45.08:004][ 21]LogModuleManager: Shutting down and abandoning module AllDesktopTargetPlatform (23)
[2015.10.30-20.45.08:004][ 21]LogModuleManager: Shutting down and abandoning module TargetPlatform (22)
[2015.10.30-20.45.08:005][ 21]LogModuleManager: Shutting down and abandoning module InputCore (21)
[2015.10.30-20.45.08:006][ 21]LogModuleManager: Shutting down and abandoning module Settings (20)
[2015.10.30-20.45.08:007][ 21]LogModuleManager: Shutting down and abandoning module OnlineSubsystem (18)
[2015.10.30-20.45.08:007][ 21]LogModuleManager: Shutting down and abandoning module HTTP (17)
[2015.10.30-20.45.10:020][ 21]LogModuleManager: Shutting down and abandoning module XMPP (16)
[2015.10.30-20.45.10:025][ 21]LogModuleManager: Shutting down and abandoning module ExampleDeviceProfileSelector (15)
[2015.10.30-20.45.10:025][ 21]LogModuleManager: Shutting down and abandoning module TextureCompressor (14)
[2015.10.30-20.45.10:027][ 21]LogModuleManager: Shutting down and abandoning module ShaderCore (13)
[2015.10.30-20.45.10:028][ 21]LogModuleManager: Shutting down and abandoning module Landscape (12)
[2015.10.30-20.45.10:028][ 21]LogModuleManager: Shutting down and abandoning module SlateRHIRenderer (11)
[2015.10.30-20.45.10:063][ 21]LogModuleManager: Shutting down and abandoning module OpenGLDrv (10)
[2015.10.30-20.45.10:064][ 21]LogModuleManager: Shutting down and abandoning module D3D11RHI (9)
[2015.10.30-20.45.10:064][ 21]LogModuleManager: Shutting down and abandoning module AnimGraphRuntime (8)
[2015.10.30-20.45.10:064][ 21]LogModuleManager: Shutting down and abandoning module Renderer (7)
[2015.10.30-20.45.10:064][ 21]LogModuleManager: Shutting down and abandoning module Engine (6)
[2015.10.30-20.45.10:065][ 21]LogModuleManager: Shutting down and abandoning module CoreUObject (5)
[2015.10.30-20.45.10:065][ 21]LogModuleManager: Shutting down and abandoning module NetworkFile (4)
[2015.10.30-20.45.10:066][ 21]LogModuleManager: Shutting down and abandoning module StreamingFile (3)
[2015.10.30-20.45.10:066][ 21]LogModuleManager: Shutting down and abandoning module SandboxFile (2)
[2015.10.30-20.45.10:067][ 21]LogModuleManager: Shutting down and abandoning module PakFile (1)
[2015.10.30-20.45.10:080][ 21]LogExit: Exiting.
[2015.10.30-20.45.10:147][ 21]Log file closed, 10/30/15 16:45:10
