[2015.10.30-07.14.01:164][  0]Log file open, 10/30/15 03:14:01
[2015.10.30-07.14.01:164][  0]LogInit:Display: Running engine for game: MyProject
[2015.10.30-07.14.01:164][  0]LogInit:Display: RandInit(-1452267127) SRandInit(-1452267126).
[2015.10.30-07.14.01:164][  0]LogTaskGraph: Started task graph with 4 named threads and 5 total threads.
[2015.10.30-07.14.01:164][  0]LogStats: Stats thread started at 5.079416
[2015.10.30-07.14.01:164][  0]LogInit: Version: 4.9.2-2707645+++depot+UE4-Releases+4.9
[2015.10.30-07.14.01:164][  0]LogInit: API Version: 2672455
[2015.10.30-07.14.01:164][  0]LogInit: Compiled (64-bit): Sep 28 2015 10:25:44
[2015.10.30-07.14.01:164][  0]LogInit: Compiled with Visual C++: 18.00.21005.01
[2015.10.30-07.14.01:164][  0]LogInit: Build Configuration: Development
[2015.10.30-07.14.01:164][  0]LogInit: Branch Name: ++depot+UE4-Releases+4.9
[2015.10.30-07.14.01:164][  0]LogInit: Command line:  
[2015.10.30-07.14.01:164][  0]LogInit: Base directory: D:/Epic Games/4.9/Engine/Binaries/Win64/
[2015.10.30-07.14.01:164][  0]LogInit: Rocket: 1
[2015.10.30-07.14.01:286][  0]LogInit: Using libcurl 7.41.0
[2015.10.30-07.14.01:286][  0]LogInit:  - built for x86_64-pc-win32
[2015.10.30-07.14.01:286][  0]LogInit:  - supports SSL with WinSSL
[2015.10.30-07.14.01:286][  0]LogInit:  - other features:
[2015.10.30-07.14.01:288][  0]LogInit:      CURL_VERSION_SSL
[2015.10.30-07.14.01:290][  0]LogInit:      CURL_VERSION_IPV6
[2015.10.30-07.14.01:290][  0]LogInit:      CURL_VERSION_ASYNCHDNS
[2015.10.30-07.14.01:290][  0]LogInit:      CURL_VERSION_LARGEFILE
[2015.10.30-07.14.01:290][  0]LogInit:      CURL_VERSION_IDN
[2015.10.30-07.14.01:291][  0]LogInit:  CurlRequestOptions (configurable via config and command line):
[2015.10.30-07.14.01:291][  0]LogInit:  - bVerifyPeer = true  - Libcurl will verify peer certificate
[2015.10.30-07.14.01:291][  0]LogInit:  - bUseHttpProxy = false  - Libcurl will NOT use HTTP proxy
[2015.10.30-07.14.01:291][  0]LogInit:  - bDontReuseConnections = false  - Libcurl will reuse connections
[2015.10.30-07.14.01:291][  0]LogInit:  - CertBundlePath = nullptr  - Libcurl will use whatever was configured at build time.
[2015.10.30-07.14.01:711][  0]LogInit: Presizing for 0 objects not considered by GC, pre-allocating 0 bytes.
[2015.10.30-07.14.02:304][  0]LogInit: Object subsystem initialized
[2015.10.30-07.14.02:600][  0]LogInit: Selected Device Profile: [Windows]
[2015.10.30-07.14.02:600][  0]LogInit: Applying CVar settings loaded from the selected device profile: [Windows]
[2015.10.30-07.14.02:702][  0]LogInit: Computer: IDEA-PC
[2015.10.30-07.14.02:703][  0]LogInit: User: lenovopc
[2015.10.30-07.14.02:703][  0]LogInit: CPU Page size=4096, Cores=2
[2015.10.30-07.14.02:703][  0]LogInit: High frequency timer resolution =1.656392 MHz
[2015.10.30-07.14.02:704][  0]LogMemory: Memory total: Physical=3.9GB (4GB approx)
[2015.10.30-07.14.02:705][  0]LogMemory: Platform Memory Stats for Windows
[2015.10.30-07.14.02:705][  0]LogMemory: Process Physical Memory: 53.56 MB used, 53.56 MB peak
[2015.10.30-07.14.02:705][  0]LogMemory: Process Virtual Memory: 57.13 MB used, 57.13 MB peak
[2015.10.30-07.14.02:705][  0]LogMemory: Physical Memory: 3790.80 MB used, 3975.27 MB total
[2015.10.30-07.14.02:705][  0]LogMemory: Virtual Memory: 344.12 MB used, 8388608.00 MB total
[2015.10.30-07.14.03:338][  0]LogTextLocalizationManager: No specific translations for ('en-US') exist, so ('en') translations will be used.
[2015.10.30-07.14.09:653][  0]LogD3D11RHI: Found D3D11 adapter 0: Intel(R) HD Graphics 4000 (Feature Level 11_0)
[2015.10.30-07.14.09:653][  0]LogD3D11RHI: Adapter has 32MB of dedicated video memory, 0MB of dedicated system memory, and 1632MB of shared system memory, 1 output[s]
[2015.10.30-07.14.09:660][  0]LogD3D11RHI: Found D3D11 adapter 1: Microsoft Basic Render Driver (Feature Level 11_0)
[2015.10.30-07.14.09:660][  0]LogD3D11RHI: Adapter has 0MB of dedicated video memory, 0MB of dedicated system memory, and 256MB of shared system memory, 0 output[s]
[2015.10.30-07.14.09:660][  0]LogD3D11RHI: Chosen D3D11 Adapter Id = 0
[2015.10.30-07.14.09:706][  0]LogD3D11RHI: !Direct3DDevice
[2015.10.30-07.14.09:706][  0]LogRHI: Texture pool is 593 MB (70% of 848 MB)
[2015.10.30-07.14.09:715][  0]LogD3D11RHI: Async texture creation enabled
[2015.10.30-07.14.09:791][  0]LogShaderCompilers: Guid format shader working directory is 15 characters bigger than the processId version (C:/Users/lenovo-pc/Downloads/TestLevel/Intermediate/Shaders/WorkingDirectory/8628/).
[2015.10.30-07.14.09:793][  0]LogShaderCompilers: Cleaned the shader compiler working directory 'C:/Users/lenovo-pc/Downloads/TestLevel/Intermediate/Shaders/tmp/D7BDAD95467B5B238ED27FBF4BABC878/'.
[2015.10.30-07.14.09:793][  0]LogShaderCompilers:Display: Using Local Shader Compiler.
[2015.10.30-07.14.27:775][  0]LogTemp:Display: Loaded TP AllDesktopTargetPlatform
[2015.10.30-07.14.27:806][  0]LogTemp:Display: Loaded TP WindowsClientTargetPlatform
[2015.10.30-07.14.27:846][  0]LogTemp:Display: Loaded TP WindowsNoEditorTargetPlatform
[2015.10.30-07.14.27:875][  0]LogTemp:Display: Loaded TP WindowsServerTargetPlatform
[2015.10.30-07.14.27:906][  0]LogTemp:Display: Loaded TP WindowsTargetPlatform
[2015.10.30-07.14.27:948][  0]LogTemp:Display: Loaded TP AndroidTargetPlatform
[2015.10.30-07.14.27:982][  0]LogTemp:Display: Loaded TP Android_ASTCTargetPlatform
[2015.10.30-07.14.28:008][  0]LogTemp:Display: Loaded TP Android_ATCTargetPlatform
[2015.10.30-07.14.28:031][  0]LogTemp:Display: Loaded TP Android_DXTTargetPlatform
[2015.10.30-07.14.28:050][  0]LogTemp:Display: Loaded TP Android_ETC1TargetPlatform
[2015.10.30-07.14.28:064][  0]LogTemp:Display: Loaded TP Android_ETC2TargetPlatform
[2015.10.30-07.14.28:081][  0]LogTemp:Display: Loaded TP Android_PVRTCTargetPlatform
[2015.10.30-07.14.28:088][  0]LogTemp:Display: Loaded TP HTML5TargetPlatform
[2015.10.30-07.14.28:131][  0]LogTemp:Display: Loaded TP IOSTargetPlatform
[2015.10.30-07.14.28:145][  0]LogTemp:Display: Loaded TP LinuxNoEditorTargetPlatform
[2015.10.30-07.14.28:164][  0]LogTemp:Display: Loaded TP LinuxServerTargetPlatform
[2015.10.30-07.14.28:182][  0]LogTemp:Display: Loaded TP LinuxTargetPlatform
[2015.10.30-07.14.28:182][  0]LogTargetPlatformManager:Display: Building Assets For Windows
[2015.10.30-07.14.28:764][  0]LogDerivedDataCache:Display: Max Cache Size: 512 MB
[2015.10.30-07.14.29:117][  0]LogDerivedDataCache: Loaded boot cache 0.35s 41MB C:/Users/lenovo-pc/AppData/Local/UnrealEngine/4.9/DerivedDataCache/Boot.ddc.
[2015.10.30-07.14.29:117][  0]LogDerivedDataCache:Display: Loaded Boot cache: C:/Users/lenovo-pc/AppData/Local/UnrealEngine/4.9/DerivedDataCache/Boot.ddc
[2015.10.30-07.14.29:117][  0]LogDerivedDataCache: FDerivedDataBackendGraph:  Pak pak cache file C:/Users/lenovo-pc/Downloads/TestLevel/DerivedDataCache/DDC.ddp not found, will not use a pak cache.
[2015.10.30-07.14.29:117][  0]LogDerivedDataCache: Unable to find inner node Pak for hierarchical cache Hierarchy.
[2015.10.30-07.14.29:118][  0]LogDerivedDataCache: FDerivedDataBackendGraph:  CompressedPak pak cache file C:/Users/lenovo-pc/Downloads/TestLevel/DerivedDataCache/Compressed.ddp not found, will not use a pak cache.
[2015.10.30-07.14.29:118][  0]LogDerivedDataCache: Unable to find inner node CompressedPak for hierarchical cache Hierarchy.
[2015.10.30-07.14.29:428][  0]LogDerivedDataCache:Display: Pak cache opened for reading ../../../Engine/DerivedDataCache/Compressed.ddp.
[2015.10.30-07.14.29:444][  0]LogDerivedDataCache: Using Local data cache path C:/Users/lenovo-pc/AppData/Local/UnrealEngine/Common/DerivedDataCache: Writable
[2015.10.30-07.14.30:758][  0]LogInit: Selected Device Profile: [Windows]
[2015.10.30-07.14.30:781][  0]LogContentStreaming: Texture pool size is 0.000000MB
[2015.10.30-07.14.31:330][  0]LogMeshUtilities: No automatic mesh reduction module available
[2015.10.30-07.14.31:330][  0]LogMeshUtilities: No automatic mesh merging module available
[2015.10.30-07.14.32:374][  0]LogInit: WinSock: version 1.1 (2.2), MaxSocks=32767, MaxUdp=65467
[2015.10.30-07.14.36:189][  0]UdpMessaging: Initializing bridge on interface 0.0.0.0:0 to multicast group 230.0.0.1:6666.
[2015.10.30-07.14.36:434][  0]LogAssetRegistry: FAssetRegistry took 0.0152 seconds to start up
[2015.10.30-07.14.37:240][  0]SourceControl: Info Source control is disabled
[2015.10.30-07.14.37:241][  0]SourceControl: Info Source control is disabled
[2015.10.30-07.14.37:290][  0]SourceControl: Info Source control is disabled
[2015.10.30-07.14.37:348][  0]SourceControl: Info Source control is disabled
[2015.10.30-07.14.37:989][  0]LogLinker:Warning: Asset '../../../Engine/Plugins/Runtime/LeapMotionController/Content/LM_PassthroughMaterial.uasset' has been saved with empty engine version. The asset will be loaded but may be incompatible.
[2015.10.30-07.14.38:397][  0]LogObj: 28361 objects as part of root set at end of initial load.
[2015.10.30-07.14.38:397][  0]LogUObjectAllocator: 6038872 out of 0 bytes used by permanent object pool.
[2015.10.30-07.14.38:573][  0]LogEngine: Initializing Engine...
[2015.10.30-07.14.38:586][  0]LogHMD: Can't find Oculus library dev build: is proper Runtime installed? Version: 0.7.0.0
[2015.10.30-07.14.38:603][  0]LogHMD: SteamVR failed to initialize.  Err: 110
[2015.10.30-07.14.39:098][  0]LogAIModule: Creating AISystem for world NewWorld
[2015.10.30-07.14.39:127][  0]LogInit: XAudio2 using '扬声器 (Conexant SmartAudio HD)' : 2 channels at 44.1 kHz using 16 bits per sample (channel mask 0x3)
[2015.10.30-07.14.39:169][  0]LogInit: FAudioDevice initialized.
[2015.10.30-07.14.39:247][  0]LogDerivedDataCache: Saved boot cache 0.08s 41MB C:/Users/lenovo-pc/AppData/Local/UnrealEngine/4.9/DerivedDataCache/Boot.ddc.
[2015.10.30-07.14.39:263][  0]LogInit: Texture streaming: Enabled
[2015.10.30-07.14.39:282][  0]LogAnalytics: Creating configured Analytics provider AnalyticsET
[2015.10.30-07.14.39:283][  0]LogAnalytics: [UEEditor.Rocket.Release] APIServer = http://et2.epicgames.com/ET2/. AppVersion = 4.9.2-2707645+++depot+UE4-Releases+4.9
[2015.10.30-07.14.39:283][  0]LogAnalytics: [UEEditor.Rocket.Release] SetUserId 5050c46d410a721ffb73149eef914dbe|c10d342a545c424996c5a96657dd3caa|026f7912-4267-4fe7-8726-f5173afcf146
[2015.10.30-07.14.39:284][  0]LogAnalytics: [UEEditor.Rocket.Release] AnalyticsET::StartSession
[2015.10.30-07.14.39:681][  0]LogInit: Transaction tracking system initialized
[2015.10.30-07.14.40:291][  0]BlueprintLog: New page: Editor Load
[2015.10.30-07.14.41:421][  0]LocalizationService: Info Localization service is disabled
[2015.10.30-07.14.42:337][  0]LogConsoleResponse:Display: 
[2015.10.30-07.14.43:129][  0]LogCook:Display: Done creating registry. It took  0.00s.
[2015.10.30-07.14.43:361][  0]LogFileCache: Scanning file cache for directory 'C:/Users/lenovo-pc/Downloads/TestLevel/Content/' took 0.04s
[2015.10.30-07.14.44:335][  0]SourceControl: Info Source control is disabled
[2015.10.30-07.14.44:336][  0]Cmd: MAP LOAD FILE="C:/Users/lenovo-pc/Downloads/TestLevel/Content/FirstPersonBP/Maps/FirstPersonExampleMap.umap" TEMPLATE=0 SHOWPROGRESS=1 FEATURELEVEL=3
[2015.10.30-07.14.44:339][  0]LightingResults: New page: Lighting Build
[2015.10.30-07.14.44:379][  0]MapCheck: New page: Map Check
[2015.10.30-07.14.44:383][  0]LightingResults: New page: Lighting Build
[2015.10.30-07.14.44:474][  0]LogParticles: Destroying 0 GPU particle simulations for FXSystem 0x00000080BCB4C400
[2015.10.30-07.14.59:919][  0]LogAIModule: Creating AISystem for world FirstPersonExampleMap
[2015.10.30-07.15.01:476][  0]LogEditorServer: Finished looking for orphan Actors (0.020 secs)
[2015.10.30-07.15.01:594][  0]Cmd: MAP CHECKDEP NOCLEARLOG
[2015.10.30-07.15.01:950][  0]MapCheck: Info Map check complete: 0 Error(s), 0 Warning(s), took 350.189ms to complete.
[2015.10.30-07.15.01:953][  0]LogFileHelpers: Loading map 'FirstPersonExampleMap' took 17.617
[2015.10.30-07.15.04:628][  0]LogCollectionManager: Loaded 0 collections in 0.013369 seconds
[2015.10.30-07.15.04:804][  0]LogFileCache: Scanning file cache for directory 'C:/Users/lenovo-pc/Downloads/TestLevel/Saved/Collections/' took 0.05s
[2015.10.30-07.15.04:805][  0]LogFileCache: Scanning file cache for directory 'C:/Users/lenovo-pc/Downloads/TestLevel/Content/Developers/lenovopc/Collections/' took 0.01s
[2015.10.30-07.15.04:805][  0]LogFileCache: Scanning file cache for directory 'C:/Users/lenovo-pc/Downloads/TestLevel/Content/Collections/' took 0.02s
[2015.10.30-07.15.04:805][  0]LogContentBrowser: Native class hierarchy populated in 0.0506 seconds. Added 1867 classes and 333 folders.
[2015.10.30-07.15.05:266][  0]LogCollectionManager: Rebuilt the GUID cache for 0 collections in 0.000006 seconds
[2015.10.30-07.15.05:647][  0]LogContentBrowser: Native class hierarchy updated for 'WidgetCarousel' in 0.0009 seconds. Added 0 classes and 0 folders.
[2015.10.30-07.15.06:785][  0]LogContentBrowser: Native class hierarchy updated for 'AddContentDialog' in 0.0010 seconds. Added 0 classes and 0 folders.
[2015.10.30-07.15.07:172][  0]LogContentBrowser: Native class hierarchy updated for 'SceneOutliner' in 0.0013 seconds. Added 1 classes and 2 folders.
[2015.10.30-07.15.09:265][  0]LogCrashTracker: Crashtracker disabled due to settings.
[2015.10.30-07.15.09:308][  0]LogUObjectGlobals:Warning: Failed to find object 'Class None.'
[2015.10.30-07.15.09:400][  0]LogLoad: Full Startup: 78.52 seconds (BP compile: 3.96 seconds)
[2015.10.30-07.15.10:022][  0]LoadErrors:Error: Error /Game/FirstPersonBP/Maps/FirstPersonExampleMap : Failed import for CurveVector /Game/FirstPersonBP/Blueprints/Actors/platformLv1LtoR.platformLv1LtoR_C:CurveVector_0_1__BC5354AB__14C309B6__4F2AB83B
[2015.10.30-07.15.14:692][  0]LogContentStreaming: Texture pool size now 200 MB
[2015.10.30-07.15.20:490][  0]LogRenderer: Reallocating scene render targets to support 864x424 (Frame:2).
[2015.10.30-07.16.13:738][ 47]LogAssetRegistry: Asset discovery search completed in 97.3159 seconds
[2015.10.30-07.16.13:738][ 47]LogCollectionManager: Rebuilt the object cache for 0 collections in 0.000004 seconds (found 0 objects)
[2015.10.30-07.16.13:740][ 47]LogCollectionManager: Fixed up redirectors for 0 collections in 0.001518 seconds (updated 0 objects)
[2015.10.30-07.17.52:276][331]LogActorComponent: UnregisterComponent: (/Engine/Transient.CharMoveComp) Not registered. Aborting.
[2015.10.30-07.17.52:303][331]LogActorComponent: UnregisterComponent: (/Engine/Transient.ProjectileMovementComponent_40__A6522401) Not registered. Aborting.
[2015.10.30-07.17.53:779][331]LogWindowsTextInputMethodSystem:Display: IME system now activated using TSF (微软拼音简捷).
[2015.10.30-07.17.53:781][331]LogWindowsTextInputMethodSystem:Display: IME system now activated using TSF (微软拼音简捷).
[2015.10.30-07.17.54:003][331]LogWindowsTextInputMethodSystem:Display: IME system now activated using TSF (微软拼音简捷).
[2015.10.30-07.17.54:003][331]LogWindowsTextInputMethodSystem:Display: IME system now activated using TSF (微软拼音简捷).
[2015.10.30-07.17.55:312][332]Cmd: QUIT_EDITOR
[2015.10.30-07.17.56:809][332]LogExit: Preparing to exit.
[2015.10.30-07.17.58:815][332]LogExit: Editor shut down
[2015.10.30-07.17.58:837][332]LogExit: Transaction tracking system shut down
[2015.10.30-07.17.58:899][332]LogParticles: Destroying 0 GPU particle simulations for FXSystem 0x00000080C5210220
[2015.10.30-07.18.00:071][332]LogParticles: Destroying 0 GPU particle simulations for FXSystem 0x00000080C71C28E0
[2015.10.30-07.18.00:071][332]LogParticles: Destroying 0 GPU particle simulations for FXSystem 0x00000080C7F12D40
[2015.10.30-07.18.00:071][332]LogParticles: Destroying 0 GPU particle simulations for FXSystem 0x00000080C541E480
[2015.10.30-07.18.00:071][332]LogExit: Object subsystem successfully closed.
[2015.10.30-07.18.00:375][332]LogD3D11RHI: Shutdown
[2015.10.30-07.18.00:375][332]LogD3D11RHI: CleanupD3DDevice
[2015.10.30-07.18.01:317][332]LogD3D11RHI: ~FD3D11DynamicRHI
[2015.10.30-07.18.01:485][332]LogModuleManager: Shutting down and abandoning module CrashTracker (197)
[2015.10.30-07.18.01:486][332]LogModuleManager: Shutting down and abandoning module SceneOutliner (196)
[2015.10.30-07.18.01:486][332]LogModuleManager: Shutting down and abandoning module SuperSearch (195)
[2015.10.30-07.18.01:486][332]LogModuleManager: Shutting down and abandoning module WidgetCarousel (194)
[2015.10.30-07.18.01:486][332]LogModuleManager: Shutting down and abandoning module AddContentDialog (193)
[2015.10.30-07.18.01:575][332]LogModuleManager: Shutting down and abandoning module EditorWidgets (192)
[2015.10.30-07.18.01:575][332]LogModuleManager: Shutting down and abandoning module CollectionManager (191)
[2015.10.30-07.18.01:576][332]LogModuleManager: Shutting down and abandoning module StatsViewer (190)
[2015.10.30-07.18.01:577][332]LogModuleManager: Shutting down and abandoning module FoliageEdit (189)
[2015.10.30-07.18.01:578][332]LogModuleManager: Shutting down and abandoning module LandscapeEditor (188)
[2015.10.30-07.18.01:583][332]LogModuleManager: Shutting down and abandoning module ActorPickerMode (187)
[2015.10.30-07.18.01:583][332]LogModuleManager: Shutting down and abandoning module GeometryMode (186)
[2015.10.30-07.18.01:583][332]LogModuleManager: Shutting down and abandoning module TextureAlignMode (185)
[2015.10.30-07.18.01:583][332]LogModuleManager: Shutting down and abandoning module BspMode (184)
[2015.10.30-07.18.01:584][332]LogModuleManager: Shutting down and abandoning module PlacementMode (183)
[2015.10.30-07.18.01:584][332]LogModuleManager: Shutting down and abandoning module AutomationWorker (182)
[2015.10.30-07.18.01:584][332]LogModuleManager: Shutting down and abandoning module CharacterAI (181)
[2015.10.30-07.18.01:584][332]LogModuleManager: Shutting down and abandoning module SmartSnapping (180)
[2015.10.30-07.18.01:584][332]LogModuleManager: Shutting down and abandoning module ViewportSnapping (179)
[2015.10.30-07.18.01:585][332]LogModuleManager: Shutting down and abandoning module LogVisualizer (178)
[2015.10.30-07.18.01:589][332]LogModuleManager: Shutting down and abandoning module GameProjectGeneration (177)
[2015.10.30-07.18.01:589][332]LogModuleManager: Shutting down and abandoning module IntroTutorials (176)
[2015.10.30-07.18.01:591][332]LogModuleManager: Shutting down and abandoning module EditorLiveStreaming (175)
[2015.10.30-07.18.01:591][332]LogModuleManager: Shutting down and abandoning module IOSPlatformEditor (174)
[2015.10.30-07.18.01:591][332]LogModuleManager: Shutting down and abandoning module HTML5PlatformEditor (173)
[2015.10.30-07.18.01:592][332]LogModuleManager: Shutting down and abandoning module AndroidDeviceDetection (172)
[2015.10.30-07.18.01:914][332]LogModuleManager: Shutting down and abandoning module AndroidPlatformEditor (171)
[2015.10.30-07.18.01:915][332]LogModuleManager: Shutting down and abandoning module IOSRuntimeSettings (170)
[2015.10.30-07.18.01:915][332]LogModuleManager: Shutting down and abandoning module AndroidRuntimeSettings (169)
[2015.10.30-07.18.01:915][332]LogModuleManager: Shutting down and abandoning module MergeActors (168)
[2015.10.30-07.18.01:916][332]LogModuleManager: Shutting down and abandoning module SizeMap (167)
[2015.10.30-07.18.01:916][332]LogModuleManager: Shutting down and abandoning module TreeMap (166)
[2015.10.30-07.18.01:917][332]LogModuleManager: Shutting down and abandoning module ReferenceViewer (165)
[2015.10.30-07.18.01:917][332]LogModuleManager: Shutting down and abandoning module LocalizationService (164)
[2015.10.30-07.18.01:918][332]LogModuleManager: Shutting down and abandoning module LocalizationDashboard (163)
[2015.10.30-07.18.01:919][332]LogModuleManager: Shutting down and abandoning module HardwareTargeting (162)
[2015.10.30-07.18.01:919][332]LogModuleManager: Shutting down and abandoning module DeviceProfileEditor (161)
[2015.10.30-07.18.01:920][332]LogModuleManager: Shutting down and abandoning module UndoHistory (160)
[2015.10.30-07.18.01:921][332]LogModuleManager: Shutting down and abandoning module GameplayTagsEditor (159)
[2015.10.30-07.18.01:921][332]LogModuleManager: Shutting down and abandoning module UserFeedback (158)
[2015.10.30-07.18.01:921][332]LogModuleManager: Shutting down and abandoning module XmlParser (157)
[2015.10.30-07.18.01:922][332]LogModuleManager: Shutting down and abandoning module Blutility (156)
[2015.10.30-07.18.01:922][332]LogModuleManager: Shutting down and abandoning module ProjectTargetPlatformEditor (155)
[2015.10.30-07.18.01:926][332]LogModuleManager: Shutting down and abandoning module ProjectSettingsViewer (154)
[2015.10.30-07.18.01:929][332]LogModuleManager: Shutting down and abandoning module InputBindingEditor (153)
[2015.10.30-07.18.01:929][332]LogModuleManager: Shutting down and abandoning module EditorSettingsViewer (152)
[2015.10.30-07.18.01:932][332]LogModuleManager: Shutting down and abandoning module SettingsEditor (151)
[2015.10.30-07.18.01:933][332]LogModuleManager: Shutting down and abandoning module ProjectLauncher (150)
[2015.10.30-07.18.01:934][332]LogModuleManager: Shutting down and abandoning module SessionFrontend (149)
[2015.10.30-07.18.01:935][332]LogModuleManager: Shutting down and abandoning module ProfilerClient (148)
[2015.10.30-07.18.01:935][332]LogModuleManager: Shutting down and abandoning module TargetDeviceServices (147)
[2015.10.30-07.18.01:937][332]LogModuleManager: Shutting down and abandoning module DeviceManager (146)
[2015.10.30-07.18.01:951][332]LogModuleManager: Shutting down and abandoning module AutomationController (145)
[2015.10.30-07.18.01:952][332]LogModuleManager: Shutting down and abandoning module AutomationWindow (144)
[2015.10.30-07.18.01:956][332]LogModuleManager: Shutting down and abandoning module Layers (143)
[2015.10.30-07.18.01:964][332]LogModuleManager: Shutting down and abandoning module ComponentVisualizers (142)
[2015.10.30-07.18.01:964][332]LogModuleManager: Shutting down and abandoning module DetailCustomizations (141)
[2015.10.30-07.18.01:968][332]LogModuleManager: Shutting down and abandoning module PackagesDialog (140)
[2015.10.30-07.18.01:969][332]LogModuleManager: Shutting down and abandoning module Persona (139)
[2015.10.30-07.18.01:973][332]LogModuleManager: Shutting down and abandoning module Kismet (138)
[2015.10.30-07.18.01:974][332]LogModuleManager: Shutting down and abandoning module GraphEditor (137)
[2015.10.30-07.18.01:988][332]LogModuleManager: Shutting down and abandoning module ClassViewer (136)
[2015.10.30-07.18.01:993][332]LogModuleManager: Shutting down and abandoning module Toolbox (135)
[2015.10.30-07.18.01:997][332]LogModuleManager: Shutting down and abandoning module ModuleUI (134)
[2015.10.30-07.18.02:002][332]LogModuleManager: Shutting down and abandoning module MovieSceneTools (133)
[2015.10.30-07.18.02:006][332]LogModuleManager: Shutting down and abandoning module OutputLog (132)
[2015.10.30-07.18.02:006][332]LogModuleManager: Shutting down and abandoning module GammaUI (131)
[2015.10.30-07.18.02:007][332]LogModuleManager: Shutting down and abandoning module Documentation (130)
[2015.10.30-07.18.02:007][332]LogModuleManager: Shutting down and abandoning module GameLiveStreaming (129)
[2015.10.30-07.18.02:011][332]LogModuleManager: Shutting down and abandoning module StreamingPauseRendering (128)
[2015.10.30-07.18.02:012][332]LogModuleManager: Shutting down and abandoning module AnalyticsET (127)
[2015.10.30-07.18.02:012][332]LogModuleManager: Shutting down and abandoning module Analytics (126)
[2015.10.30-07.18.02:012][332]LogModuleManager: Shutting down and abandoning module AITestSuite (125)
[2015.10.30-07.18.02:013][332]LogModuleManager: Shutting down and abandoning module GameplayDebugger (124)
[2015.10.30-07.18.02:013][332]LogModuleManager: Shutting down and abandoning module AIModule (123)
[2015.10.30-07.18.02:013][332]LogModuleManager: Shutting down and abandoning module ProfilerService (122)
[2015.10.30-07.18.02:118][332]LogModuleManager: Shutting down and abandoning module TaskGraph (121)
[2015.10.30-07.18.02:120][332]LogModuleManager: Shutting down and abandoning module SlateRemote (120)
[2015.10.30-07.18.02:120][332]LogModuleManager: Shutting down and abandoning module SteamVRController (119)
[2015.10.30-07.18.02:120][332]LogModuleManager: Shutting down and abandoning module SteamVR (118)
[2015.10.30-07.18.02:120][332]LogModuleManager: Shutting down and abandoning module ProceduralMeshComponent (117)
[2015.10.30-07.18.02:120][332]LogModuleManager: Shutting down and abandoning module OculusRift (116)
[2015.10.30-07.18.02:121][332]LogModuleManager: Shutting down and abandoning module OculusLibrary (115)
[2015.10.30-07.18.02:121][332]LogModuleManager: Shutting down and abandoning module LeapMotionController (114)
[2015.10.30-07.18.02:276][332]LogModuleManager: Shutting down and abandoning module CustomMeshComponent (113)
[2015.10.30-07.18.02:277][332]LogModuleManager: Shutting down and abandoning module CableComponent (112)
[2015.10.30-07.18.02:277][332]LogModuleManager: Shutting down and abandoning module ArchVisCharacter (111)
[2015.10.30-07.18.02:277][332]LogModuleManager: Shutting down and abandoning module MessagingDebugger (110)
[2015.10.30-07.18.02:279][332]LogModuleManager: Shutting down and abandoning module MediaPlayerEditor (109)
[2015.10.30-07.18.02:279][332]LogModuleManager: Shutting down and abandoning module HTML5Networking (108)
[2015.10.30-07.18.02:279][332]LogModuleManager: Shutting down and abandoning module SpeedTreeImporter (107)
[2015.10.30-07.18.02:279][332]LogModuleManager: Shutting down and abandoning module PluginBrowser (106)
[2015.10.30-07.18.02:281][332]LogModuleManager: Shutting down and abandoning module EpicSurvey (105)
[2015.10.30-07.18.02:282][332]LogModuleManager: Shutting down and abandoning module DesktopPlatform (104)
[2015.10.30-07.18.02:283][332]LogModuleManager: Shutting down and abandoning module VisualStudioSourceCodeAccess (103)
[2015.10.30-07.18.02:283][332]LogModuleManager: Shutting down and abandoning module UObjectPlugin (102)
[2015.10.30-07.18.02:283][332]LogModuleManager: Shutting down and abandoning module SubversionSourceControl (101)
[2015.10.30-07.18.02:284][332]LogModuleManager: Shutting down and abandoning module PerforceSourceControl (100)
[2015.10.30-07.18.02:284][332]LogModuleManager: Shutting down and abandoning module SourceControl (99)
[2015.10.30-07.18.02:284][332]LogModuleManager: Shutting down and abandoning module GitSourceControl (98)
[2015.10.30-07.18.02:285][332]LogModuleManager: Shutting down and abandoning module LightPropagationVolumeEditor (97)
[2015.10.30-07.18.02:285][332]LogModuleManager: Shutting down and abandoning module PaperTiledImporter (96)
[2015.10.30-07.18.02:285][332]LogModuleManager: Shutting down and abandoning module PaperSpriteSheetImporter (95)
[2015.10.30-07.18.02:285][332]LogModuleManager: Shutting down and abandoning module MeshPaint (94)
[2015.10.30-07.18.02:285][332]LogModuleManager: Shutting down and abandoning module SlateReflector (93)
[2015.10.30-07.18.02:286][332]LogModuleManager: Shutting down and abandoning module HotReload (92)
[2015.10.30-07.18.02:286][332]LogModuleManager: Shutting down and abandoning module MainFrame (91)
[2015.10.30-07.18.02:286][332]LogModuleManager: Shutting down and abandoning module LevelEditor (90)
[2015.10.30-07.18.02:337][332]LogModuleManager: Shutting down and abandoning module DirectoryWatcher (89)
[2015.10.30-07.18.03:041][332]LogModuleManager: Shutting down and abandoning module AssetRegistry (88)
[2015.10.30-07.18.04:161][332]LogModuleManager: Shutting down and abandoning module ContentBrowser (87)
[2015.10.30-07.18.04:194][332]LogModuleManager: Shutting down and abandoning module Paper2DEditor (86)
[2015.10.30-07.18.04:202][332]LogModuleManager: Shutting down and abandoning module UdpMessaging (85)
[2015.10.30-07.18.04:305][332]LogModuleManager: Shutting down and abandoning module LightPropagationVolumeRuntime (84)
[2015.10.30-07.18.04:305][332]LogModuleManager: Shutting down and abandoning module Paper2D (83)
[2015.10.30-07.18.04:305][332]LogModuleManager: Shutting down and abandoning module WindowsMoviePlayer (82)
[2015.10.30-07.18.04:985][332]LogModuleManager: Shutting down and abandoning module Media (81)
[2015.10.30-07.18.04:985][332]LogModuleManager: Shutting down and abandoning module WmfMedia (80)
[2015.10.30-07.18.05:006][332]LogModuleManager: Shutting down and abandoning module OnlineBlueprintSupport (79)
[2015.10.30-07.18.05:006][332]LogModuleManager: Shutting down and abandoning module GameplayTasksEditor (78)
[2015.10.30-07.18.05:007][332]LogModuleManager: Shutting down and abandoning module PropertyEditor (77)
[2015.10.30-07.18.05:016][332]LogModuleManager: Shutting down and abandoning module BehaviorTreeEditor (76)
[2015.10.30-07.18.05:017][332]LogModuleManager: Shutting down and abandoning module FunctionalTesting (75)
[2015.10.30-07.18.05:017][332]LogModuleManager: Shutting down and abandoning module CollisionAnalyzer (74)
[2015.10.30-07.18.05:019][332]LogModuleManager: Shutting down and abandoning module WorkspaceMenuStructure (73)
[2015.10.30-07.18.05:030][332]LogModuleManager: Shutting down and abandoning module MessageLog (72)
[2015.10.30-07.18.05:030][332]LogModuleManager: Shutting down and abandoning module Sequencer (71)
[2015.10.30-07.18.05:042][332]LogModuleManager: Shutting down and abandoning module AssetTools (70)
[2015.10.30-07.18.05:042][332]LogModuleManager: Shutting down and abandoning module UMGEditor (69)
[2015.10.30-07.18.05:043][332]LogModuleManager: Shutting down and abandoning module UMG (68)
[2015.10.30-07.18.05:056][332]LogModuleManager: Shutting down and abandoning module Slate (67)
[2015.10.30-07.18.05:056][332]LogModuleManager: Shutting down and abandoning module EditorStyle (66)
[2015.10.30-07.18.05:230][332]LogModuleManager: Shutting down and abandoning module SessionServices (65)
[2015.10.30-07.18.05:230][332]LogModuleManager: Shutting down and abandoning module SourceCodeAccess (64)
[2015.10.30-07.18.05:230][332]LogModuleManager: Shutting down and abandoning module HeadMountedDisplay (63)
[2015.10.30-07.18.05:230][332]LogModuleManager: Shutting down and abandoning module XAudio2 (62)
[2015.10.30-07.18.05:230][332]LogModuleManager: Shutting down and abandoning module Networking (60)
[2015.10.30-07.18.05:233][332]LogModuleManager: Shutting down and abandoning module Core (59)
[2015.10.30-07.18.05:233][332]LogModuleManager: Shutting down and abandoning module KismetCompiler (58)
[2015.10.30-07.18.05:234][332]LogModuleManager: Shutting down and abandoning module PhysXFormats (57)
[2015.10.30-07.18.05:238][332]LogModuleManager: Shutting down and abandoning module MeshUtilities (56)
[2015.10.30-07.18.05:238][332]LogModuleManager: Shutting down and abandoning module CookingStats (55)
[2015.10.30-07.18.05:335][332]LogModuleManager: Shutting down and abandoning module DerivedDataCache (54)
[2015.10.30-07.18.05:458][332]LogDerivedDataCache: Shutdown
[2015.10.30-07.18.05:458][332]LogModuleManager: Shutting down and abandoning module ShaderFormatOpenGL (53)
[2015.10.30-07.18.05:459][332]LogModuleManager: Shutting down and abandoning module ShaderFormatD3D (52)
[2015.10.30-07.18.05:471][332]LogModuleManager: Shutting down and abandoning module MetalShaderFormat (51)
[2015.10.30-07.18.05:475][332]LogModuleManager: Shutting down and abandoning module TextureFormatUncompressed (50)
[2015.10.30-07.18.05:481][332]LogModuleManager: Shutting down and abandoning module TextureFormatPVR (49)
[2015.10.30-07.18.05:503][332]LogModuleManager: Shutting down and abandoning module TextureFormatIntelISPCTexComp (48)
[2015.10.30-07.18.05:510][332]LogModuleManager: Shutting down and abandoning module TextureFormatDXT (47)
[2015.10.30-07.18.05:514][332]LogModuleManager: Shutting down and abandoning module ImageWrapper (46)
[2015.10.30-07.18.05:514][332]LogModuleManager: Shutting down and abandoning module TextureFormatASTC (45)
[2015.10.30-07.18.05:516][332]LogModuleManager: Shutting down and abandoning module TextureFormatAndroid (44)
[2015.10.30-07.18.05:518][332]LogModuleManager: Shutting down and abandoning module AudioFormatOpus (43)
[2015.10.30-07.18.05:520][332]LogModuleManager: Shutting down and abandoning module AudioFormatOgg (42)
[2015.10.30-07.18.05:524][332]LogModuleManager: Shutting down and abandoning module AudioFormatADPCM (41)
[2015.10.30-07.18.05:527][332]LogModuleManager: Shutting down and abandoning module LinuxTargetPlatform (40)
[2015.10.30-07.18.05:530][332]LogModuleManager: Shutting down and abandoning module LinuxServerTargetPlatform (39)
[2015.10.30-07.18.05:532][332]LogModuleManager: Shutting down and abandoning module LinuxNoEditorTargetPlatform (38)
[2015.10.30-07.18.05:534][332]LogModuleManager: Shutting down and abandoning module Messaging (37)
[2015.10.30-07.18.05:534][332]LogModuleManager: Shutting down and abandoning module IOSTargetPlatform (36)
[2015.10.30-07.18.05:535][332]LogModuleManager: Shutting down and abandoning module HTML5TargetPlatform (35)
[2015.10.30-07.18.05:548][332]LogModuleManager: Shutting down and abandoning module Android_PVRTCTargetPlatform (34)
[2015.10.30-07.18.05:548][332]LogModuleManager: Shutting down and abandoning module Android_ETC2TargetPlatform (33)
[2015.10.30-07.18.05:548][332]LogModuleManager: Shutting down and abandoning module Android_ETC1TargetPlatform (32)
[2015.10.30-07.18.05:548][332]LogModuleManager: Shutting down and abandoning module Android_DXTTargetPlatform (31)
[2015.10.30-07.18.05:548][332]LogModuleManager: Shutting down and abandoning module Android_ATCTargetPlatform (30)
[2015.10.30-07.18.05:548][332]LogModuleManager: Shutting down and abandoning module Android_ASTCTargetPlatform (29)
[2015.10.30-07.18.05:548][332]LogModuleManager: Shutting down and abandoning module AndroidTargetPlatform (28)
[2015.10.30-07.18.05:548][332]LogModuleManager: Shutting down and abandoning module WindowsTargetPlatform (27)
[2015.10.30-07.18.05:557][332]LogModuleManager: Shutting down and abandoning module WindowsServerTargetPlatform (26)
[2015.10.30-07.18.05:557][332]LogModuleManager: Shutting down and abandoning module WindowsNoEditorTargetPlatform (25)
[2015.10.30-07.18.05:558][332]LogModuleManager: Shutting down and abandoning module WindowsClientTargetPlatform (24)
[2015.10.30-07.18.05:565][332]LogModuleManager: Shutting down and abandoning module AllDesktopTargetPlatform (23)
[2015.10.30-07.18.05:565][332]LogModuleManager: Shutting down and abandoning module TargetPlatform (22)
[2015.10.30-07.18.05:593][332]LogModuleManager: Shutting down and abandoning module InputCore (21)
[2015.10.30-07.18.05:593][332]LogModuleManager: Shutting down and abandoning module Settings (20)
[2015.10.30-07.18.05:593][332]LogModuleManager: Shutting down and abandoning module OnlineSubsystem (18)
[2015.10.30-07.18.05:593][332]LogModuleManager: Shutting down and abandoning module HTTP (17)
[2015.10.30-07.18.07:133][332]LogModuleManager: Shutting down and abandoning module XMPP (16)
[2015.10.30-07.18.07:142][332]LogModuleManager: Shutting down and abandoning module ExampleDeviceProfileSelector (15)
[2015.10.30-07.18.07:146][332]LogModuleManager: Shutting down and abandoning module TextureCompressor (14)
[2015.10.30-07.18.07:148][332]LogModuleManager: Shutting down and abandoning module ShaderCore (13)
[2015.10.30-07.18.07:148][332]LogModuleManager: Shutting down and abandoning module Landscape (12)
[2015.10.30-07.18.07:148][332]LogModuleManager: Shutting down and abandoning module SlateRHIRenderer (11)
[2015.10.30-07.18.07:748][332]LogModuleManager: Shutting down and abandoning module OpenGLDrv (10)
[2015.10.30-07.18.07:748][332]LogModuleManager: Shutting down and abandoning module D3D11RHI (9)
[2015.10.30-07.18.07:748][332]LogModuleManager: Shutting down and abandoning module AnimGraphRuntime (8)
[2015.10.30-07.18.07:748][332]LogModuleManager: Shutting down and abandoning module Renderer (7)
[2015.10.30-07.18.07:748][332]LogModuleManager: Shutting down and abandoning module Engine (6)
[2015.10.30-07.18.07:748][332]LogModuleManager: Shutting down and abandoning module CoreUObject (5)
[2015.10.30-07.18.07:748][332]LogModuleManager: Shutting down and abandoning module NetworkFile (4)
[2015.10.30-07.18.07:750][332]LogModuleManager: Shutting down and abandoning module StreamingFile (3)
[2015.10.30-07.18.07:751][332]LogModuleManager: Shutting down and abandoning module SandboxFile (2)
[2015.10.30-07.18.07:752][332]LogModuleManager: Shutting down and abandoning module PakFile (1)
[2015.10.30-07.18.07:761][332]LogExit: Exiting.
[2015.10.30-07.18.07:848][332]Log file closed, 10/30/15 03:18:07
