[2015.10.30-02.41.34:798][  0]Log file open, 10/29/15 22:41:34
[2015.10.30-02.41.34:798][  0]LogInit:Display: Running engine for game: MyProject
[2015.10.30-02.41.34:798][  0]LogInit:Display: RandInit(1540958430) SRandInit(1540958431).
[2015.10.30-02.41.34:798][  0]LogTaskGraph: Started task graph with 4 named threads and 5 total threads.
[2015.10.30-02.41.34:798][  0]LogStats: Stats thread started at 0.288585
[2015.10.30-02.41.34:798][  0]LogInit: Version: 4.9.0-2672455+++depot+UE4-Releases+4.9
[2015.10.30-02.41.34:798][  0]LogInit: API Version: 2672455
[2015.10.30-02.41.34:798][  0]LogInit: Compiled (64-bit): Aug 28 2015 12:33:01
[2015.10.30-02.41.34:799][  0]LogInit: Compiled with Visual C++: 18.00.21005.01
[2015.10.30-02.41.34:799][  0]LogInit: Build Configuration: Development
[2015.10.30-02.41.34:799][  0]LogInit: Branch Name: ++depot+UE4-Releases+4.9
[2015.10.30-02.41.34:799][  0]LogInit: Command line: 
[2015.10.30-02.41.34:799][  0]LogInit: Base directory: D:/Epic Games/4.9/Engine/Binaries/Win64/
[2015.10.30-02.41.34:799][  0]LogInit: Rocket: 1
[2015.10.30-02.41.34:854][  0]LogInit: Using libcurl 7.41.0
[2015.10.30-02.41.34:854][  0]LogInit:  - built for x86_64-pc-win32
[2015.10.30-02.41.34:854][  0]LogInit:  - supports SSL with WinSSL
[2015.10.30-02.41.34:854][  0]LogInit:  - other features:
[2015.10.30-02.41.34:854][  0]LogInit:      CURL_VERSION_SSL
[2015.10.30-02.41.34:854][  0]LogInit:      CURL_VERSION_IPV6
[2015.10.30-02.41.34:854][  0]LogInit:      CURL_VERSION_ASYNCHDNS
[2015.10.30-02.41.34:854][  0]LogInit:      CURL_VERSION_LARGEFILE
[2015.10.30-02.41.34:854][  0]LogInit:      CURL_VERSION_IDN
[2015.10.30-02.41.34:855][  0]LogInit:  CurlRequestOptions (configurable via config and command line):
[2015.10.30-02.41.34:855][  0]LogInit:  - bVerifyPeer = true  - Libcurl will verify peer certificate
[2015.10.30-02.41.34:855][  0]LogInit:  - bUseHttpProxy = false  - Libcurl will NOT use HTTP proxy
[2015.10.30-02.41.34:855][  0]LogInit:  - bDontReuseConnections = false  - Libcurl will reuse connections
[2015.10.30-02.41.34:855][  0]LogInit:  - CertBundlePath = nullptr  - Libcurl will use whatever was configured at build time.
[2015.10.30-02.41.34:900][  0]LogInit: Presizing for 0 objects not considered by GC, pre-allocating 0 bytes.
[2015.10.30-02.41.34:964][  0]LogInit: Object subsystem initialized
[2015.10.30-02.41.34:974][  0]LogInit: Selected Device Profile: [Windows]
[2015.10.30-02.41.34:974][  0]LogInit: Applying CVar settings loaded from the selected device profile: [Windows]
[2015.10.30-02.41.35:036][  0]LogInit: Computer: IDEA-PC
[2015.10.30-02.41.35:036][  0]LogInit: User: lenovopc
[2015.10.30-02.41.35:036][  0]LogInit: CPU Page size=4096, Cores=2
[2015.10.30-02.41.35:036][  0]LogInit: High frequency timer resolution =1.656392 MHz
[2015.10.30-02.41.35:036][  0]LogMemory: Memory total: Physical=3.9GB (4GB approx)
[2015.10.30-02.41.35:036][  0]LogMemory: Platform Memory Stats for Windows
[2015.10.30-02.41.35:036][  0]LogMemory: Process Physical Memory: 53.56 MB used, 53.56 MB peak
[2015.10.30-02.41.35:036][  0]LogMemory: Process Virtual Memory: 55.11 MB used, 55.11 MB peak
[2015.10.30-02.41.35:036][  0]LogMemory: Physical Memory: 1725.43 MB used, 3975.27 MB total
[2015.10.30-02.41.35:036][  0]LogMemory: Virtual Memory: 342.13 MB used, 8388608.00 MB total
[2015.10.30-02.41.36:878][  0]LogD3D11RHI: Found D3D11 adapter 0: Intel(R) HD Graphics 4000 (Feature Level 11_0)
[2015.10.30-02.41.36:878][  0]LogD3D11RHI: Adapter has 32MB of dedicated video memory, 0MB of dedicated system memory, and 1632MB of shared system memory, 1 output[s]
[2015.10.30-02.41.36:883][  0]LogD3D11RHI: Found D3D11 adapter 1: Microsoft Basic Render Driver (Feature Level 11_0)
[2015.10.30-02.41.36:883][  0]LogD3D11RHI: Adapter has 0MB of dedicated video memory, 0MB of dedicated system memory, and 256MB of shared system memory, 0 output[s]
[2015.10.30-02.41.36:883][  0]LogD3D11RHI: Chosen D3D11 Adapter Id = 0
[2015.10.30-02.41.36:911][  0]LogD3D11RHI: !Direct3DDevice
[2015.10.30-02.41.36:912][  0]LogRHI: Texture pool is 593 MB (70% of 848 MB)
[2015.10.30-02.41.36:921][  0]LogD3D11RHI: Async texture creation enabled
[2015.10.30-02.41.36:963][  0]LogShaderCompilers: Guid format shader working directory is 14 characters bigger than the processId version (C:/Users/lenovo-pc/Downloads/TestLevel/Intermediate/Shaders/WorkingDirectory/11972/).
[2015.10.30-02.41.36:964][  0]LogShaderCompilers: Cleaned the shader compiler working directory 'C:/Users/lenovo-pc/Downloads/TestLevel/Intermediate/Shaders/tmp/5EC60E2F4C513ACA6364C883A677D150/'.
[2015.10.30-02.41.36:964][  0]LogShaderCompilers:Display: Using Local Shader Compiler.
[2015.10.30-02.41.43:587][  0]LogTemp:Display: Loaded TP AllDesktopTargetPlatform
[2015.10.30-02.41.43:615][  0]LogTemp:Display: Loaded TP WindowsClientTargetPlatform
[2015.10.30-02.41.43:645][  0]LogTemp:Display: Loaded TP WindowsNoEditorTargetPlatform
[2015.10.30-02.41.43:679][  0]LogTemp:Display: Loaded TP WindowsServerTargetPlatform
[2015.10.30-02.41.43:727][  0]LogTemp:Display: Loaded TP WindowsTargetPlatform
[2015.10.30-02.41.43:756][  0]LogTemp:Display: Loaded TP AndroidTargetPlatform
[2015.10.30-02.41.43:786][  0]LogTemp:Display: Loaded TP Android_ASTCTargetPlatform
[2015.10.30-02.41.43:816][  0]LogTemp:Display: Loaded TP Android_ATCTargetPlatform
[2015.10.30-02.41.43:836][  0]LogTemp:Display: Loaded TP Android_DXTTargetPlatform
[2015.10.30-02.41.43:858][  0]LogTemp:Display: Loaded TP Android_ETC1TargetPlatform
[2015.10.30-02.41.43:876][  0]LogTemp:Display: Loaded TP Android_ETC2TargetPlatform
[2015.10.30-02.41.43:894][  0]LogTemp:Display: Loaded TP Android_PVRTCTargetPlatform
[2015.10.30-02.41.43:897][  0]LogTemp:Display: Loaded TP HTML5TargetPlatform
[2015.10.30-02.41.43:940][  0]LogTemp:Display: Loaded TP IOSTargetPlatform
[2015.10.30-02.41.43:956][  0]LogTemp:Display: Loaded TP LinuxNoEditorTargetPlatform
[2015.10.30-02.41.43:973][  0]LogTemp:Display: Loaded TP LinuxServerTargetPlatform
[2015.10.30-02.41.43:990][  0]LogTemp:Display: Loaded TP LinuxTargetPlatform
[2015.10.30-02.41.43:990][  0]LogTargetPlatformManager:Display: Building Assets For Windows
[2015.10.30-02.41.44:443][  0]LogDerivedDataCache:Display: Max Cache Size: 512 MB
[2015.10.30-02.41.44:623][  0]LogDerivedDataCache: Loaded boot cache 0.18s 41MB C:/Users/lenovo-pc/AppData/Local/UnrealEngine/4.9/DerivedDataCache/Boot.ddc.
[2015.10.30-02.41.44:623][  0]LogDerivedDataCache:Display: Loaded Boot cache: C:/Users/lenovo-pc/AppData/Local/UnrealEngine/4.9/DerivedDataCache/Boot.ddc
[2015.10.30-02.41.44:623][  0]LogDerivedDataCache: FDerivedDataBackendGraph:  Pak pak cache file C:/Users/lenovo-pc/Downloads/TestLevel/DerivedDataCache/DDC.ddp not found, will not use a pak cache.
[2015.10.30-02.41.44:623][  0]LogDerivedDataCache: Unable to find inner node Pak for hierarchical cache Hierarchy.
[2015.10.30-02.41.44:624][  0]LogDerivedDataCache: FDerivedDataBackendGraph:  CompressedPak pak cache file C:/Users/lenovo-pc/Downloads/TestLevel/DerivedDataCache/Compressed.ddp not found, will not use a pak cache.
[2015.10.30-02.41.44:624][  0]LogDerivedDataCache: Unable to find inner node CompressedPak for hierarchical cache Hierarchy.
[2015.10.30-02.41.45:379][  0]LogDerivedDataCache:Display: Pak cache opened for reading ../../../Engine/DerivedDataCache/Compressed.ddp.
[2015.10.30-02.41.45:402][  0]LogDerivedDataCache: Using Local data cache path C:/Users/lenovo-pc/AppData/Local/UnrealEngine/Common/DerivedDataCache: Writable
[2015.10.30-02.41.46:428][  0]LogInit: Selected Device Profile: [Windows]
[2015.10.30-02.41.46:446][  0]LogContentStreaming: Texture pool size is 0.000000MB
[2015.10.30-02.41.47:109][  0]LogMeshUtilities: No automatic mesh reduction module available
[2015.10.30-02.41.47:109][  0]LogMeshUtilities: No automatic mesh merging module available
[2015.10.30-02.41.48:550][  0]LogInit: WinSock: version 1.1 (2.2), MaxSocks=32767, MaxUdp=65467
[2015.10.30-02.41.51:926][  0]UdpMessaging: Initializing bridge on interface 0.0.0.0:0 to multicast group 230.0.0.1:6666.
[2015.10.30-02.41.52:182][  0]LogAssetRegistry: FAssetRegistry took 0.0116 seconds to start up
[2015.10.30-02.41.53:203][  0]SourceControl: 信息 源码控制已禁用
[2015.10.30-02.41.53:209][  0]SourceControl: 信息 源码控制已禁用
[2015.10.30-02.41.53:305][  0]SourceControl: 信息 源码控制已禁用
[2015.10.30-02.41.53:372][  0]SourceControl: 信息 源码控制已禁用
[2015.10.30-02.41.54:113][  0]LogLinker:Warning: Asset '../../../Engine/Plugins/Runtime/LeapMotionController/Content/LM_PassthroughMaterial.uasset' has been saved with empty engine version. The asset will be loaded but may be incompatible.
[2015.10.30-02.41.54:571][  0]LogObj: 28361 objects as part of root set at end of initial load.
[2015.10.30-02.41.54:571][  0]LogUObjectAllocator: 6038872 out of 0 bytes used by permanent object pool.
[2015.10.30-02.41.54:816][  0]LogEngine: Initializing Engine...
[2015.10.30-02.41.54:829][  0]LogHMD: Can't find Oculus library dev build: is proper Runtime installed? Version: 0.6.0.0
[2015.10.30-02.41.54:842][  0]LogHMD: SteamVR failed to initialize.  Err: 110
[2015.10.30-02.41.55:466][  0]LogAIModule: Creating AISystem for world NewWorld
[2015.10.30-02.41.55:494][  0]LogInit: XAudio2 using '扬声器 (Conexant SmartAudio HD)' : 2 channels at 44.1 kHz using 16 bits per sample (channel mask 0x3)
[2015.10.30-02.41.55:645][  0]LogInit: FAudioDevice initialized.
[2015.10.30-02.41.55:735][  0]LogDerivedDataCache: Saved boot cache 0.09s 41MB C:/Users/lenovo-pc/AppData/Local/UnrealEngine/4.9/DerivedDataCache/Boot.ddc.
[2015.10.30-02.41.55:748][  0]LogInit: Texture streaming: Enabled
[2015.10.30-02.41.55:776][  0]LogAnalytics: Creating configured Analytics provider AnalyticsET
[2015.10.30-02.41.55:776][  0]LogAnalytics: [UEEditor.Rocket.Release] APIServer = http://et2.epicgames.com/ET2/. AppVersion = 4.9.0-2672455+++depot+UE4-Releases+4.9
[2015.10.30-02.41.55:776][  0]LogAnalytics: [UEEditor.Rocket.Release] SetUserId 5050c46d410a721ffb73149eef914dbe|c10d342a545c424996c5a96657dd3caa|026f7912-4267-4fe7-8726-f5173afcf146
[2015.10.30-02.41.55:776][  0]LogAnalytics: [UEEditor.Rocket.Release] AnalyticsET::StartSession
[2015.10.30-02.41.55:881][  0]LogWindowsTextInputMethodSystem:Display: IME system now activated using TSF (微软拼音简捷).
[2015.10.30-02.41.55:882][  0]LogWindowsTextInputMethodSystem:Display: IME system now activated using TSF (微软拼音简捷).
[2015.10.30-02.41.55:976][  0]LogInit: Transaction tracking system initialized
[2015.10.30-02.41.56:165][  0]BlueprintLog: New page: 编辑器加载
[2015.10.30-02.41.56:798][  0]LocalizationService: 信息 本地化服务已被禁用
[2015.10.30-02.41.57:897][  0]LogConsoleResponse:Display: 
[2015.10.30-02.41.58:592][  0]LogCook:Display: Done creating registry. It took  0.00s.
[2015.10.30-02.41.58:844][  0]LogFileCache: Scanning file cache for directory 'C:/Users/lenovo-pc/Downloads/TestLevel/Content/' took 0.04s
[2015.10.30-02.41.58:844][  0]SourceControl: 信息 源码控制已禁用
[2015.10.30-02.41.58:844][  0]Cmd: MAP LOAD FILE="C:/Users/lenovo-pc/Downloads/TestLevel/Content/FirstPersonBP/Maps/FirstPersonExampleMap.umap" TEMPLATE=0 SHOWPROGRESS=1 FEATURELEVEL=3
[2015.10.30-02.41.58:846][  0]LightingResults: New page: 光照构建
[2015.10.30-02.41.58:856][  0]MapCheck: New page: 地图检测
[2015.10.30-02.41.58:856][  0]LightingResults: New page: 光照构建
[2015.10.30-02.41.58:922][  0]LogParticles: Destroying 0 GPU particle simulations for FXSystem 0x0000004C8636A160
[2015.10.30-02.41.58:927][  0]LogLinker:Warning: Asset 'C:/Users/lenovo-pc/Downloads/TestLevel/Content/FirstPersonBP/Maps/FirstPersonExampleMap.umap' has been saved with engine version newer than current and therefore can't be loaded. CurrEngineVersion: 4.9.0-2672455+++depot+UE4-Releases+4.9 AssetEngineVersion: 4.9.1-2672455+++depot+UE4-Releases+4.9
[2015.10.30-02.42.09:063][  0]LogWindowsTextInputMethodSystem:Display: IME system now activated using TSF (微软拼音简捷).
[2015.10.30-02.42.09:064][  0]LogWindowsTextInputMethodSystem:Display: IME system now activated using TSF (微软拼音简捷).
[2015.10.30-02.42.09:070][  0]LightingResults: New page: 光照构建
[2015.10.30-02.42.09:075][  0]LogAIModule: Creating AISystem for world NewWorld
[2015.10.30-02.42.09:081][  0]LoadErrors: New page: 新建地图
[2015.10.30-02.42.09:269][  0]LogWindowsTextInputMethodSystem:Display: IME system now activated using TSF (微软拼音简捷).
[2015.10.30-02.42.09:272][  0]LogWindowsTextInputMethodSystem:Display: IME system now activated using TSF (微软拼音简捷).
[2015.10.30-02.42.09:754][  0]LogCollectionManager: Loaded 0 collections in 0.011262 seconds
[2015.10.30-02.42.09:849][  0]LogFileCache: Scanning file cache for directory 'C:/Users/lenovo-pc/Downloads/TestLevel/Saved/Collections/' took 0.01s
[2015.10.30-02.42.09:849][  0]LogFileCache: Scanning file cache for directory 'C:/Users/lenovo-pc/Downloads/TestLevel/Content/Developers/lenovopc/Collections/' took 0.01s
[2015.10.30-02.42.09:849][  0]LogFileCache: Scanning file cache for directory 'C:/Users/lenovo-pc/Downloads/TestLevel/Content/Collections/' took 0.01s
[2015.10.30-02.42.09:849][  0]LogContentBrowser: Native class hierarchy populated in 0.0396 seconds. Added 1867 classes and 333 folders.
[2015.10.30-02.42.09:877][  0]LogCollectionManager: Rebuilt the GUID cache for 0 collections in 0.000009 seconds
[2015.10.30-02.42.09:913][  0]LogContentBrowser: Native class hierarchy updated for 'WidgetCarousel' in 0.0015 seconds. Added 0 classes and 0 folders.
[2015.10.30-02.42.10:111][  0]LogContentBrowser: Native class hierarchy updated for 'AddContentDialog' in 0.0013 seconds. Added 0 classes and 0 folders.
[2015.10.30-02.42.10:129][  0]LogContentBrowser: Native class hierarchy updated for 'SceneOutliner' in 0.0013 seconds. Added 1 classes and 2 folders.
[2015.10.30-02.42.10:243][  0]LogCrashTracker: Crashtracker disabled due to settings.
[2015.10.30-02.42.10:262][  0]LogUObjectGlobals:Warning: 寻找对象'Class 无.'失败
[2015.10.30-02.42.10:287][  0]LogLoad: Full Startup: 38.30 seconds (BP compile: 0.01 seconds)
[2015.10.30-02.42.10:508][  0]LogContentStreaming: Texture pool size now 200 MB
[2015.10.30-02.42.11:201][  0]LogRenderer: Reallocating scene render targets to support 1004x456 (Frame:2).
[2015.10.30-02.42.13:302][ 12]LogAssetRegistry: Asset discovery search completed in 21.1315 seconds
[2015.10.30-02.42.13:302][ 12]LogCollectionManager: Rebuilt the object cache for 0 collections in 0.000002 seconds (found 0 objects)
[2015.10.30-02.42.13:302][ 12]LogCollectionManager: Fixed up redirectors for 0 collections in 0.000121 seconds (updated 0 objects)
[2015.10.30-02.42.40:347][724]LogLinker:Warning: Asset 'C:/Users/lenovo-pc/Downloads/TestLevel/Content/FirstPersonBP/Blueprints/Actors/gearPassive.uasset' has been saved with engine version newer than current and therefore can't be loaded. CurrEngineVersion: 4.9.0-2672455+++depot+UE4-Releases+4.9 AssetEngineVersion: 4.9.1-2672455+++depot+UE4-Releases+4.9
[2015.10.30-02.42.40:348][724]LogLinker:Warning: Asset 'C:/Users/lenovo-pc/Downloads/TestLevel/Content/FirstPersonBP/Blueprints/Actors/gearPassive.uasset' has been saved with engine version newer than current and therefore can't be loaded. CurrEngineVersion: 4.9.0-2672455+++depot+UE4-Releases+4.9 AssetEngineVersion: 4.9.1-2672455+++depot+UE4-Releases+4.9
[2015.10.30-02.42.40:349][724]LogUObjectGlobals:Warning: 寻找对象'Object /Game/FirstPersonBP/Blueprints/Actors/gearPassive.gearPassive'失败
[2015.10.30-02.42.41:473][752]LogLinker:Warning: Asset 'C:/Users/lenovo-pc/Downloads/TestLevel/Content/FirstPersonBP/Blueprints/Actors/gearPassive.uasset' has been saved with engine version newer than current and therefore can't be loaded. CurrEngineVersion: 4.9.0-2672455+++depot+UE4-Releases+4.9 AssetEngineVersion: 4.9.1-2672455+++depot+UE4-Releases+4.9
[2015.10.30-02.42.41:474][752]LogUObjectGlobals:Warning: 寻找对象'Object /Game/FirstPersonBP/Blueprints/Actors/gearPassive.gearPassive'失败
[2015.10.30-02.42.42:848][796]LogLinker:Warning: Asset 'C:/Users/lenovo-pc/Downloads/TestLevel/Content/FirstPersonBP/Blueprints/Actors/gearPassive.uasset' has been saved with engine version newer than current and therefore can't be loaded. CurrEngineVersion: 4.9.0-2672455+++depot+UE4-Releases+4.9 AssetEngineVersion: 4.9.1-2672455+++depot+UE4-Releases+4.9
[2015.10.30-02.42.42:849][796]LogUObjectGlobals:Warning: 寻找对象'Object /Game/FirstPersonBP/Blueprints/Actors/gearPassive.gearPassive'失败
[2015.10.30-02.43.20:130][752]LogPlayLevel: PlayLevel: No blueprints needed recompiling
[2015.10.30-02.43.20:133][752]PIE: New page: PIE会话: Untitled_1 (2015年10月29日 下午6:43:20)
[2015.10.30-02.43.20:133][752]LogPlayLevel: Creating play world package: /Temp/UEDPIE_0_Untitled_1
[2015.10.30-02.43.20:136][752]LogPlayLevel: PIE: StaticDuplicateObject took: (0.002807s)
[2015.10.30-02.43.20:139][752]LogAIModule: Creating AISystem for world NewWorld
[2015.10.30-02.43.20:140][752]LogPlayLevel: PIE: World Init took: (0.003339s)
[2015.10.30-02.43.20:140][752]LogPlayLevel: PIE: Created PIE world by copying editor world from /Temp/Untitled_1.NewWorld to /Temp/UEDPIE_0_Untitled_1.NewWorld (0.006999s)
[2015.10.30-02.43.20:234][752]LogInit: XAudio2 using '扬声器 (Conexant SmartAudio HD)' : 2 channels at 44.1 kHz using 16 bits per sample (channel mask 0x3)
[2015.10.30-02.43.20:282][752]LogInit: FAudioDevice initialized.
[2015.10.30-02.43.20:387][752]LogLinker:Warning: Asset 'C:/Users/lenovo-pc/Downloads/TestLevel/Content/FirstPersonBP/Blueprints/FirstPersonGameMode.uasset' has been saved with engine version newer than current and therefore can't be loaded. CurrEngineVersion: 4.9.0-2672455+++depot+UE4-Releases+4.9 AssetEngineVersion: 4.9.1-2672455+++depot+UE4-Releases+4.9
[2015.10.30-02.43.20:389][752]LogLinker:Warning: Asset 'C:/Users/lenovo-pc/Downloads/TestLevel/Content/FirstPersonBP/Blueprints/FirstPersonGameMode.uasset' has been saved with engine version newer than current and therefore can't be loaded. CurrEngineVersion: 4.9.0-2672455+++depot+UE4-Releases+4.9 AssetEngineVersion: 4.9.1-2672455+++depot+UE4-Releases+4.9
[2015.10.30-02.43.20:389][752]LogUObjectGlobals:Warning: 寻找对象'Class /Game/FirstPersonBP/Blueprints/FirstPersonGameMode.FirstPersonGameMode_C'失败
[2015.10.30-02.43.20:389][752]LogWorld: Game class is 'GameMode'
[2015.10.30-02.43.20:397][752]LogWorld: Bringing World /Temp/UEDPIE_0_Untitled_1.NewWorld up for play (max tick rate 60) at 2015.10.29-22.43.20
[2015.10.30-02.43.20:397][752]LogActor:Warning: GameSession /Temp/UEDPIE_0_Untitled_1.NewWorld:PersistentLevel.GameSession_0 has natively added scene component(s), but none of them were set as the actor's RootComponent - picking one arbitrarily
[2015.10.30-02.43.20:398][752]LogActor:Warning: GameNetworkManager /Temp/UEDPIE_0_Untitled_1.NewWorld:PersistentLevel.GameNetworkManager_0 has natively added scene component(s), but none of them were set as the actor's RootComponent - picking one arbitrarily
[2015.10.30-02.43.20:399][752]LogWorld: Bringing up level for play took: 0.004565
[2015.10.30-02.43.20:410][752]PIE: 信息 /Temp/UEDPIE_0_Untitled_1的‘在编辑器中播放’的起始时间0.056
[2015.10.30-02.44.23:672][238]LogWindowsTextInputMethodSystem:Display: IME system now activated using TSF (微软拼音简捷).
[2015.10.30-02.44.23:674][238]LogWindowsTextInputMethodSystem:Display: IME system now activated using TSF (微软拼音简捷).
[2015.10.30-02.44.24:018][238]LogWindowsTextInputMethodSystem:Display: IME system now activated using TSF (微软拼音简捷).
[2015.10.30-02.44.24:020][238]LogWindowsTextInputMethodSystem:Display: IME system now activated using TSF (微软拼音简捷).
[2015.10.30-02.44.24:977][238]LogParticles: Destroying 0 GPU particle simulations for FXSystem 0x0000004CE5DB9C60
[2015.10.30-02.44.25:201][239]Cmd: QUIT_EDITOR
[2015.10.30-02.44.26:058][239]LogWindowsTextInputMethodSystem:Display: IME system now activated using TSF (微软拼音简捷).
[2015.10.30-02.44.26:059][239]LogWindowsTextInputMethodSystem:Display: IME system now activated using TSF (微软拼音简捷).
[2015.10.30-02.44.26:629][239]LogExit: Preparing to exit.
[2015.10.30-02.44.27:220][239]LogExit: Editor shut down
[2015.10.30-02.44.27:222][239]LogExit: Transaction tracking system shut down
[2015.10.30-02.44.27:225][239]LogParticles: Destroying 0 GPU particle simulations for FXSystem 0x0000004CF6566520
[2015.10.30-02.44.27:227][239]LogParticles: Destroying 0 GPU particle simulations for FXSystem 0x0000004CF5B95EE0
[2015.10.30-02.44.27:780][239]LogExit: Object subsystem successfully closed.
[2015.10.30-02.44.27:806][239]LogD3D11RHI: Shutdown
[2015.10.30-02.44.27:806][239]LogD3D11RHI: CleanupD3DDevice
[2015.10.30-02.44.27:979][239]LogD3D11RHI: ~FD3D11DynamicRHI
[2015.10.30-02.44.28:075][239]LogModuleManager: Shutting down and abandoning module CrashTracker (197)
[2015.10.30-02.44.28:075][239]LogModuleManager: Shutting down and abandoning module SceneOutliner (196)
[2015.10.30-02.44.28:075][239]LogModuleManager: Shutting down and abandoning module SuperSearch (195)
[2015.10.30-02.44.28:075][239]LogModuleManager: Shutting down and abandoning module WidgetCarousel (194)
[2015.10.30-02.44.28:075][239]LogModuleManager: Shutting down and abandoning module AddContentDialog (193)
[2015.10.30-02.44.28:079][239]LogModuleManager: Shutting down and abandoning module EditorWidgets (192)
[2015.10.30-02.44.28:079][239]LogModuleManager: Shutting down and abandoning module CollectionManager (191)
[2015.10.30-02.44.28:080][239]LogModuleManager: Shutting down and abandoning module StatsViewer (190)
[2015.10.30-02.44.28:080][239]LogModuleManager: Shutting down and abandoning module FoliageEdit (189)
[2015.10.30-02.44.28:080][239]LogModuleManager: Shutting down and abandoning module LandscapeEditor (188)
[2015.10.30-02.44.28:080][239]LogModuleManager: Shutting down and abandoning module ActorPickerMode (187)
[2015.10.30-02.44.28:081][239]LogModuleManager: Shutting down and abandoning module GeometryMode (186)
[2015.10.30-02.44.28:081][239]LogModuleManager: Shutting down and abandoning module TextureAlignMode (185)
[2015.10.30-02.44.28:081][239]LogModuleManager: Shutting down and abandoning module BspMode (184)
[2015.10.30-02.44.28:081][239]LogModuleManager: Shutting down and abandoning module PlacementMode (183)
[2015.10.30-02.44.28:081][239]LogModuleManager: Shutting down and abandoning module AutomationWorker (182)
[2015.10.30-02.44.28:081][239]LogModuleManager: Shutting down and abandoning module CharacterAI (181)
[2015.10.30-02.44.28:081][239]LogModuleManager: Shutting down and abandoning module SmartSnapping (180)
[2015.10.30-02.44.28:081][239]LogModuleManager: Shutting down and abandoning module ViewportSnapping (179)
[2015.10.30-02.44.28:081][239]LogModuleManager: Shutting down and abandoning module LogVisualizer (178)
[2015.10.30-02.44.28:082][239]LogModuleManager: Shutting down and abandoning module GameProjectGeneration (177)
[2015.10.30-02.44.28:082][239]LogModuleManager: Shutting down and abandoning module IntroTutorials (176)
[2015.10.30-02.44.28:082][239]LogModuleManager: Shutting down and abandoning module EditorLiveStreaming (175)
[2015.10.30-02.44.28:082][239]LogModuleManager: Shutting down and abandoning module IOSPlatformEditor (174)
[2015.10.30-02.44.28:082][239]LogModuleManager: Shutting down and abandoning module HTML5PlatformEditor (173)
[2015.10.30-02.44.28:082][239]LogModuleManager: Shutting down and abandoning module AndroidDeviceDetection (172)
[2015.10.30-02.44.28:218][239]LogModuleManager: Shutting down and abandoning module AndroidPlatformEditor (171)
[2015.10.30-02.44.28:218][239]LogModuleManager: Shutting down and abandoning module IOSRuntimeSettings (170)
[2015.10.30-02.44.28:218][239]LogModuleManager: Shutting down and abandoning module AndroidRuntimeSettings (169)
[2015.10.30-02.44.28:218][239]LogModuleManager: Shutting down and abandoning module MergeActors (168)
[2015.10.30-02.44.28:218][239]LogModuleManager: Shutting down and abandoning module SizeMap (167)
[2015.10.30-02.44.28:218][239]LogModuleManager: Shutting down and abandoning module TreeMap (166)
[2015.10.30-02.44.28:219][239]LogModuleManager: Shutting down and abandoning module ReferenceViewer (165)
[2015.10.30-02.44.28:219][239]LogModuleManager: Shutting down and abandoning module LocalizationService (164)
[2015.10.30-02.44.28:219][239]LogModuleManager: Shutting down and abandoning module LocalizationDashboard (163)
[2015.10.30-02.44.28:219][239]LogModuleManager: Shutting down and abandoning module HardwareTargeting (162)
[2015.10.30-02.44.28:219][239]LogModuleManager: Shutting down and abandoning module DeviceProfileEditor (161)
[2015.10.30-02.44.28:219][239]LogModuleManager: Shutting down and abandoning module UndoHistory (160)
[2015.10.30-02.44.28:219][239]LogModuleManager: Shutting down and abandoning module GameplayTagsEditor (159)
[2015.10.30-02.44.28:219][239]LogModuleManager: Shutting down and abandoning module UserFeedback (158)
[2015.10.30-02.44.28:219][239]LogModuleManager: Shutting down and abandoning module XmlParser (157)
[2015.10.30-02.44.28:219][239]LogModuleManager: Shutting down and abandoning module Blutility (156)
[2015.10.30-02.44.28:219][239]LogModuleManager: Shutting down and abandoning module ProjectTargetPlatformEditor (155)
[2015.10.30-02.44.28:220][239]LogModuleManager: Shutting down and abandoning module ProjectSettingsViewer (154)
[2015.10.30-02.44.28:220][239]LogModuleManager: Shutting down and abandoning module InputBindingEditor (153)
[2015.10.30-02.44.28:221][239]LogModuleManager: Shutting down and abandoning module EditorSettingsViewer (152)
[2015.10.30-02.44.28:221][239]LogModuleManager: Shutting down and abandoning module SettingsEditor (151)
[2015.10.30-02.44.28:221][239]LogModuleManager: Shutting down and abandoning module ProjectLauncher (150)
[2015.10.30-02.44.28:221][239]LogModuleManager: Shutting down and abandoning module SessionFrontend (149)
[2015.10.30-02.44.28:221][239]LogModuleManager: Shutting down and abandoning module ProfilerClient (148)
[2015.10.30-02.44.28:221][239]LogModuleManager: Shutting down and abandoning module TargetDeviceServices (147)
[2015.10.30-02.44.28:221][239]LogModuleManager: Shutting down and abandoning module DeviceManager (146)
[2015.10.30-02.44.28:222][239]LogModuleManager: Shutting down and abandoning module AutomationController (145)
[2015.10.30-02.44.28:222][239]LogModuleManager: Shutting down and abandoning module AutomationWindow (144)
[2015.10.30-02.44.28:222][239]LogModuleManager: Shutting down and abandoning module Layers (143)
[2015.10.30-02.44.28:222][239]LogModuleManager: Shutting down and abandoning module ComponentVisualizers (142)
[2015.10.30-02.44.28:222][239]LogModuleManager: Shutting down and abandoning module DetailCustomizations (141)
[2015.10.30-02.44.28:222][239]LogModuleManager: Shutting down and abandoning module PackagesDialog (140)
[2015.10.30-02.44.28:223][239]LogModuleManager: Shutting down and abandoning module Persona (139)
[2015.10.30-02.44.28:223][239]LogModuleManager: Shutting down and abandoning module Kismet (138)
[2015.10.30-02.44.28:223][239]LogModuleManager: Shutting down and abandoning module GraphEditor (137)
[2015.10.30-02.44.28:223][239]LogModuleManager: Shutting down and abandoning module ClassViewer (136)
[2015.10.30-02.44.28:223][239]LogModuleManager: Shutting down and abandoning module Toolbox (135)
[2015.10.30-02.44.28:223][239]LogModuleManager: Shutting down and abandoning module ModuleUI (134)
[2015.10.30-02.44.28:223][239]LogModuleManager: Shutting down and abandoning module MovieSceneTools (133)
[2015.10.30-02.44.28:223][239]LogModuleManager: Shutting down and abandoning module OutputLog (132)
[2015.10.30-02.44.28:224][239]LogModuleManager: Shutting down and abandoning module GammaUI (131)
[2015.10.30-02.44.28:224][239]LogModuleManager: Shutting down and abandoning module Documentation (130)
[2015.10.30-02.44.28:224][239]LogModuleManager: Shutting down and abandoning module GameLiveStreaming (129)
[2015.10.30-02.44.28:224][239]LogModuleManager: Shutting down and abandoning module StreamingPauseRendering (128)
[2015.10.30-02.44.28:224][239]LogModuleManager: Shutting down and abandoning module AnalyticsET (127)
[2015.10.30-02.44.28:224][239]LogModuleManager: Shutting down and abandoning module Analytics (126)
[2015.10.30-02.44.28:224][239]LogModuleManager: Shutting down and abandoning module AITestSuite (125)
[2015.10.30-02.44.28:224][239]LogModuleManager: Shutting down and abandoning module GameplayDebugger (124)
[2015.10.30-02.44.28:224][239]LogModuleManager: Shutting down and abandoning module AIModule (123)
[2015.10.30-02.44.28:224][239]LogModuleManager: Shutting down and abandoning module ProfilerService (122)
[2015.10.30-02.44.28:287][239]LogModuleManager: Shutting down and abandoning module TaskGraph (121)
[2015.10.30-02.44.28:287][239]LogModuleManager: Shutting down and abandoning module SlateRemote (120)
[2015.10.30-02.44.28:287][239]LogModuleManager: Shutting down and abandoning module SteamVRController (119)
[2015.10.30-02.44.28:287][239]LogModuleManager: Shutting down and abandoning module SteamVR (118)
[2015.10.30-02.44.28:288][239]LogModuleManager: Shutting down and abandoning module ProceduralMeshComponent (117)
[2015.10.30-02.44.28:288][239]LogModuleManager: Shutting down and abandoning module OculusRift (116)
[2015.10.30-02.44.28:288][239]LogModuleManager: Shutting down and abandoning module OculusLibrary (115)
[2015.10.30-02.44.28:288][239]LogModuleManager: Shutting down and abandoning module LeapMotionController (114)
[2015.10.30-02.44.28:362][239]LogModuleManager: Shutting down and abandoning module CustomMeshComponent (113)
[2015.10.30-02.44.28:362][239]LogModuleManager: Shutting down and abandoning module CableComponent (112)
[2015.10.30-02.44.28:362][239]LogModuleManager: Shutting down and abandoning module ArchVisCharacter (111)
[2015.10.30-02.44.28:362][239]LogModuleManager: Shutting down and abandoning module MessagingDebugger (110)
[2015.10.30-02.44.28:362][239]LogModuleManager: Shutting down and abandoning module MediaPlayerEditor (109)
[2015.10.30-02.44.28:362][239]LogModuleManager: Shutting down and abandoning module HTML5Networking (108)
[2015.10.30-02.44.28:362][239]LogModuleManager: Shutting down and abandoning module SpeedTreeImporter (107)
[2015.10.30-02.44.28:362][239]LogModuleManager: Shutting down and abandoning module PluginBrowser (106)
[2015.10.30-02.44.28:362][239]LogModuleManager: Shutting down and abandoning module EpicSurvey (105)
[2015.10.30-02.44.28:363][239]LogModuleManager: Shutting down and abandoning module DesktopPlatform (104)
[2015.10.30-02.44.28:363][239]LogModuleManager: Shutting down and abandoning module VisualStudioSourceCodeAccess (103)
[2015.10.30-02.44.28:363][239]LogModuleManager: Shutting down and abandoning module UObjectPlugin (102)
[2015.10.30-02.44.28:363][239]LogModuleManager: Shutting down and abandoning module SubversionSourceControl (101)
[2015.10.30-02.44.28:363][239]LogModuleManager: Shutting down and abandoning module PerforceSourceControl (100)
[2015.10.30-02.44.28:363][239]LogModuleManager: Shutting down and abandoning module SourceControl (99)
[2015.10.30-02.44.28:363][239]LogModuleManager: Shutting down and abandoning module GitSourceControl (98)
[2015.10.30-02.44.28:364][239]LogModuleManager: Shutting down and abandoning module LightPropagationVolumeEditor (97)
[2015.10.30-02.44.28:364][239]LogModuleManager: Shutting down and abandoning module PaperTiledImporter (96)
[2015.10.30-02.44.28:364][239]LogModuleManager: Shutting down and abandoning module PaperSpriteSheetImporter (95)
[2015.10.30-02.44.28:364][239]LogModuleManager: Shutting down and abandoning module MeshPaint (94)
[2015.10.30-02.44.28:364][239]LogModuleManager: Shutting down and abandoning module SlateReflector (93)
[2015.10.30-02.44.28:364][239]LogModuleManager: Shutting down and abandoning module HotReload (92)
[2015.10.30-02.44.28:364][239]LogModuleManager: Shutting down and abandoning module MainFrame (91)
[2015.10.30-02.44.28:364][239]LogModuleManager: Shutting down and abandoning module LevelEditor (90)
[2015.10.30-02.44.28:369][239]LogModuleManager: Shutting down and abandoning module DirectoryWatcher (89)
[2015.10.30-02.44.28:371][239]LogModuleManager: Shutting down and abandoning module AssetRegistry (88)
[2015.10.30-02.44.28:545][239]LogModuleManager: Shutting down and abandoning module ContentBrowser (87)
[2015.10.30-02.44.28:549][239]LogModuleManager: Shutting down and abandoning module Paper2DEditor (86)
[2015.10.30-02.44.28:549][239]LogModuleManager: Shutting down and abandoning module UdpMessaging (85)
[2015.10.30-02.44.28:650][239]LogModuleManager: Shutting down and abandoning module LightPropagationVolumeRuntime (84)
[2015.10.30-02.44.28:650][239]LogModuleManager: Shutting down and abandoning module Paper2D (83)
[2015.10.30-02.44.28:650][239]LogModuleManager: Shutting down and abandoning module WindowsMoviePlayer (82)
[2015.10.30-02.44.28:664][239]LogModuleManager: Shutting down and abandoning module Media (81)
[2015.10.30-02.44.28:664][239]LogModuleManager: Shutting down and abandoning module WmfMedia (80)
[2015.10.30-02.44.28:664][239]LogModuleManager: Shutting down and abandoning module OnlineBlueprintSupport (79)
[2015.10.30-02.44.28:664][239]LogModuleManager: Shutting down and abandoning module GameplayTasksEditor (78)
[2015.10.30-02.44.28:664][239]LogModuleManager: Shutting down and abandoning module PropertyEditor (77)
[2015.10.30-02.44.28:664][239]LogModuleManager: Shutting down and abandoning module BehaviorTreeEditor (76)
[2015.10.30-02.44.28:665][239]LogModuleManager: Shutting down and abandoning module FunctionalTesting (75)
[2015.10.30-02.44.28:665][239]LogModuleManager: Shutting down and abandoning module CollisionAnalyzer (74)
[2015.10.30-02.44.28:665][239]LogModuleManager: Shutting down and abandoning module WorkspaceMenuStructure (73)
[2015.10.30-02.44.28:665][239]LogModuleManager: Shutting down and abandoning module MessageLog (72)
[2015.10.30-02.44.28:665][239]LogModuleManager: Shutting down and abandoning module Sequencer (71)
[2015.10.30-02.44.28:665][239]LogModuleManager: Shutting down and abandoning module AssetTools (70)
[2015.10.30-02.44.28:666][239]LogModuleManager: Shutting down and abandoning module UMGEditor (69)
[2015.10.30-02.44.28:666][239]LogModuleManager: Shutting down and abandoning module UMG (68)
[2015.10.30-02.44.28:666][239]LogModuleManager: Shutting down and abandoning module Slate (67)
[2015.10.30-02.44.28:666][239]LogModuleManager: Shutting down and abandoning module EditorStyle (66)
[2015.10.30-02.44.28:672][239]LogModuleManager: Shutting down and abandoning module SessionServices (65)
[2015.10.30-02.44.28:673][239]LogModuleManager: Shutting down and abandoning module SourceCodeAccess (64)
[2015.10.30-02.44.28:673][239]LogModuleManager: Shutting down and abandoning module HeadMountedDisplay (63)
[2015.10.30-02.44.28:673][239]LogModuleManager: Shutting down and abandoning module XAudio2 (62)
[2015.10.30-02.44.28:673][239]LogModuleManager: Shutting down and abandoning module Networking (60)
[2015.10.30-02.44.28:673][239]LogModuleManager: Shutting down and abandoning module Core (59)
[2015.10.30-02.44.28:673][239]LogModuleManager: Shutting down and abandoning module KismetCompiler (58)
[2015.10.30-02.44.28:673][239]LogModuleManager: Shutting down and abandoning module PhysXFormats (57)
[2015.10.30-02.44.28:673][239]LogModuleManager: Shutting down and abandoning module MeshUtilities (56)
[2015.10.30-02.44.28:673][239]LogModuleManager: Shutting down and abandoning module CookingStats (55)
[2015.10.30-02.44.28:674][239]LogModuleManager: Shutting down and abandoning module DerivedDataCache (54)
[2015.10.30-02.44.28:753][239]LogDerivedDataCache: Shutdown
[2015.10.30-02.44.28:753][239]LogModuleManager: Shutting down and abandoning module ShaderFormatOpenGL (53)
[2015.10.30-02.44.28:753][239]LogModuleManager: Shutting down and abandoning module ShaderFormatD3D (52)
[2015.10.30-02.44.28:753][239]LogModuleManager: Shutting down and abandoning module MetalShaderFormat (51)
[2015.10.30-02.44.28:753][239]LogModuleManager: Shutting down and abandoning module TextureFormatUncompressed (50)
[2015.10.30-02.44.28:753][239]LogModuleManager: Shutting down and abandoning module TextureFormatPVR (49)
[2015.10.30-02.44.28:754][239]LogModuleManager: Shutting down and abandoning module TextureFormatIntelISPCTexComp (48)
[2015.10.30-02.44.28:754][239]LogModuleManager: Shutting down and abandoning module TextureFormatDXT (47)
[2015.10.30-02.44.28:754][239]LogModuleManager: Shutting down and abandoning module ImageWrapper (46)
[2015.10.30-02.44.28:754][239]LogModuleManager: Shutting down and abandoning module TextureFormatASTC (45)
[2015.10.30-02.44.28:754][239]LogModuleManager: Shutting down and abandoning module TextureFormatAndroid (44)
[2015.10.30-02.44.28:754][239]LogModuleManager: Shutting down and abandoning module AudioFormatOpus (43)
[2015.10.30-02.44.28:754][239]LogModuleManager: Shutting down and abandoning module AudioFormatOgg (42)
[2015.10.30-02.44.28:754][239]LogModuleManager: Shutting down and abandoning module AudioFormatADPCM (41)
[2015.10.30-02.44.28:754][239]LogModuleManager: Shutting down and abandoning module LinuxTargetPlatform (40)
[2015.10.30-02.44.28:754][239]LogModuleManager: Shutting down and abandoning module LinuxServerTargetPlatform (39)
[2015.10.30-02.44.28:754][239]LogModuleManager: Shutting down and abandoning module LinuxNoEditorTargetPlatform (38)
[2015.10.30-02.44.28:754][239]LogModuleManager: Shutting down and abandoning module Messaging (37)
[2015.10.30-02.44.28:755][239]LogModuleManager: Shutting down and abandoning module IOSTargetPlatform (36)
[2015.10.30-02.44.28:755][239]LogModuleManager: Shutting down and abandoning module HTML5TargetPlatform (35)
[2015.10.30-02.44.28:755][239]LogModuleManager: Shutting down and abandoning module Android_PVRTCTargetPlatform (34)
[2015.10.30-02.44.28:755][239]LogModuleManager: Shutting down and abandoning module Android_ETC2TargetPlatform (33)
[2015.10.30-02.44.28:755][239]LogModuleManager: Shutting down and abandoning module Android_ETC1TargetPlatform (32)
[2015.10.30-02.44.28:755][239]LogModuleManager: Shutting down and abandoning module Android_DXTTargetPlatform (31)
[2015.10.30-02.44.28:755][239]LogModuleManager: Shutting down and abandoning module Android_ATCTargetPlatform (30)
[2015.10.30-02.44.28:755][239]LogModuleManager: Shutting down and abandoning module Android_ASTCTargetPlatform (29)
[2015.10.30-02.44.28:755][239]LogModuleManager: Shutting down and abandoning module AndroidTargetPlatform (28)
[2015.10.30-02.44.28:755][239]LogModuleManager: Shutting down and abandoning module WindowsTargetPlatform (27)
[2015.10.30-02.44.28:755][239]LogModuleManager: Shutting down and abandoning module WindowsServerTargetPlatform (26)
[2015.10.30-02.44.28:755][239]LogModuleManager: Shutting down and abandoning module WindowsNoEditorTargetPlatform (25)
[2015.10.30-02.44.28:755][239]LogModuleManager: Shutting down and abandoning module WindowsClientTargetPlatform (24)
[2015.10.30-02.44.28:755][239]LogModuleManager: Shutting down and abandoning module AllDesktopTargetPlatform (23)
[2015.10.30-02.44.28:756][239]LogModuleManager: Shutting down and abandoning module TargetPlatform (22)
[2015.10.30-02.44.28:756][239]LogModuleManager: Shutting down and abandoning module InputCore (21)
[2015.10.30-02.44.28:756][239]LogModuleManager: Shutting down and abandoning module Settings (20)
[2015.10.30-02.44.28:756][239]LogModuleManager: Shutting down and abandoning module OnlineSubsystem (18)
[2015.10.30-02.44.28:756][239]LogModuleManager: Shutting down and abandoning module HTTP (17)
[2015.10.30-02.44.29:761][239]LogModuleManager: Shutting down and abandoning module XMPP (16)
[2015.10.30-02.44.29:761][239]LogModuleManager: Shutting down and abandoning module ExampleDeviceProfileSelector (15)
[2015.10.30-02.44.29:761][239]LogModuleManager: Shutting down and abandoning module TextureCompressor (14)
[2015.10.30-02.44.29:761][239]LogModuleManager: Shutting down and abandoning module ShaderCore (13)
[2015.10.30-02.44.29:761][239]LogModuleManager: Shutting down and abandoning module Landscape (12)
[2015.10.30-02.44.29:761][239]LogModuleManager: Shutting down and abandoning module SlateRHIRenderer (11)
[2015.10.30-02.44.29:771][239]LogModuleManager: Shutting down and abandoning module OpenGLDrv (10)
[2015.10.30-02.44.29:771][239]LogModuleManager: Shutting down and abandoning module D3D11RHI (9)
[2015.10.30-02.44.29:771][239]LogModuleManager: Shutting down and abandoning module AnimGraphRuntime (8)
[2015.10.30-02.44.29:771][239]LogModuleManager: Shutting down and abandoning module Renderer (7)
[2015.10.30-02.44.29:771][239]LogModuleManager: Shutting down and abandoning module Engine (6)
[2015.10.30-02.44.29:771][239]LogModuleManager: Shutting down and abandoning module CoreUObject (5)
[2015.10.30-02.44.29:771][239]LogModuleManager: Shutting down and abandoning module NetworkFile (4)
[2015.10.30-02.44.29:772][239]LogModuleManager: Shutting down and abandoning module StreamingFile (3)
[2015.10.30-02.44.29:772][239]LogModuleManager: Shutting down and abandoning module SandboxFile (2)
[2015.10.30-02.44.29:772][239]LogModuleManager: Shutting down and abandoning module PakFile (1)
[2015.10.30-02.44.29:773][239]LogExit: Exiting.
[2015.10.30-02.44.29:778][239]Log file closed, 10/29/15 22:44:29
