[2015.10.30-21.42.18:144][  0]Log file open, 10/30/15 17:42:18
[2015.10.30-21.42.18:144][  0]LogInit:Display: Running engine for game: MyProject
[2015.10.30-21.42.18:144][  0]LogInit:Display: RandInit(875951276) SRandInit(875951276).
[2015.10.30-21.42.18:144][  0]LogTaskGraph: Started task graph with 4 named threads and 5 total threads.
[2015.10.30-21.42.18:144][  0]LogStats: Stats thread started at 0.218744
[2015.10.30-21.42.18:144][  0]LogInit: Version: 4.9.2-2707645+++depot+UE4-Releases+4.9
[2015.10.30-21.42.18:144][  0]LogInit: API Version: 2672455
[2015.10.30-21.42.18:144][  0]LogInit: Compiled (64-bit): Sep 28 2015 10:25:44
[2015.10.30-21.42.18:144][  0]LogInit: Compiled with Visual C++: 18.00.21005.01
[2015.10.30-21.42.18:144][  0]LogInit: Build Configuration: Development
[2015.10.30-21.42.18:144][  0]LogInit: Branch Name: ++depot+UE4-Releases+4.9
[2015.10.30-21.42.18:144][  0]LogInit: Command line:  
[2015.10.30-21.42.18:144][  0]LogInit: Base directory: D:/Epic Games/4.9/Engine/Binaries/Win64/
[2015.10.30-21.42.18:144][  0]LogInit: Rocket: 1
[2015.10.30-21.42.18:196][  0]LogInit: Using libcurl 7.41.0
[2015.10.30-21.42.18:196][  0]LogInit:  - built for x86_64-pc-win32
[2015.10.30-21.42.18:197][  0]LogInit:  - supports SSL with WinSSL
[2015.10.30-21.42.18:197][  0]LogInit:  - other features:
[2015.10.30-21.42.18:197][  0]LogInit:      CURL_VERSION_SSL
[2015.10.30-21.42.18:197][  0]LogInit:      CURL_VERSION_IPV6
[2015.10.30-21.42.18:197][  0]LogInit:      CURL_VERSION_ASYNCHDNS
[2015.10.30-21.42.18:197][  0]LogInit:      CURL_VERSION_LARGEFILE
[2015.10.30-21.42.18:197][  0]LogInit:      CURL_VERSION_IDN
[2015.10.30-21.42.18:197][  0]LogInit:  CurlRequestOptions (configurable via config and command line):
[2015.10.30-21.42.18:197][  0]LogInit:  - bVerifyPeer = true  - Libcurl will verify peer certificate
[2015.10.30-21.42.18:197][  0]LogInit:  - bUseHttpProxy = false  - Libcurl will NOT use HTTP proxy
[2015.10.30-21.42.18:197][  0]LogInit:  - bDontReuseConnections = false  - Libcurl will reuse connections
[2015.10.30-21.42.18:197][  0]LogInit:  - CertBundlePath = nullptr  - Libcurl will use whatever was configured at build time.
[2015.10.30-21.42.18:230][  0]LogInit: Presizing for 0 objects not considered by GC, pre-allocating 0 bytes.
[2015.10.30-21.42.18:273][  0]LogInit: Object subsystem initialized
[2015.10.30-21.42.18:282][  0]LogInit: Selected Device Profile: [Windows]
[2015.10.30-21.42.18:282][  0]LogInit: Applying CVar settings loaded from the selected device profile: [Windows]
[2015.10.30-21.42.18:329][  0]LogInit: Computer: IDEA-PC
[2015.10.30-21.42.18:329][  0]LogInit: User: lenovopc
[2015.10.30-21.42.18:329][  0]LogInit: CPU Page size=4096, Cores=2
[2015.10.30-21.42.18:329][  0]LogInit: High frequency timer resolution =1.656392 MHz
[2015.10.30-21.42.18:330][  0]LogMemory: Memory total: Physical=3.9GB (4GB approx)
[2015.10.30-21.42.18:330][  0]LogMemory: Platform Memory Stats for Windows
[2015.10.30-21.42.18:330][  0]LogMemory: Process Physical Memory: 52.46 MB used, 52.46 MB peak
[2015.10.30-21.42.18:330][  0]LogMemory: Process Virtual Memory: 56.96 MB used, 56.96 MB peak
[2015.10.30-21.42.18:330][  0]LogMemory: Physical Memory: 2808.66 MB used, 3975.27 MB total
[2015.10.30-21.42.18:330][  0]LogMemory: Virtual Memory: 343.50 MB used, 8388608.00 MB total
[2015.10.30-21.42.18:507][  0]LogTextLocalizationManager: No specific translations for ('en-US') exist, so ('en') translations will be used.
[2015.10.30-21.42.22:030][  0]LogD3D11RHI: Found D3D11 adapter 0: Intel(R) HD Graphics 4000 (Feature Level 11_0)
[2015.10.30-21.42.22:030][  0]LogD3D11RHI: Adapter has 32MB of dedicated video memory, 0MB of dedicated system memory, and 1632MB of shared system memory, 1 output[s]
[2015.10.30-21.42.22:034][  0]LogD3D11RHI: Found D3D11 adapter 1: Microsoft Basic Render Driver (Feature Level 11_0)
[2015.10.30-21.42.22:034][  0]LogD3D11RHI: Adapter has 0MB of dedicated video memory, 0MB of dedicated system memory, and 256MB of shared system memory, 0 output[s]
[2015.10.30-21.42.22:034][  0]LogD3D11RHI: Chosen D3D11 Adapter Id = 0
[2015.10.30-21.42.22:059][  0]LogD3D11RHI: !Direct3DDevice
[2015.10.30-21.42.22:059][  0]LogRHI: Texture pool is 593 MB (70% of 848 MB)
[2015.10.30-21.42.22:067][  0]LogD3D11RHI: Async texture creation enabled
[2015.10.30-21.42.22:107][  0]LogShaderCompilers: Guid format shader working directory is 15 characters bigger than the processId version (C:/Users/lenovo-pc/Desktop/StopwatchBlues/Intermediate/Shaders/WorkingDirectory/7004/).
[2015.10.30-21.42.22:107][  0]LogShaderCompilers: Cleaned the shader compiler working directory 'C:/Users/lenovo-pc/Desktop/StopwatchBlues/Intermediate/Shaders/tmp/9645AC6E4DC4F2AAA598B0B6771FE3B4/'.
[2015.10.30-21.42.22:108][  0]LogShaderCompilers:Display: Using Local Shader Compiler.
[2015.10.30-21.42.27:924][  0]LogTemp:Display: Loaded TP AllDesktopTargetPlatform
[2015.10.30-21.42.27:947][  0]LogTemp:Display: Loaded TP WindowsClientTargetPlatform
[2015.10.30-21.42.27:969][  0]LogTemp:Display: Loaded TP WindowsNoEditorTargetPlatform
[2015.10.30-21.42.27:992][  0]LogTemp:Display: Loaded TP WindowsServerTargetPlatform
[2015.10.30-21.42.28:013][  0]LogTemp:Display: Loaded TP WindowsTargetPlatform
[2015.10.30-21.42.28:027][  0]LogTemp:Display: Loaded TP AndroidTargetPlatform
[2015.10.30-21.42.28:043][  0]LogTemp:Display: Loaded TP Android_ASTCTargetPlatform
[2015.10.30-21.42.28:059][  0]LogTemp:Display: Loaded TP Android_ATCTargetPlatform
[2015.10.30-21.42.28:076][  0]LogTemp:Display: Loaded TP Android_DXTTargetPlatform
[2015.10.30-21.42.28:092][  0]LogTemp:Display: Loaded TP Android_ETC1TargetPlatform
[2015.10.30-21.42.28:110][  0]LogTemp:Display: Loaded TP Android_ETC2TargetPlatform
[2015.10.30-21.42.28:126][  0]LogTemp:Display: Loaded TP Android_PVRTCTargetPlatform
[2015.10.30-21.42.28:128][  0]LogTemp:Display: Loaded TP HTML5TargetPlatform
[2015.10.30-21.42.28:166][  0]LogTemp:Display: Loaded TP IOSTargetPlatform
[2015.10.30-21.42.28:182][  0]LogTemp:Display: Loaded TP LinuxNoEditorTargetPlatform
[2015.10.30-21.42.28:203][  0]LogTemp:Display: Loaded TP LinuxServerTargetPlatform
[2015.10.30-21.42.28:220][  0]LogTemp:Display: Loaded TP LinuxTargetPlatform
[2015.10.30-21.42.28:220][  0]LogTargetPlatformManager:Display: Building Assets For Windows
[2015.10.30-21.42.28:656][  0]LogDerivedDataCache:Display: Max Cache Size: 512 MB
[2015.10.30-21.42.28:804][  0]LogDerivedDataCache: Loaded boot cache 0.15s 41MB C:/Users/lenovo-pc/AppData/Local/UnrealEngine/4.9/DerivedDataCache/Boot.ddc.
[2015.10.30-21.42.28:804][  0]LogDerivedDataCache:Display: Loaded Boot cache: C:/Users/lenovo-pc/AppData/Local/UnrealEngine/4.9/DerivedDataCache/Boot.ddc
[2015.10.30-21.42.28:804][  0]LogDerivedDataCache: FDerivedDataBackendGraph:  Pak pak cache file C:/Users/lenovo-pc/Desktop/StopwatchBlues/DerivedDataCache/DDC.ddp not found, will not use a pak cache.
[2015.10.30-21.42.28:804][  0]LogDerivedDataCache: Unable to find inner node Pak for hierarchical cache Hierarchy.
[2015.10.30-21.42.28:804][  0]LogDerivedDataCache: FDerivedDataBackendGraph:  CompressedPak pak cache file C:/Users/lenovo-pc/Desktop/StopwatchBlues/DerivedDataCache/Compressed.ddp not found, will not use a pak cache.
[2015.10.30-21.42.28:804][  0]LogDerivedDataCache: Unable to find inner node CompressedPak for hierarchical cache Hierarchy.
[2015.10.30-21.42.29:513][  0]LogDerivedDataCache:Display: Pak cache opened for reading ../../../Engine/DerivedDataCache/Compressed.ddp.
[2015.10.30-21.42.29:531][  0]LogDerivedDataCache: Using Local data cache path C:/Users/lenovo-pc/AppData/Local/UnrealEngine/Common/DerivedDataCache: Writable
[2015.10.30-21.42.30:407][  0]LogInit: Selected Device Profile: [Windows]
[2015.10.30-21.42.30:416][  0]LogContentStreaming: Texture pool size is 0.000000MB
[2015.10.30-21.42.31:042][  0]LogMeshUtilities: No automatic mesh reduction module available
[2015.10.30-21.42.31:042][  0]LogMeshUtilities: No automatic mesh merging module available
[2015.10.30-21.42.32:220][  0]LogInit: WinSock: version 1.1 (2.2), MaxSocks=32767, MaxUdp=65467
[2015.10.30-21.42.35:305][  0]UdpMessaging: Initializing bridge on interface 0.0.0.0:0 to multicast group 230.0.0.1:6666.
[2015.10.30-21.42.35:504][  0]LogAssetRegistry: FAssetRegistry took 0.0115 seconds to start up
[2015.10.30-21.42.36:445][  0]SourceControl: Info Source control is disabled
[2015.10.30-21.42.37:322][  0]LogLinker:Warning: Asset '../../../Engine/Plugins/Runtime/LeapMotionController/Content/LM_PassthroughMaterial.uasset' has been saved with empty engine version. The asset will be loaded but may be incompatible.
[2015.10.30-21.42.37:701][  0]LogObj: 28361 objects as part of root set at end of initial load.
[2015.10.30-21.42.37:701][  0]LogUObjectAllocator: 6038864 out of 0 bytes used by permanent object pool.
[2015.10.30-21.42.37:908][  0]LogEngine: Initializing Engine...
[2015.10.30-21.42.37:915][  0]LogHMD: Can't find Oculus library dev build: is proper Runtime installed? Version: 0.7.0.0
[2015.10.30-21.42.37:926][  0]LogHMD: SteamVR failed to initialize.  Err: 110
[2015.10.30-21.42.38:471][  0]LogAIModule: Creating AISystem for world NewWorld
[2015.10.30-21.42.38:491][  0]LogInit: XAudio2 using '扬声器 (Conexant SmartAudio HD)' : 2 channels at 44.1 kHz using 16 bits per sample (channel mask 0x3)
[2015.10.30-21.42.38:555][  0]LogInit: FAudioDevice initialized.
[2015.10.30-21.42.38:637][  0]LogDerivedDataCache: Saved boot cache 0.08s 41MB C:/Users/lenovo-pc/AppData/Local/UnrealEngine/4.9/DerivedDataCache/Boot.ddc.
[2015.10.30-21.42.38:648][  0]LogInit: Texture streaming: Enabled
[2015.10.30-21.42.38:673][  0]LogAnalytics: Creating configured Analytics provider AnalyticsET
[2015.10.30-21.42.38:673][  0]LogAnalytics: [UEEditor.Rocket.Release] APIServer = http://et2.epicgames.com/ET2/. AppVersion = 4.9.2-2707645+++depot+UE4-Releases+4.9
[2015.10.30-21.42.38:673][  0]LogAnalytics: [UEEditor.Rocket.Release] SetUserId 5050c46d410a721ffb73149eef914dbe|c10d342a545c424996c5a96657dd3caa|026f7912-4267-4fe7-8726-f5173afcf146
[2015.10.30-21.42.38:673][  0]LogAnalytics: [UEEditor.Rocket.Release] AnalyticsET::StartSession
[2015.10.30-21.42.38:759][  0]LogWindowsTextInputMethodSystem:Display: IME system now deactivated.
[2015.10.30-21.42.38:759][  0]LogWindowsTextInputMethodSystem:Display: IME system now deactivated.
[2015.10.30-21.42.38:841][  0]LogInit: Transaction tracking system initialized
[2015.10.30-21.42.39:027][  0]BlueprintLog: New page: Editor Load
[2015.10.30-21.42.39:550][  0]LocalizationService: Info Localization service is disabled
[2015.10.30-21.42.40:682][  0]LogConsoleResponse:Display: 
[2015.10.30-21.42.41:386][  0]LogCook:Display: Done creating registry. It took  0.00s.
[2015.10.30-21.42.41:661][  0]LogFileCache: Scanning file cache for directory 'C:/Users/lenovo-pc/Desktop/StopwatchBlues/Content/' took 0.03s
[2015.10.30-21.42.41:662][  0]Cmd: MAP LOAD FILE="C:/Users/lenovo-pc/Desktop/StopwatchBlues/Content/FirstPersonBP/Maps/FirstPersonExampleMap.umap" TEMPLATE=0 SHOWPROGRESS=1 FEATURELEVEL=3
[2015.10.30-21.42.41:668][  0]LightingResults: New page: Lighting Build
[2015.10.30-21.42.41:683][  0]MapCheck: New page: Map Check
[2015.10.30-21.42.41:683][  0]LightingResults: New page: Lighting Build
[2015.10.30-21.42.41:763][  0]LogParticles: Destroying 0 GPU particle simulations for FXSystem 0x00000083C46E2160
[2015.10.30-21.42.48:643][  0]LogAIModule: Creating AISystem for world FirstPersonExampleMap
[2015.10.30-21.42.48:723][  0]LogEditorServer: Finished looking for orphan Actors (0.000 secs)
[2015.10.30-21.42.48:723][  0]Cmd: MAP CHECKDEP NOCLEARLOG
[2015.10.30-21.42.48:845][  0]MapCheck: Info Map check complete: 0 Error(s), 0 Warning(s), took 121.163ms to complete.
[2015.10.30-21.42.48:845][  0]LogFileHelpers: Loading map 'FirstPersonExampleMap' took 7.183
[2015.10.30-21.42.49:021][  0]LogCollectionManager: Loaded 0 collections in 0.002607 seconds
[2015.10.30-21.42.49:071][  0]LogFileCache: Scanning file cache for directory 'C:/Users/lenovo-pc/Desktop/StopwatchBlues/Saved/Collections/' took 0.01s
[2015.10.30-21.42.49:071][  0]LogFileCache: Scanning file cache for directory 'C:/Users/lenovo-pc/Desktop/StopwatchBlues/Content/Developers/lenovopc/Collections/' took 0.01s
[2015.10.30-21.42.49:071][  0]LogFileCache: Scanning file cache for directory 'C:/Users/lenovo-pc/Desktop/StopwatchBlues/Content/Collections/' took 0.01s
[2015.10.30-21.42.49:071][  0]LogContentBrowser: Native class hierarchy populated in 0.0127 seconds. Added 1867 classes and 333 folders.
[2015.10.30-21.42.49:077][  0]LogCollectionManager: Rebuilt the GUID cache for 0 collections in 0.000003 seconds
[2015.10.30-21.42.49:087][  0]LogContentBrowser: Native class hierarchy updated for 'WidgetCarousel' in 0.0004 seconds. Added 0 classes and 0 folders.
[2015.10.30-21.42.49:169][  0]LogContentBrowser: Native class hierarchy updated for 'AddContentDialog' in 0.0013 seconds. Added 0 classes and 0 folders.
[2015.10.30-21.42.49:183][  0]LogContentBrowser: Native class hierarchy updated for 'SceneOutliner' in 0.0011 seconds. Added 1 classes and 2 folders.
[2015.10.30-21.42.49:277][  0]LogCrashTracker: Crashtracker disabled due to settings.
[2015.10.30-21.42.49:290][  0]LogUObjectGlobals:Warning: Failed to find object 'Class None.'
[2015.10.30-21.42.49:315][  0]LogLoad: Full Startup: 33.41 seconds (BP compile: 2.40 seconds)
[2015.10.30-21.42.49:335][  0]LoadErrors:Error: Error /Game/FirstPersonBP/Maps/FirstPersonExampleMap : Failed import for CurveVector /Game/FirstPersonBP/Blueprints/Actors/platformLv1LtoR.platformLv1LtoR_C:CurveVector_0_1__BC5354AB__14C309B6__4F2AB83B
[2015.10.30-21.42.49:503][  0]LogContentStreaming: Texture pool size now 200 MB
[2015.10.30-21.42.50:469][  0]LogRenderer: Reallocating scene render targets to support 912x444 (Frame:2).
[2015.10.30-21.43.00:183][ 12]LogCollectionManager: Rebuilt the object cache for 0 collections in 0.000005 seconds (found 0 objects)
[2015.10.30-21.43.04:660][ 28]LogAssetRegistry: Asset discovery search completed in 29.1677 seconds
[2015.10.30-21.43.04:660][ 28]LogCollectionManager: Fixed up redirectors for 0 collections in 0.000022 seconds (updated 0 objects)
[2015.10.30-21.43.06:494][ 69]LogWindowsTextInputMethodSystem:Display: IME system now deactivated.
[2015.10.30-21.43.06:495][ 69]LogWindowsTextInputMethodSystem:Display: IME system now deactivated.
[2015.10.30-21.43.07:486][ 70]Cmd: QUIT_EDITOR
[2015.10.30-21.43.08:982][ 70]LogExit: Preparing to exit.
[2015.10.30-21.43.09:600][ 70]LogExit: Editor shut down
[2015.10.30-21.43.09:601][ 70]LogExit: Transaction tracking system shut down
[2015.10.30-21.43.09:625][ 70]LogParticles: Destroying 0 GPU particle simulations for FXSystem 0x00000083CA1D0F40
[2015.10.30-21.43.09:627][ 70]LogParticles: Destroying 0 GPU particle simulations for FXSystem 0x00000083CE2BB880
[2015.10.30-21.43.10:355][ 70]LogParticles: Destroying 0 GPU particle simulations for FXSystem 0x00000083CE4D0360
[2015.10.30-21.43.10:356][ 70]LogParticles: Destroying 0 GPU particle simulations for FXSystem 0x00000083D36E3E20
[2015.10.30-21.43.10:356][ 70]LogExit: Object subsystem successfully closed.
[2015.10.30-21.43.10:407][ 70]LogD3D11RHI: Shutdown
[2015.10.30-21.43.10:408][ 70]LogD3D11RHI: CleanupD3DDevice
[2015.10.30-21.43.10:658][ 70]LogD3D11RHI: ~FD3D11DynamicRHI
[2015.10.30-21.43.10:789][ 70]LogModuleManager: Shutting down and abandoning module CrashTracker (197)
[2015.10.30-21.43.10:789][ 70]LogModuleManager: Shutting down and abandoning module SceneOutliner (196)
[2015.10.30-21.43.10:789][ 70]LogModuleManager: Shutting down and abandoning module SuperSearch (195)
[2015.10.30-21.43.10:789][ 70]LogModuleManager: Shutting down and abandoning module WidgetCarousel (194)
[2015.10.30-21.43.10:789][ 70]LogModuleManager: Shutting down and abandoning module AddContentDialog (193)
[2015.10.30-21.43.10:795][ 70]LogModuleManager: Shutting down and abandoning module EditorWidgets (192)
[2015.10.30-21.43.10:795][ 70]LogModuleManager: Shutting down and abandoning module CollectionManager (191)
[2015.10.30-21.43.10:796][ 70]LogModuleManager: Shutting down and abandoning module StatsViewer (190)
[2015.10.30-21.43.10:798][ 70]LogModuleManager: Shutting down and abandoning module FoliageEdit (189)
[2015.10.30-21.43.10:799][ 70]LogModuleManager: Shutting down and abandoning module LandscapeEditor (188)
[2015.10.30-21.43.10:802][ 70]LogModuleManager: Shutting down and abandoning module ActorPickerMode (187)
[2015.10.30-21.43.10:802][ 70]LogModuleManager: Shutting down and abandoning module GeometryMode (186)
[2015.10.30-21.43.10:802][ 70]LogModuleManager: Shutting down and abandoning module TextureAlignMode (185)
[2015.10.30-21.43.10:802][ 70]LogModuleManager: Shutting down and abandoning module BspMode (184)
[2015.10.30-21.43.10:802][ 70]LogModuleManager: Shutting down and abandoning module PlacementMode (183)
[2015.10.30-21.43.10:803][ 70]LogModuleManager: Shutting down and abandoning module AutomationWorker (182)
[2015.10.30-21.43.10:803][ 70]LogModuleManager: Shutting down and abandoning module CharacterAI (181)
[2015.10.30-21.43.10:803][ 70]LogModuleManager: Shutting down and abandoning module SmartSnapping (180)
[2015.10.30-21.43.10:803][ 70]LogModuleManager: Shutting down and abandoning module ViewportSnapping (179)
[2015.10.30-21.43.10:803][ 70]LogModuleManager: Shutting down and abandoning module LogVisualizer (178)
[2015.10.30-21.43.10:805][ 70]LogModuleManager: Shutting down and abandoning module GameProjectGeneration (177)
[2015.10.30-21.43.10:806][ 70]LogModuleManager: Shutting down and abandoning module IntroTutorials (176)
[2015.10.30-21.43.10:808][ 70]LogModuleManager: Shutting down and abandoning module EditorLiveStreaming (175)
[2015.10.30-21.43.10:809][ 70]LogModuleManager: Shutting down and abandoning module IOSPlatformEditor (174)
[2015.10.30-21.43.10:809][ 70]LogModuleManager: Shutting down and abandoning module HTML5PlatformEditor (173)
[2015.10.30-21.43.10:809][ 70]LogModuleManager: Shutting down and abandoning module AndroidDeviceDetection (172)
[2015.10.30-21.43.10:845][ 70]LogModuleManager: Shutting down and abandoning module AndroidPlatformEditor (171)
[2015.10.30-21.43.10:845][ 70]LogModuleManager: Shutting down and abandoning module IOSRuntimeSettings (170)
[2015.10.30-21.43.10:845][ 70]LogModuleManager: Shutting down and abandoning module AndroidRuntimeSettings (169)
[2015.10.30-21.43.10:845][ 70]LogModuleManager: Shutting down and abandoning module MergeActors (168)
[2015.10.30-21.43.10:846][ 70]LogModuleManager: Shutting down and abandoning module SizeMap (167)
[2015.10.30-21.43.10:846][ 70]LogModuleManager: Shutting down and abandoning module TreeMap (166)
[2015.10.30-21.43.10:847][ 70]LogModuleManager: Shutting down and abandoning module ReferenceViewer (165)
[2015.10.30-21.43.10:847][ 70]LogModuleManager: Shutting down and abandoning module LocalizationService (164)
[2015.10.30-21.43.10:848][ 70]LogModuleManager: Shutting down and abandoning module LocalizationDashboard (163)
[2015.10.30-21.43.10:849][ 70]LogModuleManager: Shutting down and abandoning module HardwareTargeting (162)
[2015.10.30-21.43.10:849][ 70]LogModuleManager: Shutting down and abandoning module DeviceProfileEditor (161)
[2015.10.30-21.43.10:849][ 70]LogModuleManager: Shutting down and abandoning module UndoHistory (160)
[2015.10.30-21.43.10:849][ 70]LogModuleManager: Shutting down and abandoning module GameplayTagsEditor (159)
[2015.10.30-21.43.10:849][ 70]LogModuleManager: Shutting down and abandoning module UserFeedback (158)
[2015.10.30-21.43.10:849][ 70]LogModuleManager: Shutting down and abandoning module XmlParser (157)
[2015.10.30-21.43.10:850][ 70]LogModuleManager: Shutting down and abandoning module Blutility (156)
[2015.10.30-21.43.10:850][ 70]LogModuleManager: Shutting down and abandoning module ProjectTargetPlatformEditor (155)
[2015.10.30-21.43.10:851][ 70]LogModuleManager: Shutting down and abandoning module ProjectSettingsViewer (154)
[2015.10.30-21.43.10:851][ 70]LogModuleManager: Shutting down and abandoning module InputBindingEditor (153)
[2015.10.30-21.43.10:852][ 70]LogModuleManager: Shutting down and abandoning module EditorSettingsViewer (152)
[2015.10.30-21.43.10:852][ 70]LogModuleManager: Shutting down and abandoning module SettingsEditor (151)
[2015.10.30-21.43.10:854][ 70]LogModuleManager: Shutting down and abandoning module ProjectLauncher (150)
[2015.10.30-21.43.10:855][ 70]LogModuleManager: Shutting down and abandoning module SessionFrontend (149)
[2015.10.30-21.43.10:855][ 70]LogModuleManager: Shutting down and abandoning module ProfilerClient (148)
[2015.10.30-21.43.10:856][ 70]LogModuleManager: Shutting down and abandoning module TargetDeviceServices (147)
[2015.10.30-21.43.10:856][ 70]LogModuleManager: Shutting down and abandoning module DeviceManager (146)
[2015.10.30-21.43.10:857][ 70]LogModuleManager: Shutting down and abandoning module AutomationController (145)
[2015.10.30-21.43.10:858][ 70]LogModuleManager: Shutting down and abandoning module AutomationWindow (144)
[2015.10.30-21.43.10:859][ 70]LogModuleManager: Shutting down and abandoning module Layers (143)
[2015.10.30-21.43.10:862][ 70]LogModuleManager: Shutting down and abandoning module ComponentVisualizers (142)
[2015.10.30-21.43.10:862][ 70]LogModuleManager: Shutting down and abandoning module DetailCustomizations (141)
[2015.10.30-21.43.10:864][ 70]LogModuleManager: Shutting down and abandoning module PackagesDialog (140)
[2015.10.30-21.43.10:865][ 70]LogModuleManager: Shutting down and abandoning module Persona (139)
[2015.10.30-21.43.10:867][ 70]LogModuleManager: Shutting down and abandoning module Kismet (138)
[2015.10.30-21.43.10:868][ 70]LogModuleManager: Shutting down and abandoning module GraphEditor (137)
[2015.10.30-21.43.10:871][ 70]LogModuleManager: Shutting down and abandoning module ClassViewer (136)
[2015.10.30-21.43.10:871][ 70]LogModuleManager: Shutting down and abandoning module Toolbox (135)
[2015.10.30-21.43.10:871][ 70]LogModuleManager: Shutting down and abandoning module ModuleUI (134)
[2015.10.30-21.43.10:872][ 70]LogModuleManager: Shutting down and abandoning module MovieSceneTools (133)
[2015.10.30-21.43.10:872][ 70]LogModuleManager: Shutting down and abandoning module OutputLog (132)
[2015.10.30-21.43.10:872][ 70]LogModuleManager: Shutting down and abandoning module GammaUI (131)
[2015.10.30-21.43.10:873][ 70]LogModuleManager: Shutting down and abandoning module Documentation (130)
[2015.10.30-21.43.10:873][ 70]LogModuleManager: Shutting down and abandoning module GameLiveStreaming (129)
[2015.10.30-21.43.10:874][ 70]LogModuleManager: Shutting down and abandoning module StreamingPauseRendering (128)
[2015.10.30-21.43.10:875][ 70]LogModuleManager: Shutting down and abandoning module AnalyticsET (127)
[2015.10.30-21.43.10:875][ 70]LogModuleManager: Shutting down and abandoning module Analytics (126)
[2015.10.30-21.43.10:875][ 70]LogModuleManager: Shutting down and abandoning module AITestSuite (125)
[2015.10.30-21.43.10:875][ 70]LogModuleManager: Shutting down and abandoning module GameplayDebugger (124)
[2015.10.30-21.43.10:875][ 70]LogModuleManager: Shutting down and abandoning module AIModule (123)
[2015.10.30-21.43.10:876][ 70]LogModuleManager: Shutting down and abandoning module ProfilerService (122)
[2015.10.30-21.43.11:034][ 70]LogModuleManager: Shutting down and abandoning module TaskGraph (121)
[2015.10.30-21.43.11:039][ 70]LogModuleManager: Shutting down and abandoning module SlateRemote (120)
[2015.10.30-21.43.11:040][ 70]LogModuleManager: Shutting down and abandoning module SteamVRController (119)
[2015.10.30-21.43.11:040][ 70]LogModuleManager: Shutting down and abandoning module SteamVR (118)
[2015.10.30-21.43.11:040][ 70]LogModuleManager: Shutting down and abandoning module ProceduralMeshComponent (117)
[2015.10.30-21.43.11:040][ 70]LogModuleManager: Shutting down and abandoning module OculusRift (116)
[2015.10.30-21.43.11:040][ 70]LogModuleManager: Shutting down and abandoning module OculusLibrary (115)
[2015.10.30-21.43.11:040][ 70]LogModuleManager: Shutting down and abandoning module LeapMotionController (114)
[2015.10.30-21.43.11:187][ 70]LogModuleManager: Shutting down and abandoning module CustomMeshComponent (113)
[2015.10.30-21.43.11:188][ 70]LogModuleManager: Shutting down and abandoning module CableComponent (112)
[2015.10.30-21.43.11:188][ 70]LogModuleManager: Shutting down and abandoning module ArchVisCharacter (111)
[2015.10.30-21.43.11:188][ 70]LogModuleManager: Shutting down and abandoning module MessagingDebugger (110)
[2015.10.30-21.43.11:191][ 70]LogModuleManager: Shutting down and abandoning module MediaPlayerEditor (109)
[2015.10.30-21.43.11:192][ 70]LogModuleManager: Shutting down and abandoning module HTML5Networking (108)
[2015.10.30-21.43.11:192][ 70]LogModuleManager: Shutting down and abandoning module SpeedTreeImporter (107)
[2015.10.30-21.43.11:192][ 70]LogModuleManager: Shutting down and abandoning module PluginBrowser (106)
[2015.10.30-21.43.11:193][ 70]LogModuleManager: Shutting down and abandoning module EpicSurvey (105)
[2015.10.30-21.43.11:194][ 70]LogModuleManager: Shutting down and abandoning module DesktopPlatform (104)
[2015.10.30-21.43.11:194][ 70]LogModuleManager: Shutting down and abandoning module VisualStudioSourceCodeAccess (103)
[2015.10.30-21.43.11:195][ 70]LogModuleManager: Shutting down and abandoning module UObjectPlugin (102)
[2015.10.30-21.43.11:195][ 70]LogModuleManager: Shutting down and abandoning module SubversionSourceControl (101)
[2015.10.30-21.43.11:197][ 70]LogModuleManager: Shutting down and abandoning module PerforceSourceControl (100)
[2015.10.30-21.43.11:199][ 70]LogModuleManager: Shutting down and abandoning module SourceControl (99)
[2015.10.30-21.43.11:200][ 70]LogModuleManager: Shutting down and abandoning module GitSourceControl (98)
[2015.10.30-21.43.11:200][ 70]LogModuleManager: Shutting down and abandoning module LightPropagationVolumeEditor (97)
[2015.10.30-21.43.11:200][ 70]LogModuleManager: Shutting down and abandoning module PaperTiledImporter (96)
[2015.10.30-21.43.11:200][ 70]LogModuleManager: Shutting down and abandoning module PaperSpriteSheetImporter (95)
[2015.10.30-21.43.11:201][ 70]LogModuleManager: Shutting down and abandoning module MeshPaint (94)
[2015.10.30-21.43.11:201][ 70]LogModuleManager: Shutting down and abandoning module SlateReflector (93)
[2015.10.30-21.43.11:202][ 70]LogModuleManager: Shutting down and abandoning module HotReload (92)
[2015.10.30-21.43.11:202][ 70]LogModuleManager: Shutting down and abandoning module MainFrame (91)
[2015.10.30-21.43.11:203][ 70]LogModuleManager: Shutting down and abandoning module LevelEditor (90)
[2015.10.30-21.43.11:206][ 70]LogModuleManager: Shutting down and abandoning module DirectoryWatcher (89)
[2015.10.30-21.43.11:209][ 70]LogModuleManager: Shutting down and abandoning module AssetRegistry (88)
[2015.10.30-21.43.11:477][ 70]LogModuleManager: Shutting down and abandoning module ContentBrowser (87)
[2015.10.30-21.43.11:494][ 70]LogModuleManager: Shutting down and abandoning module Paper2DEditor (86)
[2015.10.30-21.43.11:502][ 70]LogModuleManager: Shutting down and abandoning module UdpMessaging (85)
[2015.10.30-21.43.11:603][ 70]LogModuleManager: Shutting down and abandoning module LightPropagationVolumeRuntime (84)
[2015.10.30-21.43.11:603][ 70]LogModuleManager: Shutting down and abandoning module Paper2D (83)
[2015.10.30-21.43.11:605][ 70]LogModuleManager: Shutting down and abandoning module WindowsMoviePlayer (82)
[2015.10.30-21.43.11:628][ 70]LogModuleManager: Shutting down and abandoning module Media (81)
[2015.10.30-21.43.11:628][ 70]LogModuleManager: Shutting down and abandoning module WmfMedia (80)
[2015.10.30-21.43.11:630][ 70]LogModuleManager: Shutting down and abandoning module OnlineBlueprintSupport (79)
[2015.10.30-21.43.11:630][ 70]LogModuleManager: Shutting down and abandoning module GameplayTasksEditor (78)
[2015.10.30-21.43.11:630][ 70]LogModuleManager: Shutting down and abandoning module PropertyEditor (77)
[2015.10.30-21.43.11:631][ 70]LogModuleManager: Shutting down and abandoning module BehaviorTreeEditor (76)
[2015.10.30-21.43.11:633][ 70]LogModuleManager: Shutting down and abandoning module FunctionalTesting (75)
[2015.10.30-21.43.11:633][ 70]LogModuleManager: Shutting down and abandoning module CollisionAnalyzer (74)
[2015.10.30-21.43.11:634][ 70]LogModuleManager: Shutting down and abandoning module WorkspaceMenuStructure (73)
[2015.10.30-21.43.11:634][ 70]LogModuleManager: Shutting down and abandoning module MessageLog (72)
[2015.10.30-21.43.11:635][ 70]LogModuleManager: Shutting down and abandoning module Sequencer (71)
[2015.10.30-21.43.11:636][ 70]LogModuleManager: Shutting down and abandoning module AssetTools (70)
[2015.10.30-21.43.11:640][ 70]LogModuleManager: Shutting down and abandoning module UMGEditor (69)
[2015.10.30-21.43.11:642][ 70]LogModuleManager: Shutting down and abandoning module UMG (68)
[2015.10.30-21.43.11:642][ 70]LogModuleManager: Shutting down and abandoning module Slate (67)
[2015.10.30-21.43.11:642][ 70]LogModuleManager: Shutting down and abandoning module EditorStyle (66)
[2015.10.30-21.43.11:661][ 70]LogModuleManager: Shutting down and abandoning module SessionServices (65)
[2015.10.30-21.43.11:661][ 70]LogModuleManager: Shutting down and abandoning module SourceCodeAccess (64)
[2015.10.30-21.43.11:661][ 70]LogModuleManager: Shutting down and abandoning module HeadMountedDisplay (63)
[2015.10.30-21.43.11:661][ 70]LogModuleManager: Shutting down and abandoning module XAudio2 (62)
[2015.10.30-21.43.11:661][ 70]LogModuleManager: Shutting down and abandoning module Networking (60)
[2015.10.30-21.43.11:661][ 70]LogModuleManager: Shutting down and abandoning module Core (59)
[2015.10.30-21.43.11:661][ 70]LogModuleManager: Shutting down and abandoning module KismetCompiler (58)
[2015.10.30-21.43.11:661][ 70]LogModuleManager: Shutting down and abandoning module PhysXFormats (57)
[2015.10.30-21.43.11:661][ 70]LogModuleManager: Shutting down and abandoning module MeshUtilities (56)
[2015.10.30-21.43.11:662][ 70]LogModuleManager: Shutting down and abandoning module CookingStats (55)
[2015.10.30-21.43.11:665][ 70]LogModuleManager: Shutting down and abandoning module DerivedDataCache (54)
[2015.10.30-21.43.12:090][ 70]LogDerivedDataCache: Shutdown
[2015.10.30-21.43.12:090][ 70]LogModuleManager: Shutting down and abandoning module ShaderFormatOpenGL (53)
[2015.10.30-21.43.12:093][ 70]LogModuleManager: Shutting down and abandoning module ShaderFormatD3D (52)
[2015.10.30-21.43.12:093][ 70]LogModuleManager: Shutting down and abandoning module MetalShaderFormat (51)
[2015.10.30-21.43.12:094][ 70]LogModuleManager: Shutting down and abandoning module TextureFormatUncompressed (50)
[2015.10.30-21.43.12:094][ 70]LogModuleManager: Shutting down and abandoning module TextureFormatPVR (49)
[2015.10.30-21.43.12:095][ 70]LogModuleManager: Shutting down and abandoning module TextureFormatIntelISPCTexComp (48)
[2015.10.30-21.43.12:095][ 70]LogModuleManager: Shutting down and abandoning module TextureFormatDXT (47)
[2015.10.30-21.43.12:095][ 70]LogModuleManager: Shutting down and abandoning module ImageWrapper (46)
[2015.10.30-21.43.12:095][ 70]LogModuleManager: Shutting down and abandoning module TextureFormatASTC (45)
[2015.10.30-21.43.12:095][ 70]LogModuleManager: Shutting down and abandoning module TextureFormatAndroid (44)
[2015.10.30-21.43.12:095][ 70]LogModuleManager: Shutting down and abandoning module AudioFormatOpus (43)
[2015.10.30-21.43.12:095][ 70]LogModuleManager: Shutting down and abandoning module AudioFormatOgg (42)
[2015.10.30-21.43.12:096][ 70]LogModuleManager: Shutting down and abandoning module AudioFormatADPCM (41)
[2015.10.30-21.43.12:096][ 70]LogModuleManager: Shutting down and abandoning module LinuxTargetPlatform (40)
[2015.10.30-21.43.12:096][ 70]LogModuleManager: Shutting down and abandoning module LinuxServerTargetPlatform (39)
[2015.10.30-21.43.12:098][ 70]LogModuleManager: Shutting down and abandoning module LinuxNoEditorTargetPlatform (38)
[2015.10.30-21.43.12:099][ 70]LogModuleManager: Shutting down and abandoning module Messaging (37)
[2015.10.30-21.43.12:099][ 70]LogModuleManager: Shutting down and abandoning module IOSTargetPlatform (36)
[2015.10.30-21.43.12:099][ 70]LogModuleManager: Shutting down and abandoning module HTML5TargetPlatform (35)
[2015.10.30-21.43.12:099][ 70]LogModuleManager: Shutting down and abandoning module Android_PVRTCTargetPlatform (34)
[2015.10.30-21.43.12:101][ 70]LogModuleManager: Shutting down and abandoning module Android_ETC2TargetPlatform (33)
[2015.10.30-21.43.12:108][ 70]LogModuleManager: Shutting down and abandoning module Android_ETC1TargetPlatform (32)
[2015.10.30-21.43.12:108][ 70]LogModuleManager: Shutting down and abandoning module Android_DXTTargetPlatform (31)
[2015.10.30-21.43.12:111][ 70]LogModuleManager: Shutting down and abandoning module Android_ATCTargetPlatform (30)
[2015.10.30-21.43.12:113][ 70]LogModuleManager: Shutting down and abandoning module Android_ASTCTargetPlatform (29)
[2015.10.30-21.43.12:114][ 70]LogModuleManager: Shutting down and abandoning module AndroidTargetPlatform (28)
[2015.10.30-21.43.12:115][ 70]LogModuleManager: Shutting down and abandoning module WindowsTargetPlatform (27)
[2015.10.30-21.43.12:115][ 70]LogModuleManager: Shutting down and abandoning module WindowsServerTargetPlatform (26)
[2015.10.30-21.43.12:120][ 70]LogModuleManager: Shutting down and abandoning module WindowsNoEditorTargetPlatform (25)
[2015.10.30-21.43.12:122][ 70]LogModuleManager: Shutting down and abandoning module WindowsClientTargetPlatform (24)
[2015.10.30-21.43.12:123][ 70]LogModuleManager: Shutting down and abandoning module AllDesktopTargetPlatform (23)
[2015.10.30-21.43.12:124][ 70]LogModuleManager: Shutting down and abandoning module TargetPlatform (22)
[2015.10.30-21.43.12:124][ 70]LogModuleManager: Shutting down and abandoning module InputCore (21)
[2015.10.30-21.43.12:124][ 70]LogModuleManager: Shutting down and abandoning module Settings (20)
[2015.10.30-21.43.12:124][ 70]LogModuleManager: Shutting down and abandoning module OnlineSubsystem (18)
[2015.10.30-21.43.12:124][ 70]LogModuleManager: Shutting down and abandoning module HTTP (17)
[2015.10.30-21.43.14:139][ 70]LogModuleManager: Shutting down and abandoning module XMPP (16)
[2015.10.30-21.43.14:143][ 70]LogModuleManager: Shutting down and abandoning module ExampleDeviceProfileSelector (15)
[2015.10.30-21.43.14:143][ 70]LogModuleManager: Shutting down and abandoning module TextureCompressor (14)
[2015.10.30-21.43.14:144][ 70]LogModuleManager: Shutting down and abandoning module ShaderCore (13)
[2015.10.30-21.43.14:144][ 70]LogModuleManager: Shutting down and abandoning module Landscape (12)
[2015.10.30-21.43.14:144][ 70]LogModuleManager: Shutting down and abandoning module SlateRHIRenderer (11)
[2015.10.30-21.43.14:154][ 70]LogModuleManager: Shutting down and abandoning module OpenGLDrv (10)
[2015.10.30-21.43.14:155][ 70]LogModuleManager: Shutting down and abandoning module D3D11RHI (9)
[2015.10.30-21.43.14:155][ 70]LogModuleManager: Shutting down and abandoning module AnimGraphRuntime (8)
[2015.10.30-21.43.14:156][ 70]LogModuleManager: Shutting down and abandoning module Renderer (7)
[2015.10.30-21.43.14:156][ 70]LogModuleManager: Shutting down and abandoning module Engine (6)
[2015.10.30-21.43.14:156][ 70]LogModuleManager: Shutting down and abandoning module CoreUObject (5)
[2015.10.30-21.43.14:156][ 70]LogModuleManager: Shutting down and abandoning module NetworkFile (4)
[2015.10.30-21.43.14:157][ 70]LogModuleManager: Shutting down and abandoning module StreamingFile (3)
[2015.10.30-21.43.14:157][ 70]LogModuleManager: Shutting down and abandoning module SandboxFile (2)
[2015.10.30-21.43.14:161][ 70]LogModuleManager: Shutting down and abandoning module PakFile (1)
[2015.10.30-21.43.14:168][ 70]LogExit: Exiting.
[2015.10.30-21.43.14:175][ 70]Log file closed, 10/30/15 17:43:14
