[2015.10.30-02.28.52:211][  0]Log file open, 10/29/15 22:28:52
[2015.10.30-02.28.52:211][  0]LogInit:Display: Running engine for game: MyProject
[2015.10.30-02.28.52:211][  0]LogInit:Display: RandInit(276853860) SRandInit(276853861).
[2015.10.30-02.28.52:211][  0]LogTaskGraph: Started task graph with 4 named threads and 5 total threads.
[2015.10.30-02.28.52:211][  0]LogStats: Stats thread started at 1.548513
[2015.10.30-02.28.52:211][  0]LogInit: Version: 4.9.0-2672455+++depot+UE4-Releases+4.9
[2015.10.30-02.28.52:211][  0]LogInit: API Version: 2672455
[2015.10.30-02.28.52:211][  0]LogInit: Compiled (64-bit): Aug 28 2015 12:33:01
[2015.10.30-02.28.52:211][  0]LogInit: Compiled with Visual C++: 18.00.21005.01
[2015.10.30-02.28.52:211][  0]LogInit: Build Configuration: Development
[2015.10.30-02.28.52:211][  0]LogInit: Branch Name: ++depot+UE4-Releases+4.9
[2015.10.30-02.28.52:211][  0]LogInit: Command line:  
[2015.10.30-02.28.52:211][  0]LogInit: Base directory: D:/Epic Games/4.9/Engine/Binaries/Win64/
[2015.10.30-02.28.52:211][  0]LogInit: Rocket: 1
[2015.10.30-02.28.52:289][  0]LogInit: Using libcurl 7.41.0
[2015.10.30-02.28.52:289][  0]LogInit:  - built for x86_64-pc-win32
[2015.10.30-02.28.52:289][  0]LogInit:  - supports SSL with WinSSL
[2015.10.30-02.28.52:289][  0]LogInit:  - other features:
[2015.10.30-02.28.52:289][  0]LogInit:      CURL_VERSION_SSL
[2015.10.30-02.28.52:289][  0]LogInit:      CURL_VERSION_IPV6
[2015.10.30-02.28.52:289][  0]LogInit:      CURL_VERSION_ASYNCHDNS
[2015.10.30-02.28.52:289][  0]LogInit:      CURL_VERSION_LARGEFILE
[2015.10.30-02.28.52:289][  0]LogInit:      CURL_VERSION_IDN
[2015.10.30-02.28.52:289][  0]LogInit:  CurlRequestOptions (configurable via config and command line):
[2015.10.30-02.28.52:289][  0]LogInit:  - bVerifyPeer = true  - Libcurl will verify peer certificate
[2015.10.30-02.28.52:289][  0]LogInit:  - bUseHttpProxy = false  - Libcurl will NOT use HTTP proxy
[2015.10.30-02.28.52:289][  0]LogInit:  - bDontReuseConnections = false  - Libcurl will reuse connections
[2015.10.30-02.28.52:289][  0]LogInit:  - CertBundlePath = nullptr  - Libcurl will use whatever was configured at build time.
[2015.10.30-02.28.52:367][  0]LogInit: Presizing for 0 objects not considered by GC, pre-allocating 0 bytes.
[2015.10.30-02.28.52:414][  0]LogInit: Object subsystem initialized
[2015.10.30-02.28.52:523][  0]LogInit: Selected Device Profile: [Windows]
[2015.10.30-02.28.52:523][  0]LogInit: Applying CVar settings loaded from the selected device profile: [Windows]
[2015.10.30-02.28.52:570][  0]LogInit: Computer: IDEA-PC
[2015.10.30-02.28.52:570][  0]LogInit: User: lenovopc
[2015.10.30-02.28.52:570][  0]LogInit: CPU Page size=4096, Cores=2
[2015.10.30-02.28.52:570][  0]LogInit: High frequency timer resolution =1.656392 MHz
[2015.10.30-02.28.52:570][  0]LogMemory: Memory total: Physical=3.9GB (4GB approx)
[2015.10.30-02.28.52:570][  0]LogMemory: Platform Memory Stats for Windows
[2015.10.30-02.28.52:570][  0]LogMemory: Process Physical Memory: 53.35 MB used, 53.35 MB peak
[2015.10.30-02.28.52:570][  0]LogMemory: Process Virtual Memory: 55.07 MB used, 55.07 MB peak
[2015.10.30-02.28.52:570][  0]LogMemory: Physical Memory: 2151.25 MB used, 3975.27 MB total
[2015.10.30-02.28.52:570][  0]LogMemory: Virtual Memory: 342.13 MB used, 8388608.00 MB total
[2015.10.30-02.28.54:821][  0]LogD3D11RHI: Found D3D11 adapter 0: Intel(R) HD Graphics 4000 (Feature Level 11_0)
[2015.10.30-02.28.54:821][  0]LogD3D11RHI: Adapter has 32MB of dedicated video memory, 0MB of dedicated system memory, and 1632MB of shared system memory, 1 output[s]
[2015.10.30-02.28.54:826][  0]LogD3D11RHI: Found D3D11 adapter 1: Microsoft Basic Render Driver (Feature Level 11_0)
[2015.10.30-02.28.54:826][  0]LogD3D11RHI: Adapter has 0MB of dedicated video memory, 0MB of dedicated system memory, and 256MB of shared system memory, 0 output[s]
[2015.10.30-02.28.54:827][  0]LogD3D11RHI: Chosen D3D11 Adapter Id = 0
[2015.10.30-02.28.54:848][  0]LogD3D11RHI: !Direct3DDevice
[2015.10.30-02.28.54:849][  0]LogRHI: Texture pool is 593 MB (70% of 848 MB)
[2015.10.30-02.28.54:857][  0]LogD3D11RHI: Async texture creation enabled
[2015.10.30-02.28.55:061][  0]LogShaderCompilers: Guid format shader working directory is 15 characters bigger than the processId version (C:/Users/lenovo-pc/Downloads/TestLevel/Intermediate/Shaders/WorkingDirectory/6688/).
[2015.10.30-02.28.55:062][  0]LogShaderCompilers: Cleaned the shader compiler working directory 'C:/Users/lenovo-pc/Downloads/TestLevel/Intermediate/Shaders/tmp/F4D91A244B293D2C99E621A428B8D343/'.
[2015.10.30-02.28.55:063][  0]LogShaderCompilers:Display: Using Local Shader Compiler.
[2015.10.30-02.29.03:643][  0]LogTemp:Display: Loaded TP AllDesktopTargetPlatform
[2015.10.30-02.29.03:678][  0]LogTemp:Display: Loaded TP WindowsClientTargetPlatform
[2015.10.30-02.29.03:721][  0]LogTemp:Display: Loaded TP WindowsNoEditorTargetPlatform
[2015.10.30-02.29.03:763][  0]LogTemp:Display: Loaded TP WindowsServerTargetPlatform
[2015.10.30-02.29.03:805][  0]LogTemp:Display: Loaded TP WindowsTargetPlatform
[2015.10.30-02.29.03:838][  0]LogTemp:Display: Loaded TP AndroidTargetPlatform
[2015.10.30-02.29.03:876][  0]LogTemp:Display: Loaded TP Android_ASTCTargetPlatform
[2015.10.30-02.29.03:903][  0]LogTemp:Display: Loaded TP Android_ATCTargetPlatform
[2015.10.30-02.29.03:931][  0]LogTemp:Display: Loaded TP Android_DXTTargetPlatform
[2015.10.30-02.29.03:959][  0]LogTemp:Display: Loaded TP Android_ETC1TargetPlatform
[2015.10.30-02.29.03:992][  0]LogTemp:Display: Loaded TP Android_ETC2TargetPlatform
[2015.10.30-02.29.04:023][  0]LogTemp:Display: Loaded TP Android_PVRTCTargetPlatform
[2015.10.30-02.29.04:047][  0]LogTemp:Display: Loaded TP HTML5TargetPlatform
[2015.10.30-02.29.04:138][  0]LogTemp:Display: Loaded TP IOSTargetPlatform
[2015.10.30-02.29.04:165][  0]LogTemp:Display: Loaded TP LinuxNoEditorTargetPlatform
[2015.10.30-02.29.04:191][  0]LogTemp:Display: Loaded TP LinuxServerTargetPlatform
[2015.10.30-02.29.04:221][  0]LogTemp:Display: Loaded TP LinuxTargetPlatform
[2015.10.30-02.29.04:221][  0]LogTargetPlatformManager:Display: Building Assets For Windows
[2015.10.30-02.29.05:054][  0]LogDerivedDataCache:Display: Max Cache Size: 512 MB
[2015.10.30-02.29.05:672][  0]LogDerivedDataCache: Loaded boot cache 0.62s 41MB C:/Users/lenovo-pc/AppData/Local/UnrealEngine/4.9/DerivedDataCache/Boot.ddc.
[2015.10.30-02.29.05:672][  0]LogDerivedDataCache:Display: Loaded Boot cache: C:/Users/lenovo-pc/AppData/Local/UnrealEngine/4.9/DerivedDataCache/Boot.ddc
[2015.10.30-02.29.05:673][  0]LogDerivedDataCache: FDerivedDataBackendGraph:  Pak pak cache file C:/Users/lenovo-pc/Downloads/TestLevel/DerivedDataCache/DDC.ddp not found, will not use a pak cache.
[2015.10.30-02.29.05:673][  0]LogDerivedDataCache: Unable to find inner node Pak for hierarchical cache Hierarchy.
[2015.10.30-02.29.05:673][  0]LogDerivedDataCache: FDerivedDataBackendGraph:  CompressedPak pak cache file C:/Users/lenovo-pc/Downloads/TestLevel/DerivedDataCache/Compressed.ddp not found, will not use a pak cache.
[2015.10.30-02.29.05:673][  0]LogDerivedDataCache: Unable to find inner node CompressedPak for hierarchical cache Hierarchy.
[2015.10.30-02.29.06:377][  0]LogDerivedDataCache:Display: Pak cache opened for reading ../../../Engine/DerivedDataCache/Compressed.ddp.
[2015.10.30-02.29.06:399][  0]LogDerivedDataCache: Using Local data cache path C:/Users/lenovo-pc/AppData/Local/UnrealEngine/Common/DerivedDataCache: Writable
[2015.10.30-02.29.08:499][  0]LogInit: Selected Device Profile: [Windows]
[2015.10.30-02.29.08:575][  0]LogContentStreaming: Texture pool size is 0.000000MB
[2015.10.30-02.29.09:325][  0]LogMeshUtilities: No automatic mesh reduction module available
[2015.10.30-02.29.09:326][  0]LogMeshUtilities: No automatic mesh merging module available
[2015.10.30-02.29.10:935][  0]LogInit: WinSock: version 1.1 (2.2), MaxSocks=32767, MaxUdp=65467
[2015.10.30-02.29.16:693][  0]UdpMessaging: Initializing bridge on interface 0.0.0.0:0 to multicast group 230.0.0.1:6666.
[2015.10.30-02.29.17:246][  0]LogAssetRegistry: FAssetRegistry took 0.0117 seconds to start up
[2015.10.30-02.29.18:710][  0]SourceControl: 信息 源码控制已禁用
[2015.10.30-02.29.18:713][  0]SourceControl: 信息 源码控制已禁用
[2015.10.30-02.29.18:800][  0]SourceControl: 信息 源码控制已禁用
[2015.10.30-02.29.18:911][  0]SourceControl: 信息 源码控制已禁用
[2015.10.30-02.29.19:907][  0]LogLinker:Warning: Asset '../../../Engine/Plugins/Runtime/LeapMotionController/Content/LM_PassthroughMaterial.uasset' has been saved with empty engine version. The asset will be loaded but may be incompatible.
[2015.10.30-02.29.20:481][  0]LogObj: 28361 objects as part of root set at end of initial load.
[2015.10.30-02.29.20:481][  0]LogUObjectAllocator: 6038864 out of 0 bytes used by permanent object pool.
[2015.10.30-02.29.20:873][  0]LogEngine: Initializing Engine...
[2015.10.30-02.29.20:884][  0]LogHMD: Can't find Oculus library dev build: is proper Runtime installed? Version: 0.6.0.0
[2015.10.30-02.29.20:907][  0]LogHMD: SteamVR failed to initialize.  Err: 110
[2015.10.30-02.29.21:710][  0]LogAIModule: Creating AISystem for world NewWorld
[2015.10.30-02.29.21:855][  0]LogInit: XAudio2 using '扬声器 (Conexant SmartAudio HD)' : 2 channels at 44.1 kHz using 16 bits per sample (channel mask 0x3)
[2015.10.30-02.29.21:979][  0]LogInit: FAudioDevice initialized.
[2015.10.30-02.29.22:067][  0]LogDerivedDataCache: Saved boot cache 0.09s 41MB C:/Users/lenovo-pc/AppData/Local/UnrealEngine/4.9/DerivedDataCache/Boot.ddc.
[2015.10.30-02.29.22:078][  0]LogInit: Texture streaming: Enabled
[2015.10.30-02.29.22:135][  0]LogAnalytics: Creating configured Analytics provider AnalyticsET
[2015.10.30-02.29.22:136][  0]LogAnalytics: [UEEditor.Rocket.Release] APIServer = http://et2.epicgames.com/ET2/. AppVersion = 4.9.0-2672455+++depot+UE4-Releases+4.9
[2015.10.30-02.29.22:136][  0]LogAnalytics: [UEEditor.Rocket.Release] SetUserId 5050c46d410a721ffb73149eef914dbe|c10d342a545c424996c5a96657dd3caa|026f7912-4267-4fe7-8726-f5173afcf146
[2015.10.30-02.29.22:137][  0]LogAnalytics: [UEEditor.Rocket.Release] AnalyticsET::StartSession
[2015.10.30-02.29.22:274][  0]LogWindowsTextInputMethodSystem:Display: IME system now activated using TSF (微软拼音简捷).
[2015.10.30-02.29.22:279][  0]LogWindowsTextInputMethodSystem:Display: IME system now activated using TSF (微软拼音简捷).
[2015.10.30-02.29.22:638][  0]LogInit: Transaction tracking system initialized
[2015.10.30-02.29.23:024][  0]BlueprintLog: New page: 编辑器加载
[2015.10.30-02.29.24:773][  0]LocalizationService: 信息 本地化服务已被禁用
[2015.10.30-02.29.25:645][  0]LogConsoleResponse:Display: 
[2015.10.30-02.29.26:864][  0]LogFileCache: Scanning file cache for directory 'C:/Users/lenovo-pc/Downloads/TestLevel/Content/' took 0.03s
[2015.10.30-02.29.26:865][  0]LogCook:Display: Done creating registry. It took  0.00s.
[2015.10.30-02.29.27:530][  0]SourceControl: 信息 源码控制已禁用
[2015.10.30-02.29.27:542][  0]Cmd: MAP LOAD FILE="C:/Users/lenovo-pc/Downloads/TestLevel/Content/FirstPersonBP/Maps/FirstPersonExampleMap.umap" TEMPLATE=0 SHOWPROGRESS=1 FEATURELEVEL=3
[2015.10.30-02.29.27:558][  0]LightingResults: New page: 光照构建
[2015.10.30-02.29.27:674][  0]MapCheck: New page: 地图检测
[2015.10.30-02.29.27:674][  0]LightingResults: New page: 光照构建
[2015.10.30-02.29.27:787][  0]LogParticles: Destroying 0 GPU particle simulations for FXSystem 0x0000004A8D2D2160
[2015.10.30-02.29.27:802][  0]LogLinker:Warning: Asset 'C:/Users/lenovo-pc/Downloads/TestLevel/Content/FirstPersonBP/Maps/FirstPersonExampleMap.umap' has been saved with engine version newer than current and therefore can't be loaded. CurrEngineVersion: 4.9.0-2672455+++depot+UE4-Releases+4.9 AssetEngineVersion: 4.9.1-2672455+++depot+UE4-Releases+4.9
[2015.10.30-02.31.24:226][  0]LogWindowsTextInputMethodSystem:Display: IME system now activated using TSF (微软拼音简捷).
[2015.10.30-02.31.24:227][  0]LogWindowsTextInputMethodSystem:Display: IME system now activated using TSF (微软拼音简捷).
[2015.10.30-02.31.24:257][  0]LogWindowsTextInputMethodSystem:Display: IME system now activated using TSF (微软拼音简捷).
[2015.10.30-02.31.24:258][  0]LogWindowsTextInputMethodSystem:Display: IME system now activated using TSF (微软拼音简捷).
[2015.10.30-02.31.24:315][  0]LightingResults: New page: 光照构建
[2015.10.30-02.31.24:328][  0]LogAIModule: Creating AISystem for world NewWorld
[2015.10.30-02.31.24:354][  0]LoadErrors: New page: 新建地图
[2015.10.30-02.31.24:987][  0]LogCollectionManager: Loaded 0 collections in 0.008949 seconds
[2015.10.30-02.31.25:087][  0]LogFileCache: Scanning file cache for directory 'C:/Users/lenovo-pc/Downloads/TestLevel/Saved/Collections/' took 0.01s
[2015.10.30-02.31.25:087][  0]LogFileCache: Scanning file cache for directory 'C:/Users/lenovo-pc/Downloads/TestLevel/Content/Developers/lenovopc/Collections/' took 0.01s
[2015.10.30-02.31.25:087][  0]LogFileCache: Scanning file cache for directory 'C:/Users/lenovo-pc/Downloads/TestLevel/Content/Collections/' took 0.01s
[2015.10.30-02.31.25:087][  0]LogContentBrowser: Native class hierarchy populated in 0.0446 seconds. Added 1867 classes and 333 folders.
[2015.10.30-02.31.25:117][  0]LogCollectionManager: Rebuilt the GUID cache for 0 collections in 0.000021 seconds
[2015.10.30-02.31.25:152][  0]LogContentBrowser: Native class hierarchy updated for 'WidgetCarousel' in 0.0012 seconds. Added 0 classes and 0 folders.
[2015.10.30-02.31.25:652][  0]LogContentBrowser: Native class hierarchy updated for 'AddContentDialog' in 0.0014 seconds. Added 0 classes and 0 folders.
[2015.10.30-02.31.25:689][  0]LogContentBrowser: Native class hierarchy updated for 'SceneOutliner' in 0.0020 seconds. Added 1 classes and 2 folders.
[2015.10.30-02.31.25:921][  0]LogCrashTracker: Crashtracker disabled due to settings.
[2015.10.30-02.31.25:966][  0]LogUObjectGlobals:Warning: 寻找对象'Class 无.'失败
[2015.10.30-02.31.25:992][  0]LogLoad: Full Startup: 158.43 seconds (BP compile: 0.05 seconds)
[2015.10.30-02.31.26:265][  0]LogContentStreaming: Texture pool size now 1000 MB
[2015.10.30-02.31.26:982][  0]LogRenderer: Reallocating scene render targets to support 1004x456 (Frame:2).
[2015.10.30-02.31.35:382][ 15]LogAssetRegistry: Asset discovery search completed in 138.1479 seconds
[2015.10.30-02.31.35:383][ 15]LogCollectionManager: Rebuilt the object cache for 0 collections in 0.000008 seconds (found 0 objects)
[2015.10.30-02.31.35:383][ 15]LogCollectionManager: Fixed up redirectors for 0 collections in 0.000185 seconds (updated 0 objects)
[2015.10.30-02.31.46:691][ 91]LogSynthBenchmark:Display: FSynthBenchmark (V0.95):  requested WorkScale=1.00
[2015.10.30-02.31.46:691][ 91]LogSynthBenchmark:Display: ===============
[2015.10.30-02.31.46:691][ 91]LogSynthBenchmark:Display: Main Processor:
[2015.10.30-02.31.46:903][ 91]LogSynthBenchmark:Display:          ... 0.105974 s/Run 'RayIntersect'
[2015.10.30-02.31.46:903][ 91]LogSynthBenchmark:Display:          ... 0.105843 s/Run 'Fractal'
[2015.10.30-02.31.46:903][ 91]LogSynthBenchmark:Display: 
[2015.10.30-02.31.46:903][ 91]LogSynthBenchmark:Display:   CompiledTarget_x_Bits: 64
[2015.10.30-02.31.46:903][ 91]LogSynthBenchmark:Display:   UE_BUILD_SHIPPING: 0
[2015.10.30-02.31.46:903][ 91]LogSynthBenchmark:Display:   UE_BUILD_TEST: 0
[2015.10.30-02.31.46:903][ 91]LogSynthBenchmark:Display:   UE_BUILD_DEBUG: 0
[2015.10.30-02.31.46:903][ 91]LogSynthBenchmark:Display:   TotalPhysicalGBRam: 4
[2015.10.30-02.31.46:903][ 91]LogSynthBenchmark:Display:   NumberOfCores (physical): 2
[2015.10.30-02.31.46:903][ 91]LogSynthBenchmark:Display:   NumberOfCores (logical): 4
[2015.10.30-02.31.46:903][ 91]LogSynthBenchmark:Display:   CPU Perf Index 0: 24.2
[2015.10.30-02.31.46:903][ 91]LogSynthBenchmark:Display:   CPU Perf Index 1: 27.0
[2015.10.30-02.31.46:903][ 91]LogSynthBenchmark:Display:  
[2015.10.30-02.31.46:903][ 91]LogSynthBenchmark:Display: Graphics:
[2015.10.30-02.31.46:903][ 91]LogSynthBenchmark:Display:   Adapter Name: 'Intel(R) HD Graphics 4000'
[2015.10.30-02.31.46:904][ 91]LogSynthBenchmark:Display:   (On Optimus the name might be wrong, memory should be ok)
[2015.10.30-02.31.46:904][ 91]LogSynthBenchmark:Display:   Vendor Id: 0x8086
[2015.10.30-02.31.46:904][ 91]LogSynthBenchmark:Display:   GPU Memory: 32/0/1632 MB
[2015.10.30-02.31.46:904][ 91]LogSynthBenchmark:Display:   CPUIndex: 24.2
[2015.10.30-02.31.46:904][ 91]LogSynthBenchmark:Display:   GPUIndex: -1.$
[2015.10.30-02.31.46:904][ 91]LogSynthBenchmark:Display: 
[2015.10.30-02.31.46:904][ 91]LogSynthBenchmark:Display:          ... Total Time: 0.213259 sec
[2015.10.30-02.31.55:595][116]LogPlayLevel: PlayLevel: No blueprints needed recompiling
[2015.10.30-02.31.55:619][116]PIE: New page: PIE会话: Untitled_1 (2015年10月29日 下午6:31:55)
[2015.10.30-02.31.55:628][116]LogPlayLevel: Creating play world package: /Temp/UEDPIE_0_Untitled_1
[2015.10.30-02.31.55:691][116]LogPlayLevel: PIE: StaticDuplicateObject took: (0.061873s)
[2015.10.30-02.31.55:696][116]LogAIModule: Creating AISystem for world NewWorld
[2015.10.30-02.31.55:697][116]LogPlayLevel: PIE: World Init took: (0.005657s)
[2015.10.30-02.31.55:723][116]LogPlayLevel: PIE: Created PIE world by copying editor world from /Temp/Untitled_1.NewWorld to /Temp/UEDPIE_0_Untitled_1.NewWorld (0.095556s)
[2015.10.30-02.31.55:857][116]LogInit: XAudio2 using '扬声器 (Conexant SmartAudio HD)' : 2 channels at 44.1 kHz using 16 bits per sample (channel mask 0x3)
[2015.10.30-02.31.55:907][116]LogInit: FAudioDevice initialized.
[2015.10.30-02.31.56:091][116]LogLinker:Warning: Asset 'C:/Users/lenovo-pc/Downloads/TestLevel/Content/FirstPersonBP/Blueprints/FirstPersonGameMode.uasset' has been saved with engine version newer than current and therefore can't be loaded. CurrEngineVersion: 4.9.0-2672455+++depot+UE4-Releases+4.9 AssetEngineVersion: 4.9.1-2672455+++depot+UE4-Releases+4.9
[2015.10.30-02.31.56:094][116]LogLinker:Warning: Asset 'C:/Users/lenovo-pc/Downloads/TestLevel/Content/FirstPersonBP/Blueprints/FirstPersonGameMode.uasset' has been saved with engine version newer than current and therefore can't be loaded. CurrEngineVersion: 4.9.0-2672455+++depot+UE4-Releases+4.9 AssetEngineVersion: 4.9.1-2672455+++depot+UE4-Releases+4.9
[2015.10.30-02.31.56:095][116]LogUObjectGlobals:Warning: 寻找对象'Class /Game/FirstPersonBP/Blueprints/FirstPersonGameMode.FirstPersonGameMode_C'失败
[2015.10.30-02.31.56:095][116]LogWorld: Game class is 'GameMode'
[2015.10.30-02.31.56:125][116]LogWorld: Bringing World /Temp/UEDPIE_0_Untitled_1.NewWorld up for play (max tick rate 60) at 2015.10.29-22.31.56
[2015.10.30-02.31.56:125][116]LogActor:Warning: GameSession /Temp/UEDPIE_0_Untitled_1.NewWorld:PersistentLevel.GameSession_0 has natively added scene component(s), but none of them were set as the actor's RootComponent - picking one arbitrarily
[2015.10.30-02.31.56:127][116]LogActor:Warning: GameNetworkManager /Temp/UEDPIE_0_Untitled_1.NewWorld:PersistentLevel.GameNetworkManager_0 has natively added scene component(s), but none of them were set as the actor's RootComponent - picking one arbitrarily
[2015.10.30-02.31.56:129][116]LogWorld: Bringing up level for play took: 0.005690
[2015.10.30-02.31.56:222][116]PIE: 信息 /Temp/UEDPIE_0_Untitled_1的‘在编辑器中播放’的起始时间-0.133
[2015.10.30-02.32.00:987][155]LogParticles: Destroying 0 GPU particle simulations for FXSystem 0x0000004A8D887CE0
[2015.10.30-02.32.29:528][381]LogLinker:Warning: Asset 'C:/Users/lenovo-pc/Downloads/TestLevel/Content/FirstPersonBP/Blueprints/Actors/S_pickUp.uasset' has been saved with engine version newer than current and therefore can't be loaded. CurrEngineVersion: 4.9.0-2672455+++depot+UE4-Releases+4.9 AssetEngineVersion: 4.9.1-2672455+++depot+UE4-Releases+4.9
[2015.10.30-02.32.29:529][381]LogLinker:Warning: Asset 'C:/Users/lenovo-pc/Downloads/TestLevel/Content/FirstPersonBP/Blueprints/Actors/S_pickUp.uasset' has been saved with engine version newer than current and therefore can't be loaded. CurrEngineVersion: 4.9.0-2672455+++depot+UE4-Releases+4.9 AssetEngineVersion: 4.9.1-2672455+++depot+UE4-Releases+4.9
[2015.10.30-02.32.29:530][381]LogUObjectGlobals:Warning: 寻找对象'Object /Game/FirstPersonBP/Blueprints/Actors/S_pickUp.S_pickUp'失败
[2015.10.30-02.32.32:670][409]LogLinker:Warning: Asset 'C:/Users/lenovo-pc/Downloads/TestLevel/Content/FirstPersonBP/Blueprints/Actors/S_pickUp.uasset' has been saved with engine version newer than current and therefore can't be loaded. CurrEngineVersion: 4.9.0-2672455+++depot+UE4-Releases+4.9 AssetEngineVersion: 4.9.1-2672455+++depot+UE4-Releases+4.9
[2015.10.30-02.32.32:670][409]LogUObjectGlobals:Warning: 寻找对象'Object /Game/FirstPersonBP/Blueprints/Actors/S_pickUp.S_pickUp'失败
[2015.10.30-02.32.35:464][434]LogLinker:Warning: Asset 'C:/Users/lenovo-pc/Downloads/TestLevel/Content/FirstPersonBP/Blueprints/Actors/S_pickUp.uasset' has been saved with engine version newer than current and therefore can't be loaded. CurrEngineVersion: 4.9.0-2672455+++depot+UE4-Releases+4.9 AssetEngineVersion: 4.9.1-2672455+++depot+UE4-Releases+4.9
[2015.10.30-02.32.35:464][434]LogUObjectGlobals:Warning: 寻找对象'Object /Game/FirstPersonBP/Blueprints/Actors/S_pickUp.S_pickUp'失败
[2015.10.30-02.32.45:689][541]LogSynthBenchmark:Display: FSynthBenchmark (V0.95):  requested WorkScale=1.00
[2015.10.30-02.32.45:689][541]LogSynthBenchmark:Display: ===============
[2015.10.30-02.32.45:689][541]LogSynthBenchmark:Display: Main Processor:
[2015.10.30-02.32.45:894][541]LogSynthBenchmark:Display:          ... 0.105115 s/Run 'RayIntersect'
[2015.10.30-02.32.45:894][541]LogSynthBenchmark:Display:          ... 0.099921 s/Run 'Fractal'
[2015.10.30-02.32.45:894][541]LogSynthBenchmark:Display: 
[2015.10.30-02.32.45:894][541]LogSynthBenchmark:Display:   CompiledTarget_x_Bits: 64
[2015.10.30-02.32.45:894][541]LogSynthBenchmark:Display:   UE_BUILD_SHIPPING: 0
[2015.10.30-02.32.45:894][541]LogSynthBenchmark:Display:   UE_BUILD_TEST: 0
[2015.10.30-02.32.45:894][541]LogSynthBenchmark:Display:   UE_BUILD_DEBUG: 0
[2015.10.30-02.32.45:894][541]LogSynthBenchmark:Display:   TotalPhysicalGBRam: 4
[2015.10.30-02.32.45:894][541]LogSynthBenchmark:Display:   NumberOfCores (physical): 2
[2015.10.30-02.32.45:894][541]LogSynthBenchmark:Display:   NumberOfCores (logical): 4
[2015.10.30-02.32.45:894][541]LogSynthBenchmark:Display:   CPU Perf Index 0: 24.4
[2015.10.30-02.32.45:894][541]LogSynthBenchmark:Display:   CPU Perf Index 1: 28.6
[2015.10.30-02.32.45:894][541]LogSynthBenchmark:Display:  
[2015.10.30-02.32.45:894][541]LogSynthBenchmark:Display: Graphics:
[2015.10.30-02.32.45:894][541]LogSynthBenchmark:Display:   Adapter Name: 'Intel(R) HD Graphics 4000'
[2015.10.30-02.32.45:894][541]LogSynthBenchmark:Display:   (On Optimus the name might be wrong, memory should be ok)
[2015.10.30-02.32.45:894][541]LogSynthBenchmark:Display:   Vendor Id: 0x8086
[2015.10.30-02.32.45:894][541]LogSynthBenchmark:Display:   GPU Memory: 32/0/1632 MB
[2015.10.30-02.32.46:103][541]LogSynthBenchmark:Display:   GPU first test: 0.04s
[2015.10.30-02.32.46:103][541]LogSynthBenchmark:Display:          ... 0.141 GigaPix/s, Confidence=100% 'ALUHeavyNoise' (likely to be very inaccurate)
[2015.10.30-02.32.46:103][541]LogSynthBenchmark:Display:          ... 0.140 GigaPix/s, Confidence=100% 'TexHeavy' (likely to be very inaccurate)
[2015.10.30-02.32.46:103][541]LogSynthBenchmark:Display:          ... 0.128 GigaPix/s, Confidence=100% 'DepTexHeavy' (likely to be very inaccurate)
[2015.10.30-02.32.46:103][541]LogSynthBenchmark:Display:          ... 0.587 GigaPix/s, Confidence=100% 'FillOnly' (likely to be very inaccurate)
[2015.10.30-02.32.46:103][541]LogSynthBenchmark:Display:          ... 0.038 GigaPix/s, Confidence=100% 'Bandwidth' (likely to be very inaccurate)
[2015.10.30-02.32.46:529][541]LogSynthBenchmark:Display:   GPU second test: 0.36s
[2015.10.30-02.32.46:529][541]LogSynthBenchmark:Display:          ... 0.164 GigaPix/s, Confidence=100% 'ALUHeavyNoise' (likely to be inaccurate)
[2015.10.30-02.32.46:530][541]LogSynthBenchmark:Display:          ... 0.164 GigaPix/s, Confidence=100% 'TexHeavy' (likely to be inaccurate)
[2015.10.30-02.32.46:530][541]LogSynthBenchmark:Display:          ... 0.143 GigaPix/s, Confidence=100% 'DepTexHeavy' (likely to be inaccurate)
[2015.10.30-02.32.46:530][541]LogSynthBenchmark:Display:          ... 1.130 GigaPix/s, Confidence=100% 'FillOnly' (likely to be inaccurate)
[2015.10.30-02.32.46:530][541]LogSynthBenchmark:Display:          ... 0.041 GigaPix/s, Confidence=100% 'Bandwidth' (likely to be inaccurate)
[2015.10.30-02.32.46:530][541]LogSynthBenchmark:Display:          ... 0.164 GigaPix/s, Confidence=100% 'ALUHeavyNoise'
[2015.10.30-02.32.46:530][541]LogSynthBenchmark:Display:          ... 0.164 GigaPix/s, Confidence=100% 'TexHeavy'
[2015.10.30-02.32.46:530][541]LogSynthBenchmark:Display:          ... 0.143 GigaPix/s, Confidence=100% 'DepTexHeavy'
[2015.10.30-02.32.46:530][541]LogSynthBenchmark:Display:          ... 1.130 GigaPix/s, Confidence=100% 'FillOnly'
[2015.10.30-02.32.46:530][541]LogSynthBenchmark:Display:          ... 0.041 GigaPix/s, Confidence=100% 'Bandwidth'
[2015.10.30-02.32.46:530][541]LogSynthBenchmark:Display: 
[2015.10.30-02.32.46:530][541]LogSynthBenchmark:Display:   GPU Perf Index 0: 3.6
[2015.10.30-02.32.46:530][541]LogSynthBenchmark:Display:   GPU Perf Index 1: 2.2
[2015.10.30-02.32.46:530][541]LogSynthBenchmark:Display:   GPU Perf Index 2: 3.7
[2015.10.30-02.32.46:530][541]LogSynthBenchmark:Display:   GPU Perf Index 3: 4.4
[2015.10.30-02.32.46:530][541]LogSynthBenchmark:Display:   GPU Perf Index 4: 3.9
[2015.10.30-02.32.46:530][541]LogSynthBenchmark:Display:   CPUIndex: 24.4
[2015.10.30-02.32.46:531][541]LogSynthBenchmark:Display:   GPUIndex: 3.6
[2015.10.30-02.32.46:531][541]LogSynthBenchmark:Display: 
[2015.10.30-02.32.46:531][541]LogSynthBenchmark:Display:          ... Total Time: 0.841595 sec
[2015.10.30-02.32.47:343][543]LogRenderer: Reallocating scene render targets to support 1004x456 (Frame:465).
[2015.10.30-02.32.47:999][545]LogContentStreaming: Texture pool size now 200 MB
[2015.10.30-02.32.55:452][810]LogLinker:Warning: Asset 'C:/Users/lenovo-pc/Downloads/TestLevel/Content/FirstPersonBP/Blueprints/Actors/rotatePlatformRev.uasset' has been saved with engine version newer than current and therefore can't be loaded. CurrEngineVersion: 4.9.0-2672455+++depot+UE4-Releases+4.9 AssetEngineVersion: 4.9.1-2672455+++depot+UE4-Releases+4.9
[2015.10.30-02.32.55:453][810]LogLinker:Warning: Asset 'C:/Users/lenovo-pc/Downloads/TestLevel/Content/FirstPersonBP/Blueprints/Actors/rotatePlatformRev.uasset' has been saved with engine version newer than current and therefore can't be loaded. CurrEngineVersion: 4.9.0-2672455+++depot+UE4-Releases+4.9 AssetEngineVersion: 4.9.1-2672455+++depot+UE4-Releases+4.9
[2015.10.30-02.32.55:454][810]LogUObjectGlobals:Warning: 寻找对象'Object /Game/FirstPersonBP/Blueprints/Actors/rotatePlatformRev.rotatePlatformRev'失败
[2015.10.30-02.32.58:482][919]LogLinker:Warning: Asset 'C:/Users/lenovo-pc/Downloads/TestLevel/Content/FirstPersonBP/Blueprints/Actors/gearMain.uasset' has been saved with engine version newer than current and therefore can't be loaded. CurrEngineVersion: 4.9.0-2672455+++depot+UE4-Releases+4.9 AssetEngineVersion: 4.9.1-2672455+++depot+UE4-Releases+4.9
[2015.10.30-02.32.58:484][919]LogLinker:Warning: Asset 'C:/Users/lenovo-pc/Downloads/TestLevel/Content/FirstPersonBP/Blueprints/Actors/gearMain.uasset' has been saved with engine version newer than current and therefore can't be loaded. CurrEngineVersion: 4.9.0-2672455+++depot+UE4-Releases+4.9 AssetEngineVersion: 4.9.1-2672455+++depot+UE4-Releases+4.9
[2015.10.30-02.32.58:485][919]LogUObjectGlobals:Warning: 寻找对象'Object /Game/FirstPersonBP/Blueprints/Actors/gearMain.gearMain'失败
[2015.10.30-02.33.00:712][  1]LogLinker:Warning: Asset 'C:/Users/lenovo-pc/Downloads/TestLevel/Content/FirstPersonBP/Blueprints/Actors/pickUpItem.uasset' has been saved with engine version newer than current and therefore can't be loaded. CurrEngineVersion: 4.9.0-2672455+++depot+UE4-Releases+4.9 AssetEngineVersion: 4.9.1-2672455+++depot+UE4-Releases+4.9
[2015.10.30-02.33.00:714][  1]LogLinker:Warning: Asset 'C:/Users/lenovo-pc/Downloads/TestLevel/Content/FirstPersonBP/Blueprints/Actors/pickUpItem.uasset' has been saved with engine version newer than current and therefore can't be loaded. CurrEngineVersion: 4.9.0-2672455+++depot+UE4-Releases+4.9 AssetEngineVersion: 4.9.1-2672455+++depot+UE4-Releases+4.9
[2015.10.30-02.33.00:714][  1]LogUObjectGlobals:Warning: 寻找对象'Object /Game/FirstPersonBP/Blueprints/Actors/pickUpItem.pickUpItem'失败
[2015.10.30-02.33.03:934][118]LogLinker:Warning: Asset 'C:/Users/lenovo-pc/Downloads/TestLevel/Content/FirstPersonBP/Blueprints/Actors/platformLv1RtoL.uasset' has been saved with engine version newer than current and therefore can't be loaded. CurrEngineVersion: 4.9.0-2672455+++depot+UE4-Releases+4.9 AssetEngineVersion: 4.9.1-2672455+++depot+UE4-Releases+4.9
[2015.10.30-02.33.03:935][118]LogLinker:Warning: Asset 'C:/Users/lenovo-pc/Downloads/TestLevel/Content/FirstPersonBP/Blueprints/Actors/platformLv1RtoL.uasset' has been saved with engine version newer than current and therefore can't be loaded. CurrEngineVersion: 4.9.0-2672455+++depot+UE4-Releases+4.9 AssetEngineVersion: 4.9.1-2672455+++depot+UE4-Releases+4.9
[2015.10.30-02.33.03:936][118]LogUObjectGlobals:Warning: 寻找对象'Object /Game/FirstPersonBP/Blueprints/Actors/platformLv1RtoL.platformLv1RtoL'失败
[2015.10.30-02.33.04:334][132]LogLinker:Warning: Asset 'C:/Users/lenovo-pc/Downloads/TestLevel/Content/FirstPersonBP/Blueprints/Actors/platformLv1RtoL.uasset' has been saved with engine version newer than current and therefore can't be loaded. CurrEngineVersion: 4.9.0-2672455+++depot+UE4-Releases+4.9 AssetEngineVersion: 4.9.1-2672455+++depot+UE4-Releases+4.9
[2015.10.30-02.33.04:335][132]LogUObjectGlobals:Warning: 寻找对象'Object /Game/FirstPersonBP/Blueprints/Actors/platformLv1RtoL.platformLv1RtoL'失败
[2015.10.30-02.33.06:400][213]LogLinker:Warning: Asset 'C:/Users/lenovo-pc/Downloads/TestLevel/Content/FirstPersonBP/Blueprints/Actors/platformLv1RtoL.uasset' has been saved with engine version newer than current and therefore can't be loaded. CurrEngineVersion: 4.9.0-2672455+++depot+UE4-Releases+4.9 AssetEngineVersion: 4.9.1-2672455+++depot+UE4-Releases+4.9
[2015.10.30-02.33.06:401][213]LogUObjectGlobals:Warning: 寻找对象'Object /Game/FirstPersonBP/Blueprints/Actors/platformLv1RtoL.platformLv1RtoL'失败
[2015.10.30-02.33.06:765][227]LogLinker:Warning: Asset 'C:/Users/lenovo-pc/Downloads/TestLevel/Content/FirstPersonBP/Blueprints/Actors/platformLv1RtoL.uasset' has been saved with engine version newer than current and therefore can't be loaded. CurrEngineVersion: 4.9.0-2672455+++depot+UE4-Releases+4.9 AssetEngineVersion: 4.9.1-2672455+++depot+UE4-Releases+4.9
[2015.10.30-02.33.06:766][227]LogUObjectGlobals:Warning: 寻找对象'Object /Game/FirstPersonBP/Blueprints/Actors/platformLv1RtoL.platformLv1RtoL'失败
[2015.10.30-02.33.07:834][268]LogLinker:Warning: Asset 'C:/Users/lenovo-pc/Downloads/TestLevel/Content/FirstPersonBP/Blueprints/Actors/platformLv1RtoL.uasset' has been saved with engine version newer than current and therefore can't be loaded. CurrEngineVersion: 4.9.0-2672455+++depot+UE4-Releases+4.9 AssetEngineVersion: 4.9.1-2672455+++depot+UE4-Releases+4.9
[2015.10.30-02.33.07:835][268]LogUObjectGlobals:Warning: 寻找对象'Object /Game/FirstPersonBP/Blueprints/Actors/platformLv1RtoL.platformLv1RtoL'失败
[2015.10.30-02.33.09:642][333]LogLinker:Warning: Asset 'C:/Users/lenovo-pc/Downloads/TestLevel/Content/FirstPersonBP/Blueprints/Actors/rockBall.uasset' has been saved with engine version newer than current and therefore can't be loaded. CurrEngineVersion: 4.9.0-2672455+++depot+UE4-Releases+4.9 AssetEngineVersion: 4.9.1-2672455+++depot+UE4-Releases+4.9
[2015.10.30-02.33.09:644][333]LogLinker:Warning: Asset 'C:/Users/lenovo-pc/Downloads/TestLevel/Content/FirstPersonBP/Blueprints/Actors/rockBall.uasset' has been saved with engine version newer than current and therefore can't be loaded. CurrEngineVersion: 4.9.0-2672455+++depot+UE4-Releases+4.9 AssetEngineVersion: 4.9.1-2672455+++depot+UE4-Releases+4.9
[2015.10.30-02.33.09:644][333]LogUObjectGlobals:Warning: 寻找对象'Object /Game/FirstPersonBP/Blueprints/Actors/rockBall.rockBall'失败
[2015.10.30-02.33.10:003][347]LogLinker:Warning: Asset 'C:/Users/lenovo-pc/Downloads/TestLevel/Content/FirstPersonBP/Blueprints/Actors/rockBall.uasset' has been saved with engine version newer than current and therefore can't be loaded. CurrEngineVersion: 4.9.0-2672455+++depot+UE4-Releases+4.9 AssetEngineVersion: 4.9.1-2672455+++depot+UE4-Releases+4.9
[2015.10.30-02.33.10:004][347]LogUObjectGlobals:Warning: 寻找对象'Object /Game/FirstPersonBP/Blueprints/Actors/rockBall.rockBall'失败
[2015.10.30-02.33.10:373][360]LogLinker:Warning: Asset 'C:/Users/lenovo-pc/Downloads/TestLevel/Content/FirstPersonBP/Blueprints/Actors/rockBall.uasset' has been saved with engine version newer than current and therefore can't be loaded. CurrEngineVersion: 4.9.0-2672455+++depot+UE4-Releases+4.9 AssetEngineVersion: 4.9.1-2672455+++depot+UE4-Releases+4.9
[2015.10.30-02.33.10:374][360]LogUObjectGlobals:Warning: 寻找对象'Object /Game/FirstPersonBP/Blueprints/Actors/rockBall.rockBall'失败
[2015.10.30-02.33.19:706][722]LogPlayLevel: PlayLevel: No blueprints needed recompiling
[2015.10.30-02.33.19:706][722]PIE: New page: PIE会话: Untitled_1 (2015年10月29日 下午6:33:19)
[2015.10.30-02.33.19:706][722]LogPlayLevel: Creating play world package: /Temp/UEDPIE_0_Untitled_1
[2015.10.30-02.33.19:709][722]LogPlayLevel: PIE: StaticDuplicateObject took: (0.002176s)
[2015.10.30-02.33.19:711][722]LogAIModule: Creating AISystem for world NewWorld
[2015.10.30-02.33.19:712][722]LogPlayLevel: PIE: World Init took: (0.002828s)
[2015.10.30-02.33.19:712][722]LogPlayLevel: PIE: Created PIE world by copying editor world from /Temp/Untitled_1.NewWorld to /Temp/UEDPIE_0_Untitled_1.NewWorld (0.005565s)
[2015.10.30-02.33.19:802][722]LogInit: XAudio2 using '扬声器 (Conexant SmartAudio HD)' : 2 channels at 44.1 kHz using 16 bits per sample (channel mask 0x3)
[2015.10.30-02.33.19:846][722]LogInit: FAudioDevice initialized.
[2015.10.30-02.33.19:918][722]LogLinker:Warning: Asset 'C:/Users/lenovo-pc/Downloads/TestLevel/Content/FirstPersonBP/Blueprints/FirstPersonGameMode.uasset' has been saved with engine version newer than current and therefore can't be loaded. CurrEngineVersion: 4.9.0-2672455+++depot+UE4-Releases+4.9 AssetEngineVersion: 4.9.1-2672455+++depot+UE4-Releases+4.9
[2015.10.30-02.33.19:920][722]LogLinker:Warning: Asset 'C:/Users/lenovo-pc/Downloads/TestLevel/Content/FirstPersonBP/Blueprints/FirstPersonGameMode.uasset' has been saved with engine version newer than current and therefore can't be loaded. CurrEngineVersion: 4.9.0-2672455+++depot+UE4-Releases+4.9 AssetEngineVersion: 4.9.1-2672455+++depot+UE4-Releases+4.9
[2015.10.30-02.33.19:921][722]LogUObjectGlobals:Warning: 寻找对象'Class /Game/FirstPersonBP/Blueprints/FirstPersonGameMode.FirstPersonGameMode_C'失败
[2015.10.30-02.33.19:921][722]LogWorld: Game class is 'GameMode'
[2015.10.30-02.33.19:926][722]LogWorld: Bringing World /Temp/UEDPIE_0_Untitled_1.NewWorld up for play (max tick rate 60) at 2015.10.29-22.33.19
[2015.10.30-02.33.19:926][722]LogActor:Warning: GameSession /Temp/UEDPIE_0_Untitled_1.NewWorld:PersistentLevel.GameSession_1 has natively added scene component(s), but none of them were set as the actor's RootComponent - picking one arbitrarily
[2015.10.30-02.33.19:927][722]LogActor:Warning: GameNetworkManager /Temp/UEDPIE_0_Untitled_1.NewWorld:PersistentLevel.GameNetworkManager_1 has natively added scene component(s), but none of them were set as the actor's RootComponent - picking one arbitrarily
[2015.10.30-02.33.19:928][722]LogWorld: Bringing up level for play took: 0.004352
[2015.10.30-02.33.19:938][722]PIE: 信息 /Temp/UEDPIE_0_Untitled_1的‘在编辑器中播放’的起始时间-0.417
[2015.10.30-02.33.25:543][905]LogParticles: Destroying 0 GPU particle simulations for FXSystem 0x0000004A8F071120
[2015.10.30-02.33.29:218][ 42]LogLinker:Warning: Asset 'C:/Users/lenovo-pc/Downloads/TestLevel/Content/FirstPersonBP/Blueprints/Actors/Door.uasset' has been saved with engine version newer than current and therefore can't be loaded. CurrEngineVersion: 4.9.0-2672455+++depot+UE4-Releases+4.9 AssetEngineVersion: 4.9.1-2672455+++depot+UE4-Releases+4.9
[2015.10.30-02.33.29:220][ 42]LogLinker:Warning: Asset 'C:/Users/lenovo-pc/Downloads/TestLevel/Content/FirstPersonBP/Blueprints/Actors/Door.uasset' has been saved with engine version newer than current and therefore can't be loaded. CurrEngineVersion: 4.9.0-2672455+++depot+UE4-Releases+4.9 AssetEngineVersion: 4.9.1-2672455+++depot+UE4-Releases+4.9
[2015.10.30-02.33.29:220][ 42]LogUObjectGlobals:Warning: 寻找对象'Object /Game/FirstPersonBP/Blueprints/Actors/Door.Door'失败
[2015.10.30-02.33.29:837][ 65]LogLinker:Warning: Asset 'C:/Users/lenovo-pc/Downloads/TestLevel/Content/FirstPersonBP/Blueprints/Actors/Door.uasset' has been saved with engine version newer than current and therefore can't be loaded. CurrEngineVersion: 4.9.0-2672455+++depot+UE4-Releases+4.9 AssetEngineVersion: 4.9.1-2672455+++depot+UE4-Releases+4.9
[2015.10.30-02.33.29:838][ 65]LogUObjectGlobals:Warning: 寻找对象'Object /Game/FirstPersonBP/Blueprints/Actors/Door.Door'失败
[2015.10.30-02.33.31:049][111]LogLinker:Warning: Asset 'C:/Users/lenovo-pc/Downloads/TestLevel/Content/FirstPersonBP/Blueprints/Actors/Door.uasset' has been saved with engine version newer than current and therefore can't be loaded. CurrEngineVersion: 4.9.0-2672455+++depot+UE4-Releases+4.9 AssetEngineVersion: 4.9.1-2672455+++depot+UE4-Releases+4.9
[2015.10.30-02.33.31:049][111]LogUObjectGlobals:Warning: 寻找对象'Object /Game/FirstPersonBP/Blueprints/Actors/Door.Door'失败
[2015.10.30-02.33.43:381][518]LogWindowsTextInputMethodSystem:Display: IME system now activated using TSF (微软拼音简捷).
[2015.10.30-02.33.43:382][518]LogWindowsTextInputMethodSystem:Display: IME system now activated using TSF (微软拼音简捷).
[2015.10.30-02.33.43:659][518]LogWindowsTextInputMethodSystem:Display: IME system now activated using TSF (微软拼音简捷).
[2015.10.30-02.33.43:661][518]LogWindowsTextInputMethodSystem:Display: IME system now activated using TSF (微软拼音简捷).
[2015.10.30-02.33.44:578][519]Cmd: QUIT_EDITOR
[2015.10.30-02.33.45:221][519]LogWindowsTextInputMethodSystem:Display: IME system now activated using TSF (微软拼音简捷).
[2015.10.30-02.33.45:222][519]LogWindowsTextInputMethodSystem:Display: IME system now activated using TSF (微软拼音简捷).
[2015.10.30-02.33.45:807][519]LogExit: Preparing to exit.
[2015.10.30-02.33.46:144][519]LogExit: Editor shut down
[2015.10.30-02.33.46:146][519]LogExit: Transaction tracking system shut down
[2015.10.30-02.33.46:161][519]LogParticles: Destroying 0 GPU particle simulations for FXSystem 0x0000004A8D573920
[2015.10.30-02.33.46:163][519]LogParticles: Destroying 0 GPU particle simulations for FXSystem 0x0000004AFAC2B060
[2015.10.30-02.33.46:933][519]LogExit: Object subsystem successfully closed.
[2015.10.30-02.33.47:030][519]LogD3D11RHI: Shutdown
[2015.10.30-02.33.47:030][519]LogD3D11RHI: CleanupD3DDevice
[2015.10.30-02.33.47:059][519]LogD3D11RHI: ~FD3D11DynamicRHI
[2015.10.30-02.33.47:159][519]LogModuleManager: Shutting down and abandoning module SynthBenchmark (198)
[2015.10.30-02.33.47:160][519]LogModuleManager: Shutting down and abandoning module CrashTracker (197)
[2015.10.30-02.33.47:160][519]LogModuleManager: Shutting down and abandoning module SceneOutliner (196)
[2015.10.30-02.33.47:160][519]LogModuleManager: Shutting down and abandoning module SuperSearch (195)
[2015.10.30-02.33.47:160][519]LogModuleManager: Shutting down and abandoning module WidgetCarousel (194)
[2015.10.30-02.33.47:160][519]LogModuleManager: Shutting down and abandoning module AddContentDialog (193)
[2015.10.30-02.33.47:168][519]LogModuleManager: Shutting down and abandoning module EditorWidgets (192)
[2015.10.30-02.33.47:168][519]LogModuleManager: Shutting down and abandoning module CollectionManager (191)
[2015.10.30-02.33.47:169][519]LogModuleManager: Shutting down and abandoning module StatsViewer (190)
[2015.10.30-02.33.47:170][519]LogModuleManager: Shutting down and abandoning module FoliageEdit (189)
[2015.10.30-02.33.47:170][519]LogModuleManager: Shutting down and abandoning module LandscapeEditor (188)
[2015.10.30-02.33.47:173][519]LogModuleManager: Shutting down and abandoning module ActorPickerMode (187)
[2015.10.30-02.33.47:173][519]LogModuleManager: Shutting down and abandoning module GeometryMode (186)
[2015.10.30-02.33.47:173][519]LogModuleManager: Shutting down and abandoning module TextureAlignMode (185)
[2015.10.30-02.33.47:173][519]LogModuleManager: Shutting down and abandoning module BspMode (184)
[2015.10.30-02.33.47:174][519]LogModuleManager: Shutting down and abandoning module PlacementMode (183)
[2015.10.30-02.33.47:174][519]LogModuleManager: Shutting down and abandoning module AutomationWorker (182)
[2015.10.30-02.33.47:174][519]LogModuleManager: Shutting down and abandoning module CharacterAI (181)
[2015.10.30-02.33.47:174][519]LogModuleManager: Shutting down and abandoning module SmartSnapping (180)
[2015.10.30-02.33.47:174][519]LogModuleManager: Shutting down and abandoning module ViewportSnapping (179)
[2015.10.30-02.33.47:174][519]LogModuleManager: Shutting down and abandoning module LogVisualizer (178)
[2015.10.30-02.33.47:175][519]LogModuleManager: Shutting down and abandoning module GameProjectGeneration (177)
[2015.10.30-02.33.47:176][519]LogModuleManager: Shutting down and abandoning module IntroTutorials (176)
[2015.10.30-02.33.47:178][519]LogModuleManager: Shutting down and abandoning module EditorLiveStreaming (175)
[2015.10.30-02.33.47:178][519]LogModuleManager: Shutting down and abandoning module IOSPlatformEditor (174)
[2015.10.30-02.33.47:178][519]LogModuleManager: Shutting down and abandoning module HTML5PlatformEditor (173)
[2015.10.30-02.33.47:178][519]LogModuleManager: Shutting down and abandoning module AndroidDeviceDetection (172)
[2015.10.30-02.33.47:446][519]LogModuleManager: Shutting down and abandoning module AndroidPlatformEditor (171)
[2015.10.30-02.33.47:446][519]LogModuleManager: Shutting down and abandoning module IOSRuntimeSettings (170)
[2015.10.30-02.33.47:446][519]LogModuleManager: Shutting down and abandoning module AndroidRuntimeSettings (169)
[2015.10.30-02.33.47:446][519]LogModuleManager: Shutting down and abandoning module MergeActors (168)
[2015.10.30-02.33.47:446][519]LogModuleManager: Shutting down and abandoning module SizeMap (167)
[2015.10.30-02.33.47:446][519]LogModuleManager: Shutting down and abandoning module TreeMap (166)
[2015.10.30-02.33.47:447][519]LogModuleManager: Shutting down and abandoning module ReferenceViewer (165)
[2015.10.30-02.33.47:447][519]LogModuleManager: Shutting down and abandoning module LocalizationService (164)
[2015.10.30-02.33.47:447][519]LogModuleManager: Shutting down and abandoning module LocalizationDashboard (163)
[2015.10.30-02.33.47:447][519]LogModuleManager: Shutting down and abandoning module HardwareTargeting (162)
[2015.10.30-02.33.47:447][519]LogModuleManager: Shutting down and abandoning module DeviceProfileEditor (161)
[2015.10.30-02.33.47:447][519]LogModuleManager: Shutting down and abandoning module UndoHistory (160)
[2015.10.30-02.33.47:447][519]LogModuleManager: Shutting down and abandoning module GameplayTagsEditor (159)
[2015.10.30-02.33.47:447][519]LogModuleManager: Shutting down and abandoning module UserFeedback (158)
[2015.10.30-02.33.47:447][519]LogModuleManager: Shutting down and abandoning module XmlParser (157)
[2015.10.30-02.33.47:449][519]LogModuleManager: Shutting down and abandoning module Blutility (156)
[2015.10.30-02.33.47:449][519]LogModuleManager: Shutting down and abandoning module ProjectTargetPlatformEditor (155)
[2015.10.30-02.33.47:450][519]LogModuleManager: Shutting down and abandoning module ProjectSettingsViewer (154)
[2015.10.30-02.33.47:450][519]LogModuleManager: Shutting down and abandoning module InputBindingEditor (153)
[2015.10.30-02.33.47:450][519]LogModuleManager: Shutting down and abandoning module EditorSettingsViewer (152)
[2015.10.30-02.33.47:450][519]LogModuleManager: Shutting down and abandoning module SettingsEditor (151)
[2015.10.30-02.33.47:451][519]LogModuleManager: Shutting down and abandoning module ProjectLauncher (150)
[2015.10.30-02.33.47:451][519]LogModuleManager: Shutting down and abandoning module SessionFrontend (149)
[2015.10.30-02.33.47:451][519]LogModuleManager: Shutting down and abandoning module ProfilerClient (148)
[2015.10.30-02.33.47:451][519]LogModuleManager: Shutting down and abandoning module TargetDeviceServices (147)
[2015.10.30-02.33.47:451][519]LogModuleManager: Shutting down and abandoning module DeviceManager (146)
[2015.10.30-02.33.47:452][519]LogModuleManager: Shutting down and abandoning module AutomationController (145)
[2015.10.30-02.33.47:452][519]LogModuleManager: Shutting down and abandoning module AutomationWindow (144)
[2015.10.30-02.33.47:452][519]LogModuleManager: Shutting down and abandoning module Layers (143)
[2015.10.30-02.33.47:452][519]LogModuleManager: Shutting down and abandoning module ComponentVisualizers (142)
[2015.10.30-02.33.47:452][519]LogModuleManager: Shutting down and abandoning module DetailCustomizations (141)
[2015.10.30-02.33.47:455][519]LogModuleManager: Shutting down and abandoning module PackagesDialog (140)
[2015.10.30-02.33.47:456][519]LogModuleManager: Shutting down and abandoning module Persona (139)
[2015.10.30-02.33.47:458][519]LogModuleManager: Shutting down and abandoning module Kismet (138)
[2015.10.30-02.33.47:460][519]LogModuleManager: Shutting down and abandoning module GraphEditor (137)
[2015.10.30-02.33.47:463][519]LogModuleManager: Shutting down and abandoning module ClassViewer (136)
[2015.10.30-02.33.47:464][519]LogModuleManager: Shutting down and abandoning module Toolbox (135)
[2015.10.30-02.33.47:464][519]LogModuleManager: Shutting down and abandoning module ModuleUI (134)
[2015.10.30-02.33.47:464][519]LogModuleManager: Shutting down and abandoning module MovieSceneTools (133)
[2015.10.30-02.33.47:465][519]LogModuleManager: Shutting down and abandoning module OutputLog (132)
[2015.10.30-02.33.47:465][519]LogModuleManager: Shutting down and abandoning module GammaUI (131)
[2015.10.30-02.33.47:465][519]LogModuleManager: Shutting down and abandoning module Documentation (130)
[2015.10.30-02.33.47:465][519]LogModuleManager: Shutting down and abandoning module GameLiveStreaming (129)
[2015.10.30-02.33.47:465][519]LogModuleManager: Shutting down and abandoning module StreamingPauseRendering (128)
[2015.10.30-02.33.47:465][519]LogModuleManager: Shutting down and abandoning module AnalyticsET (127)
[2015.10.30-02.33.47:466][519]LogModuleManager: Shutting down and abandoning module Analytics (126)
[2015.10.30-02.33.47:466][519]LogModuleManager: Shutting down and abandoning module AITestSuite (125)
[2015.10.30-02.33.47:466][519]LogModuleManager: Shutting down and abandoning module GameplayDebugger (124)
[2015.10.30-02.33.47:466][519]LogModuleManager: Shutting down and abandoning module AIModule (123)
[2015.10.30-02.33.47:466][519]LogModuleManager: Shutting down and abandoning module ProfilerService (122)
[2015.10.30-02.33.47:701][519]LogModuleManager: Shutting down and abandoning module TaskGraph (121)
[2015.10.30-02.33.47:703][519]LogModuleManager: Shutting down and abandoning module SlateRemote (120)
[2015.10.30-02.33.47:703][519]LogModuleManager: Shutting down and abandoning module SteamVRController (119)
[2015.10.30-02.33.47:703][519]LogModuleManager: Shutting down and abandoning module SteamVR (118)
[2015.10.30-02.33.47:703][519]LogModuleManager: Shutting down and abandoning module ProceduralMeshComponent (117)
[2015.10.30-02.33.47:703][519]LogModuleManager: Shutting down and abandoning module OculusRift (116)
[2015.10.30-02.33.47:703][519]LogModuleManager: Shutting down and abandoning module OculusLibrary (115)
[2015.10.30-02.33.47:703][519]LogModuleManager: Shutting down and abandoning module LeapMotionController (114)
[2015.10.30-02.33.47:767][519]LogModuleManager: Shutting down and abandoning module CustomMeshComponent (113)
[2015.10.30-02.33.47:768][519]LogModuleManager: Shutting down and abandoning module CableComponent (112)
[2015.10.30-02.33.47:768][519]LogModuleManager: Shutting down and abandoning module ArchVisCharacter (111)
[2015.10.30-02.33.47:768][519]LogModuleManager: Shutting down and abandoning module MessagingDebugger (110)
[2015.10.30-02.33.47:770][519]LogModuleManager: Shutting down and abandoning module MediaPlayerEditor (109)
[2015.10.30-02.33.47:772][519]LogModuleManager: Shutting down and abandoning module HTML5Networking (108)
[2015.10.30-02.33.47:772][519]LogModuleManager: Shutting down and abandoning module SpeedTreeImporter (107)
[2015.10.30-02.33.47:772][519]LogModuleManager: Shutting down and abandoning module PluginBrowser (106)
[2015.10.30-02.33.47:773][519]LogModuleManager: Shutting down and abandoning module EpicSurvey (105)
[2015.10.30-02.33.47:773][519]LogModuleManager: Shutting down and abandoning module DesktopPlatform (104)
[2015.10.30-02.33.47:774][519]LogModuleManager: Shutting down and abandoning module VisualStudioSourceCodeAccess (103)
[2015.10.30-02.33.47:775][519]LogModuleManager: Shutting down and abandoning module UObjectPlugin (102)
[2015.10.30-02.33.47:775][519]LogModuleManager: Shutting down and abandoning module SubversionSourceControl (101)
[2015.10.30-02.33.47:777][519]LogModuleManager: Shutting down and abandoning module PerforceSourceControl (100)
[2015.10.30-02.33.47:779][519]LogModuleManager: Shutting down and abandoning module SourceControl (99)
[2015.10.30-02.33.47:780][519]LogModuleManager: Shutting down and abandoning module GitSourceControl (98)
[2015.10.30-02.33.47:780][519]LogModuleManager: Shutting down and abandoning module LightPropagationVolumeEditor (97)
[2015.10.30-02.33.47:780][519]LogModuleManager: Shutting down and abandoning module PaperTiledImporter (96)
[2015.10.30-02.33.47:781][519]LogModuleManager: Shutting down and abandoning module PaperSpriteSheetImporter (95)
[2015.10.30-02.33.47:781][519]LogModuleManager: Shutting down and abandoning module MeshPaint (94)
[2015.10.30-02.33.47:782][519]LogModuleManager: Shutting down and abandoning module SlateReflector (93)
[2015.10.30-02.33.47:783][519]LogModuleManager: Shutting down and abandoning module HotReload (92)
[2015.10.30-02.33.47:783][519]LogModuleManager: Shutting down and abandoning module MainFrame (91)
[2015.10.30-02.33.47:784][519]LogModuleManager: Shutting down and abandoning module LevelEditor (90)
[2015.10.30-02.33.47:789][519]LogModuleManager: Shutting down and abandoning module DirectoryWatcher (89)
[2015.10.30-02.33.47:794][519]LogModuleManager: Shutting down and abandoning module AssetRegistry (88)
[2015.10.30-02.33.48:048][519]LogModuleManager: Shutting down and abandoning module ContentBrowser (87)
[2015.10.30-02.33.48:053][519]LogModuleManager: Shutting down and abandoning module Paper2DEditor (86)
[2015.10.30-02.33.48:056][519]LogModuleManager: Shutting down and abandoning module UdpMessaging (85)
[2015.10.30-02.33.48:157][519]LogModuleManager: Shutting down and abandoning module LightPropagationVolumeRuntime (84)
[2015.10.30-02.33.48:157][519]LogModuleManager: Shutting down and abandoning module Paper2D (83)
[2015.10.30-02.33.48:178][519]LogModuleManager: Shutting down and abandoning module WindowsMoviePlayer (82)
[2015.10.30-02.33.48:212][519]LogModuleManager: Shutting down and abandoning module Media (81)
[2015.10.30-02.33.48:212][519]LogModuleManager: Shutting down and abandoning module WmfMedia (80)
[2015.10.30-02.33.48:218][519]LogModuleManager: Shutting down and abandoning module OnlineBlueprintSupport (79)
[2015.10.30-02.33.48:218][519]LogModuleManager: Shutting down and abandoning module GameplayTasksEditor (78)
[2015.10.30-02.33.48:218][519]LogModuleManager: Shutting down and abandoning module PropertyEditor (77)
[2015.10.30-02.33.48:221][519]LogModuleManager: Shutting down and abandoning module BehaviorTreeEditor (76)
[2015.10.30-02.33.48:226][519]LogModuleManager: Shutting down and abandoning module FunctionalTesting (75)
[2015.10.30-02.33.48:226][519]LogModuleManager: Shutting down and abandoning module CollisionAnalyzer (74)
[2015.10.30-02.33.48:230][519]LogModuleManager: Shutting down and abandoning module WorkspaceMenuStructure (73)
[2015.10.30-02.33.48:230][519]LogModuleManager: Shutting down and abandoning module MessageLog (72)
[2015.10.30-02.33.48:230][519]LogModuleManager: Shutting down and abandoning module Sequencer (71)
[2015.10.30-02.33.48:232][519]LogModuleManager: Shutting down and abandoning module AssetTools (70)
[2015.10.30-02.33.48:236][519]LogModuleManager: Shutting down and abandoning module UMGEditor (69)
[2015.10.30-02.33.48:238][519]LogModuleManager: Shutting down and abandoning module UMG (68)
[2015.10.30-02.33.48:238][519]LogModuleManager: Shutting down and abandoning module Slate (67)
[2015.10.30-02.33.48:238][519]LogModuleManager: Shutting down and abandoning module EditorStyle (66)
[2015.10.30-02.33.48:246][519]LogModuleManager: Shutting down and abandoning module SessionServices (65)
[2015.10.30-02.33.48:246][519]LogModuleManager: Shutting down and abandoning module SourceCodeAccess (64)
[2015.10.30-02.33.48:246][519]LogModuleManager: Shutting down and abandoning module HeadMountedDisplay (63)
[2015.10.30-02.33.48:246][519]LogModuleManager: Shutting down and abandoning module XAudio2 (62)
[2015.10.30-02.33.48:246][519]LogModuleManager: Shutting down and abandoning module Networking (60)
[2015.10.30-02.33.48:246][519]LogModuleManager: Shutting down and abandoning module Core (59)
[2015.10.30-02.33.48:246][519]LogModuleManager: Shutting down and abandoning module KismetCompiler (58)
[2015.10.30-02.33.48:246][519]LogModuleManager: Shutting down and abandoning module PhysXFormats (57)
[2015.10.30-02.33.48:247][519]LogModuleManager: Shutting down and abandoning module MeshUtilities (56)
[2015.10.30-02.33.48:248][519]LogModuleManager: Shutting down and abandoning module CookingStats (55)
[2015.10.30-02.33.48:249][519]LogModuleManager: Shutting down and abandoning module DerivedDataCache (54)
[2015.10.30-02.33.48:339][519]LogDerivedDataCache: Shutdown
[2015.10.30-02.33.48:339][519]LogModuleManager: Shutting down and abandoning module ShaderFormatOpenGL (53)
[2015.10.30-02.33.48:340][519]LogModuleManager: Shutting down and abandoning module ShaderFormatD3D (52)
[2015.10.30-02.33.48:340][519]LogModuleManager: Shutting down and abandoning module MetalShaderFormat (51)
[2015.10.30-02.33.48:341][519]LogModuleManager: Shutting down and abandoning module TextureFormatUncompressed (50)
[2015.10.30-02.33.48:341][519]LogModuleManager: Shutting down and abandoning module TextureFormatPVR (49)
[2015.10.30-02.33.48:341][519]LogModuleManager: Shutting down and abandoning module TextureFormatIntelISPCTexComp (48)
[2015.10.30-02.33.48:342][519]LogModuleManager: Shutting down and abandoning module TextureFormatDXT (47)
[2015.10.30-02.33.48:342][519]LogModuleManager: Shutting down and abandoning module ImageWrapper (46)
[2015.10.30-02.33.48:343][519]LogModuleManager: Shutting down and abandoning module TextureFormatASTC (45)
[2015.10.30-02.33.48:343][519]LogModuleManager: Shutting down and abandoning module TextureFormatAndroid (44)
[2015.10.30-02.33.48:343][519]LogModuleManager: Shutting down and abandoning module AudioFormatOpus (43)
[2015.10.30-02.33.48:343][519]LogModuleManager: Shutting down and abandoning module AudioFormatOgg (42)
[2015.10.30-02.33.48:344][519]LogModuleManager: Shutting down and abandoning module AudioFormatADPCM (41)
[2015.10.30-02.33.48:344][519]LogModuleManager: Shutting down and abandoning module LinuxTargetPlatform (40)
[2015.10.30-02.33.48:344][519]LogModuleManager: Shutting down and abandoning module LinuxServerTargetPlatform (39)
[2015.10.30-02.33.48:345][519]LogModuleManager: Shutting down and abandoning module LinuxNoEditorTargetPlatform (38)
[2015.10.30-02.33.48:345][519]LogModuleManager: Shutting down and abandoning module Messaging (37)
[2015.10.30-02.33.48:345][519]LogModuleManager: Shutting down and abandoning module IOSTargetPlatform (36)
[2015.10.30-02.33.48:346][519]LogModuleManager: Shutting down and abandoning module HTML5TargetPlatform (35)
[2015.10.30-02.33.48:346][519]LogModuleManager: Shutting down and abandoning module Android_PVRTCTargetPlatform (34)
[2015.10.30-02.33.48:346][519]LogModuleManager: Shutting down and abandoning module Android_ETC2TargetPlatform (33)
[2015.10.30-02.33.48:347][519]LogModuleManager: Shutting down and abandoning module Android_ETC1TargetPlatform (32)
[2015.10.30-02.33.48:348][519]LogModuleManager: Shutting down and abandoning module Android_DXTTargetPlatform (31)
[2015.10.30-02.33.48:348][519]LogModuleManager: Shutting down and abandoning module Android_ATCTargetPlatform (30)
[2015.10.30-02.33.48:349][519]LogModuleManager: Shutting down and abandoning module Android_ASTCTargetPlatform (29)
[2015.10.30-02.33.48:350][519]LogModuleManager: Shutting down and abandoning module AndroidTargetPlatform (28)
[2015.10.30-02.33.48:350][519]LogModuleManager: Shutting down and abandoning module WindowsTargetPlatform (27)
[2015.10.30-02.33.48:350][519]LogModuleManager: Shutting down and abandoning module WindowsServerTargetPlatform (26)
[2015.10.30-02.33.48:351][519]LogModuleManager: Shutting down and abandoning module WindowsNoEditorTargetPlatform (25)
[2015.10.30-02.33.48:351][519]LogModuleManager: Shutting down and abandoning module WindowsClientTargetPlatform (24)
[2015.10.30-02.33.48:352][519]LogModuleManager: Shutting down and abandoning module AllDesktopTargetPlatform (23)
[2015.10.30-02.33.48:353][519]LogModuleManager: Shutting down and abandoning module TargetPlatform (22)
[2015.10.30-02.33.48:353][519]LogModuleManager: Shutting down and abandoning module InputCore (21)
[2015.10.30-02.33.48:353][519]LogModuleManager: Shutting down and abandoning module Settings (20)
[2015.10.30-02.33.48:353][519]LogModuleManager: Shutting down and abandoning module OnlineSubsystem (18)
[2015.10.30-02.33.48:353][519]LogModuleManager: Shutting down and abandoning module HTTP (17)
[2015.10.30-02.33.50:362][519]LogModuleManager: Shutting down and abandoning module XMPP (16)
[2015.10.30-02.33.50:370][519]LogModuleManager: Shutting down and abandoning module ExampleDeviceProfileSelector (15)
[2015.10.30-02.33.50:370][519]LogModuleManager: Shutting down and abandoning module TextureCompressor (14)
[2015.10.30-02.33.50:374][519]LogModuleManager: Shutting down and abandoning module ShaderCore (13)
[2015.10.30-02.33.50:374][519]LogModuleManager: Shutting down and abandoning module Landscape (12)
[2015.10.30-02.33.50:374][519]LogModuleManager: Shutting down and abandoning module SlateRHIRenderer (11)
[2015.10.30-02.33.50:392][519]LogModuleManager: Shutting down and abandoning module OpenGLDrv (10)
[2015.10.30-02.33.50:393][519]LogModuleManager: Shutting down and abandoning module D3D11RHI (9)
[2015.10.30-02.33.50:393][519]LogModuleManager: Shutting down and abandoning module AnimGraphRuntime (8)
[2015.10.30-02.33.50:396][519]LogModuleManager: Shutting down and abandoning module Renderer (7)
[2015.10.30-02.33.50:396][519]LogModuleManager: Shutting down and abandoning module Engine (6)
[2015.10.30-02.33.50:396][519]LogModuleManager: Shutting down and abandoning module CoreUObject (5)
[2015.10.30-02.33.50:396][519]LogModuleManager: Shutting down and abandoning module NetworkFile (4)
[2015.10.30-02.33.50:399][519]LogModuleManager: Shutting down and abandoning module StreamingFile (3)
[2015.10.30-02.33.50:399][519]LogModuleManager: Shutting down and abandoning module SandboxFile (2)
[2015.10.30-02.33.50:400][519]LogModuleManager: Shutting down and abandoning module PakFile (1)
[2015.10.30-02.33.50:403][519]LogExit: Exiting.
[2015.10.30-02.33.50:482][519]Log file closed, 10/29/15 22:33:50
